#
# There is insufficient memory for the Java Runtime Environment to continue.
# Native memory allocation (malloc) failed to allocate 32744 bytes for ChunkPool::allocate
# Possible reasons:
#   The system is out of physical RAM or swap space
#   In 32 bit mode, the process size limit was hit
# Possible solutions:
#   Reduce memory load on the system
#   Increase physical memory or swap space
#   Check if swap backing store is full
#   Use 64 bit Java on a 64 bit OS
#   Decrease Java heap size (-Xmx/-Xms)
#   Decrease number of Java threads
#   Decrease Java thread stack sizes (-Xss)
#   Set larger code cache with -XX:ReservedCodeCacheSize=
# This output file may be truncated or incomplete.
#
#  Out of Memory Error (allocation.cpp:273), pid=68872, tid=0x000000000000f940
#
# JRE version: Java(TM) SE Runtime Environment (8.0_111-b14) (build 1.8.0_111-b14)
# Java VM: Java HotSpot(TM) 64-Bit Server VM (25.111-b14 mixed mode windows-amd64 compressed oops)
# Failed to write core dump. Minidumps are not enabled by default on client versions of Windows
#

---------------  T H R E A D  ---------------

Current thread (0x000000001bb50800):  JavaThread "C2 CompilerThread1" daemon [_thread_in_native, id=63808, stack(0x000000001d2a0000,0x000000001d3a0000)]

Stack: [0x000000001d2a0000,0x000000001d3a0000]
[error occurred during error reporting (printing stack bounds), id 0xc0000005]

Native frames: (J=compiled Java code, j=interpreted, Vv=VM code, C=native code)


Current CompileTask:
C2: 273586 3277       4       java.util.IdentityHashMap$IdentityHashMapIterator::hasNext (50 bytes)


---------------  P R O C E S S  ---------------

Java Threads: ( => current thread )
  0x000000001ef66800 JavaThread "resolver-4" daemon [_thread_blocked, id=57764, stack(0x0000000022080000,0x0000000022180000)]
  0x000000001ec1e000 JavaThread "resolver-3" daemon [_thread_blocked, id=44008, stack(0x0000000021f80000,0x0000000022080000)]
  0x000000001dfb0000 JavaThread "resolver-2" daemon [_thread_blocked, id=32988, stack(0x0000000020e20000,0x0000000020f20000)]
  0x000000001d6ca000 JavaThread "resolver-1" daemon [_thread_blocked, id=32444, stack(0x0000000020d20000,0x0000000020e20000)]
  0x000000001d4a5800 JavaThread "Service Thread" daemon [_thread_blocked, id=50168, stack(0x000000001d8a0000,0x000000001d9a0000)]
  0x000000001bba9000 JavaThread "C1 CompilerThread2" daemon [_thread_in_vm, id=4900, stack(0x000000001d3a0000,0x000000001d4a0000)]
=>0x000000001bb50800 JavaThread "C2 CompilerThread1" daemon [_thread_in_native, id=63808, stack(0x000000001d2a0000,0x000000001d3a0000)]
  0x000000001bb4c800 JavaThread "C2 CompilerThread0" daemon [_thread_in_native, id=70100, stack(0x000000001d1a0000,0x000000001d2a0000)]
  0x000000001bb4b800 JavaThread "Attach Listener" daemon [_thread_blocked, id=69512, stack(0x000000001d0a0000,0x000000001d1a0000)]
  0x000000001bb4a000 JavaThread "Signal Dispatcher" daemon [_thread_blocked, id=70124, stack(0x000000001cfa0000,0x000000001d0a0000)]
  0x00000000024a4800 JavaThread "Finalizer" daemon [_thread_blocked, id=68984, stack(0x000000001cdc0000,0x000000001cec0000)]
  0x00000000024a1000 JavaThread "Reference Handler" daemon [_thread_blocked, id=55284, stack(0x000000001ccc0000,0x000000001cdc0000)]
  0x00000000025ae000 JavaThread "main" [_thread_in_Java, id=70476, stack(0x0000000000ac0000,0x0000000000bc0000)]

Other Threads:
  0x000000001bb17800 VMThread [stack: 0x000000001cbc0000,0x000000001ccc0000] [id=64744]
  0x000000001d4aa800 WatcherThread [stack: 0x000000001d9a0000,0x000000001daa0000] [id=59764]

VM state:not at safepoint (normal execution)

VM Mutex/Monitor currently owned by a thread: None

Heap:
 PSYoungGen      total 75776K, used 28442K [0x000000076b580000, 0x0000000774980000, 0x00000007c0000000)
  eden space 65024K, 27% used [0x000000076b580000,0x000000076c6cc650,0x000000076f500000)
  from space 10752K, 99% used [0x000000076ff80000,0x00000007709fa4a8,0x0000000770a00000)
  to   space 10752K, 0% used [0x000000076f500000,0x000000076f500000,0x000000076ff80000)
 ParOldGen       total 173568K, used 14715K [0x00000006c2000000, 0x00000006cc980000, 0x000000076b580000)
  object space 173568K, 8% used [0x00000006c2000000,0x00000006c2e5ed30,0x00000006cc980000)
 Metaspace       used 19337K, capacity 19824K, committed 19968K, reserved 1067008K
  class space    used 2313K, capacity 2479K, committed 2560K, reserved 1048576K

Card table byte_map: [0x0000000011970000,0x0000000012170000] byte_map_base: 0x000000000e360000

Marking Bits: (ParMarkBitMap*) 0x0000000051a0a6c0
 Begin Bits: [0x0000000012ac0000, 0x0000000016a40000)
 End Bits:   [0x0000000016a40000, 0x000000001a9c0000)

Polling page: 0x0000000000bc0000

CodeCache: size=245760Kb used=10555Kb max_used=10578Kb free=235205Kb
 bounds [0x00000000025b0000, 0x0000000003020000, 0x00000000115b0000]
 total_blobs=3282 nmethods=2909 adapters=285
 compilation: enabled

Compilation events (10 events):
Event: 272.973 Thread 0x000000001bb50800 3272       4       java.util.regex.Pattern$1::isSatisfiedBy (13 bytes)
Event: 272.973 Thread 0x000000001bb50800 nmethod 3272 0x00000000029f4750 code [0x00000000029f4880, 0x00000000029f48f8]
Event: 272.975 Thread 0x000000001bba9000 3273       3       org.apache.maven.model.Site::setUrl (6 bytes)
Event: 272.975 Thread 0x000000001bba9000 nmethod 3273 0x00000000026ed950 code [0x00000000026edaa0, 0x00000000026edc10]
Event: 272.975 Thread 0x000000001bba9000 3274   !   3       org.apache.maven.model.IssueManagement::clone (73 bytes)
Event: 272.976 Thread 0x000000001bba9000 nmethod 3274 0x0000000002b71b10 code [0x0000000002b71d60, 0x0000000002b72d38]
Event: 273.511 Thread 0x000000001bba9000 3275       3       org.apache.maven.model.merge.ModelMerger::mergeBuildBase_Directory (43 bytes)
Event: 273.511 Thread 0x000000001bba9000 nmethod 3275 0x000000000300e5d0 code [0x000000000300e7a0, 0x000000000300f318]
Event: 273.516 Thread 0x000000001bb4c800 3276       4       org.sonatype.aether.util.graph.transformer.ConflictMarker$Key::hashCode (77 bytes)
Event: 273.516 Thread 0x000000001bb50800 3277       4       java.util.IdentityHashMap$IdentityHashMapIterator::hasNext (50 bytes)

GC Heap History (8 events):
Event: 234.807 GC heap before
{Heap before GC invocations=1 (full 0):
 PSYoungGen      total 75776K, used 65024K [0x000000076b580000, 0x0000000770a00000, 0x00000007c0000000)
  eden space 65024K, 100% used [0x000000076b580000,0x000000076f500000,0x000000076f500000)
  from space 10752K, 0% used [0x000000076ff80000,0x000000076ff80000,0x0000000770a00000)
  to   space 10752K, 0% used [0x000000076f500000,0x000000076f500000,0x000000076ff80000)
 ParOldGen       total 173568K, used 0K [0x00000006c2000000, 0x00000006cc980000, 0x000000076b580000)
  object space 173568K, 0% used [0x00000006c2000000,0x00000006c2000000,0x00000006cc980000)
 Metaspace       used 12254K, capacity 12468K, committed 12672K, reserved 1060864K
  class space    used 1502K, capacity 1576K, committed 1664K, reserved 1048576K
Event: 235.038 GC heap after
Heap after GC invocations=1 (full 0):
 PSYoungGen      total 75776K, used 9924K [0x000000076b580000, 0x0000000770a00000, 0x00000007c0000000)
  eden space 65024K, 0% used [0x000000076b580000,0x000000076b580000,0x000000076f500000)
  from space 10752K, 92% used [0x000000076f500000,0x000000076feb1210,0x000000076ff80000)
  to   space 10752K, 0% used [0x000000076ff80000,0x000000076ff80000,0x0000000770a00000)
 ParOldGen       total 173568K, used 8K [0x00000006c2000000, 0x00000006cc980000, 0x000000076b580000)
  object space 173568K, 0% used [0x00000006c2000000,0x00000006c2002000,0x00000006cc980000)
 Metaspace       used 12254K, capacity 12468K, committed 12672K, reserved 1060864K
  class space    used 1502K, capacity 1576K, committed 1664K, reserved 1048576K
}
Event: 256.370 GC heap before
{Heap before GC invocations=2 (full 0):
 PSYoungGen      total 75776K, used 74948K [0x000000076b580000, 0x0000000770a00000, 0x00000007c0000000)
  eden space 65024K, 100% used [0x000000076b580000,0x000000076f500000,0x000000076f500000)
  from space 10752K, 92% used [0x000000076f500000,0x000000076feb1210,0x000000076ff80000)
  to   space 10752K, 0% used [0x000000076ff80000,0x000000076ff80000,0x0000000770a00000)
 ParOldGen       total 173568K, used 8K [0x00000006c2000000, 0x00000006cc980000, 0x000000076b580000)
  object space 173568K, 0% used [0x00000006c2000000,0x00000006c2002000,0x00000006cc980000)
 Metaspace       used 12925K, capacity 13212K, committed 13440K, reserved 1060864K
  class space    used 1536K, capacity 1620K, committed 1664K, reserved 1048576K
Event: 256.491 GC heap after
Heap after GC invocations=2 (full 0):
 PSYoungGen      total 75776K, used 7323K [0x000000076b580000, 0x0000000770a00000, 0x00000007c0000000)
  eden space 65024K, 0% used [0x000000076b580000,0x000000076b580000,0x000000076f500000)
  from space 10752K, 68% used [0x000000076ff80000,0x00000007706a6f40,0x0000000770a00000)
  to   space 10752K, 0% used [0x000000076f500000,0x000000076f500000,0x000000076ff80000)
 ParOldGen       total 173568K, used 16K [0x00000006c2000000, 0x00000006cc980000, 0x000000076b580000)
  object space 173568K, 0% used [0x00000006c2000000,0x00000006c2004000,0x00000006cc980000)
 Metaspace       used 12925K, capacity 13212K, committed 13440K, reserved 1060864K
  class space    used 1536K, capacity 1620K, committed 1664K, reserved 1048576K
}
Event: 260.517 GC heap before
{Heap before GC invocations=3 (full 0):
 PSYoungGen      total 75776K, used 72323K [0x000000076b580000, 0x0000000770a00000, 0x00000007c0000000)
  eden space 65024K, 99% used [0x000000076b580000,0x000000076f4f9ec8,0x000000076f500000)
  from space 10752K, 68% used [0x000000076ff80000,0x00000007706a6f40,0x0000000770a00000)
  to   space 10752K, 0% used [0x000000076f500000,0x000000076f500000,0x000000076ff80000)
 ParOldGen       total 173568K, used 16K [0x00000006c2000000, 0x00000006cc980000, 0x000000076b580000)
  object space 173568K, 0% used [0x00000006c2000000,0x00000006c2004000,0x00000006cc980000)
 Metaspace       used 17296K, capacity 17720K, committed 17920K, reserved 1064960K
  class space    used 2103K, capacity 2188K, committed 2304K, reserved 1048576K
Event: 260.559 GC heap after
Heap after GC invocations=3 (full 0):
 PSYoungGen      total 75776K, used 10617K [0x000000076b580000, 0x0000000770a00000, 0x00000007c0000000)
  eden space 65024K, 0% used [0x000000076b580000,0x000000076b580000,0x000000076f500000)
  from space 10752K, 98% used [0x000000076f500000,0x000000076ff5e778,0x000000076ff80000)
  to   space 10752K, 0% used [0x000000076ff80000,0x000000076ff80000,0x0000000770a00000)
 ParOldGen       total 173568K, used 24K [0x00000006c2000000, 0x00000006cc980000, 0x000000076b580000)
  object space 173568K, 0% used [0x00000006c2000000,0x00000006c2006000,0x00000006cc980000)
 Metaspace       used 17296K, capacity 17720K, committed 17920K, reserved 1064960K
  class space    used 2103K, capacity 2188K, committed 2304K, reserved 1048576K
}
Event: 263.654 GC heap before
{Heap before GC invocations=4 (full 0):
 PSYoungGen      total 75776K, used 75641K [0x000000076b580000, 0x0000000770a00000, 0x00000007c0000000)
  eden space 65024K, 100% used [0x000000076b580000,0x000000076f500000,0x000000076f500000)
  from space 10752K, 98% used [0x000000076f500000,0x000000076ff5e778,0x000000076ff80000)
  to   space 10752K, 0% used [0x000000076ff80000,0x000000076ff80000,0x0000000770a00000)
 ParOldGen       total 173568K, used 24K [0x00000006c2000000, 0x00000006cc980000, 0x000000076b580000)
  object space 173568K, 0% used [0x00000006c2000000,0x00000006c2006000,0x00000006cc980000)
 Metaspace       used 18504K, capacity 18928K, committed 19072K, reserved 1067008K
  class space    used 2220K, capacity 2351K, committed 2432K, reserved 1048576K
Event: 263.790 GC heap after
Heap after GC invocations=4 (full 0):
 PSYoungGen      total 75776K, used 10729K [0x000000076b580000, 0x0000000774980000, 0x00000007c0000000)
  eden space 65024K, 0% used [0x000000076b580000,0x000000076b580000,0x000000076f500000)
  from space 10752K, 99% used [0x000000076ff80000,0x00000007709fa4a8,0x0000000770a00000)
  to   space 10752K, 0% used [0x000000076f500000,0x000000076f500000,0x000000076ff80000)
 ParOldGen       total 173568K, used 14715K [0x00000006c2000000, 0x00000006cc980000, 0x000000076b580000)
  object space 173568K, 8% used [0x00000006c2000000,0x00000006c2e5ed30,0x00000006cc980000)
 Metaspace       used 18504K, capacity 18928K, committed 19072K, reserved 1067008K
  class space    used 2220K, capacity 2351K, committed 2432K, reserved 1048576K
}

Deoptimization events (10 events):
Event: 264.180 Thread 0x00000000025ae000 Uncommon trap: reason=bimorphic action=maybe_recompile pc=0x0000000002a30f84 method=java.util.concurrent.ConcurrentHashMap.get(Ljava/lang/Object;)Ljava/lang/Object; @ 149
Event: 264.550 Thread 0x00000000025ae000 Uncommon trap: reason=unstable_if action=reinterpret pc=0x00000000030009f8 method=java.util.zip.DeflaterOutputStream.deflate()V @ 19
Event: 266.336 Thread 0x000000001e14e800 Uncommon trap: reason=class_check action=maybe_recompile pc=0x0000000002baeeb4 method=java.util.Hashtable.put(Ljava/lang/Object;Ljava/lang/Object;)Ljava/lang/Object; @ 18
Event: 266.336 Thread 0x000000001e14e800 Uncommon trap: reason=class_check action=maybe_recompile pc=0x0000000002baeeb4 method=java.util.Hashtable.put(Ljava/lang/Object;Ljava/lang/Object;)Ljava/lang/Object; @ 18
Event: 266.336 Thread 0x000000001e14e800 Uncommon trap: reason=class_check action=maybe_recompile pc=0x0000000002baeeb4 method=java.util.Hashtable.put(Ljava/lang/Object;Ljava/lang/Object;)Ljava/lang/Object; @ 18
Event: 266.336 Thread 0x000000001e14e800 Uncommon trap: reason=class_check action=maybe_recompile pc=0x0000000002baeeb4 method=java.util.Hashtable.put(Ljava/lang/Object;Ljava/lang/Object;)Ljava/lang/Object; @ 18
Event: 266.336 Thread 0x000000001e14e800 Uncommon trap: reason=class_check action=maybe_recompile pc=0x0000000002bad080 method=java.util.Hashtable.addEntry(ILjava/lang/Object;Ljava/lang/Object;I)V @ 38
Event: 266.336 Thread 0x000000001e14e800 Uncommon trap: reason=class_check action=maybe_recompile pc=0x0000000002bad080 method=java.util.Hashtable.addEntry(ILjava/lang/Object;Ljava/lang/Object;I)V @ 38
Event: 266.337 Thread 0x000000001db75800 Uncommon trap: reason=unstable_if action=reinterpret pc=0x0000000002a19f00 method=java.io.BufferedReader.readLine(Z)Ljava/lang/String; @ 192
Event: 266.344 Thread 0x000000001e14e800 Uncommon trap: reason=class_check action=maybe_recompile pc=0x0000000002bad080 method=java.util.Hashtable.addEntry(ILjava/lang/Object;Ljava/lang/Object;I)V @ 38

Internal exceptions (10 events):
Event: 235.412 Thread 0x00000000025ae000 Implicit null exception at 0x0000000002962b95 to 0x0000000002962d99
Event: 235.412 Thread 0x00000000025ae000 Implicit null exception at 0x00000000028c76af to 0x00000000028c7719
Event: 235.596 Thread 0x00000000025ae000 Implicit null exception at 0x0000000002b11d81 to 0x0000000002b12f59
Event: 256.688 Thread 0x00000000025ae000 Implicit null exception at 0x000000000291aa7b to 0x000000000291b075
Event: 257.584 Thread 0x00000000025ae000 Exception <a 'java/lang/NoClassDefFoundError': org/slf4j/Logger> (0x000000076cd59bc0) thrown at [C:\re\workspace\8-2-build-windows-amd64-cygwin\jdk8u111\7883\hotspot\src\share\vm\oops\constantPool.cpp, line 235]
Event: 258.548 Thread 0x00000000025ae000 Exception <a 'java/lang/NoClassDefFoundError': org/slf4j/Logger> (0x000000076d6cd778) thrown at [C:\re\workspace\8-2-build-windows-amd64-cygwin\jdk8u111\7883\hotspot\src\share\vm\oops\constantPool.cpp, line 235]
Event: 262.073 Thread 0x00000000025ae000 Exception <a 'java/io/FileNotFoundException'> (0x000000076cafe868) thrown at [C:\re\workspace\8-2-build-windows-amd64-cygwin\jdk8u111\7883\hotspot\src\share\vm\prims\jni.cpp, line 709]
Event: 262.074 Thread 0x00000000025ae000 Exception <a 'java/io/FileNotFoundException'> (0x000000076cb32438) thrown at [C:\re\workspace\8-2-build-windows-amd64-cygwin\jdk8u111\7883\hotspot\src\share\vm\prims\jni.cpp, line 709]
Event: 263.146 Thread 0x00000000025ae000 Exception <a 'java/lang/NoClassDefFoundError': org/slf4j/Logger> (0x000000076eea7708) thrown at [C:\re\workspace\8-2-build-windows-amd64-cygwin\jdk8u111\7883\hotspot\src\share\vm\oops\constantPool.cpp, line 235]
Event: 263.356 Thread 0x00000000025ae000 Implicit null exception at 0x0000000002ac1d43 to 0x0000000002ac1f8d

Events (10 events):
Event: 266.893 Thread 0x000000001bba9000 flushing nmethod 0x0000000002d5bfd0
Event: 266.893 Thread 0x000000001bba9000 flushing nmethod 0x0000000002d5c7d0
Event: 266.893 Thread 0x000000001bba9000 flushing nmethod 0x0000000002d83890
Event: 266.894 Thread 0x000000001bba9000 flushing nmethod 0x0000000002dc62d0
Event: 266.894 Thread 0x000000001bba9000 flushing nmethod 0x0000000002ddc650
Event: 266.894 Thread 0x000000001bba9000 flushing nmethod 0x0000000002deccd0
Event: 266.894 Thread 0x000000001bba9000 flushing nmethod 0x0000000002df11d0
Event: 266.894 Thread 0x000000001bba9000 flushing nmethod 0x0000000002df1790
Event: 266.894 Thread 0x000000001bba9000 flushing nmethod 0x0000000002df45d0
Event: 266.894 Thread 0x000000001bba9000 flushing nmethod 0x0000000002e0ae50


Dynamic libraries:
0x00007ff7fe600000 - 0x00007ff7fe637000 	C:\Program Files\Java\jdk1.8.0_111\bin\java.exe
0x00007ffb4c130000 - 0x00007ffb4c2f2000 	C:\Windows\SYSTEM32\ntdll.dll
0x00007ffb4c040000 - 0x00007ffb4c0ed000 	C:\Windows\system32\KERNEL32.DLL
0x00007ffb48f20000 - 0x00007ffb490fd000 	C:\Windows\system32\KERNELBASE.dll
0x0000000052d80000 - 0x0000000052e13000 	C:\Windows\System32\SYSFER.DLL
0x00007ffb4aa00000 - 0x00007ffb4aaa6000 	C:\Windows\system32\ADVAPI32.dll
0x00007ffb49c50000 - 0x00007ffb49ced000 	C:\Windows\system32\msvcrt.dll
0x00007ffb4a170000 - 0x00007ffb4a1cb000 	C:\Windows\system32\sechost.dll
0x00007ffb4a5a0000 - 0x00007ffb4a6c6000 	C:\Windows\system32\RPCRT4.dll
0x00007ffb4a3a0000 - 0x00007ffb4a4ee000 	C:\Windows\system32\USER32.dll
0x00007ffb49fe0000 - 0x00007ffb4a163000 	C:\Windows\system32\GDI32.dll
0x00007ffb3d050000 - 0x00007ffb3d2c4000 	C:\Windows\WinSxS\amd64_microsoft.windows.common-controls_6595b64144ccf1df_6.0.10240.17184_none_f41d7a705752bce6\COMCTL32.dll
0x00007ffb4c0f0000 - 0x00007ffb4c126000 	C:\Windows\system32\IMM32.DLL
0x00007ffb4a1e0000 - 0x00007ffb4a33c000 	C:\Windows\system32\MSCTF.dll
0x0000000051110000 - 0x00000000511e2000 	C:\Program Files\Java\jdk1.8.0_111\jre\bin\msvcr100.dll
0x00000000511f0000 - 0x0000000051a8a000 	C:\Program Files\Java\jdk1.8.0_111\jre\bin\server\jvm.dll
0x00007ffb4a9f0000 - 0x00007ffb4a9f8000 	C:\Windows\system32\PSAPI.DLL
0x00007ffb47320000 - 0x00007ffb47329000 	C:\Windows\SYSTEM32\WSOCK32.dll
0x00007ffb49be0000 - 0x00007ffb49c49000 	C:\Windows\system32\WS2_32.dll
0x00007ffb4a1d0000 - 0x00007ffb4a1d8000 	C:\Windows\system32\NSI.dll
0x00007ffb47260000 - 0x00007ffb47283000 	C:\Windows\SYSTEM32\WINMM.dll
0x00007ffb3df20000 - 0x00007ffb3df2a000 	C:\Windows\SYSTEM32\VERSION.dll
0x00007ffb47200000 - 0x00007ffb4722c000 	C:\Windows\SYSTEM32\WINMMBASE.dll
0x00007ffb48ed0000 - 0x00007ffb48f14000 	C:\Windows\system32\cfgmgr32.dll
0x00007ffb474d0000 - 0x00007ffb474f7000 	C:\Windows\SYSTEM32\DEVOBJ.dll
0x00000000510c0000 - 0x00000000510cf000 	C:\Program Files\Java\jdk1.8.0_111\jre\bin\verify.dll
0x0000000051090000 - 0x00000000510b9000 	C:\Program Files\Java\jdk1.8.0_111\jre\bin\java.dll
0x0000000051070000 - 0x0000000051086000 	C:\Program Files\Java\jdk1.8.0_111\jre\bin\zip.dll
0x00007ffb4aab0000 - 0x00007ffb4bfd3000 	C:\Windows\system32\SHELL32.dll
0x00007ffb49100000 - 0x00007ffb49729000 	C:\Windows\system32\windows.storage.dll
0x00007ffb49d60000 - 0x00007ffb49fdc000 	C:\Windows\system32\combase.dll
0x00007ffb4bfe0000 - 0x00007ffb4c031000 	C:\Windows\system32\shlwapi.dll
0x00007ffb48b70000 - 0x00007ffb48b7f000 	C:\Windows\system32\kernel.appcore.dll
0x00007ffb49730000 - 0x00007ffb497e3000 	C:\Windows\system32\shcore.dll
0x00007ffb48ba0000 - 0x00007ffb48bea000 	C:\Windows\system32\powrprof.dll
0x00007ffb48b80000 - 0x00007ffb48b93000 	C:\Windows\system32\profapi.dll
0x0000000051050000 - 0x000000005106a000 	C:\Program Files\Java\jdk1.8.0_111\jre\bin\net.dll
0x00007ffb48360000 - 0x00007ffb483bd000 	C:\Windows\system32\mswsock.dll
0x0000000051030000 - 0x0000000051041000 	C:\Program Files\Java\jdk1.8.0_111\jre\bin\nio.dll
0x00007ffb483c0000 - 0x00007ffb483d7000 	C:\Windows\SYSTEM32\CRYPTSP.dll
0x00007ffb48a80000 - 0x00007ffb48aa8000 	C:\Windows\SYSTEM32\bcrypt.dll
0x00007ffb48010000 - 0x00007ffb48043000 	C:\Windows\system32\rsaenh.dll
0x00007ffb48100000 - 0x00007ffb4811f000 	C:\Windows\SYSTEM32\USERENV.dll
0x00007ffb48910000 - 0x00007ffb4897b000 	C:\Windows\system32\bcryptprimitives.dll
0x00007ffb48530000 - 0x00007ffb4853b000 	C:\Windows\SYSTEM32\CRYPTBASE.dll
0x00007ffb468f0000 - 0x00007ffb46928000 	C:\Windows\SYSTEM32\IPHLPAPI.DLL
0x00007ffb46760000 - 0x00007ffb4676b000 	C:\Windows\SYSTEM32\WINNSI.DLL
0x00007ffb42d80000 - 0x00007ffb42d96000 	C:\Windows\SYSTEM32\dhcpcsvc6.DLL
0x00007ffb42d60000 - 0x00007ffb42d7a000 	C:\Windows\SYSTEM32\dhcpcsvc.DLL

VM Arguments:
jvm_args: -Dclassworlds.conf=C:\Program Files\NetBeans 8.2\java\maven\bin\m2.conf -Dmaven.home=C:\Program Files\NetBeans 8.2\java\maven 
java_command: org.codehaus.plexus.classworlds.launcher.Launcher -Dmaven.ext.class.path=C:\Program Files\NetBeans 8.2\java\maven-nblib\netbeans-eventspy.jar -Dfile.encoding=UTF-8 -Djava.net.useSystemProxies=true install
java_class_path (initial): C:\Program Files\NetBeans 8.2\java\maven\boot\plexus-classworlds-2.4.jar
Launcher Type: SUN_STANDARD

Environment Variables:
JAVA_HOME=C:\Program Files\Java\jdk1.8.0_111
PATH=C:\Program Files (x86)\Common Files\Oracle\Java\javapath;C:\ProgramData\Oracle\Java\javapath;C:\Program Files (x86)\Intel\iCLS Client\;C:\Program Files\Intel\iCLS Client\;C:\Windows\system32;C:\Windows;C:\Windows\System32\Wbem;C:\Windows\System32\WindowsPowerShell\v1.0\;C:\Program Files (x86)\Intel\Intel(R) Management Engine Components\DAL;C:\Program Files\Intel\Intel(R) Management Engine Components\DAL;C:\Program Files (x86)\Intel\Intel(R) Management Engine Components\IPT;C:\Program Files\Intel\Intel(R) Management Engine Components\IPT;C:\Program Files\nodejs\;C:\Program Files (x86)\Microsoft SQL Server\90\Tools\binn\;C:\Program Files\Microsoft VS Code\bin;C:\flutter\flutter\bin;C:\Users\erwin.ADIS\.dnx\bin;C:\Program Files\Microsoft DNX\Dnvm\;C:\Program Files\Microsoft SQL Server\120\Tools\Binn\;C:\Users\erwin.ADIS\AppData\Roaming\npm
USERNAME=erwin
OS=Windows_NT
PROCESSOR_IDENTIFIER=Intel64 Family 6 Model 158 Stepping 9, GenuineIntel



---------------  S Y S T E M  ---------------

OS: Windows 10.0 , 64 bit Build 10240 (10.0.10240.17113)

CPU:total 4 (4 cores per cpu, 1 threads per core) family 6 model 158 stepping 9, cmov, cx8, fxsr, mmx, sse, sse2, sse3, ssse3, sse4.1, sse4.2, popcnt, avx, avx2, aes, clmul, erms, rtm, 3dnowpref, lzcnt, tsc, tscinvbit, bmi1, bmi2, adx

Memory: 4k page, physical 16639728k(4169072k free), swap 35767276k(4112k free)

vm_info: Java HotSpot(TM) 64-Bit Server VM (25.111-b14) for windows-amd64 JRE (1.8.0_111-b14), built on Sep 22 2016 19:24:05 by "java_re" with MS VC++ 10.0 (VS2010)

time: Wed May 13 16:00:35 2020
elapsed time: 273 seconds (0d 0h 4m 33s)

