#
# There is insufficient memory for the Java Runtime Environment to continue.
# Native memory allocation (malloc) failed to allocate 32744 bytes for ChunkPool::allocate
# Possible reasons:
#   The system is out of physical RAM or swap space
#   In 32 bit mode, the process size limit was hit
# Possible solutions:
#   Reduce memory load on the system
#   Increase physical memory or swap space
#   Check if swap backing store is full
#   Use 64 bit Java on a 64 bit OS
#   Decrease Java heap size (-Xmx/-Xms)
#   Decrease number of Java threads
#   Decrease Java thread stack sizes (-Xss)
#   Set larger code cache with -XX:ReservedCodeCacheSize=
# This output file may be truncated or incomplete.
#
#  Out of Memory Error (allocation.cpp:273), pid=51040, tid=0x0000000000008da0
#
# JRE version: Java(TM) SE Runtime Environment (8.0_111-b14) (build 1.8.0_111-b14)
# Java VM: Java HotSpot(TM) 64-Bit Server VM (25.111-b14 mixed mode windows-amd64 compressed oops)
# Failed to write core dump. Minidumps are not enabled by default on client versions of Windows
#

---------------  T H R E A D  ---------------

Current thread (0x000000001b87d800):  JavaThread "C2 CompilerThread0" daemon [_thread_in_native, id=36256, stack(0x000000001cdf0000,0x000000001cef0000)]

Stack: [0x000000001cdf0000,0x000000001cef0000]
[error occurred during error reporting (printing stack bounds), id 0xc0000005]

Native frames: (J=compiled Java code, j=interpreted, Vv=VM code, C=native code)


Current CompileTask:
C2: 308753 3278       4       java.net.URLClassLoader$1::run (5 bytes)


---------------  P R O C E S S  ---------------

Java Threads: ( => current thread )
  0x000000001ea10800 JavaThread "resolver-4" daemon [_thread_blocked, id=49592, stack(0x0000000020c70000,0x0000000020d70000)]
  0x000000001e9ce800 JavaThread "resolver-3" daemon [_thread_blocked, id=65916, stack(0x0000000020b70000,0x0000000020c70000)]
  0x000000001d9e4800 JavaThread "resolver-2" daemon [_thread_blocked, id=54792, stack(0x0000000020a70000,0x0000000020b70000)]
  0x000000001dcea000 JavaThread "resolver-1" daemon [_thread_blocked, id=376, stack(0x0000000020970000,0x0000000020a70000)]
  0x000000001cff8000 JavaThread "Service Thread" daemon [_thread_blocked, id=57608, stack(0x000000001d4f0000,0x000000001d5f0000)]
  0x000000001b8dd800 JavaThread "C1 CompilerThread2" daemon [_thread_blocked, id=57776, stack(0x000000001d3f0000,0x000000001d4f0000)]
  0x000000001b881800 JavaThread "C2 CompilerThread1" daemon [_thread_in_native, id=32232, stack(0x000000001cef0000,0x000000001cff0000)]
=>0x000000001b87d800 JavaThread "C2 CompilerThread0" daemon [_thread_in_native, id=36256, stack(0x000000001cdf0000,0x000000001cef0000)]
  0x000000001b87c800 JavaThread "Attach Listener" daemon [_thread_blocked, id=58584, stack(0x000000001ccf0000,0x000000001cdf0000)]
  0x000000001b87b000 JavaThread "Signal Dispatcher" daemon [_thread_blocked, id=56836, stack(0x000000001cbf0000,0x000000001ccf0000)]
  0x00000000022db000 JavaThread "Finalizer" daemon [_thread_blocked, id=57348, stack(0x000000001caf0000,0x000000001cbf0000)]
  0x000000001b849000 JavaThread "Reference Handler" daemon [_thread_blocked, id=65028, stack(0x000000001c9f0000,0x000000001caf0000)]
  0x00000000020de000 JavaThread "main" [_thread_in_native, id=51360, stack(0x00000000020e0000,0x00000000021e0000)]

Other Threads:
  0x000000001b847800 VMThread [stack: 0x000000001c8f0000,0x000000001c9f0000] [id=65032]
  0x000000001d005000 WatcherThread [stack: 0x000000001d5f0000,0x000000001d6f0000] [id=53172]

VM state:not at safepoint (normal execution)

VM Mutex/Monitor currently owned by a thread: None

Heap:
 PSYoungGen      total 75776K, used 29609K [0x000000076b580000, 0x0000000770a00000, 0x00000007c0000000)
  eden space 65024K, 29% used [0x000000076b580000,0x000000076c7f26b0,0x000000076f500000)
  from space 10752K, 99% used [0x000000076ff80000,0x00000007709f8030,0x0000000770a00000)
  to   space 10752K, 0% used [0x000000076f500000,0x000000076f500000,0x000000076ff80000)
 ParOldGen       total 173568K, used 14524K [0x00000006c2000000, 0x00000006cc980000, 0x000000076b580000)
  object space 173568K, 8% used [0x00000006c2000000,0x00000006c2e2f338,0x00000006cc980000)
 Metaspace       used 19377K, capacity 19848K, committed 19968K, reserved 1067008K
  class space    used 2320K, capacity 2487K, committed 2560K, reserved 1048576K

Card table byte_map: [0x00000000116a0000,0x0000000011ea0000] byte_map_base: 0x000000000e090000

Marking Bits: (ParMarkBitMap*) 0x0000000051a0a6c0
 Begin Bits: [0x00000000127f0000, 0x0000000016770000)
 End Bits:   [0x0000000016770000, 0x000000001a6f0000)

Polling page: 0x0000000000700000

CodeCache: size=245760Kb used=10124Kb max_used=10132Kb free=235635Kb
 bounds [0x00000000022e0000, 0x0000000002ce0000, 0x00000000112e0000]
 total_blobs=3261 nmethods=2888 adapters=285
 compilation: enabled

Compilation events (10 events):
Event: 308.112 Thread 0x000000001b8dd800 nmethod 3277 0x0000000002ccad50 code [0x0000000002ccafc0, 0x0000000002ccc1e8]
Event: 308.113 Thread 0x000000001b881800 nmethod 3273 0x0000000002cd0c90 code [0x0000000002cd0de0, 0x0000000002cd1218]
Event: 308.445 Thread 0x000000001b87d800 3278       4       java.net.URLClassLoader$1::run (5 bytes)
Event: 308.445 Thread 0x000000001b881800 3279   !   4       java.net.URLClassLoader$1::run (63 bytes)
Event: 308.446 Thread 0x000000001b8dd800 3280       3       com.google.common.collect.Iterators::emptyIterator (4 bytes)
Event: 308.446 Thread 0x000000001b8dd800 nmethod 3280 0x0000000002922d10 code [0x0000000002922e60, 0x0000000002922f90]
Event: 308.446 Thread 0x000000001b8dd800 3281       3       org.sonatype.guice.bean.binders.ElementMerger::visit (6 bytes)
Event: 308.446 Thread 0x000000001b8dd800 nmethod 3281 0x0000000002cca950 code [0x0000000002ccaac0, 0x0000000002ccacc8]
Event: 308.446 Thread 0x000000001b8dd800 3282       3       org.sonatype.guice.bean.binders.ElementMerger::visit (72 bytes)
Event: 308.447 Thread 0x000000001b8dd800 nmethod 3282 0x0000000002cd0110 code [0x0000000002cd02e0, 0x0000000002cd0aa8]

GC Heap History (8 events):
Event: 213.336 GC heap before
{Heap before GC invocations=1 (full 0):
 PSYoungGen      total 75776K, used 65024K [0x000000076b580000, 0x0000000770a00000, 0x00000007c0000000)
  eden space 65024K, 100% used [0x000000076b580000,0x000000076f500000,0x000000076f500000)
  from space 10752K, 0% used [0x000000076ff80000,0x000000076ff80000,0x0000000770a00000)
  to   space 10752K, 0% used [0x000000076f500000,0x000000076f500000,0x000000076ff80000)
 ParOldGen       total 173568K, used 0K [0x00000006c2000000, 0x00000006cc980000, 0x000000076b580000)
  object space 173568K, 0% used [0x00000006c2000000,0x00000006c2000000,0x00000006cc980000)
 Metaspace       used 12222K, capacity 12404K, committed 12672K, reserved 1060864K
  class space    used 1502K, capacity 1576K, committed 1664K, reserved 1048576K
Event: 213.751 GC heap after
Heap after GC invocations=1 (full 0):
 PSYoungGen      total 75776K, used 9991K [0x000000076b580000, 0x0000000770a00000, 0x00000007c0000000)
  eden space 65024K, 0% used [0x000000076b580000,0x000000076b580000,0x000000076f500000)
  from space 10752K, 92% used [0x000000076f500000,0x000000076fec1d00,0x000000076ff80000)
  to   space 10752K, 0% used [0x000000076ff80000,0x000000076ff80000,0x0000000770a00000)
 ParOldGen       total 173568K, used 8K [0x00000006c2000000, 0x00000006cc980000, 0x000000076b580000)
  object space 173568K, 0% used [0x00000006c2000000,0x00000006c2002000,0x00000006cc980000)
 Metaspace       used 12222K, capacity 12404K, committed 12672K, reserved 1060864K
  class space    used 1502K, capacity 1576K, committed 1664K, reserved 1048576K
}
Event: 233.703 GC heap before
{Heap before GC invocations=2 (full 0):
 PSYoungGen      total 75776K, used 75015K [0x000000076b580000, 0x0000000770a00000, 0x00000007c0000000)
  eden space 65024K, 100% used [0x000000076b580000,0x000000076f500000,0x000000076f500000)
  from space 10752K, 92% used [0x000000076f500000,0x000000076fec1d00,0x000000076ff80000)
  to   space 10752K, 0% used [0x000000076ff80000,0x000000076ff80000,0x0000000770a00000)
 ParOldGen       total 173568K, used 8K [0x00000006c2000000, 0x00000006cc980000, 0x000000076b580000)
  object space 173568K, 0% used [0x00000006c2000000,0x00000006c2002000,0x00000006cc980000)
 Metaspace       used 12913K, capacity 13148K, committed 13440K, reserved 1060864K
  class space    used 1536K, capacity 1620K, committed 1664K, reserved 1048576K
Event: 233.712 GC heap after
Heap after GC invocations=2 (full 0):
 PSYoungGen      total 75776K, used 7355K [0x000000076b580000, 0x0000000770a00000, 0x00000007c0000000)
  eden space 65024K, 0% used [0x000000076b580000,0x000000076b580000,0x000000076f500000)
  from space 10752K, 68% used [0x000000076ff80000,0x00000007706aef40,0x0000000770a00000)
  to   space 10752K, 0% used [0x000000076f500000,0x000000076f500000,0x000000076ff80000)
 ParOldGen       total 173568K, used 24K [0x00000006c2000000, 0x00000006cc980000, 0x000000076b580000)
  object space 173568K, 0% used [0x00000006c2000000,0x00000006c2006000,0x00000006cc980000)
 Metaspace       used 12913K, capacity 13148K, committed 13440K, reserved 1060864K
  class space    used 1536K, capacity 1620K, committed 1664K, reserved 1048576K
}
Event: 288.210 GC heap before
{Heap before GC invocations=3 (full 0):
 PSYoungGen      total 75776K, used 72379K [0x000000076b580000, 0x0000000770a00000, 0x00000007c0000000)
  eden space 65024K, 100% used [0x000000076b580000,0x000000076f500000,0x000000076f500000)
  from space 10752K, 68% used [0x000000076ff80000,0x00000007706aef40,0x0000000770a00000)
  to   space 10752K, 0% used [0x000000076f500000,0x000000076f500000,0x000000076ff80000)
 ParOldGen       total 173568K, used 24K [0x00000006c2000000, 0x00000006cc980000, 0x000000076b580000)
  object space 173568K, 0% used [0x00000006c2000000,0x00000006c2006000,0x00000006cc980000)
 Metaspace       used 17259K, capacity 17656K, committed 17920K, reserved 1064960K
  class space    used 2102K, capacity 2188K, committed 2304K, reserved 1048576K
Event: 288.297 GC heap after
Heap after GC invocations=3 (full 0):
 PSYoungGen      total 75776K, used 10603K [0x000000076b580000, 0x0000000770a00000, 0x00000007c0000000)
  eden space 65024K, 0% used [0x000000076b580000,0x000000076b580000,0x000000076f500000)
  from space 10752K, 98% used [0x000000076f500000,0x000000076ff5acc0,0x000000076ff80000)
  to   space 10752K, 0% used [0x000000076ff80000,0x000000076ff80000,0x0000000770a00000)
 ParOldGen       total 173568K, used 24K [0x00000006c2000000, 0x00000006cc980000, 0x000000076b580000)
  object space 173568K, 0% used [0x00000006c2000000,0x00000006c2006000,0x00000006cc980000)
 Metaspace       used 17259K, capacity 17656K, committed 17920K, reserved 1064960K
  class space    used 2102K, capacity 2188K, committed 2304K, reserved 1048576K
}
Event: 298.591 GC heap before
{Heap before GC invocations=4 (full 0):
 PSYoungGen      total 75776K, used 75627K [0x000000076b580000, 0x0000000770a00000, 0x00000007c0000000)
  eden space 65024K, 100% used [0x000000076b580000,0x000000076f500000,0x000000076f500000)
  from space 10752K, 98% used [0x000000076f500000,0x000000076ff5acc0,0x000000076ff80000)
  to   space 10752K, 0% used [0x000000076ff80000,0x000000076ff80000,0x0000000770a00000)
 ParOldGen       total 173568K, used 24K [0x00000006c2000000, 0x00000006cc980000, 0x000000076b580000)
  object space 173568K, 0% used [0x00000006c2000000,0x00000006c2006000,0x00000006cc980000)
 Metaspace       used 18501K, capacity 18992K, committed 19328K, reserved 1067008K
  class space    used 2220K, capacity 2351K, committed 2432K, reserved 1048576K
Event: 298.607 GC heap after
Heap after GC invocations=4 (full 0):
 PSYoungGen      total 75776K, used 10720K [0x000000076b580000, 0x0000000770a00000, 0x00000007c0000000)
  eden space 65024K, 0% used [0x000000076b580000,0x000000076b580000,0x000000076f500000)
  from space 10752K, 99% used [0x000000076ff80000,0x00000007709f8030,0x0000000770a00000)
  to   space 10752K, 0% used [0x000000076f500000,0x000000076f500000,0x000000076ff80000)
 ParOldGen       total 173568K, used 14524K [0x00000006c2000000, 0x00000006cc980000, 0x000000076b580000)
  object space 173568K, 8% used [0x00000006c2000000,0x00000006c2e2f338,0x00000006cc980000)
 Metaspace       used 18501K, capacity 18992K, committed 19328K, reserved 1067008K
  class space    used 2220K, capacity 2351K, committed 2432K, reserved 1048576K
}

Deoptimization events (10 events):
Event: 296.278 Thread 0x00000000020de000 Uncommon trap: reason=unstable_if action=reinterpret pc=0x0000000002c40e54 method=org.apache.maven.model.ConfigurationContainer.getLocation(Ljava/lang/Object;)Lorg/apache/maven/model/InputLocation; @ 4
Event: 296.278 Thread 0x00000000020de000 Uncommon trap: reason=unstable_if action=reinterpret pc=0x00000000027d4624 method=org.apache.maven.model.ConfigurationContainer.getLocation(Ljava/lang/Object;)Lorg/apache/maven/model/InputLocation; @ 4
Event: 296.278 Thread 0x00000000020de000 Uncommon trap: reason=unstable_if action=reinterpret pc=0x00000000028dd464 method=org.apache.maven.model.ConfigurationContainer.getLocation(Ljava/lang/Object;)Lorg/apache/maven/model/InputLocation; @ 4
Event: 296.278 Thread 0x00000000020de000 Uncommon trap: reason=unstable_if action=reinterpret pc=0x00000000027d4288 method=org.apache.maven.model.ConfigurationContainer.getLocation(Ljava/lang/Object;)Lorg/apache/maven/model/InputLocation; @ 4
Event: 297.674 Thread 0x00000000020de000 Uncommon trap: reason=null_check action=make_not_entrant pc=0x0000000002c7e228 method=org.apache.maven.model.io.xpp3.MavenXpp3ReaderEx.checkFieldWithDuplicate(Lorg/codehaus/plexus/util/xml/pull/XmlPullParser;Ljava/lang/String;Ljava/lang/String;Ljava/util/
Event: 298.622 Thread 0x00000000020de000 Uncommon trap: reason=class_check action=maybe_recompile pc=0x0000000002893798 method=java.util.AbstractList$Itr.hasNext()Z @ 8
Event: 298.622 Thread 0x00000000020de000 Uncommon trap: reason=class_check action=maybe_recompile pc=0x00000000028fa718 method=java.util.AbstractList$Itr.next()Ljava/lang/Object; @ 14
Event: 299.900 Thread 0x00000000020de000 Uncommon trap: reason=unstable_if action=reinterpret pc=0x0000000002ac6540 method=java.util.StringTokenizer.setMaxDelimCodePoint()V @ 71
Event: 299.901 Thread 0x00000000020de000 Uncommon trap: reason=bimorphic action=maybe_recompile pc=0x000000000274ea08 method=java.util.concurrent.ConcurrentHashMap.get(Ljava/lang/Object;)Ljava/lang/Object; @ 149
Event: 301.358 Thread 0x00000000020de000 Uncommon trap: reason=unstable_if action=reinterpret pc=0x0000000002877e78 method=java.util.zip.DeflaterOutputStream.deflate()V @ 19

Internal exceptions (10 events):
Event: 306.751 Thread 0x00000000020de000 Exception <a 'java/io/IOException'> (0x000000076be65500) thrown at [C:\re\workspace\8-2-build-windows-amd64-cygwin\jdk8u111\7883\hotspot\src\share\vm\prims\jni.cpp, line 709]
Event: 306.751 Thread 0x00000000020de000 Exception <a 'java/io/IOException'> (0x000000076be65978) thrown at [C:\re\workspace\8-2-build-windows-amd64-cygwin\jdk8u111\7883\hotspot\src\share\vm\prims\jni.cpp, line 709]
Event: 306.751 Thread 0x00000000020de000 Exception <a 'java/io/IOException'> (0x000000076be65dc0) thrown at [C:\re\workspace\8-2-build-windows-amd64-cygwin\jdk8u111\7883\hotspot\src\share\vm\prims\jni.cpp, line 709]
Event: 306.751 Thread 0x00000000020de000 Exception <a 'java/io/IOException'> (0x000000076be66360) thrown at [C:\re\workspace\8-2-build-windows-amd64-cygwin\jdk8u111\7883\hotspot\src\share\vm\prims\jni.cpp, line 709]
Event: 306.751 Thread 0x00000000020de000 Exception <a 'java/io/IOException'> (0x000000076be667d8) thrown at [C:\re\workspace\8-2-build-windows-amd64-cygwin\jdk8u111\7883\hotspot\src\share\vm\prims\jni.cpp, line 709]
Event: 306.751 Thread 0x00000000020de000 Exception <a 'java/io/IOException'> (0x000000076be66c20) thrown at [C:\re\workspace\8-2-build-windows-amd64-cygwin\jdk8u111\7883\hotspot\src\share\vm\prims\jni.cpp, line 709]
Event: 306.751 Thread 0x00000000020de000 Exception <a 'java/io/IOException'> (0x000000076be66f58) thrown at [C:\re\workspace\8-2-build-windows-amd64-cygwin\jdk8u111\7883\hotspot\src\share\vm\prims\jni.cpp, line 709]
Event: 306.751 Thread 0x00000000020de000 Exception <a 'java/io/IOException'> (0x000000076be673d0) thrown at [C:\re\workspace\8-2-build-windows-amd64-cygwin\jdk8u111\7883\hotspot\src\share\vm\prims\jni.cpp, line 709]
Event: 306.751 Thread 0x00000000020de000 Exception <a 'java/io/IOException'> (0x000000076be67848) thrown at [C:\re\workspace\8-2-build-windows-amd64-cygwin\jdk8u111\7883\hotspot\src\share\vm\prims\jni.cpp, line 709]
Event: 306.751 Thread 0x00000000020de000 Exception <a 'java/io/IOException'> (0x000000076be67c90) thrown at [C:\re\workspace\8-2-build-windows-amd64-cygwin\jdk8u111\7883\hotspot\src\share\vm\prims\jni.cpp, line 709]

Events (10 events):
Event: 308.445 loading class org/apache/maven/plugin/Mojo
Event: 308.445 loading class org/apache/maven/plugin/Mojo done
Event: 308.445 loading class org/apache/maven/plugin/war/WarExplodedMojo
Event: 308.445 loading class org/apache/maven/plugin/war/WarExplodedMojo done
Event: 308.445 loading class org/apache/maven/plugin/war/WarExplodedMojo
Event: 308.445 loading class org/apache/maven/plugin/war/WarExplodedMojo done
Event: 308.445 loading class org/apache/maven/plugin/war/WarExplodedMojo
Event: 308.445 loading class org/apache/maven/plugin/war/WarExplodedMojo done
Event: 308.445 loading class org/apache/maven/plugin/war/WarExplodedMojo
Event: 308.445 loading class org/apache/maven/plugin/war/WarExplodedMojo done


Dynamic libraries:
0x00007ff7fe600000 - 0x00007ff7fe637000 	C:\Program Files\Java\jdk1.8.0_111\bin\java.exe
0x00007ffb4c130000 - 0x00007ffb4c2f2000 	C:\Windows\SYSTEM32\ntdll.dll
0x00007ffb4c040000 - 0x00007ffb4c0ed000 	C:\Windows\system32\KERNEL32.DLL
0x00007ffb48f20000 - 0x00007ffb490fd000 	C:\Windows\system32\KERNELBASE.dll
0x0000000052d80000 - 0x0000000052e13000 	C:\Windows\System32\SYSFER.DLL
0x00007ffb4aa00000 - 0x00007ffb4aaa6000 	C:\Windows\system32\ADVAPI32.dll
0x00007ffb49c50000 - 0x00007ffb49ced000 	C:\Windows\system32\msvcrt.dll
0x00007ffb4a170000 - 0x00007ffb4a1cb000 	C:\Windows\system32\sechost.dll
0x00007ffb4a5a0000 - 0x00007ffb4a6c6000 	C:\Windows\system32\RPCRT4.dll
0x00007ffb4a3a0000 - 0x00007ffb4a4ee000 	C:\Windows\system32\USER32.dll
0x00007ffb49fe0000 - 0x00007ffb4a163000 	C:\Windows\system32\GDI32.dll
0x00007ffb3d050000 - 0x00007ffb3d2c4000 	C:\Windows\WinSxS\amd64_microsoft.windows.common-controls_6595b64144ccf1df_6.0.10240.17184_none_f41d7a705752bce6\COMCTL32.dll
0x00007ffb4c0f0000 - 0x00007ffb4c126000 	C:\Windows\system32\IMM32.DLL
0x00007ffb4a1e0000 - 0x00007ffb4a33c000 	C:\Windows\system32\MSCTF.dll
0x0000000051110000 - 0x00000000511e2000 	C:\Program Files\Java\jdk1.8.0_111\jre\bin\msvcr100.dll
0x00000000511f0000 - 0x0000000051a8a000 	C:\Program Files\Java\jdk1.8.0_111\jre\bin\server\jvm.dll
0x00007ffb4a9f0000 - 0x00007ffb4a9f8000 	C:\Windows\system32\PSAPI.DLL
0x00007ffb47320000 - 0x00007ffb47329000 	C:\Windows\SYSTEM32\WSOCK32.dll
0x00007ffb49be0000 - 0x00007ffb49c49000 	C:\Windows\system32\WS2_32.dll
0x00007ffb4a1d0000 - 0x00007ffb4a1d8000 	C:\Windows\system32\NSI.dll
0x00007ffb47260000 - 0x00007ffb47283000 	C:\Windows\SYSTEM32\WINMM.dll
0x00007ffb3df20000 - 0x00007ffb3df2a000 	C:\Windows\SYSTEM32\VERSION.dll
0x00007ffb47200000 - 0x00007ffb4722c000 	C:\Windows\SYSTEM32\WINMMBASE.dll
0x00007ffb48ed0000 - 0x00007ffb48f14000 	C:\Windows\system32\cfgmgr32.dll
0x00007ffb474d0000 - 0x00007ffb474f7000 	C:\Windows\SYSTEM32\DEVOBJ.dll
0x00000000510c0000 - 0x00000000510cf000 	C:\Program Files\Java\jdk1.8.0_111\jre\bin\verify.dll
0x0000000051090000 - 0x00000000510b9000 	C:\Program Files\Java\jdk1.8.0_111\jre\bin\java.dll
0x0000000051070000 - 0x0000000051086000 	C:\Program Files\Java\jdk1.8.0_111\jre\bin\zip.dll
0x00007ffb4aab0000 - 0x00007ffb4bfd3000 	C:\Windows\system32\SHELL32.dll
0x00007ffb49100000 - 0x00007ffb49729000 	C:\Windows\system32\windows.storage.dll
0x00007ffb49d60000 - 0x00007ffb49fdc000 	C:\Windows\system32\combase.dll
0x00007ffb4bfe0000 - 0x00007ffb4c031000 	C:\Windows\system32\shlwapi.dll
0x00007ffb48b70000 - 0x00007ffb48b7f000 	C:\Windows\system32\kernel.appcore.dll
0x00007ffb49730000 - 0x00007ffb497e3000 	C:\Windows\system32\shcore.dll
0x00007ffb48ba0000 - 0x00007ffb48bea000 	C:\Windows\system32\powrprof.dll
0x00007ffb48b80000 - 0x00007ffb48b93000 	C:\Windows\system32\profapi.dll
0x0000000051050000 - 0x000000005106a000 	C:\Program Files\Java\jdk1.8.0_111\jre\bin\net.dll
0x00007ffb48360000 - 0x00007ffb483bd000 	C:\Windows\system32\mswsock.dll
0x0000000051030000 - 0x0000000051041000 	C:\Program Files\Java\jdk1.8.0_111\jre\bin\nio.dll
0x00007ffb483c0000 - 0x00007ffb483d7000 	C:\Windows\SYSTEM32\CRYPTSP.dll
0x00007ffb48a80000 - 0x00007ffb48aa8000 	C:\Windows\SYSTEM32\bcrypt.dll
0x00007ffb48010000 - 0x00007ffb48043000 	C:\Windows\system32\rsaenh.dll
0x00007ffb48100000 - 0x00007ffb4811f000 	C:\Windows\SYSTEM32\USERENV.dll
0x00007ffb48910000 - 0x00007ffb4897b000 	C:\Windows\system32\bcryptprimitives.dll
0x00007ffb48530000 - 0x00007ffb4853b000 	C:\Windows\SYSTEM32\CRYPTBASE.dll
0x00007ffb468f0000 - 0x00007ffb46928000 	C:\Windows\SYSTEM32\IPHLPAPI.DLL
0x00007ffb46760000 - 0x00007ffb4676b000 	C:\Windows\SYSTEM32\WINNSI.DLL
0x00007ffb42d80000 - 0x00007ffb42d96000 	C:\Windows\SYSTEM32\dhcpcsvc6.DLL
0x00007ffb42d60000 - 0x00007ffb42d7a000 	C:\Windows\SYSTEM32\dhcpcsvc.DLL

VM Arguments:
jvm_args: -Dclassworlds.conf=C:\Program Files\NetBeans 8.2\java\maven\bin\m2.conf -Dmaven.home=C:\Program Files\NetBeans 8.2\java\maven 
java_command: org.codehaus.plexus.classworlds.launcher.Launcher -Dmaven.ext.class.path=C:\Program Files\NetBeans 8.2\java\maven-nblib\netbeans-eventspy.jar -Dfile.encoding=UTF-8 -Djava.net.useSystemProxies=true install
java_class_path (initial): C:\Program Files\NetBeans 8.2\java\maven\boot\plexus-classworlds-2.4.jar
Launcher Type: SUN_STANDARD

Environment Variables:
JAVA_HOME=C:\Program Files\Java\jdk1.8.0_111
PATH=C:\Program Files (x86)\Common Files\Oracle\Java\javapath;C:\ProgramData\Oracle\Java\javapath;C:\Program Files (x86)\Intel\iCLS Client\;C:\Program Files\Intel\iCLS Client\;C:\Windows\system32;C:\Windows;C:\Windows\System32\Wbem;C:\Windows\System32\WindowsPowerShell\v1.0\;C:\Program Files (x86)\Intel\Intel(R) Management Engine Components\DAL;C:\Program Files\Intel\Intel(R) Management Engine Components\DAL;C:\Program Files (x86)\Intel\Intel(R) Management Engine Components\IPT;C:\Program Files\Intel\Intel(R) Management Engine Components\IPT;C:\Program Files\nodejs\;C:\Program Files (x86)\Microsoft SQL Server\90\Tools\binn\;C:\Program Files\Microsoft VS Code\bin;C:\flutter\flutter\bin;C:\Users\erwin.ADIS\.dnx\bin;C:\Program Files\Microsoft DNX\Dnvm\;C:\Program Files\Microsoft SQL Server\120\Tools\Binn\;C:\Users\erwin.ADIS\AppData\Roaming\npm
USERNAME=erwin
OS=Windows_NT
PROCESSOR_IDENTIFIER=Intel64 Family 6 Model 158 Stepping 9, GenuineIntel



---------------  S Y S T E M  ---------------

OS: Windows 10.0 , 64 bit Build 10240 (10.0.10240.17113)

CPU:total 4 (4 cores per cpu, 1 threads per core) family 6 model 158 stepping 9, cmov, cx8, fxsr, mmx, sse, sse2, sse3, ssse3, sse4.1, sse4.2, popcnt, avx, avx2, aes, clmul, erms, rtm, 3dnowpref, lzcnt, tsc, tscinvbit, bmi1, bmi2, adx

Memory: 4k page, physical 16639728k(3339512k free), swap 35767276k(5120k free)

vm_info: Java HotSpot(TM) 64-Bit Server VM (25.111-b14) for windows-amd64 JRE (1.8.0_111-b14), built on Sep 22 2016 19:24:05 by "java_re" with MS VC++ 10.0 (VS2010)

time: Wed May 13 16:02:50 2020
elapsed time: 308 seconds (0d 0h 5m 8s)

