#
# There is insufficient memory for the Java Runtime Environment to continue.
# Native memory allocation (malloc) failed to allocate 686736 bytes for Chunk::new
# Possible reasons:
#   The system is out of physical RAM or swap space
#   In 32 bit mode, the process size limit was hit
# Possible solutions:
#   Reduce memory load on the system
#   Increase physical memory or swap space
#   Check if swap backing store is full
#   Use 64 bit Java on a 64 bit OS
#   Decrease Java heap size (-Xmx/-Xms)
#   Decrease number of Java threads
#   Decrease Java thread stack sizes (-Xss)
#   Set larger code cache with -XX:ReservedCodeCacheSize=
# This output file may be truncated or incomplete.
#
#  Out of Memory Error (allocation.cpp:390), pid=31352, tid=0x000000000000d790
#
# JRE version: Java(TM) SE Runtime Environment (8.0_111-b14) (build 1.8.0_111-b14)
# Java VM: Java HotSpot(TM) 64-Bit Server VM (25.111-b14 mixed mode windows-amd64 compressed oops)
# Failed to write core dump. Minidumps are not enabled by default on client versions of Windows
#

---------------  T H R E A D  ---------------

Current thread (0x000000001b4c0800):  JavaThread "C2 CompilerThread1" daemon [_thread_in_native, id=55184, stack(0x000000001cc00000,0x000000001cd00000)]

Stack: [0x000000001cc00000,0x000000001cd00000]
[error occurred during error reporting (printing stack bounds), id 0xc0000005]

Native frames: (J=compiled Java code, j=interpreted, Vv=VM code, C=native code)


Current CompileTask:
C2: 229974 1552       4       org.sonatype.guice.plexus.locators.RealmFilter$FilteredItr::hasNext (85 bytes)


---------------  P R O C E S S  ---------------

Java Threads: ( => current thread )
  0x000000001cd05800 JavaThread "Service Thread" daemon [_thread_blocked, id=69160, stack(0x000000001d200000,0x000000001d300000)]
  0x000000001b51c800 JavaThread "C1 CompilerThread2" daemon [_thread_blocked, id=71444, stack(0x000000001d100000,0x000000001d200000)]
=>0x000000001b4c0800 JavaThread "C2 CompilerThread1" daemon [_thread_in_native, id=55184, stack(0x000000001cc00000,0x000000001cd00000)]
  0x000000001b4bc800 JavaThread "C2 CompilerThread0" daemon [_thread_blocked, id=70728, stack(0x000000001cb00000,0x000000001cc00000)]
  0x000000001b4bb800 JavaThread "Attach Listener" daemon [_thread_blocked, id=66480, stack(0x000000001ca00000,0x000000001cb00000)]
  0x000000001b4ba000 JavaThread "Signal Dispatcher" daemon [_thread_blocked, id=58288, stack(0x000000001c900000,0x000000001ca00000)]
  0x0000000001ea4800 JavaThread "Finalizer" daemon [_thread_blocked, id=57148, stack(0x000000001c720000,0x000000001c820000)]
  0x0000000001ea1000 JavaThread "Reference Handler" daemon [_thread_blocked, id=64204, stack(0x000000001c620000,0x000000001c720000)]
  0x0000000001f1e000 JavaThread "main" [_thread_in_Java, id=71484, stack(0x0000000000530000,0x0000000000630000)]

Other Threads:
  0x000000001b487800 VMThread [stack: 0x000000001c520000,0x000000001c620000] [id=71620]
  0x000000001cd13000 WatcherThread [stack: 0x000000001d300000,0x000000001d400000] [id=69592]

VM state:not at safepoint (normal execution)

VM Mutex/Monitor currently owned by a thread: None

Heap:
 PSYoungGen      total 75776K, used 20910K [0x000000076b580000, 0x0000000770a00000, 0x00000007c0000000)
  eden space 65024K, 16% used [0x000000076b580000,0x000000076c031e28,0x000000076f500000)
  from space 10752K, 92% used [0x000000076f500000,0x000000076feb9b88,0x000000076ff80000)
  to   space 10752K, 0% used [0x000000076ff80000,0x000000076ff80000,0x0000000770a00000)
 ParOldGen       total 173568K, used 8K [0x00000006c2000000, 0x00000006cc980000, 0x000000076b580000)
  object space 173568K, 0% used [0x00000006c2000000,0x00000006c2002000,0x00000006cc980000)
 Metaspace       used 12491K, capacity 12704K, committed 12928K, reserved 1060864K
  class space    used 1524K, capacity 1610K, committed 1664K, reserved 1048576K

Card table byte_map: [0x00000000112e0000,0x0000000011ae0000] byte_map_base: 0x000000000dcd0000

Marking Bits: (ParMarkBitMap*) 0x0000000051a0a6c0
 Begin Bits: [0x0000000012430000, 0x00000000163b0000)
 End Bits:   [0x00000000163b0000, 0x000000001a330000)

Polling page: 0x00000000004c0000

CodeCache: size=245760Kb used=5808Kb max_used=5811Kb free=239951Kb
 bounds [0x0000000001f20000, 0x00000000024e0000, 0x0000000010f20000]
 total_blobs=1879 nmethods=1557 adapters=234
 compilation: enabled

Compilation events (10 events):
Event: 229.884 Thread 0x000000001b51c800 1554       1       org.apache.maven.artifact.handler.DefaultArtifactHandler::isAddedToClasspath (5 bytes)
Event: 229.884 Thread 0x000000001b51c800 nmethod 1554 0x00000000024cf510 code [0x00000000024cf660, 0x00000000024cf770]
Event: 229.884 Thread 0x000000001b51c800 1555       1       org.apache.maven.artifact.handler.DefaultArtifactHandler::isIncludesDependencies (5 bytes)
Event: 229.885 Thread 0x000000001b51c800 nmethod 1555 0x00000000024cf250 code [0x00000000024cf3a0, 0x00000000024cf4b0]
Event: 229.885 Thread 0x000000001b51c800 1556       3       java.lang.Boolean::toString (12 bytes)
Event: 229.885 Thread 0x000000001b51c800 nmethod 1556 0x00000000024cef10 code [0x00000000024cf060, 0x00000000024cf1f0]
Event: 229.885 Thread 0x000000001b51c800 1557       1       org.sonatype.aether.util.artifact.DefaultArtifactType::getClassifier (5 bytes)
Event: 229.885 Thread 0x000000001b51c800 nmethod 1557 0x00000000024cec50 code [0x00000000024ceda0, 0x00000000024ceeb0]
Event: 229.885 Thread 0x000000001b51c800 1558       1       org.sonatype.aether.util.artifact.DefaultArtifactType::getProperties (5 bytes)
Event: 229.885 Thread 0x000000001b51c800 nmethod 1558 0x00000000024ce990 code [0x00000000024ceae0, 0x00000000024cebf0]

GC Heap History (2 events):
Event: 226.278 GC heap before
{Heap before GC invocations=1 (full 0):
 PSYoungGen      total 75776K, used 65024K [0x000000076b580000, 0x0000000770a00000, 0x00000007c0000000)
  eden space 65024K, 100% used [0x000000076b580000,0x000000076f500000,0x000000076f500000)
  from space 10752K, 0% used [0x000000076ff80000,0x000000076ff80000,0x0000000770a00000)
  to   space 10752K, 0% used [0x000000076f500000,0x000000076f500000,0x000000076ff80000)
 ParOldGen       total 173568K, used 0K [0x00000006c2000000, 0x00000006cc980000, 0x000000076b580000)
  object space 173568K, 0% used [0x00000006c2000000,0x00000006c2000000,0x00000006cc980000)
 Metaspace       used 12234K, capacity 12468K, committed 12672K, reserved 1060864K
  class space    used 1500K, capacity 1576K, committed 1664K, reserved 1048576K
Event: 226.308 GC heap after
Heap after GC invocations=1 (full 0):
 PSYoungGen      total 75776K, used 9958K [0x000000076b580000, 0x0000000770a00000, 0x00000007c0000000)
  eden space 65024K, 0% used [0x000000076b580000,0x000000076b580000,0x000000076f500000)
  from space 10752K, 92% used [0x000000076f500000,0x000000076feb9b88,0x000000076ff80000)
  to   space 10752K, 0% used [0x000000076ff80000,0x000000076ff80000,0x0000000770a00000)
 ParOldGen       total 173568K, used 8K [0x00000006c2000000, 0x00000006cc980000, 0x000000076b580000)
  object space 173568K, 0% used [0x00000006c2000000,0x00000006c2002000,0x00000006cc980000)
 Metaspace       used 12234K, capacity 12468K, committed 12672K, reserved 1060864K
  class space    used 1500K, capacity 1576K, committed 1664K, reserved 1048576K
}

Deoptimization events (10 events):
Event: 9.556 Thread 0x0000000001f1e000 Uncommon trap: reason=unstable_if action=reinterpret pc=0x00000000020c33d8 method=java.lang.String.replace(CC)Ljava/lang/String; @ 2
Event: 226.268 Thread 0x0000000001f1e000 Uncommon trap: reason=unstable_if action=reinterpret pc=0x0000000002338564 method=org.codehaus.plexus.util.xml.pull.MXParser.nextImpl()I @ 1149
Event: 227.210 Thread 0x0000000001f1e000 Uncommon trap: reason=unstable_if action=reinterpret pc=0x00000000023bf118 method=org.codehaus.plexus.util.xml.pull.MXParser.nextImpl()I @ 960
Event: 227.988 Thread 0x0000000001f1e000 Uncommon trap: reason=unstable_if action=reinterpret pc=0x00000000023233b4 method=org.codehaus.plexus.util.xml.pull.MXParser.isS(C)Z @ 21
Event: 228.562 Thread 0x0000000001f1e000 Uncommon trap: reason=unstable_if action=reinterpret pc=0x000000000236fc48 method=sun.nio.cs.UTF_8$Decoder.decode([BII[C)I @ 30
Event: 228.762 Thread 0x0000000001f1e000 Uncommon trap: reason=unstable_if action=reinterpret pc=0x000000000219b84c method=sun.nio.cs.UTF_8$Decoder.decodeArrayLoop(Ljava/nio/ByteBuffer;Ljava/nio/CharBuffer;)Ljava/nio/charset/CoderResult; @ 84
Event: 228.866 Thread 0x0000000001f1e000 Uncommon trap: reason=unstable_if action=reinterpret pc=0x000000000244c72c method=org.codehaus.plexus.util.xml.pull.MXParser.nextImpl()I @ 732
Event: 228.873 Thread 0x0000000001f1e000 Uncommon trap: reason=unstable_if action=reinterpret pc=0x00000000022f6de8 method=java.util.HashMap.hash(Ljava/lang/Object;)I @ 1
Event: 228.873 Thread 0x0000000001f1e000 Uncommon trap: reason=unstable_if action=reinterpret pc=0x00000000021ecf68 method=java.util.HashMap.hash(Ljava/lang/Object;)I @ 1
Event: 229.237 Thread 0x0000000001f1e000 Uncommon trap: reason=null_check action=make_not_entrant pc=0x000000000246d4ec method=org.apache.maven.model.io.xpp3.MavenXpp3Reader.checkFieldWithDuplicate(Lorg/codehaus/plexus/util/xml/pull/XmlPullParser;Ljava/lang/String;Ljava/lang/String;Ljava/util/Se

Internal exceptions (10 events):
Event: 1.352 Thread 0x0000000001f1e000 Exception <a 'java/lang/ArrayIndexOutOfBoundsException'> (0x000000076c2d3f40) thrown at [C:\re\workspace\8-2-build-windows-amd64-cygwin\jdk8u111\7883\hotspot\src\share\vm\runtime\sharedRuntime.cpp, line 605]
Event: 1.537 Thread 0x0000000001f1e000 Exception <a 'java/lang/ArrayIndexOutOfBoundsException'> (0x000000076d1293b8) thrown at [C:\re\workspace\8-2-build-windows-amd64-cygwin\jdk8u111\7883\hotspot\src\share\vm\runtime\sharedRuntime.cpp, line 605]
Event: 1.537 Thread 0x0000000001f1e000 Exception <a 'java/lang/ArrayIndexOutOfBoundsException'> (0x000000076d12b060) thrown at [C:\re\workspace\8-2-build-windows-amd64-cygwin\jdk8u111\7883\hotspot\src\share\vm\runtime\sharedRuntime.cpp, line 605]
Event: 1.768 Thread 0x0000000001f1e000 Exception <a 'java/lang/NoClassDefFoundError': org/slf4j/Logger> (0x000000076d6cdd68) thrown at [C:\re\workspace\8-2-build-windows-amd64-cygwin\jdk8u111\7883\hotspot\src\share\vm\classfile\systemDictionary.cpp, line 199]
Event: 1.993 Thread 0x0000000001f1e000 Exception <a 'java/lang/NoClassDefFoundError': org/slf4j/LoggerFactory> (0x000000076d981940) thrown at [C:\re\workspace\8-2-build-windows-amd64-cygwin\jdk8u111\7883\hotspot\src\share\vm\classfile\systemDictionary.cpp, line 199]
Event: 1.993 Thread 0x0000000001f1e000 Exception <a 'java/lang/NoClassDefFoundError'> (0x000000076d981940) thrown at [C:\re\workspace\8-2-build-windows-amd64-cygwin\jdk8u111\7883\hotspot\src\share\vm\oops\instanceKlass.cpp, line 964]
Event: 4.433 Thread 0x0000000001f1e000 Implicit null exception at 0x00000000020f4cdb to 0x00000000020f4ec5
Event: 228.873 Thread 0x0000000001f1e000 Implicit null exception at 0x00000000022f6bd5 to 0x00000000022f6dd9
Event: 228.873 Thread 0x0000000001f1e000 Implicit null exception at 0x00000000021eceef to 0x00000000021ecf59
Event: 229.237 Thread 0x0000000001f1e000 Implicit null exception at 0x000000000246c301 to 0x000000000246d4d5

Events (10 events):
Event: 229.887 loading class org/sonatype/aether/impl/internal/EdgeStack
Event: 229.887 loading class org/sonatype/aether/impl/internal/EdgeStack done
Event: 229.887 loading class org/sonatype/aether/impl/internal/DefaultDependencyCollectionContext
Event: 229.887 loading class org/sonatype/aether/impl/internal/DefaultDependencyCollectionContext done
Event: 229.887 loading class org/sonatype/aether/util/graph/manager/ClassicDependencyManager$Key
Event: 229.887 loading class org/sonatype/aether/util/graph/manager/ClassicDependencyManager$Key done
Event: 229.888 loading class org/sonatype/aether/impl/internal/DataPool$ConstraintKey
Event: 229.888 loading class org/sonatype/aether/impl/internal/DataPool$ConstraintKey done
Event: 229.888 loading class org/sonatype/aether/impl/internal/DataPool$Constraint
Event: 229.888 loading class org/sonatype/aether/impl/internal/DataPool$Constraint done


Dynamic libraries:
0x00007ff7fe600000 - 0x00007ff7fe637000 	C:\Program Files\Java\jdk1.8.0_111\bin\java.exe
0x00007ffb4c130000 - 0x00007ffb4c2f2000 	C:\Windows\SYSTEM32\ntdll.dll
0x00007ffb4c040000 - 0x00007ffb4c0ed000 	C:\Windows\system32\KERNEL32.DLL
0x00007ffb48f20000 - 0x00007ffb490fd000 	C:\Windows\system32\KERNELBASE.dll
0x0000000052d80000 - 0x0000000052e13000 	C:\Windows\System32\SYSFER.DLL
0x00007ffb4aa00000 - 0x00007ffb4aaa6000 	C:\Windows\system32\ADVAPI32.dll
0x00007ffb49c50000 - 0x00007ffb49ced000 	C:\Windows\system32\msvcrt.dll
0x00007ffb4a170000 - 0x00007ffb4a1cb000 	C:\Windows\system32\sechost.dll
0x00007ffb4a5a0000 - 0x00007ffb4a6c6000 	C:\Windows\system32\RPCRT4.dll
0x00007ffb4a3a0000 - 0x00007ffb4a4ee000 	C:\Windows\system32\USER32.dll
0x00007ffb49fe0000 - 0x00007ffb4a163000 	C:\Windows\system32\GDI32.dll
0x00007ffb3d050000 - 0x00007ffb3d2c4000 	C:\Windows\WinSxS\amd64_microsoft.windows.common-controls_6595b64144ccf1df_6.0.10240.17184_none_f41d7a705752bce6\COMCTL32.dll
0x00007ffb4c0f0000 - 0x00007ffb4c126000 	C:\Windows\system32\IMM32.DLL
0x00007ffb4a1e0000 - 0x00007ffb4a33c000 	C:\Windows\system32\MSCTF.dll
0x0000000051110000 - 0x00000000511e2000 	C:\Program Files\Java\jdk1.8.0_111\jre\bin\msvcr100.dll
0x00000000511f0000 - 0x0000000051a8a000 	C:\Program Files\Java\jdk1.8.0_111\jre\bin\server\jvm.dll
0x00007ffb4a9f0000 - 0x00007ffb4a9f8000 	C:\Windows\system32\PSAPI.DLL
0x00007ffb47320000 - 0x00007ffb47329000 	C:\Windows\SYSTEM32\WSOCK32.dll
0x00007ffb49be0000 - 0x00007ffb49c49000 	C:\Windows\system32\WS2_32.dll
0x00007ffb4a1d0000 - 0x00007ffb4a1d8000 	C:\Windows\system32\NSI.dll
0x00007ffb47260000 - 0x00007ffb47283000 	C:\Windows\SYSTEM32\WINMM.dll
0x00007ffb3df20000 - 0x00007ffb3df2a000 	C:\Windows\SYSTEM32\VERSION.dll
0x00007ffb47200000 - 0x00007ffb4722c000 	C:\Windows\SYSTEM32\WINMMBASE.dll
0x00007ffb48ed0000 - 0x00007ffb48f14000 	C:\Windows\system32\cfgmgr32.dll
0x00007ffb474d0000 - 0x00007ffb474f7000 	C:\Windows\SYSTEM32\DEVOBJ.dll
0x00000000510c0000 - 0x00000000510cf000 	C:\Program Files\Java\jdk1.8.0_111\jre\bin\verify.dll
0x0000000051090000 - 0x00000000510b9000 	C:\Program Files\Java\jdk1.8.0_111\jre\bin\java.dll
0x0000000051070000 - 0x0000000051086000 	C:\Program Files\Java\jdk1.8.0_111\jre\bin\zip.dll
0x00007ffb4aab0000 - 0x00007ffb4bfd3000 	C:\Windows\system32\SHELL32.dll
0x00007ffb49100000 - 0x00007ffb49729000 	C:\Windows\system32\windows.storage.dll
0x00007ffb49d60000 - 0x00007ffb49fdc000 	C:\Windows\system32\combase.dll
0x00007ffb4bfe0000 - 0x00007ffb4c031000 	C:\Windows\system32\shlwapi.dll
0x00007ffb48b70000 - 0x00007ffb48b7f000 	C:\Windows\system32\kernel.appcore.dll
0x00007ffb49730000 - 0x00007ffb497e3000 	C:\Windows\system32\shcore.dll
0x00007ffb48ba0000 - 0x00007ffb48bea000 	C:\Windows\system32\powrprof.dll
0x00007ffb48b80000 - 0x00007ffb48b93000 	C:\Windows\system32\profapi.dll
0x0000000051050000 - 0x000000005106a000 	C:\Program Files\Java\jdk1.8.0_111\jre\bin\net.dll
0x00007ffb48360000 - 0x00007ffb483bd000 	C:\Windows\system32\mswsock.dll
0x0000000051030000 - 0x0000000051041000 	C:\Program Files\Java\jdk1.8.0_111\jre\bin\nio.dll

VM Arguments:
jvm_args: -Dclassworlds.conf=C:\Program Files\NetBeans 8.2\java\maven\bin\m2.conf -Dmaven.home=C:\Program Files\NetBeans 8.2\java\maven 
java_command: org.codehaus.plexus.classworlds.launcher.Launcher -Dmaven.ext.class.path=C:\Program Files\NetBeans 8.2\java\maven-nblib\netbeans-eventspy.jar -Dfile.encoding=UTF-8 -Djava.net.useSystemProxies=true install
java_class_path (initial): C:\Program Files\NetBeans 8.2\java\maven\boot\plexus-classworlds-2.4.jar
Launcher Type: SUN_STANDARD

Environment Variables:
JAVA_HOME=C:\Program Files\Java\jdk1.8.0_111
PATH=C:\Program Files (x86)\Common Files\Oracle\Java\javapath;C:\ProgramData\Oracle\Java\javapath;C:\Program Files (x86)\Intel\iCLS Client\;C:\Program Files\Intel\iCLS Client\;C:\Windows\system32;C:\Windows;C:\Windows\System32\Wbem;C:\Windows\System32\WindowsPowerShell\v1.0\;C:\Program Files (x86)\Intel\Intel(R) Management Engine Components\DAL;C:\Program Files\Intel\Intel(R) Management Engine Components\DAL;C:\Program Files (x86)\Intel\Intel(R) Management Engine Components\IPT;C:\Program Files\Intel\Intel(R) Management Engine Components\IPT;C:\Program Files\nodejs\;C:\Program Files (x86)\Microsoft SQL Server\90\Tools\binn\;C:\Program Files\Microsoft VS Code\bin;C:\flutter\flutter\bin;C:\Users\erwin.ADIS\.dnx\bin;C:\Program Files\Microsoft DNX\Dnvm\;C:\Program Files\Microsoft SQL Server\120\Tools\Binn\;C:\Users\erwin.ADIS\AppData\Roaming\npm
USERNAME=erwin
OS=Windows_NT
PROCESSOR_IDENTIFIER=Intel64 Family 6 Model 158 Stepping 9, GenuineIntel



---------------  S Y S T E M  ---------------

OS: Windows 10.0 , 64 bit Build 10240 (10.0.10240.17113)

CPU:total 4 (4 cores per cpu, 1 threads per core) family 6 model 158 stepping 9, cmov, cx8, fxsr, mmx, sse, sse2, sse3, ssse3, sse4.1, sse4.2, popcnt, avx, avx2, aes, clmul, erms, rtm, 3dnowpref, lzcnt, tsc, tscinvbit, bmi1, bmi2, adx

Memory: 4k page, physical 16639728k(4188576k free), swap 35767276k(5320k free)

vm_info: Java HotSpot(TM) 64-Bit Server VM (25.111-b14) for windows-amd64 JRE (1.8.0_111-b14), built on Sep 22 2016 19:24:05 by "java_re" with MS VC++ 10.0 (VS2010)

time: Wed May 13 16:00:34 2020
elapsed time: 229 seconds (0d 0h 3m 49s)

