
[error occurred during error reporting (printing stack bounds), id 0xc0000005]

Native frames: (J=compiled Java code, j=interpreted, Vv=VM code, C=native code)


Current CompileTask:
C1: 275866 3276       3       java.io.File::slashify (84 bytes)


---------------  P R O C E S S  ---------------

Java Threads: ( => current thread )
  0x000000001d6eb000 JavaThread "resolver-4" daemon [_thread_blocked, id=27540, stack(0x0000000020ab0000,0x0000000020bb0000)]
  0x000000001b55c000 JavaThread "resolver-3" daemon [_thread_blocked, id=47376, stack(0x00000000209b0000,0x0000000020ab0000)]
  0x000000001e2a2800 JavaThread "resolver-2" daemon [_thread_blocked, id=52188, stack(0x00000000208b0000,0x00000000209b0000)]
  0x000000001df1d800 JavaThread "resolver-1" daemon [_thread_blocked, id=61776, stack(0x00000000207b0000,0x00000000208b0000)]
  0x000000001cea1000 JavaThread "Service Thread" daemon [_thread_blocked, id=56276, stack(0x000000001d280000,0x000000001d380000)]
=>0x000000001b550000 JavaThread "C1 CompilerThread2" daemon [_thread_in_vm, id=69108, stack(0x000000001cd80000,0x000000001ce80000)]
  0x000000001b545000 JavaThread "C2 CompilerThread1" daemon [_thread_blocked, id=51700, stack(0x000000001cc80000,0x000000001cd80000)]
  0x000000001b53d800 JavaThread "C2 CompilerThread0" daemon [_thread_blocked, id=69112, stack(0x000000001cb80000,0x000000001cc80000)]
  0x000000001b53b800 JavaThread "Attach Listener" daemon [_thread_blocked, id=65448, stack(0x000000001ca80000,0x000000001cb80000)]
  0x000000001b53a800 JavaThread "Signal Dispatcher" daemon [_thread_blocked, id=55992, stack(0x000000001c980000,0x000000001ca80000)]
  0x000000001b52a000 JavaThread "Finalizer" daemon [_thread_blocked, id=65012, stack(0x000000001c7a0000,0x000000001c8a0000)]
  0x0000000001ec1000 JavaThread "Reference Handler" daemon [_thread_blocked, id=69100, stack(0x000000001c6a0000,0x000000001c7a0000)]
  0x0000000001f9e000 JavaThread "main" [_thread_blocked, id=52124, stack(0x0000000001c40000,0x0000000001d40000)]

Other Threads:
  0x000000001b507800 VMThread [stack: 0x000000001c5a0000,0x000000001c6a0000] [id=53844]
  0x000000001cead000 WatcherThread [stack: 0x000000001d380000,0x000000001d480000] [id=70552]

VM state:not at safepoint (normal execution)

VM Mutex/Monitor currently owned by a thread:  ([mutex/lock_event])
[0x0000000001f9c630] CodeCache_lock - owner thread: 0x000000001b550000
[0x0000000001dd1550] Compile_lock - owner thread: 0x000000001b550000
[0x0000000001dd1350] MethodCompileQueue_lock - owner thread: 0x000000001b550000

Heap:
 PSYoungGen      total 75776K, used 28551K [0x000000076b580000, 0x0000000770a00000, 0x00000007c0000000)
  eden space 65024K, 27% used [0x000000076b580000,0x000000076c6e9d00,0x000000076f500000)
  from space 10752K, 99% used [0x000000076ff80000,0x00000007709f8040,0x0000000770a00000)
  to   space 10752K, 0% used [0x000000076f500000,0x000000076f500000,0x000000076ff80000)
 ParOldGen       total 173568K, used 14559K [0x00000006c2000000, 0x00000006cc980000, 0x000000076b580000)
  object space 173568K, 8% used [0x00000006c2000000,0x00000006c2e37d78,0x00000006cc980000)
 Metaspace       used 19343K, capacity 19838K, committed 19968K, reserved 1067008K
  class space    used 2314K, capacity 2481K, committed 2560K, reserved 1048576K

Card table byte_map: [0x0000000011360000,0x0000000011b60000] byte_map_base: 0x000000000dd50000

Marking Bits: (ParMarkBitMap*) 0x0000000051a0a6c0
 Begin Bits: [0x00000000124b0000, 0x0000000016430000)
 End Bits:   [0x0000000016430000, 0x000000001a3b0000)

Polling page: 0x0000000000610000

CodeCache: size=245760Kb used=10537Kb max_used=10537Kb free=235222Kb
 bounds [0x0000000001fa0000, 0x0000000002a00000, 0x0000000010fa0000]
 total_blobs=3289 nmethods=2915 adapters=285
 compilation: enabled

Compilation events (10 events):
Event: 275.685 Thread 0x000000001b53d800 nmethod 3271 0x00000000029f26d0 code [0x00000000029f2820, 0x00000000029f29b8]
Event: 275.687 Thread 0x000000001b550000 3272       3       org.apache.maven.artifact.versioning.VersionRange::<init> (15 bytes)
Event: 275.687 Thread 0x000000001b550000 nmethod 3272 0x00000000029db650 code [0x00000000029db7a0, 0x00000000029db990]
Event: 275.687 Thread 0x000000001b550000 3273       3       org.apache.maven.artifact.DefaultArtifact::<init> (72 bytes)
Event: 275.687 Thread 0x000000001b550000 nmethod 3273 0x00000000029f5150 code [0x00000000029f52e0, 0x00000000029f5718]
Event: 275.687 Thread 0x000000001b550000 3274       3       org.apache.maven.artifact.DefaultArtifact::validateIdentity (144 bytes)
Event: 275.688 Thread 0x000000001b550000 nmethod 3274 0x00000000029f4210 code [0x00000000029f4420, 0x00000000029f4dc8]
Event: 275.688 Thread 0x000000001b550000 3275       3       org.apache.maven.artifact.versioning.ComparableVersion$IntegerItem::isNull (11 bytes)
Event: 275.688 Thread 0x000000001b550000 nmethod 3275 0x00000000029efb10 code [0x00000000029efc80, 0x00000000029efe28]
Event: 275.688 Thread 0x000000001b550000 3276       3       java.io.File::slashify (84 bytes)

GC Heap History (8 events):
Event: 237.013 GC heap before
{Heap before GC invocations=1 (full 0):
 PSYoungGen      total 75776K, used 65024K [0x000000076b580000, 0x0000000770a00000, 0x00000007c0000000)
  eden space 65024K, 100% used [0x000000076b580000,0x000000076f500000,0x000000076f500000)
  from space 10752K, 0% used [0x000000076ff80000,0x000000076ff80000,0x0000000770a00000)
  to   space 10752K, 0% used [0x000000076f500000,0x000000076f500000,0x000000076ff80000)
 ParOldGen       total 173568K, used 0K [0x00000006c2000000, 0x00000006cc980000, 0x000000076b580000)
  object space 173568K, 0% used [0x00000006c2000000,0x00000006c2000000,0x00000006cc980000)
 Metaspace       used 12247K, capacity 12468K, committed 12672K, reserved 1060864K
  class space    used 1502K, capacity 1576K, committed 1664K, reserved 1048576K
Event: 237.232 GC heap after
Heap after GC invocations=1 (full 0):
 PSYoungGen      total 75776K, used 9986K [0x000000076b580000, 0x0000000770a00000, 0x00000007c0000000)
  eden space 65024K, 0% used [0x000000076b580000,0x000000076b580000,0x000000076f500000)
  from space 10752K, 92% used [0x000000076f500000,0x000000076fec0ac0,0x000000076ff80000)
  to   space 10752K, 0% used [0x000000076ff80000,0x000000076ff80000,0x0000000770a00000)
 ParOldGen       total 173568K, used 8K [0x00000006c2000000, 0x00000006cc980000, 0x000000076b580000)
  object space 173568K, 0% used [0x00000006c2000000,0x00000006c2002000,0x00000006cc980000)
 Metaspace       used 12247K, capacity 12468K, committed 12672K, reserved 1060864K
  class space    used 1502K, capacity 1576K, committed 1664K, reserved 1048576K
}
Event: 258.708 GC heap before
{Heap before GC invocations=2 (full 0):
 PSYoungGen      total 75776K, used 75010K [0x000000076b580000, 0x0000000770a00000, 0x00000007c0000000)
  eden space 65024K, 100% used [0x000000076b580000,0x000000076f500000,0x000000076f500000)
  from space 10752K, 92% used [0x000000076f500000,0x000000076fec0ac0,0x000000076ff80000)
  to   space 10752K, 0% used [0x000000076ff80000,0x000000076ff80000,0x0000000770a00000)
 ParOldGen       total 173568K, used 8K [0x00000006c2000000, 0x00000006cc980000, 0x000000076b580000)
  object space 173568K, 0% used [0x00000006c2000000,0x00000006c2002000,0x00000006cc980000)
 Metaspace       used 12895K, capacity 13148K, committed 13440K, reserved 1060864K
  class space    used 1537K, capacity 1620K, committed 1664K, reserved 1048576K
Event: 258.815 GC heap after
Heap after GC invocations=2 (full 0):
 PSYoungGen      total 75776K, used 7354K [0x000000076b580000, 0x0000000770a00000, 0x00000007c0000000)
  eden space 65024K, 0% used [0x000000076b580000,0x000000076b580000,0x000000076f500000)
  from space 10752K, 68% used [0x000000076ff80000,0x00000007706aea60,0x0000000770a00000)
  to   space 10752K, 0% used [0x000000076f500000,0x000000076f500000,0x000000076ff80000)
 ParOldGen       total 173568K, used 16K [0x00000006c2000000, 0x00000006cc980000, 0x000000076b580000)
  object space 173568K, 0% used [0x00000006c2000000,0x00000006c2004000,0x00000006cc980000)
 Metaspace       used 12895K, capacity 13148K, committed 13440K, reserved 1060864K
  class space    used 1537K, capacity 1620K, committed 1664K, reserved 1048576K
}
Event: 262.722 GC heap before
{Heap before GC invocations=3 (full 0):
 PSYoungGen      total 75776K, used 72352K [0x000000076b580000, 0x0000000770a00000, 0x00000007c0000000)
  eden space 65024K, 99% used [0x000000076b580000,0x000000076f4f9730,0x000000076f500000)
  from space 10752K, 68% used [0x000000076ff80000,0x00000007706aea60,0x0000000770a00000)
  to   space 10752K, 0% used [0x000000076f500000,0x000000076f500000,0x000000076ff80000)
 ParOldGen       total 173568K, used 16K [0x00000006c2000000, 0x00000006cc980000, 0x000000076b580000)
  object space 173568K, 0% used [0x00000006c2000000,0x00000006c2004000,0x00000006cc980000)
 Metaspace       used 17254K, capacity 17592K, committed 17920K, reserved 1064960K
  class space    used 2103K, capacity 2188K, committed 2304K, reserved 1048576K
Event: 262.730 GC heap after
Heap after GC invocations=3 (full 0):
 PSYoungGen      total 75776K, used 10621K [0x000000076b580000, 0x0000000770a00000, 0x00000007c0000000)
  eden space 65024K, 0% used [0x000000076b580000,0x000000076b580000,0x000000076f500000)
  from space 10752K, 98% used [0x000000076f500000,0x000000076ff5f510,0x000000076ff80000)
  to   space 10752K, 0% used [0x000000076ff80000,0x000000076ff80000,0x0000000770a00000)
 ParOldGen       total 173568K, used 24K [0x00000006c2000000, 0x00000006cc980000, 0x000000076b580000)
  object space 173568K, 0% used [0x00000006c2000000,0x00000006c2006000,0x00000006cc980000)
 Metaspace       used 17254K, capacity 17592K, committed 17920K, reserved 1064960K
  class space    used 2103K, capacity 2188K, committed 2304K, reserved 1048576K
}
Event: 266.216 GC heap before
{Heap before GC invocations=4 (full 0):
 PSYoungGen      total 75776K, used 75645K [0x000000076b580000, 0x0000000770a00000, 0x00000007c0000000)
  eden space 65024K, 100% used [0x000000076b580000,0x000000076f500000,0x000000076f500000)
  from space 10752K, 98% used [0x000000076f500000,0x000000076ff5f510,0x000000076ff80000)
  to   space 10752K, 0% used [0x000000076ff80000,0x000000076ff80000,0x0000000770a00000)
 ParOldGen       total 173568K, used 24K [0x00000006c2000000, 0x00000006cc980000, 0x000000076b580000)
  object space 173568K, 0% used [0x00000006c2000000,0x00000006c2006000,0x00000006cc980000)
 Metaspace       used 18494K, capacity 18928K, committed 19072K, reserved 1067008K
  class space    used 2220K, capacity 2351K, committed 2432K, reserved 1048576K
Event: 266.255 GC heap after
Heap after GC invocations=4 (full 0):
 PSYoungGen      total 75776K, used 10720K [0x000000076b580000, 0x0000000770a00000, 0x00000007c0000000)
  eden space 65024K, 0% used [0x000000076b580000,0x000000076b580000,0x000000076f500000)
  from space 10752K, 99% used [0x000000076ff80000,0x00000007709f8040,0x0000000770a00000)
  to   space 10752K, 0% used [0x000000076f500000,0x000000076f500000,0x000000076ff80000)
 ParOldGen       total 173568K, used 14559K [0x00000006c2000000, 0x00000006cc980000, 0x000000076b580000)
  object space 173568K, 8% used [0x00000006c2000000,0x00000006c2e37d78,0x00000006cc980000)
 Metaspace       used 18494K, capacity 18928K, committed 19072K, reserved 1067008K
  class space    used 2220K, capacity 2351K, committed 2432K, reserved 1048576K
}

Deoptimization events (10 events):
Event: 266.598 Thread 0x0000000001f9e000 Uncommon trap: reason=bimorphic action=maybe_recompile pc=0x000000000241c910 method=java.util.concurrent.ConcurrentHashMap.get(Ljava/lang/Object;)Ljava/lang/Object; @ 149
Event: 266.995 Thread 0x0000000001f9e000 Uncommon trap: reason=unstable_if action=reinterpret pc=0x00000000029b8c78 method=java.util.zip.DeflaterOutputStream.deflate()V @ 19
Event: 268.533 Thread 0x000000001ea6a800 Uncommon trap: reason=unstable_if action=reinterpret pc=0x00000000023a15a8 method=java.io.BufferedReader.readLine(Z)Ljava/lang/String; @ 192
Event: 268.537 Thread 0x000000001e2c7000 Uncommon trap: reason=class_check action=maybe_recompile pc=0x00000000025985f4 method=java.util.Hashtable.put(Ljava/lang/Object;Ljava/lang/Object;)Ljava/lang/Object; @ 18
Event: 268.537 Thread 0x000000001e2c7000 Uncommon trap: reason=class_check action=maybe_recompile pc=0x00000000025985f4 method=java.util.Hashtable.put(Ljava/lang/Object;Ljava/lang/Object;)Ljava/lang/Object; @ 18
Event: 268.537 Thread 0x000000001e2c7000 Uncommon trap: reason=class_check action=maybe_recompile pc=0x00000000025985f4 method=java.util.Hashtable.put(Ljava/lang/Object;Ljava/lang/Object;)Ljava/lang/Object; @ 18
Event: 268.537 Thread 0x000000001e2c7000 Uncommon trap: reason=class_check action=maybe_recompile pc=0x00000000025985f4 method=java.util.Hashtable.put(Ljava/lang/Object;Ljava/lang/Object;)Ljava/lang/Object; @ 18
Event: 268.537 Thread 0x000000001e2c7000 Uncommon trap: reason=class_check action=maybe_recompile pc=0x0000000002595380 method=java.util.Hashtable.addEntry(ILjava/lang/Object;Ljava/lang/Object;I)V @ 38
Event: 268.537 Thread 0x000000001e2c7000 Uncommon trap: reason=class_check action=maybe_recompile pc=0x0000000002595380 method=java.util.Hashtable.addEntry(ILjava/lang/Object;Ljava/lang/Object;I)V @ 38
Event: 268.538 Thread 0x000000001e2c7000 Uncommon trap: reason=class_check action=maybe_recompile pc=0x0000000002595380 method=java.util.Hashtable.addEntry(ILjava/lang/Object;Ljava/lang/Object;I)V @ 38

Internal exceptions (10 events):
Event: 237.543 Thread 0x0000000001f9e000 Implicit null exception at 0x0000000002348d15 to 0x0000000002348f19
Event: 237.543 Thread 0x0000000001f9e000 Implicit null exception at 0x00000000022b9bef to 0x00000000022b9c59
Event: 237.591 Thread 0x0000000001f9e000 Implicit null exception at 0x000000000250e141 to 0x000000000250f319
Event: 259.008 Thread 0x0000000001f9e000 Implicit null exception at 0x000000000232193b to 0x0000000002321f2d
Event: 260.073 Thread 0x0000000001f9e000 Exception <a 'java/lang/NoClassDefFoundError': org/slf4j/Logger> (0x000000076cc5f938) thrown at [C:\re\workspace\8-2-build-windows-amd64-cygwin\jdk8u111\7883\hotspot\src\share\vm\oops\constantPool.cpp, line 235]
Event: 260.686 Thread 0x0000000001f9e000 Exception <a 'java/lang/NoClassDefFoundError': org/slf4j/Logger> (0x000000076d5d2900) thrown at [C:\re\workspace\8-2-build-windows-amd64-cygwin\jdk8u111\7883\hotspot\src\share\vm\oops\constantPool.cpp, line 235]
Event: 264.088 Thread 0x0000000001f9e000 Exception <a 'java/io/FileNotFoundException'> (0x000000076c95e5e8) thrown at [C:\re\workspace\8-2-build-windows-amd64-cygwin\jdk8u111\7883\hotspot\src\share\vm\prims\jni.cpp, line 709]
Event: 264.089 Thread 0x0000000001f9e000 Exception <a 'java/io/FileNotFoundException'> (0x000000076c9921d0) thrown at [C:\re\workspace\8-2-build-windows-amd64-cygwin\jdk8u111\7883\hotspot\src\share\vm\prims\jni.cpp, line 709]
Event: 265.774 Thread 0x0000000001f9e000 Exception <a 'java/lang/NoClassDefFoundError': org/slf4j/Logger> (0x000000076ed0b508) thrown at [C:\re\workspace\8-2-build-windows-amd64-cygwin\jdk8u111\7883\hotspot\src\share\vm\oops\constantPool.cpp, line 235]
Event: 265.860 Thread 0x0000000001f9e000 Implicit null exception at 0x00000000023b2443 to 0x00000000023b268d

Events (10 events):
Event: 275.688 loading class org/apache/maven/plugin/Mojo
Event: 275.688 loading class org/apache/maven/plugin/Mojo done
Event: 275.688 loading class org/apache/maven/plugin/war/HelpMojo
Event: 275.688 loading class org/apache/maven/plugin/war/HelpMojo done
Event: 275.688 loading class org/apache/maven/plugin/war/HelpMojo
Event: 275.688 loading class org/apache/maven/plugin/war/HelpMojo done
Event: 275.688 loading class org/apache/maven/plugin/war/HelpMojo
Event: 275.688 loading class org/apache/maven/plugin/war/HelpMojo done
Event: 275.688 loading class org/apache/maven/plugin/war/HelpMojo
Event: 275.688 loading class org/apache/maven/plugin/war/HelpMojo done


Dynamic libraries:
0x00007ff7fe600000 - 0x00007ff7fe637000 	C:\Program Files\Java\jdk1.8.0_111\bin\java.exe
0x00007ffb4c130000 - 0x00007ffb4c2f2000 	C:\Windows\SYSTEM32\ntdll.dll
0x00007ffb4c040000 - 0x00007ffb4c0ed000 	C:\Windows\system32\KERNEL32.DLL
0x00007ffb48f20000 - 0x00007ffb490fd000 	C:\Windows\system32\KERNELBASE.dll
0x0000000052d80000 - 0x0000000052e13000 	C:\Windows\System32\SYSFER.DLL
0x00007ffb4aa00000 - 0x00007ffb4aaa6000 	C:\Windows\system32\ADVAPI32.dll
0x00007ffb49c50000 - 0x00007ffb49ced000 	C:\Windows\system32\msvcrt.dll
0x00007ffb4a170000 - 0x00007ffb4a1cb000 	C:\Windows\system32\sechost.dll
0x00007ffb4a5a0000 - 0x00007ffb4a6c6000 	C:\Windows\system32\RPCRT4.dll
0x00007ffb4a3a0000 - 0x00007ffb4a4ee000 	C:\Windows\system32\USER32.dll
0x00007ffb49fe0000 - 0x00007ffb4a163000 	C:\Windows\system32\GDI32.dll
0x00007ffb3d050000 - 0x00007ffb3d2c4000 	C:\Windows\WinSxS\amd64_microsoft.windows.common-controls_6595b64144ccf1df_6.0.10240.17184_none_f41d7a705752bce6\COMCTL32.dll
0x00007ffb4c0f0000 - 0x00007ffb4c126000 	C:\Windows\system32\IMM32.DLL
0x00007ffb4a1e0000 - 0x00007ffb4a33c000 	C:\Windows\system32\MSCTF.dll
0x0000000051110000 - 0x00000000511e2000 	C:\Program Files\Java\jdk1.8.0_111\jre\bin\msvcr100.dll
0x00000000511f0000 - 0x0000000051a8a000 	C:\Program Files\Java\jdk1.8.0_111\jre\bin\server\jvm.dll
0x00007ffb4a9f0000 - 0x00007ffb4a9f8000 	C:\Windows\system32\PSAPI.DLL
0x00007ffb47320000 - 0x00007ffb47329000 	C:\Windows\SYSTEM32\WSOCK32.dll
0x00007ffb49be0000 - 0x00007ffb49c49000 	C:\Windows\system32\WS2_32.dll
0x00007ffb4a1d0000 - 0x00007ffb4a1d8000 	C:\Windows\system32\NSI.dll
0x00007ffb47260000 - 0x00007ffb47283000 	C:\Windows\SYSTEM32\WINMM.dll
0x00007ffb3df20000 - 0x00007ffb3df2a000 	C:\Windows\SYSTEM32\VERSION.dll
0x00007ffb47200000 - 0x00007ffb4722c000 	C:\Windows\SYSTEM32\WINMMBASE.dll
0x00007ffb48ed0000 - 0x00007ffb48f14000 	C:\Windows\system32\cfgmgr32.dll
0x00007ffb474d0000 - 0x00007ffb474f7000 	C:\Windows\SYSTEM32\DEVOBJ.dll
0x00000000510c0000 - 0x00000000510cf000 	C:\Program Files\Java\jdk1.8.0_111\jre\bin\verify.dll
0x0000000051090000 - 0x00000000510b9000 	C:\Program Files\Java\jdk1.8.0_111\jre\bin\java.dll
0x0000000051070000 - 0x0000000051086000 	C:\Program Files\Java\jdk1.8.0_111\jre\bin\zip.dll
0x00007ffb4aab0000 - 0x00007ffb4bfd3000 	C:\Windows\system32\SHELL32.dll
0x00007ffb49100000 - 0x00007ffb49729000 	C:\Windows\system32\windows.storage.dll
0x00007ffb49d60000 - 0x00007ffb49fdc000 	C:\Windows\system32\combase.dll
0x00007ffb4bfe0000 - 0x00007ffb4c031000 	C:\Windows\system32\shlwapi.dll
0x00007ffb48b70000 - 0x00007ffb48b7f000 	C:\Windows\system32\kernel.appcore.dll
0x00007ffb49730000 - 0x00007ffb497e3000 	C:\Windows\system32\shcore.dll
0x00007ffb48ba0000 - 0x00007ffb48bea000 	C:\Windows\system32\powrprof.dll
0x00007ffb48b80000 - 0x00007ffb48b93000 	C:\Windows\system32\profapi.dll
0x0000000051050000 - 0x000000005106a000 	C:\Program Files\Java\jdk1.8.0_111\jre\bin\net.dll
0x00007ffb48360000 - 0x00007ffb483bd000 	C:\Windows\system32\mswsock.dll
0x0000000051030000 - 0x0000000051041000 	C:\Program Files\Java\jdk1.8.0_111\jre\bin\nio.dll
0x00007ffb483c0000 - 0x00007ffb483d7000 	C:\Windows\SYSTEM32\CRYPTSP.dll
0x00007ffb48a80000 - 0x00007ffb48aa8000 	C:\Windows\SYSTEM32\bcrypt.dll
0x00007ffb48010000 - 0x00007ffb48043000 	C:\Windows\system32\rsaenh.dll
0x00007ffb48100000 - 0x00007ffb4811f000 	C:\Windows\SYSTEM32\USERENV.dll
0x00007ffb48910000 - 0x00007ffb4897b000 	C:\Windows\system32\bcryptprimitives.dll
0x00007ffb48530000 - 0x00007ffb4853b000 	C:\Windows\SYSTEM32\CRYPTBASE.dll
0x00007ffb468f0000 - 0x00007ffb46928000 	C:\Windows\SYSTEM32\IPHLPAPI.DLL
0x00007ffb46760000 - 0x00007ffb4676b000 	C:\Windows\SYSTEM32\WINNSI.DLL
0x00007ffb42d80000 - 0x00007ffb42d96000 	C:\Windows\SYSTEM32\dhcpcsvc6.DLL
0x00007ffb42d60000 - 0x00007ffb42d7a000 	C:\Windows\SYSTEM32\dhcpcsvc.DLL

VM Arguments:
jvm_args: -Dclassworlds.conf=C:\Program Files\NetBeans 8.2\java\maven\bin\m2.conf -Dmaven.home=C:\Program Files\NetBeans 8.2\java\maven 
java_command: org.codehaus.plexus.classworlds.launcher.Launcher -Dmaven.ext.class.path=C:\Program Files\NetBeans 8.2\java\maven-nblib\netbeans-eventspy.jar -Dfile.encoding=UTF-8 -Djava.net.useSystemProxies=true install
java_class_path (initial): C:\Program Files\NetBeans 8.2\java\maven\boot\plexus-classworlds-2.4.jar
Launcher Type: SUN_STANDARD

Environment Variables:
JAVA_HOME=C:\Program Files\Java\jdk1.8.0_111
PATH=C:\Program Files (x86)\Common Files\Oracle\Java\javapath;C:\ProgramData\Oracle\Java\javapath;C:\Program Files (x86)\Intel\iCLS Client\;C:\Program Files\Intel\iCLS Client\;C:\Windows\system32;C:\Windows;C:\Windows\System32\Wbem;C:\Windows\System32\WindowsPowerShell\v1.0\;C:\Program Files (x86)\Intel\Intel(R) Management Engine Components\DAL;C:\Program Files\Intel\Intel(R) Management Engine Components\DAL;C:\Program Files (x86)\Intel\Intel(R) Management Engine Components\IPT;C:\Program Files\Intel\Intel(R) Management Engine Components\IPT;C:\Program Files\nodejs\;C:\Program Files (x86)\Microsoft SQL Server\90\Tools\binn\;C:\Program Files\Microsoft VS Code\bin;C:\flutter\flutter\bin;C:\Users\erwin.ADIS\.dnx\bin;C:\Program Files\Microsoft DNX\Dnvm\;C:\Program Files\Microsoft SQL Server\120\Tools\Binn\;C:\Users\erwin.ADIS\AppData\Roaming\npm
USERNAME=erwin
OS=Windows_NT
PROCESSOR_IDENTIFIER=Intel64 Family 6 Model 158 Stepping 9, GenuineIntel



---------------  S Y S T E M  ---------------

OS: Windows 10.0 , 64 bit Build 10240 (10.0.10240.17113)

CPU:total 4 (4 cores per cpu, 1 threads per core) family 6 model 158 stepping 9, cmov, cx8, fxsr, mmx, sse, sse2, sse3, ssse3, sse4.1, sse4.2, popcnt, avx, avx2, aes, clmul, erms, rtm, 3dnowpref, lzcnt, tsc, tscinvbit, bmi1, bmi2, adx

Memory: 4k page, physical 16639728k(4167580k free), swap 35767276k(4112k free)

vm_info: Java HotSpot(TM) 64-Bit Server VM (25.111-b14) for windows-amd64 JRE (1.8.0_111-b14), built on Sep 22 2016 19:24:05 by "java_re" with MS VC++ 10.0 (VS2010)

time: Wed May 13 16:00:35 2020
elapsed time: 275 seconds (0d 0h 4m 35s)

