#
# There is insufficient memory for the Java Runtime Environment to continue.
# Native memory allocation (malloc) failed to allocate 32784 bytes for Chunk::new
# Possible reasons:
#   The system is out of physical RAM or swap space
#   In 32 bit mode, the process size limit was hit
# Possible solutions:
#   Reduce memory load on the system
#   Increase physical memory or swap space
#   Check if swap backing store is full
#   Use 64 bit Java on a 64 bit OS
#   Decrease Java heap size (-Xmx/-Xms)
#   Decrease number of Java threads
#   Decrease Java thread stack sizes (-Xss)
#   Set larger code cache with -XX:ReservedCodeCacheSize=
# This output file may be truncated or incomplete.
#
#  Out of Memory Error (allocation.cpp:390), pid=68512, tid=0x0000000000010778
#
# JRE version: Java(TM) SE Runtime Environment (8.0_111-b14) (build 1.8.0_111-b14)
# Java VM: Java HotSpot(TM) 64-Bit Server VM (25.111-b14 mixed mode windows-amd64 compressed oops)
# Failed to write core dump. Minidumps are not enabled by default on client versions of Windows
#

---------------  T H R E A D  ---------------

Current thread (0x000000001c040800):  JavaThread "C2 CompilerThread1" daemon [_thread_in_native, id=67448, stack(0x000000001d770000,0x000000001d870000)]

Stack: [0x000000001d770000,0x000000001d870000]
[error occurred during error reporting (printing stack bounds), id 0xc0000005]

Native frames: (J=compiled Java code, j=interpreted, Vv=VM code, C=native code)


Current CompileTask:
C2: 230868 2624   !   4       java.net.URLClassLoader$1::run (63 bytes)


---------------  P R O C E S S  ---------------

Java Threads: ( => current thread )
  0x000000001d991000 JavaThread "Service Thread" daemon [_thread_blocked, id=37892, stack(0x000000001dd70000,0x000000001de70000)]
  0x000000001c094800 JavaThread "C1 CompilerThread2" daemon [_thread_blocked, id=53612, stack(0x000000001d870000,0x000000001d970000)]
=>0x000000001c040800 JavaThread "C2 CompilerThread1" daemon [_thread_in_native, id=67448, stack(0x000000001d770000,0x000000001d870000)]
  0x000000001c03c800 JavaThread "C2 CompilerThread0" daemon [_thread_in_native, id=18444, stack(0x000000001d670000,0x000000001d770000)]
  0x000000001c03b800 JavaThread "Attach Listener" daemon [_thread_blocked, id=31600, stack(0x000000001d570000,0x000000001d670000)]
  0x000000001c03a000 JavaThread "Signal Dispatcher" daemon [_thread_blocked, id=67316, stack(0x000000001d470000,0x000000001d570000)]
  0x0000000002a94800 JavaThread "Finalizer" daemon [_thread_blocked, id=67952, stack(0x000000001d290000,0x000000001d390000)]
  0x0000000002a91000 JavaThread "Reference Handler" daemon [_thread_blocked, id=67796, stack(0x000000001d190000,0x000000001d290000)]
  0x000000000299e000 JavaThread "main" [_thread_in_vm, id=67604, stack(0x0000000002820000,0x0000000002920000)]

Other Threads:
  0x000000001c007800 VMThread [stack: 0x000000001d090000,0x000000001d190000] [id=67876]
  0x000000001d993800 WatcherThread [stack: 0x000000001de70000,0x000000001df70000] [id=35388]

VM state:not at safepoint (normal execution)

VM Mutex/Monitor currently owned by a thread: None

Heap:
 PSYoungGen      total 75776K, used 53011K [0x000000076b580000, 0x0000000770a00000, 0x00000007c0000000)
  eden space 65024K, 70% used [0x000000076b580000,0x000000076e212210,0x000000076f500000)
  from space 10752K, 68% used [0x000000076ff80000,0x00000007706b2a50,0x0000000770a00000)
  to   space 10752K, 0% used [0x000000076f500000,0x000000076f500000,0x000000076ff80000)
 ParOldGen       total 173568K, used 24K [0x00000006c2000000, 0x00000006cc980000, 0x000000076b580000)
  object space 173568K, 0% used [0x00000006c2000000,0x00000006c2006000,0x00000006cc980000)
 Metaspace       used 15162K, capacity 15544K, committed 15872K, reserved 1062912K
  class space    used 1820K, capacity 1932K, committed 2048K, reserved 1048576K

Card table byte_map: [0x0000000011e60000,0x0000000012660000] byte_map_base: 0x000000000e850000

Marking Bits: (ParMarkBitMap*) 0x0000000051a0a6c0
 Begin Bits: [0x0000000012fb0000, 0x0000000016f30000)
 End Bits:   [0x0000000016f30000, 0x000000001aeb0000)

Polling page: 0x0000000000ec0000

CodeCache: size=245760Kb used=9664Kb max_used=9679Kb free=236095Kb
 bounds [0x0000000002aa0000, 0x0000000003420000, 0x0000000011aa0000]
 total_blobs=2927 nmethods=2593 adapters=246
 compilation: enabled

Compilation events (10 events):
Event: 230.655 Thread 0x000000001c03c800 2619       4       java.util.HashMap::put (13 bytes)
Event: 230.660 Thread 0x000000001c03c800 nmethod 2619 0x000000000340db50 code [0x000000000340dd00, 0x000000000340e598]
Event: 230.669 Thread 0x000000001c094800 2620       3       java.util.concurrent.ConcurrentHashMap$BaseIterator::hasNext (13 bytes)
Event: 230.669 Thread 0x000000001c094800 nmethod 2620 0x000000000340a690 code [0x000000000340a7e0, 0x000000000340a990]
Event: 230.673 Thread 0x000000001c094800 2621  s!   3       org.codehaus.plexus.compiler.javac.IsolatedClassLoader::loadClass (50 bytes)
Event: 230.673 Thread 0x000000001c094800 nmethod 2621 0x000000000340f690 code [0x000000000340f840, 0x000000000340ff58]
Event: 230.677 Thread 0x000000001c040800 2622   !   4       java.util.zip.ZipFile$ZipFileInputStream::close (110 bytes)
Event: 230.687 Thread 0x000000001c040800 nmethod 2622 0x00000000034132d0 code [0x0000000003413480, 0x00000000034148d8]
Event: 230.695 Thread 0x000000001c03c800 2623       4       java.net.URLClassLoader$1::run (5 bytes)
Event: 230.730 Thread 0x000000001c040800 2624   !   4       java.net.URLClassLoader$1::run (63 bytes)

GC Heap History (4 events):
Event: 206.135 GC heap before
{Heap before GC invocations=1 (full 0):
 PSYoungGen      total 75776K, used 65024K [0x000000076b580000, 0x0000000770a00000, 0x00000007c0000000)
  eden space 65024K, 100% used [0x000000076b580000,0x000000076f500000,0x000000076f500000)
  from space 10752K, 0% used [0x000000076ff80000,0x000000076ff80000,0x0000000770a00000)
  to   space 10752K, 0% used [0x000000076f500000,0x000000076f500000,0x000000076ff80000)
 ParOldGen       total 173568K, used 0K [0x00000006c2000000, 0x00000006cc980000, 0x000000076b580000)
  object space 173568K, 0% used [0x00000006c2000000,0x00000006c2000000,0x00000006cc980000)
 Metaspace       used 12223K, capacity 12468K, committed 12672K, reserved 1060864K
  class space    used 1502K, capacity 1576K, committed 1664K, reserved 1048576K
Event: 206.144 GC heap after
Heap after GC invocations=1 (full 0):
 PSYoungGen      total 75776K, used 9976K [0x000000076b580000, 0x0000000770a00000, 0x00000007c0000000)
  eden space 65024K, 0% used [0x000000076b580000,0x000000076b580000,0x000000076f500000)
  from space 10752K, 92% used [0x000000076f500000,0x000000076febe270,0x000000076ff80000)
  to   space 10752K, 0% used [0x000000076ff80000,0x000000076ff80000,0x0000000770a00000)
 ParOldGen       total 173568K, used 16K [0x00000006c2000000, 0x00000006cc980000, 0x000000076b580000)
  object space 173568K, 0% used [0x00000006c2000000,0x00000006c2004000,0x00000006cc980000)
 Metaspace       used 12223K, capacity 12468K, committed 12672K, reserved 1060864K
  class space    used 1502K, capacity 1576K, committed 1664K, reserved 1048576K
}
Event: 213.966 GC heap before
{Heap before GC invocations=2 (full 0):
 PSYoungGen      total 75776K, used 75000K [0x000000076b580000, 0x0000000770a00000, 0x00000007c0000000)
  eden space 65024K, 100% used [0x000000076b580000,0x000000076f500000,0x000000076f500000)
  from space 10752K, 92% used [0x000000076f500000,0x000000076febe270,0x000000076ff80000)
  to   space 10752K, 0% used [0x000000076ff80000,0x000000076ff80000,0x0000000770a00000)
 ParOldGen       total 173568K, used 16K [0x00000006c2000000, 0x00000006cc980000, 0x000000076b580000)
  object space 173568K, 0% used [0x00000006c2000000,0x00000006c2004000,0x00000006cc980000)
 Metaspace       used 12913K, capacity 13148K, committed 13440K, reserved 1060864K
  class space    used 1537K, capacity 1620K, committed 1664K, reserved 1048576K
Event: 213.972 GC heap after
Heap after GC invocations=2 (full 0):
 PSYoungGen      total 75776K, used 7370K [0x000000076b580000, 0x0000000770a00000, 0x00000007c0000000)
  eden space 65024K, 0% used [0x000000076b580000,0x000000076b580000,0x000000076f500000)
  from space 10752K, 68% used [0x000000076ff80000,0x00000007706b2a50,0x0000000770a00000)
  to   space 10752K, 0% used [0x000000076f500000,0x000000076f500000,0x000000076ff80000)
 ParOldGen       total 173568K, used 24K [0x00000006c2000000, 0x00000006cc980000, 0x000000076b580000)
  object space 173568K, 0% used [0x00000006c2000000,0x00000006c2006000,0x00000006cc980000)
 Metaspace       used 12913K, capacity 13148K, committed 13440K, reserved 1060864K
  class space    used 1537K, capacity 1620K, committed 1664K, reserved 1048576K
}

Deoptimization events (10 events):
Event: 221.281 Thread 0x000000000299e000 Uncommon trap: reason=class_check action=maybe_recompile pc=0x00000000032cf4d0 method=java.util.AbstractCollection.containsAll(Ljava/util/Collection;)Z @ 1
Event: 221.296 Thread 0x000000000299e000 Uncommon trap: reason=class_check action=maybe_recompile pc=0x00000000032cb0e0 method=java.util.AbstractCollection.containsAll(Ljava/util/Collection;)Z @ 1
Event: 223.113 Thread 0x000000000299e000 Uncommon trap: reason=unstable_if action=reinterpret pc=0x00000000030b4a5c method=org.sonatype.guice.bean.locators.RankedBindings$Itr.hasNext()Z @ 60
Event: 223.276 Thread 0x000000000299e000 Uncommon trap: reason=unstable_if action=reinterpret pc=0x0000000003166f1c method=java.util.ArrayList.remove(Ljava/lang/Object;)Z @ 46
Event: 224.741 Thread 0x000000000299e000 Uncommon trap: reason=unstable_if action=reinterpret pc=0x00000000030091c4 method=java.lang.StringBuffer.toString()Ljava/lang/String; @ 4
Event: 224.741 Thread 0x000000000299e000 Uncommon trap: reason=unstable_if action=reinterpret pc=0x000000000311aa38 method=java.util.regex.Pattern.compile()V @ 320
Event: 224.741 Thread 0x000000000299e000 Uncommon trap: reason=unstable_if action=reinterpret pc=0x0000000002ffc44c method=java.util.regex.Pattern$CharProperty.match(Ljava/util/regex/Matcher;ILjava/lang/CharSequence;)Z @ 40
Event: 226.271 Thread 0x000000000299e000 Uncommon trap: reason=unstable_if action=reinterpret pc=0x00000000033a2a1c method=org.apache.maven.shared.filtering.MultiDelimiterInterpolatorFilterReaderLineEnding.reselectDelimiterSpec(I)Z @ 36
Event: 226.271 Thread 0x000000000299e000 Uncommon trap: reason=unstable_if action=reinterpret pc=0x00000000033a13e4 method=org.apache.maven.shared.filtering.MultiDelimiterInterpolatorFilterReaderLineEnding.reselectDelimiterSpec(I)Z @ 36
Event: 226.355 Thread 0x000000000299e000 Uncommon trap: reason=unstable_if action=reinterpret pc=0x0000000003262e90 method=org.apache.maven.model.ConfigurationContainer.clone()Lorg/apache/maven/model/ConfigurationContainer; @ 37

Internal exceptions (10 events):
Event: 1.196 Thread 0x000000000299e000 Exception <a 'java/lang/ArrayIndexOutOfBoundsException'> (0x000000076d12afc0) thrown at [C:\re\workspace\8-2-build-windows-amd64-cygwin\jdk8u111\7883\hotspot\src\share\vm\runtime\sharedRuntime.cpp, line 605]
Event: 1.353 Thread 0x000000000299e000 Exception <a 'java/lang/NoClassDefFoundError': org/slf4j/Logger> (0x000000076d6cdcc8) thrown at [C:\re\workspace\8-2-build-windows-amd64-cygwin\jdk8u111\7883\hotspot\src\share\vm\classfile\systemDictionary.cpp, line 199]
Event: 1.427 Thread 0x000000000299e000 Exception <a 'java/lang/NoClassDefFoundError': org/slf4j/LoggerFactory> (0x000000076d9818d0) thrown at [C:\re\workspace\8-2-build-windows-amd64-cygwin\jdk8u111\7883\hotspot\src\share\vm\classfile\systemDictionary.cpp, line 199]
Event: 1.427 Thread 0x000000000299e000 Exception <a 'java/lang/NoClassDefFoundError'> (0x000000076d9818d0) thrown at [C:\re\workspace\8-2-build-windows-amd64-cygwin\jdk8u111\7883\hotspot\src\share\vm\oops\instanceKlass.cpp, line 964]
Event: 206.199 Thread 0x000000000299e000 Implicit null exception at 0x0000000002e45dd5 to 0x0000000002e45fd9
Event: 206.199 Thread 0x000000000299e000 Implicit null exception at 0x0000000002d89f6f to 0x0000000002d89fd9
Event: 206.274 Thread 0x000000000299e000 Implicit null exception at 0x000000000300b381 to 0x000000000300c551
Event: 216.145 Thread 0x000000000299e000 Implicit null exception at 0x0000000002e2513b to 0x0000000002e2572d
Event: 223.109 Thread 0x000000000299e000 Exception <a 'java/lang/NoClassDefFoundError': org/slf4j/Logger> (0x000000076cb56688) thrown at [C:\re\workspace\8-2-build-windows-amd64-cygwin\jdk8u111\7883\hotspot\src\share\vm\oops\constantPool.cpp, line 235]
Event: 227.873 Thread 0x000000000299e000 Exception <a 'java/lang/NoClassDefFoundError': org/slf4j/Logger> (0x000000076d4d1f40) thrown at [C:\re\workspace\8-2-build-windows-amd64-cygwin\jdk8u111\7883\hotspot\src\share\vm\oops\constantPool.cpp, line 235]

Events (10 events):
Event: 230.669 loading class java/util/concurrent/ConcurrentHashMap$MapEntry
Event: 230.669 loading class java/util/concurrent/ConcurrentHashMap$MapEntry done
Event: 230.674 loading class javax/lang/model/element/Name
Event: 230.674 loading class javax/lang/model/element/Name done
Event: 230.676 loading class javax/lang/model/type/NoType
Event: 230.676 loading class javax/lang/model/type/NoType done
Event: 230.676 loading class javax/lang/model/type/ExecutableType
Event: 230.676 loading class javax/lang/model/type/ExecutableType done
Event: 230.677 loading class javax/lang/model/element/AnnotationValue
Event: 230.677 loading class javax/lang/model/element/AnnotationValue done


Dynamic libraries:
0x00007ff7fe600000 - 0x00007ff7fe637000 	C:\Program Files\Java\jdk1.8.0_111\bin\java.exe
0x00007ffb4c130000 - 0x00007ffb4c2f2000 	C:\Windows\SYSTEM32\ntdll.dll
0x00007ffb4c040000 - 0x00007ffb4c0ed000 	C:\Windows\system32\KERNEL32.DLL
0x00007ffb48f20000 - 0x00007ffb490fd000 	C:\Windows\system32\KERNELBASE.dll
0x0000000052d80000 - 0x0000000052e13000 	C:\Windows\System32\SYSFER.DLL
0x00007ffb4aa00000 - 0x00007ffb4aaa6000 	C:\Windows\system32\ADVAPI32.dll
0x00007ffb49c50000 - 0x00007ffb49ced000 	C:\Windows\system32\msvcrt.dll
0x00007ffb4a170000 - 0x00007ffb4a1cb000 	C:\Windows\system32\sechost.dll
0x00007ffb4a5a0000 - 0x00007ffb4a6c6000 	C:\Windows\system32\RPCRT4.dll
0x00007ffb4a3a0000 - 0x00007ffb4a4ee000 	C:\Windows\system32\USER32.dll
0x00007ffb49fe0000 - 0x00007ffb4a163000 	C:\Windows\system32\GDI32.dll
0x00007ffb3d050000 - 0x00007ffb3d2c4000 	C:\Windows\WinSxS\amd64_microsoft.windows.common-controls_6595b64144ccf1df_6.0.10240.17184_none_f41d7a705752bce6\COMCTL32.dll
0x00007ffb4c0f0000 - 0x00007ffb4c126000 	C:\Windows\system32\IMM32.DLL
0x00007ffb4a1e0000 - 0x00007ffb4a33c000 	C:\Windows\system32\MSCTF.dll
0x0000000051110000 - 0x00000000511e2000 	C:\Program Files\Java\jdk1.8.0_111\jre\bin\msvcr100.dll
0x00000000511f0000 - 0x0000000051a8a000 	C:\Program Files\Java\jdk1.8.0_111\jre\bin\server\jvm.dll
0x00007ffb4a9f0000 - 0x00007ffb4a9f8000 	C:\Windows\system32\PSAPI.DLL
0x00007ffb47320000 - 0x00007ffb47329000 	C:\Windows\SYSTEM32\WSOCK32.dll
0x00007ffb49be0000 - 0x00007ffb49c49000 	C:\Windows\system32\WS2_32.dll
0x00007ffb4a1d0000 - 0x00007ffb4a1d8000 	C:\Windows\system32\NSI.dll
0x00007ffb47260000 - 0x00007ffb47283000 	C:\Windows\SYSTEM32\WINMM.dll
0x00007ffb3df20000 - 0x00007ffb3df2a000 	C:\Windows\SYSTEM32\VERSION.dll
0x00007ffb47200000 - 0x00007ffb4722c000 	C:\Windows\SYSTEM32\WINMMBASE.dll
0x00007ffb48ed0000 - 0x00007ffb48f14000 	C:\Windows\system32\cfgmgr32.dll
0x00007ffb474d0000 - 0x00007ffb474f7000 	C:\Windows\SYSTEM32\DEVOBJ.dll
0x00000000510c0000 - 0x00000000510cf000 	C:\Program Files\Java\jdk1.8.0_111\jre\bin\verify.dll
0x0000000051090000 - 0x00000000510b9000 	C:\Program Files\Java\jdk1.8.0_111\jre\bin\java.dll
0x0000000051070000 - 0x0000000051086000 	C:\Program Files\Java\jdk1.8.0_111\jre\bin\zip.dll
0x00007ffb4aab0000 - 0x00007ffb4bfd3000 	C:\Windows\system32\SHELL32.dll
0x00007ffb49100000 - 0x00007ffb49729000 	C:\Windows\system32\windows.storage.dll
0x00007ffb49d60000 - 0x00007ffb49fdc000 	C:\Windows\system32\combase.dll
0x00007ffb4bfe0000 - 0x00007ffb4c031000 	C:\Windows\system32\shlwapi.dll
0x00007ffb48b70000 - 0x00007ffb48b7f000 	C:\Windows\system32\kernel.appcore.dll
0x00007ffb49730000 - 0x00007ffb497e3000 	C:\Windows\system32\shcore.dll
0x00007ffb48ba0000 - 0x00007ffb48bea000 	C:\Windows\system32\powrprof.dll
0x00007ffb48b80000 - 0x00007ffb48b93000 	C:\Windows\system32\profapi.dll
0x0000000051050000 - 0x000000005106a000 	C:\Program Files\Java\jdk1.8.0_111\jre\bin\net.dll
0x00007ffb48360000 - 0x00007ffb483bd000 	C:\Windows\system32\mswsock.dll
0x0000000051030000 - 0x0000000051041000 	C:\Program Files\Java\jdk1.8.0_111\jre\bin\nio.dll

VM Arguments:
jvm_args: -Dclassworlds.conf=C:\Program Files\NetBeans 8.2\java\maven\bin\m2.conf -Dmaven.home=C:\Program Files\NetBeans 8.2\java\maven 
java_command: org.codehaus.plexus.classworlds.launcher.Launcher -Dmaven.ext.class.path=C:\Program Files\NetBeans 8.2\java\maven-nblib\netbeans-eventspy.jar -Dfile.encoding=UTF-8 -Djava.net.useSystemProxies=true install
java_class_path (initial): C:\Program Files\NetBeans 8.2\java\maven\boot\plexus-classworlds-2.4.jar
Launcher Type: SUN_STANDARD

Environment Variables:
JAVA_HOME=C:\Program Files\Java\jdk1.8.0_111
PATH=C:\Program Files (x86)\Common Files\Oracle\Java\javapath;C:\ProgramData\Oracle\Java\javapath;C:\Program Files (x86)\Intel\iCLS Client\;C:\Program Files\Intel\iCLS Client\;C:\Windows\system32;C:\Windows;C:\Windows\System32\Wbem;C:\Windows\System32\WindowsPowerShell\v1.0\;C:\Program Files (x86)\Intel\Intel(R) Management Engine Components\DAL;C:\Program Files\Intel\Intel(R) Management Engine Components\DAL;C:\Program Files (x86)\Intel\Intel(R) Management Engine Components\IPT;C:\Program Files\Intel\Intel(R) Management Engine Components\IPT;C:\Program Files\nodejs\;C:\Program Files (x86)\Microsoft SQL Server\90\Tools\binn\;C:\Program Files\Microsoft VS Code\bin;C:\flutter\flutter\bin;C:\Users\erwin.ADIS\.dnx\bin;C:\Program Files\Microsoft DNX\Dnvm\;C:\Program Files\Microsoft SQL Server\120\Tools\Binn\;C:\Users\erwin.ADIS\AppData\Roaming\npm
USERNAME=erwin
OS=Windows_NT
PROCESSOR_IDENTIFIER=Intel64 Family 6 Model 158 Stepping 9, GenuineIntel



---------------  S Y S T E M  ---------------

OS: Windows 10.0 , 64 bit Build 10240 (10.0.10240.17113)

CPU:total 4 (4 cores per cpu, 1 threads per core) family 6 model 158 stepping 9, cmov, cx8, fxsr, mmx, sse, sse2, sse3, ssse3, sse4.1, sse4.2, popcnt, avx, avx2, aes, clmul, erms, rtm, 3dnowpref, lzcnt, tsc, tscinvbit, bmi1, bmi2, adx

Memory: 4k page, physical 16639728k(4105884k free), swap 35767276k(11084k free)

vm_info: Java HotSpot(TM) 64-Bit Server VM (25.111-b14) for windows-amd64 JRE (1.8.0_111-b14), built on Sep 22 2016 19:24:05 by "java_re" with MS VC++ 10.0 (VS2010)

time: Wed May 13 15:59:22 2020
elapsed time: 230 seconds (0d 0h 3m 50s)

