#
# There is insufficient memory for the Java Runtime Environment to continue.
# Native memory allocation (malloc) failed to allocate 32744 bytes for ChunkPool::allocate
# Possible reasons:
#   The system is out of physical RAM or swap space
#   In 32 bit mode, the process size limit was hit
# Possible solutions:
#   Reduce memory load on the system
#   Increase physical memory or swap space
#   Check if swap backing store is full
#   Use 64 bit Java on a 64 bit OS
#   Decrease Java heap size (-Xmx/-Xms)
#   Decrease number of Java threads
#   Decrease Java thread stack sizes (-Xss)
#   Set larger code cache with -XX:ReservedCodeCacheSize=
# This output file may be truncated or incomplete.
#
#  Out of Memory Error (allocation.cpp:273), pid=944, tid=0x000000000000c128
#
# JRE version: Java(TM) SE Runtime Environment (8.0_111-b14) (build 1.8.0_111-b14)
# Java VM: Java HotSpot(TM) 64-Bit Server VM (25.111-b14 mixed mode windows-amd64 compressed oops)
# Failed to write core dump. Minidumps are not enabled by default on client versions of Windows
#

---------------  T H R E A D  ---------------

Current thread (0x000000001b66c800):  JavaThread "C2 CompilerThread0" daemon [_thread_in_native, id=49448, stack(0x000000001ccb0000,0x000000001cdb0000)]

Stack: [0x000000001ccb0000,0x000000001cdb0000]
[error occurred during error reporting (printing stack bounds), id 0xc0000005]

Native frames: (J=compiled Java code, j=interpreted, Vv=VM code, C=native code)


Current CompileTask:
C2: 107253 2596       4      
[error occurred during error reporting (printing current compile task), id 0xe0000001]


---------------  P R O C E S S  ---------------

Java Threads: ( => current thread )
  0x000000001ceca800 JavaThread "Service Thread" daemon [_thread_blocked, id=63324, stack(0x000000001d3b0000,0x000000001d4b0000)]
  0x000000001b6cc800 JavaThread "C1 CompilerThread2" daemon [_thread_blocked, id=60656, stack(0x000000001d2b0000,0x000000001d3b0000)]
  0x000000001b670800 JavaThread "C2 CompilerThread1" daemon [_thread_blocked, id=54788, stack(0x000000001cdb0000,0x000000001ceb0000)]
=>0x000000001b66c800 JavaThread "C2 CompilerThread0" daemon [_thread_in_native, id=49448, stack(0x000000001ccb0000,0x000000001cdb0000)]
  0x000000001b66b800 JavaThread "Attach Listener" daemon [_thread_blocked, id=55120, stack(0x000000001cbb0000,0x000000001ccb0000)]
  0x000000001b66a000 JavaThread "Signal Dispatcher" daemon [_thread_blocked, id=58044, stack(0x000000001cab0000,0x000000001cbb0000)]
  0x00000000020c4800 JavaThread "Finalizer" daemon [_thread_blocked, id=74096, stack(0x000000001c8d0000,0x000000001c9d0000)]
  0x00000000020c1000 JavaThread "Reference Handler" daemon [_thread_blocked, id=71932, stack(0x000000001c7d0000,0x000000001c8d0000)]
  0x0000000001fce000 JavaThread "main" [_thread_in_native, id=18608, stack(0x0000000001ec0000,0x0000000001fc0000)]

Other Threads:
  0x000000001b637800 VMThread [stack: 0x000000001c6d0000,0x000000001c7d0000] [id=63724]
  0x000000001ced3800 WatcherThread [stack: 0x000000001d4b0000,0x000000001d5b0000] [id=21128]

VM state:not at safepoint (normal execution)

VM Mutex/Monitor currently owned by a thread: None

Heap:
 PSYoungGen      total 140800K, used 43664K [0x000000076b580000, 0x0000000774980000, 0x00000007c0000000)
  eden space 130048K, 27% used [0x000000076b580000,0x000000076d8ea528,0x0000000773480000)
  from space 10752K, 68% used [0x0000000773f00000,0x0000000774639bb8,0x0000000774980000)
  to   space 10752K, 0% used [0x0000000773480000,0x0000000773480000,0x0000000773f00000)
 ParOldGen       total 173568K, used 16K [0x00000006c2000000, 0x00000006cc980000, 0x000000076b580000)
  object space 173568K, 0% used [0x00000006c2000000,0x00000006c2004000,0x00000006cc980000)
 Metaspace       used 14040K, capacity 14380K, committed 14592K, reserved 1062912K
  class space    used 1657K, capacity 1732K, committed 1792K, reserved 1048576K

Card table byte_map: [0x0000000011490000,0x0000000011c90000] byte_map_base: 0x000000000de80000

Marking Bits: (ParMarkBitMap*) 0x0000000051a0a6c0
 Begin Bits: [0x00000000125e0000, 0x0000000016560000)
 End Bits:   [0x0000000016560000, 0x000000001a4e0000)

Polling page: 0x00000000005d0000

CodeCache: size=245760Kb used=7904Kb max_used=9358Kb free=237855Kb
 bounds [0x00000000020d0000, 0x0000000002a00000, 0x00000000110d0000]
 total_blobs=2632 nmethods=2306 adapters=238
 compilation: enabled

Compilation events (10 events):
Event: 107.053 Thread 0x000000001b6cc800 nmethod 2591 0x0000000002222310 code [0x0000000002222700, 0x0000000002225048]
Event: 107.053 Thread 0x000000001b6cc800 2592       3       org.codehaus.plexus.util.SelectorUtils::matchPath (129 bytes)
Event: 107.054 Thread 0x000000001b6cc800 nmethod 2592 0x0000000002534e10 code [0x00000000025350e0, 0x0000000002536c38]
Event: 107.061 Thread 0x000000001b6cc800 2593       3       org.codehaus.plexus.util.SelectorUtils::equals (37 bytes)
Event: 107.061 Thread 0x000000001b6cc800 nmethod 2593 0x00000000021dde90 code [0x00000000021de020, 0x00000000021de338]
Event: 107.062 Thread 0x000000001b670800 2594       4       org.codehaus.plexus.util.SelectorUtils::match (534 bytes)
Event: 107.066 Thread 0x000000001b66c800 2595       4       java.util.Vector::<init> (49 bytes)
Event: 107.067 Thread 0x000000001b66c800 nmethod 2595 0x00000000022a2910 code [0x00000000022a2a60, 0x00000000022a2bb8]
Event: 107.075 Thread 0x000000001b670800 nmethod 2594 0x00000000024fadd0 code [0x00000000024faf60, 0x00000000024fbf38]
Event: 107.220 Thread 0x000000001b66c800 2596       4       org.codehaus.plexus.util.SelectorUtils::tokenizePath (38 bytes)

GC Heap History (4 events):
Event: 42.551 GC heap before
{Heap before GC invocations=1 (full 0):
 PSYoungGen      total 75776K, used 65024K [0x000000076b580000, 0x0000000770a00000, 0x00000007c0000000)
  eden space 65024K, 100% used [0x000000076b580000,0x000000076f500000,0x000000076f500000)
  from space 10752K, 0% used [0x000000076ff80000,0x000000076ff80000,0x0000000770a00000)
  to   space 10752K, 0% used [0x000000076f500000,0x000000076f500000,0x000000076ff80000)
 ParOldGen       total 173568K, used 0K [0x00000006c2000000, 0x00000006cc980000, 0x000000076b580000)
  object space 173568K, 0% used [0x00000006c2000000,0x00000006c2000000,0x00000006cc980000)
 Metaspace       used 12341K, capacity 12532K, committed 12672K, reserved 1060864K
  class space    used 1510K, capacity 1576K, committed 1664K, reserved 1048576K
Event: 44.290 GC heap after
Heap after GC invocations=1 (full 0):
 PSYoungGen      total 75776K, used 9925K [0x000000076b580000, 0x0000000774980000, 0x00000007c0000000)
  eden space 65024K, 0% used [0x000000076b580000,0x000000076b580000,0x000000076f500000)
  from space 10752K, 92% used [0x000000076f500000,0x000000076feb1658,0x000000076ff80000)
  to   space 10752K, 0% used [0x0000000773f00000,0x0000000773f00000,0x0000000774980000)
 ParOldGen       total 173568K, used 8K [0x00000006c2000000, 0x00000006cc980000, 0x000000076b580000)
  object space 173568K, 0% used [0x00000006c2000000,0x00000006c2002000,0x00000006cc980000)
 Metaspace       used 12341K, capacity 12532K, committed 12672K, reserved 1060864K
  class space    used 1510K, capacity 1576K, committed 1664K, reserved 1048576K
}
Event: 68.429 GC heap before
{Heap before GC invocations=2 (full 0):
 PSYoungGen      total 75776K, used 74949K [0x000000076b580000, 0x0000000774980000, 0x00000007c0000000)
  eden space 65024K, 100% used [0x000000076b580000,0x000000076f500000,0x000000076f500000)
  from space 10752K, 92% used [0x000000076f500000,0x000000076feb1658,0x000000076ff80000)
  to   space 10752K, 0% used [0x0000000773f00000,0x0000000773f00000,0x0000000774980000)
 ParOldGen       total 173568K, used 8K [0x00000006c2000000, 0x00000006cc980000, 0x000000076b580000)
  object space 173568K, 0% used [0x00000006c2000000,0x00000006c2002000,0x00000006cc980000)
 Metaspace       used 12933K, capacity 13212K, committed 13440K, reserved 1060864K
  class space    used 1537K, capacity 1620K, committed 1664K, reserved 1048576K
Event: 68.435 GC heap after
Heap after GC invocations=2 (full 0):
 PSYoungGen      total 140800K, used 7398K [0x000000076b580000, 0x0000000774980000, 0x00000007c0000000)
  eden space 130048K, 0% used [0x000000076b580000,0x000000076b580000,0x0000000773480000)
  from space 10752K, 68% used [0x0000000773f00000,0x0000000774639bb8,0x0000000774980000)
  to   space 10752K, 0% used [0x0000000773480000,0x0000000773480000,0x0000000773f00000)
 ParOldGen       total 173568K, used 16K [0x00000006c2000000, 0x00000006cc980000, 0x000000076b580000)
  object space 173568K, 0% used [0x00000006c2000000,0x00000006c2004000,0x00000006cc980000)
 Metaspace       used 12933K, capacity 13212K, committed 13440K, reserved 1060864K
  class space    used 1537K, capacity 1620K, committed 1664K, reserved 1048576K
}

Deoptimization events (10 events):
Event: 70.211 Thread 0x0000000001fce000 Uncommon trap: reason=unstable_if action=reinterpret pc=0x000000000263489c method=java.util.LinkedHashMap.afterNodeInsertion(Z)V @ 18
Event: 71.511 Thread 0x0000000001fce000 Uncommon trap: reason=class_check action=maybe_recompile pc=0x000000000290b22c method=java.util.AbstractCollection.containsAll(Ljava/util/Collection;)Z @ 1
Event: 74.677 Thread 0x0000000001fce000 Uncommon trap: reason=unstable_if action=reinterpret pc=0x0000000002675724 method=org.sonatype.guice.bean.locators.RankedBindings$Itr.hasNext()Z @ 60
Event: 74.700 Thread 0x0000000001fce000 Uncommon trap: reason=unstable_if action=reinterpret pc=0x00000000028460f8 method=java.util.ArrayList.remove(Ljava/lang/Object;)Z @ 46
Event: 97.837 Thread 0x0000000001fce000 Uncommon trap: reason=unstable_if action=reinterpret pc=0x0000000002624804 method=java.lang.StringBuffer.toString()Ljava/lang/String; @ 4
Event: 97.838 Thread 0x0000000001fce000 Uncommon trap: reason=unstable_if action=reinterpret pc=0x000000000274e73c method=java.util.regex.Pattern.compile()V @ 320
Event: 97.838 Thread 0x0000000001fce000 Uncommon trap: reason=unstable_if action=reinterpret pc=0x000000000262a50c method=java.util.regex.Pattern$CharProperty.match(Ljava/util/regex/Matcher;ILjava/lang/CharSequence;)Z @ 40
Event: 104.257 Thread 0x0000000001fce000 Uncommon trap: reason=unstable_if action=reinterpret pc=0x00000000029dce9c method=org.apache.maven.shared.filtering.MultiDelimiterInterpolatorFilterReaderLineEnding.reselectDelimiterSpec(I)Z @ 36
Event: 104.257 Thread 0x0000000001fce000 Uncommon trap: reason=unstable_if action=reinterpret pc=0x00000000029d9aa4 method=org.apache.maven.shared.filtering.MultiDelimiterInterpolatorFilterReaderLineEnding.reselectDelimiterSpec(I)Z @ 36
Event: 104.280 Thread 0x0000000001fce000 Uncommon trap: reason=unstable_if action=reinterpret pc=0x00000000028986d8 method=org.apache.maven.model.ConfigurationContainer.clone()Lorg/apache/maven/model/ConfigurationContainer; @ 37

Internal exceptions (10 events):
Event: 104.280 Thread 0x0000000001fce000 Exception <a 'java/io/IOException'> (0x000000076d006368) thrown at [C:\re\workspace\8-2-build-windows-amd64-cygwin\jdk8u111\7883\hotspot\src\share\vm\prims\jni.cpp, line 709]
Event: 104.280 Thread 0x0000000001fce000 Exception <a 'java/io/IOException'> (0x000000076d0067b0) thrown at [C:\re\workspace\8-2-build-windows-amd64-cygwin\jdk8u111\7883\hotspot\src\share\vm\prims\jni.cpp, line 709]
Event: 104.280 Thread 0x0000000001fce000 Exception <a 'java/io/IOException'> (0x000000076d006d50) thrown at [C:\re\workspace\8-2-build-windows-amd64-cygwin\jdk8u111\7883\hotspot\src\share\vm\prims\jni.cpp, line 709]
Event: 104.280 Thread 0x0000000001fce000 Exception <a 'java/io/IOException'> (0x000000076d0071c8) thrown at [C:\re\workspace\8-2-build-windows-amd64-cygwin\jdk8u111\7883\hotspot\src\share\vm\prims\jni.cpp, line 709]
Event: 104.280 Thread 0x0000000001fce000 Exception <a 'java/io/IOException'> (0x000000076d007610) thrown at [C:\re\workspace\8-2-build-windows-amd64-cygwin\jdk8u111\7883\hotspot\src\share\vm\prims\jni.cpp, line 709]
Event: 104.280 Thread 0x0000000001fce000 Exception <a 'java/io/IOException'> (0x000000076d007960) thrown at [C:\re\workspace\8-2-build-windows-amd64-cygwin\jdk8u111\7883\hotspot\src\share\vm\prims\jni.cpp, line 709]
Event: 104.280 Thread 0x0000000001fce000 Exception <a 'java/io/IOException'> (0x000000076d007dd8) thrown at [C:\re\workspace\8-2-build-windows-amd64-cygwin\jdk8u111\7883\hotspot\src\share\vm\prims\jni.cpp, line 709]
Event: 104.280 Thread 0x0000000001fce000 Exception <a 'java/io/IOException'> (0x000000076d008250) thrown at [C:\re\workspace\8-2-build-windows-amd64-cygwin\jdk8u111\7883\hotspot\src\share\vm\prims\jni.cpp, line 709]
Event: 104.280 Thread 0x0000000001fce000 Exception <a 'java/io/IOException'> (0x000000076d008698) thrown at [C:\re\workspace\8-2-build-windows-amd64-cygwin\jdk8u111\7883\hotspot\src\share\vm\prims\jni.cpp, line 709]
Event: 106.647 Thread 0x0000000001fce000 Exception <a 'java/lang/NoClassDefFoundError': org/slf4j/Logger> (0x000000076d45a790) thrown at [C:\re\workspace\8-2-build-windows-amd64-cygwin\jdk8u111\7883\hotspot\src\share\vm\oops\constantPool.cpp, line 235]

Events (10 events):
Event: 106.812 loading class org/codehaus/plexus/util/AbstractScanner
Event: 106.812 loading class org/codehaus/plexus/util/AbstractScanner done
Event: 106.812 loading class org/codehaus/plexus/util/Scanner
Event: 106.812 loading class org/codehaus/plexus/util/Scanner done
Event: 106.812 loading class org/codehaus/plexus/util/Scanner
Event: 106.812 loading class org/codehaus/plexus/util/Scanner done
Event: 106.812 loading class org/codehaus/plexus/util/SelectorUtils
Event: 106.812 loading class org/codehaus/plexus/util/SelectorUtils done
Event: 106.812 loading class org/codehaus/plexus/util/SelectorUtils
Event: 106.812 loading class org/codehaus/plexus/util/SelectorUtils done


Dynamic libraries:
0x00007ff7fe600000 - 0x00007ff7fe637000 	C:\Program Files\Java\jdk1.8.0_111\bin\java.exe
0x00007ffb4c130000 - 0x00007ffb4c2f2000 	C:\Windows\SYSTEM32\ntdll.dll
0x00007ffb4c040000 - 0x00007ffb4c0ed000 	C:\Windows\system32\KERNEL32.DLL
0x00007ffb48f20000 - 0x00007ffb490fd000 	C:\Windows\system32\KERNELBASE.dll
0x0000000052d80000 - 0x0000000052e13000 	C:\Windows\System32\SYSFER.DLL
0x00007ffb4aa00000 - 0x00007ffb4aaa6000 	C:\Windows\system32\ADVAPI32.dll
0x00007ffb49c50000 - 0x00007ffb49ced000 	C:\Windows\system32\msvcrt.dll
0x00007ffb4a170000 - 0x00007ffb4a1cb000 	C:\Windows\system32\sechost.dll
0x00007ffb4a5a0000 - 0x00007ffb4a6c6000 	C:\Windows\system32\RPCRT4.dll
0x00007ffb4a3a0000 - 0x00007ffb4a4ee000 	C:\Windows\system32\USER32.dll
0x00007ffb49fe0000 - 0x00007ffb4a163000 	C:\Windows\system32\GDI32.dll
0x00007ffb3d050000 - 0x00007ffb3d2c4000 	C:\Windows\WinSxS\amd64_microsoft.windows.common-controls_6595b64144ccf1df_6.0.10240.17184_none_f41d7a705752bce6\COMCTL32.dll
0x00007ffb4c0f0000 - 0x00007ffb4c126000 	C:\Windows\system32\IMM32.DLL
0x00007ffb4a1e0000 - 0x00007ffb4a33c000 	C:\Windows\system32\MSCTF.dll
0x0000000051110000 - 0x00000000511e2000 	C:\Program Files\Java\jdk1.8.0_111\jre\bin\msvcr100.dll
0x00000000511f0000 - 0x0000000051a8a000 	C:\Program Files\Java\jdk1.8.0_111\jre\bin\server\jvm.dll
0x00007ffb4a9f0000 - 0x00007ffb4a9f8000 	C:\Windows\system32\PSAPI.DLL
0x00007ffb47320000 - 0x00007ffb47329000 	C:\Windows\SYSTEM32\WSOCK32.dll
0x00007ffb49be0000 - 0x00007ffb49c49000 	C:\Windows\system32\WS2_32.dll
0x00007ffb4a1d0000 - 0x00007ffb4a1d8000 	C:\Windows\system32\NSI.dll
0x00007ffb47260000 - 0x00007ffb47283000 	C:\Windows\SYSTEM32\WINMM.dll
0x00007ffb3df20000 - 0x00007ffb3df2a000 	C:\Windows\SYSTEM32\VERSION.dll
0x00007ffb47200000 - 0x00007ffb4722c000 	C:\Windows\SYSTEM32\WINMMBASE.dll
0x00007ffb48ed0000 - 0x00007ffb48f14000 	C:\Windows\system32\cfgmgr32.dll
0x00007ffb474d0000 - 0x00007ffb474f7000 	C:\Windows\SYSTEM32\DEVOBJ.dll
0x00000000510c0000 - 0x00000000510cf000 	C:\Program Files\Java\jdk1.8.0_111\jre\bin\verify.dll
0x0000000051090000 - 0x00000000510b9000 	C:\Program Files\Java\jdk1.8.0_111\jre\bin\java.dll
0x0000000051070000 - 0x0000000051086000 	C:\Program Files\Java\jdk1.8.0_111\jre\bin\zip.dll
0x00007ffb4aab0000 - 0x00007ffb4bfd3000 	C:\Windows\system32\SHELL32.dll
0x00007ffb49100000 - 0x00007ffb49729000 	C:\Windows\system32\windows.storage.dll
0x00007ffb49d60000 - 0x00007ffb49fdc000 	C:\Windows\system32\combase.dll
0x00007ffb4bfe0000 - 0x00007ffb4c031000 	C:\Windows\system32\shlwapi.dll
0x00007ffb48b70000 - 0x00007ffb48b7f000 	C:\Windows\system32\kernel.appcore.dll
0x00007ffb49730000 - 0x00007ffb497e3000 	C:\Windows\system32\shcore.dll
0x00007ffb48ba0000 - 0x00007ffb48bea000 	C:\Windows\system32\powrprof.dll
0x00007ffb48b80000 - 0x00007ffb48b93000 	C:\Windows\system32\profapi.dll
0x0000000051050000 - 0x000000005106a000 	C:\Program Files\Java\jdk1.8.0_111\jre\bin\net.dll
0x00007ffb48360000 - 0x00007ffb483bd000 	C:\Windows\system32\mswsock.dll
0x0000000051030000 - 0x0000000051041000 	C:\Program Files\Java\jdk1.8.0_111\jre\bin\nio.dll

VM Arguments:
jvm_args: -Dclassworlds.conf=C:\Program Files\NetBeans 8.2\java\maven\bin\m2.conf -Dmaven.home=C:\Program Files\NetBeans 8.2\java\maven 
java_command: org.codehaus.plexus.classworlds.launcher.Launcher -Dmaven.ext.class.path=C:\Program Files\NetBeans 8.2\java\maven-nblib\netbeans-eventspy.jar -Dfile.encoding=UTF-8 -Djava.net.useSystemProxies=true install
java_class_path (initial): C:\Program Files\NetBeans 8.2\java\maven\boot\plexus-classworlds-2.4.jar
Launcher Type: SUN_STANDARD

Environment Variables:
JAVA_HOME=C:\Program Files\Java\jdk1.8.0_111
PATH=C:\Program Files (x86)\Common Files\Oracle\Java\javapath;C:\ProgramData\Oracle\Java\javapath;C:\Program Files (x86)\Intel\iCLS Client\;C:\Program Files\Intel\iCLS Client\;C:\Windows\system32;C:\Windows;C:\Windows\System32\Wbem;C:\Windows\System32\WindowsPowerShell\v1.0\;C:\Program Files (x86)\Intel\Intel(R) Management Engine Components\DAL;C:\Program Files\Intel\Intel(R) Management Engine Components\DAL;C:\Program Files (x86)\Intel\Intel(R) Management Engine Components\IPT;C:\Program Files\Intel\Intel(R) Management Engine Components\IPT;C:\Program Files\nodejs\;C:\Program Files (x86)\Microsoft SQL Server\90\Tools\binn\;C:\Program Files\Microsoft VS Code\bin;C:\flutter\flutter\bin;C:\Users\erwin.ADIS\.dnx\bin;C:\Program Files\Microsoft DNX\Dnvm\;C:\Program Files\Microsoft SQL Server\120\Tools\Binn\;C:\Users\erwin.ADIS\AppData\Roaming\npm
USERNAME=erwin
OS=Windows_NT
PROCESSOR_IDENTIFIER=Intel64 Family 6 Model 158 Stepping 9, GenuineIntel



---------------  S Y S T E M  ---------------

OS: Windows 10.0 , 64 bit Build 10240 (10.0.10240.17113)

CPU:total 4 (4 cores per cpu, 1 threads per core) family 6 model 158 stepping 9, cmov, cx8, fxsr, mmx, sse, sse2, sse3, ssse3, sse4.1, sse4.2, popcnt, avx, avx2, aes, clmul, erms, rtm, 3dnowpref, lzcnt, tsc, tscinvbit, bmi1, bmi2, adx

Memory: 4k page, physical 16639728k(3312304k free), swap 35767276k(394252k free)

vm_info: Java HotSpot(TM) 64-Bit Server VM (25.111-b14) for windows-amd64 JRE (1.8.0_111-b14), built on Sep 22 2016 19:24:05 by "java_re" with MS VC++ 10.0 (VS2010)

time: Wed May 13 16:02:50 2020
elapsed time: 107 seconds (0d 0h 1m 47s)

