#
# There is insufficient memory for the Java Runtime Environment to continue.
# Native memory allocation (malloc) failed to allocate 32784 bytes for Chunk::new
# Possible reasons:
#   The system is out of physical RAM or swap space
#   In 32 bit mode, the process size limit was hit
# Possible solutions:
#   Reduce memory load on the system
#   Increase physical memory or swap space
#   Check if swap backing store is full
#   Use 64 bit Java on a 64 bit OS
#   Decrease Java heap size (-Xmx/-Xms)
#   Decrease number of Java threads
#   Decrease Java thread stack sizes (-Xss)
#   Set larger code cache with -XX:ReservedCodeCacheSize=
# This output file may be truncated or incomplete.
#
#  Out of Memory Error (allocation.cpp:390), pid=50832, tid=0x000000000000e9cc
#
# JRE version: Java(TM) SE Runtime Environment (8.0_111-b14) (build 1.8.0_111-b14)
# Java VM: Java HotSpot(TM) 64-Bit Server VM (25.111-b14 mixed mode windows-amd64 compressed oops)
# Failed to write core dump. Minidumps are not enabled by default on client versions of Windows
#

---------------  T H R E A D  ---------------

Current thread (0x000000001bedc800):  JavaThread "C2 CompilerThread0" daemon [_thread_in_native, id=59852, stack(0x000000001d510000,0x000000001d610000)]

Stack: [0x000000001d510000,0x000000001d610000]
[error occurred during error reporting (printing stack bounds), id 0xc0000005]

Native frames: (J=compiled Java code, j=interpreted, Vv=VM code, C=native code)


Current CompileTask:
C2: 205976 3304       4       java.util.jar.JarFile::getEntry (22 bytes)


---------------  P R O C E S S  ---------------

Java Threads: ( => current thread )
  0x000000001e417000 JavaThread "resolver-4" daemon [_thread_blocked, id=73712, stack(0x00000000233b0000,0x00000000234b0000)]
  0x00000000220f7000 JavaThread "resolver-3" daemon [_thread_blocked, id=66664, stack(0x00000000232b0000,0x00000000233b0000)]
  0x000000001d8ef000 JavaThread "resolver-2" daemon [_thread_blocked, id=65104, stack(0x00000000231b0000,0x00000000232b0000)]
  0x000000001da94800 JavaThread "resolver-1" daemon [_thread_blocked, id=63024, stack(0x000000001fcc0000,0x000000001fdc0000)]
  0x000000001d71e000 JavaThread "Service Thread" daemon [_thread_blocked, id=56156, stack(0x000000001dc10000,0x000000001dd10000)]
  0x000000001bf3c800 JavaThread "C1 CompilerThread2" daemon [_thread_blocked, id=65488, stack(0x000000001db10000,0x000000001dc10000)]
  0x000000001bee0800 JavaThread "C2 CompilerThread1" daemon [_thread_blocked, id=63088, stack(0x000000001d610000,0x000000001d710000)]
=>0x000000001bedc800 JavaThread "C2 CompilerThread0" daemon [_thread_in_native, id=59852, stack(0x000000001d510000,0x000000001d610000)]
  0x000000001bedb800 JavaThread "Attach Listener" daemon [_thread_blocked, id=62848, stack(0x000000001d410000,0x000000001d510000)]
  0x000000001beda000 JavaThread "Signal Dispatcher" daemon [_thread_blocked, id=51988, stack(0x000000001d310000,0x000000001d410000)]
  0x000000001bec9800 JavaThread "Finalizer" daemon [_thread_blocked, id=57400, stack(0x000000001d130000,0x000000001d230000)]
  0x0000000001131000 JavaThread "Reference Handler" daemon [_thread_blocked, id=2312, stack(0x000000001d030000,0x000000001d130000)]
  0x0000000000f3e000 JavaThread "main" [_thread_in_native, id=58468, stack(0x0000000000f40000,0x0000000001040000)]

Other Threads:
  0x000000001bea7800 VMThread [stack: 0x000000001cf30000,0x000000001d030000] [id=28068]
  0x000000001d715800 WatcherThread [stack: 0x000000001dd10000,0x000000001de10000] [id=47452]

VM state:not at safepoint (normal execution)

VM Mutex/Monitor currently owned by a thread: None

Heap:
 PSYoungGen      total 75776K, used 29787K [0x000000076b580000, 0x0000000770a00000, 0x00000007c0000000)
  eden space 65024K, 29% used [0x000000076b580000,0x000000076c8189e8,0x000000076f500000)
  from space 10752K, 99% used [0x000000076ff80000,0x00000007709fe4d8,0x0000000770a00000)
  to   space 10752K, 0% used [0x000000076f500000,0x000000076f500000,0x000000076ff80000)
 ParOldGen       total 173568K, used 14843K [0x00000006c2000000, 0x00000006cc980000, 0x000000076b580000)
  object space 173568K, 8% used [0x00000006c2000000,0x00000006c2e7eee8,0x00000006cc980000)
 Metaspace       used 19379K, capacity 19848K, committed 19968K, reserved 1067008K
  class space    used 2323K, capacity 2487K, committed 2560K, reserved 1048576K

Card table byte_map: [0x0000000011d00000,0x0000000012500000] byte_map_base: 0x000000000e6f0000

Marking Bits: (ParMarkBitMap*) 0x0000000051a0a6c0
 Begin Bits: [0x0000000012e50000, 0x0000000016dd0000)
 End Bits:   [0x0000000016dd0000, 0x000000001ad50000)

Polling page: 0x0000000000e40000

CodeCache: size=245760Kb used=10497Kb max_used=10683Kb free=235262Kb
 bounds [0x0000000002940000, 0x00000000033d0000, 0x0000000011940000]
 total_blobs=3274 nmethods=2901 adapters=285
 compilation: enabled

Compilation events (10 events):
Event: 205.836 Thread 0x000000001bf3c800 nmethod 3301 0x00000000033af590 code [0x00000000033af760, 0x00000000033afed8]
Event: 205.836 Thread 0x000000001bf3c800 3299       3       org.apache.maven.artifact.DefaultArtifact::<init> (72 bytes)
Event: 205.836 Thread 0x000000001bf3c800 nmethod 3299 0x0000000002b07050 code [0x0000000002b071e0, 0x0000000002b07618]
Event: 205.836 Thread 0x000000001bf3c800 3300       3       org.apache.maven.artifact.DefaultArtifact::validateIdentity (144 bytes)
Event: 205.837 Thread 0x000000001bf3c800 nmethod 3300 0x0000000003269fd0 code [0x000000000326a1e0, 0x000000000326ab88]
Event: 205.837 Thread 0x000000001bf3c800 3302       3       java.util.Arrays::copyOfRange (63 bytes)
Event: 205.837 Thread 0x000000001bf3c800 nmethod 3302 0x00000000032668d0 code [0x0000000003266ae0, 0x0000000003267618]
Event: 205.837 Thread 0x000000001bf3c800 3303       3       java.io.File::slashify (84 bytes)
Event: 205.837 Thread 0x000000001bedc800 3304       4       java.util.jar.JarFile::getEntry (22 bytes)
Event: 205.837 Thread 0x000000001bf3c800 nmethod 3303 0x0000000003264d10 code [0x0000000003264f80, 0x00000000032661a8]

GC Heap History (8 events):
Event: 134.221 GC heap before
{Heap before GC invocations=1 (full 0):
 PSYoungGen      total 75776K, used 65024K [0x000000076b580000, 0x0000000770a00000, 0x00000007c0000000)
  eden space 65024K, 100% used [0x000000076b580000,0x000000076f500000,0x000000076f500000)
  from space 10752K, 0% used [0x000000076ff80000,0x000000076ff80000,0x0000000770a00000)
  to   space 10752K, 0% used [0x000000076f500000,0x000000076f500000,0x000000076ff80000)
 ParOldGen       total 173568K, used 0K [0x00000006c2000000, 0x00000006cc980000, 0x000000076b580000)
  object space 173568K, 0% used [0x00000006c2000000,0x00000006c2000000,0x00000006cc980000)
 Metaspace       used 12243K, capacity 12468K, committed 12672K, reserved 1060864K
  class space    used 1503K, capacity 1576K, committed 1664K, reserved 1048576K
Event: 134.772 GC heap after
Heap after GC invocations=1 (full 0):
 PSYoungGen      total 75776K, used 9974K [0x000000076b580000, 0x0000000770a00000, 0x00000007c0000000)
  eden space 65024K, 0% used [0x000000076b580000,0x000000076b580000,0x000000076f500000)
  from space 10752K, 92% used [0x000000076f500000,0x000000076febd800,0x000000076ff80000)
  to   space 10752K, 0% used [0x000000076ff80000,0x000000076ff80000,0x0000000770a00000)
 ParOldGen       total 173568K, used 16K [0x00000006c2000000, 0x00000006cc980000, 0x000000076b580000)
  object space 173568K, 0% used [0x00000006c2000000,0x00000006c2004000,0x00000006cc980000)
 Metaspace       used 12243K, capacity 12468K, committed 12672K, reserved 1060864K
  class space    used 1503K, capacity 1576K, committed 1664K, reserved 1048576K
}
Event: 157.927 GC heap before
{Heap before GC invocations=2 (full 0):
 PSYoungGen      total 75776K, used 74998K [0x000000076b580000, 0x0000000770a00000, 0x00000007c0000000)
  eden space 65024K, 100% used [0x000000076b580000,0x000000076f500000,0x000000076f500000)
  from space 10752K, 92% used [0x000000076f500000,0x000000076febd800,0x000000076ff80000)
  to   space 10752K, 0% used [0x000000076ff80000,0x000000076ff80000,0x0000000770a00000)
 ParOldGen       total 173568K, used 16K [0x00000006c2000000, 0x00000006cc980000, 0x000000076b580000)
  object space 173568K, 0% used [0x00000006c2000000,0x00000006c2004000,0x00000006cc980000)
 Metaspace       used 12912K, capacity 13148K, committed 13440K, reserved 1060864K
  class space    used 1537K, capacity 1620K, committed 1664K, reserved 1048576K
Event: 158.181 GC heap after
Heap after GC invocations=2 (full 0):
 PSYoungGen      total 75776K, used 7306K [0x000000076b580000, 0x0000000770a00000, 0x00000007c0000000)
  eden space 65024K, 0% used [0x000000076b580000,0x000000076b580000,0x000000076f500000)
  from space 10752K, 67% used [0x000000076ff80000,0x00000007706a2a50,0x0000000770a00000)
  to   space 10752K, 0% used [0x000000076f500000,0x000000076f500000,0x000000076ff80000)
 ParOldGen       total 173568K, used 24K [0x00000006c2000000, 0x00000006cc980000, 0x000000076b580000)
  object space 173568K, 0% used [0x00000006c2000000,0x00000006c2006000,0x00000006cc980000)
 Metaspace       used 12912K, capacity 13148K, committed 13440K, reserved 1060864K
  class space    used 1537K, capacity 1620K, committed 1664K, reserved 1048576K
}
Event: 184.135 GC heap before
{Heap before GC invocations=3 (full 0):
 PSYoungGen      total 75776K, used 72322K [0x000000076b580000, 0x0000000770a00000, 0x00000007c0000000)
  eden space 65024K, 99% used [0x000000076b580000,0x000000076f4fe098,0x000000076f500000)
  from space 10752K, 67% used [0x000000076ff80000,0x00000007706a2a50,0x0000000770a00000)
  to   space 10752K, 0% used [0x000000076f500000,0x000000076f500000,0x000000076ff80000)
 ParOldGen       total 173568K, used 24K [0x00000006c2000000, 0x00000006cc980000, 0x000000076b580000)
  object space 173568K, 0% used [0x00000006c2000000,0x00000006c2006000,0x00000006cc980000)
 Metaspace       used 17232K, capacity 17592K, committed 17920K, reserved 1064960K
  class space    used 2103K, capacity 2188K, committed 2304K, reserved 1048576K
Event: 184.142 GC heap after
Heap after GC invocations=3 (full 0):
 PSYoungGen      total 75776K, used 10618K [0x000000076b580000, 0x0000000770a00000, 0x00000007c0000000)
  eden space 65024K, 0% used [0x000000076b580000,0x000000076b580000,0x000000076f500000)
  from space 10752K, 98% used [0x000000076f500000,0x000000076ff5ea90,0x000000076ff80000)
  to   space 10752K, 0% used [0x000000076ff80000,0x000000076ff80000,0x0000000770a00000)
 ParOldGen       total 173568K, used 32K [0x00000006c2000000, 0x00000006cc980000, 0x000000076b580000)
  object space 173568K, 0% used [0x00000006c2000000,0x00000006c2008000,0x00000006cc980000)
 Metaspace       used 17232K, capacity 17592K, committed 17920K, reserved 1064960K
  class space    used 2103K, capacity 2188K, committed 2304K, reserved 1048576K
}
Event: 195.635 GC heap before
{Heap before GC invocations=4 (full 0):
 PSYoungGen      total 75776K, used 75642K [0x000000076b580000, 0x0000000770a00000, 0x00000007c0000000)
  eden space 65024K, 100% used [0x000000076b580000,0x000000076f500000,0x000000076f500000)
  from space 10752K, 98% used [0x000000076f500000,0x000000076ff5ea90,0x000000076ff80000)
  to   space 10752K, 0% used [0x000000076ff80000,0x000000076ff80000,0x0000000770a00000)
 ParOldGen       total 173568K, used 32K [0x00000006c2000000, 0x00000006cc980000, 0x000000076b580000)
  object space 173568K, 0% used [0x00000006c2000000,0x00000006c2008000,0x00000006cc980000)
 Metaspace       used 18487K, capacity 18928K, committed 19072K, reserved 1067008K
  class space    used 2220K, capacity 2351K, committed 2432K, reserved 1048576K
Event: 195.741 GC heap after
Heap after GC invocations=4 (full 0):
 PSYoungGen      total 75776K, used 10745K [0x000000076b580000, 0x0000000770a00000, 0x00000007c0000000)
  eden space 65024K, 0% used [0x000000076b580000,0x000000076b580000,0x000000076f500000)
  from space 10752K, 99% used [0x000000076ff80000,0x00000007709fe4d8,0x0000000770a00000)
  to   space 10752K, 0% used [0x000000076f500000,0x000000076f500000,0x000000076ff80000)
 ParOldGen       total 173568K, used 14843K [0x00000006c2000000, 0x00000006cc980000, 0x000000076b580000)
  object space 173568K, 8% used [0x00000006c2000000,0x00000006c2e7eee8,0x00000006cc980000)
 Metaspace       used 18487K, capacity 18928K, committed 19072K, reserved 1067008K
  class space    used 2220K, capacity 2351K, committed 2432K, reserved 1048576K
}

Deoptimization events (10 events):
Event: 194.721 Thread 0x0000000000f3e000 Uncommon trap: reason=unstable_if action=reinterpret pc=0x0000000002fd8a5c method=org.apache.maven.model.ConfigurationContainer.getLocation(Ljava/lang/Object;)Lorg/apache/maven/model/InputLocation; @ 4
Event: 194.721 Thread 0x0000000000f3e000 Uncommon trap: reason=unstable_if action=reinterpret pc=0x0000000002bbc824 method=org.apache.maven.model.ConfigurationContainer.getLocation(Ljava/lang/Object;)Lorg/apache/maven/model/InputLocation; @ 4
Event: 194.721 Thread 0x0000000000f3e000 Uncommon trap: reason=unstable_if action=reinterpret pc=0x0000000002dfb764 method=org.apache.maven.model.ConfigurationContainer.getLocation(Ljava/lang/Object;)Lorg/apache/maven/model/InputLocation; @ 4
Event: 194.721 Thread 0x0000000000f3e000 Uncommon trap: reason=unstable_if action=reinterpret pc=0x0000000002dfbb24 method=org.apache.maven.model.ConfigurationContainer.getLocation(Ljava/lang/Object;)Lorg/apache/maven/model/InputLocation; @ 4
Event: 194.739 Thread 0x0000000000f3e000 Uncommon trap: reason=null_check action=make_not_entrant pc=0x000000000333bb68 method=org.apache.maven.model.io.xpp3.MavenXpp3ReaderEx.checkFieldWithDuplicate(Lorg/codehaus/plexus/util/xml/pull/XmlPullParser;Ljava/lang/String;Ljava/lang/String;Ljava/util/
Event: 196.117 Thread 0x0000000000f3e000 Uncommon trap: reason=class_check action=maybe_recompile pc=0x0000000002f31798 method=java.util.AbstractList$Itr.hasNext()Z @ 8
Event: 196.117 Thread 0x0000000000f3e000 Uncommon trap: reason=class_check action=maybe_recompile pc=0x0000000002f7ddd8 method=java.util.AbstractList$Itr.next()Ljava/lang/Object; @ 14
Event: 196.886 Thread 0x0000000000f3e000 Uncommon trap: reason=unstable_if action=reinterpret pc=0x000000000324af80 method=java.util.StringTokenizer.setMaxDelimCodePoint()V @ 71
Event: 196.891 Thread 0x0000000000f3e000 Uncommon trap: reason=bimorphic action=maybe_recompile pc=0x0000000002dc28c4 method=java.util.concurrent.ConcurrentHashMap.get(Ljava/lang/Object;)Ljava/lang/Object; @ 149
Event: 198.204 Thread 0x0000000000f3e000 Uncommon trap: reason=unstable_if action=reinterpret pc=0x00000000033ac5b8 method=java.util.zip.DeflaterOutputStream.deflate()V @ 19

Internal exceptions (10 events):
Event: 203.832 Thread 0x0000000000f3e000 Exception <a 'java/io/IOException'> (0x000000076bfb1f28) thrown at [C:\re\workspace\8-2-build-windows-amd64-cygwin\jdk8u111\7883\hotspot\src\share\vm\prims\jni.cpp, line 709]
Event: 203.832 Thread 0x0000000000f3e000 Exception <a 'java/io/IOException'> (0x000000076bfb23a0) thrown at [C:\re\workspace\8-2-build-windows-amd64-cygwin\jdk8u111\7883\hotspot\src\share\vm\prims\jni.cpp, line 709]
Event: 203.832 Thread 0x0000000000f3e000 Exception <a 'java/io/IOException'> (0x000000076bfb27e8) thrown at [C:\re\workspace\8-2-build-windows-amd64-cygwin\jdk8u111\7883\hotspot\src\share\vm\prims\jni.cpp, line 709]
Event: 203.832 Thread 0x0000000000f3e000 Exception <a 'java/io/IOException'> (0x000000076bfb2d88) thrown at [C:\re\workspace\8-2-build-windows-amd64-cygwin\jdk8u111\7883\hotspot\src\share\vm\prims\jni.cpp, line 709]
Event: 203.832 Thread 0x0000000000f3e000 Exception <a 'java/io/IOException'> (0x000000076bfb3200) thrown at [C:\re\workspace\8-2-build-windows-amd64-cygwin\jdk8u111\7883\hotspot\src\share\vm\prims\jni.cpp, line 709]
Event: 203.832 Thread 0x0000000000f3e000 Exception <a 'java/io/IOException'> (0x000000076bfb3648) thrown at [C:\re\workspace\8-2-build-windows-amd64-cygwin\jdk8u111\7883\hotspot\src\share\vm\prims\jni.cpp, line 709]
Event: 203.832 Thread 0x0000000000f3e000 Exception <a 'java/io/IOException'> (0x000000076bfb3980) thrown at [C:\re\workspace\8-2-build-windows-amd64-cygwin\jdk8u111\7883\hotspot\src\share\vm\prims\jni.cpp, line 709]
Event: 203.832 Thread 0x0000000000f3e000 Exception <a 'java/io/IOException'> (0x000000076bfb3df8) thrown at [C:\re\workspace\8-2-build-windows-amd64-cygwin\jdk8u111\7883\hotspot\src\share\vm\prims\jni.cpp, line 709]
Event: 203.832 Thread 0x0000000000f3e000 Exception <a 'java/io/IOException'> (0x000000076bfb4270) thrown at [C:\re\workspace\8-2-build-windows-amd64-cygwin\jdk8u111\7883\hotspot\src\share\vm\prims\jni.cpp, line 709]
Event: 203.832 Thread 0x0000000000f3e000 Exception <a 'java/io/IOException'> (0x000000076bfb46b8) thrown at [C:\re\workspace\8-2-build-windows-amd64-cygwin\jdk8u111\7883\hotspot\src\share\vm\prims\jni.cpp, line 709]

Events (10 events):
Event: 205.840 loading class org/apache/maven/plugin/war/WarManifestMojo
Event: 205.840 loading class org/apache/maven/plugin/war/WarManifestMojo done
Event: 205.840 loading class org/apache/maven/plugin/war/WarManifestMojo
Event: 205.840 loading class org/apache/maven/plugin/war/WarManifestMojo done
Event: 205.840 loading class org/apache/maven/plugin/war/WarManifestMojo
Event: 205.840 loading class org/apache/maven/plugin/war/WarManifestMojo done
Event: 205.840 loading class org/apache/maven/plugin/war/AbstractWarMojo
Event: 205.840 loading class org/apache/maven/plugin/war/AbstractWarMojo done
Event: 205.840 loading class org/apache/maven/plugin/war/AbstractWarMojo
Event: 205.840 loading class org/apache/maven/plugin/war/AbstractWarMojo done


Dynamic libraries:
0x00007ff7fe600000 - 0x00007ff7fe637000 	C:\Program Files\Java\jdk1.8.0_111\bin\java.exe
0x00007ffb4c130000 - 0x00007ffb4c2f2000 	C:\Windows\SYSTEM32\ntdll.dll
0x00007ffb4c040000 - 0x00007ffb4c0ed000 	C:\Windows\system32\KERNEL32.DLL
0x00007ffb48f20000 - 0x00007ffb490fd000 	C:\Windows\system32\KERNELBASE.dll
0x0000000052d80000 - 0x0000000052e13000 	C:\Windows\System32\SYSFER.DLL
0x00007ffb4aa00000 - 0x00007ffb4aaa6000 	C:\Windows\system32\ADVAPI32.dll
0x00007ffb49c50000 - 0x00007ffb49ced000 	C:\Windows\system32\msvcrt.dll
0x00007ffb4a170000 - 0x00007ffb4a1cb000 	C:\Windows\system32\sechost.dll
0x00007ffb4a5a0000 - 0x00007ffb4a6c6000 	C:\Windows\system32\RPCRT4.dll
0x00007ffb4a3a0000 - 0x00007ffb4a4ee000 	C:\Windows\system32\USER32.dll
0x00007ffb49fe0000 - 0x00007ffb4a163000 	C:\Windows\system32\GDI32.dll
0x00007ffb3d050000 - 0x00007ffb3d2c4000 	C:\Windows\WinSxS\amd64_microsoft.windows.common-controls_6595b64144ccf1df_6.0.10240.17184_none_f41d7a705752bce6\COMCTL32.dll
0x00007ffb4c0f0000 - 0x00007ffb4c126000 	C:\Windows\system32\IMM32.DLL
0x00007ffb4a1e0000 - 0x00007ffb4a33c000 	C:\Windows\system32\MSCTF.dll
0x0000000051110000 - 0x00000000511e2000 	C:\Program Files\Java\jdk1.8.0_111\jre\bin\msvcr100.dll
0x00000000511f0000 - 0x0000000051a8a000 	C:\Program Files\Java\jdk1.8.0_111\jre\bin\server\jvm.dll
0x00007ffb4a9f0000 - 0x00007ffb4a9f8000 	C:\Windows\system32\PSAPI.DLL
0x00007ffb47320000 - 0x00007ffb47329000 	C:\Windows\SYSTEM32\WSOCK32.dll
0x00007ffb49be0000 - 0x00007ffb49c49000 	C:\Windows\system32\WS2_32.dll
0x00007ffb4a1d0000 - 0x00007ffb4a1d8000 	C:\Windows\system32\NSI.dll
0x00007ffb47260000 - 0x00007ffb47283000 	C:\Windows\SYSTEM32\WINMM.dll
0x00007ffb3df20000 - 0x00007ffb3df2a000 	C:\Windows\SYSTEM32\VERSION.dll
0x00007ffb47200000 - 0x00007ffb4722c000 	C:\Windows\SYSTEM32\WINMMBASE.dll
0x00007ffb48ed0000 - 0x00007ffb48f14000 	C:\Windows\system32\cfgmgr32.dll
0x00007ffb474d0000 - 0x00007ffb474f7000 	C:\Windows\SYSTEM32\DEVOBJ.dll
0x00000000510c0000 - 0x00000000510cf000 	C:\Program Files\Java\jdk1.8.0_111\jre\bin\verify.dll
0x0000000051090000 - 0x00000000510b9000 	C:\Program Files\Java\jdk1.8.0_111\jre\bin\java.dll
0x0000000051070000 - 0x0000000051086000 	C:\Program Files\Java\jdk1.8.0_111\jre\bin\zip.dll
0x00007ffb4aab0000 - 0x00007ffb4bfd3000 	C:\Windows\system32\SHELL32.dll
0x00007ffb49100000 - 0x00007ffb49729000 	C:\Windows\system32\windows.storage.dll
0x00007ffb49d60000 - 0x00007ffb49fdc000 	C:\Windows\system32\combase.dll
0x00007ffb4bfe0000 - 0x00007ffb4c031000 	C:\Windows\system32\shlwapi.dll
0x00007ffb48b70000 - 0x00007ffb48b7f000 	C:\Windows\system32\kernel.appcore.dll
0x00007ffb49730000 - 0x00007ffb497e3000 	C:\Windows\system32\shcore.dll
0x00007ffb48ba0000 - 0x00007ffb48bea000 	C:\Windows\system32\powrprof.dll
0x00007ffb48b80000 - 0x00007ffb48b93000 	C:\Windows\system32\profapi.dll
0x0000000051050000 - 0x000000005106a000 	C:\Program Files\Java\jdk1.8.0_111\jre\bin\net.dll
0x00007ffb48360000 - 0x00007ffb483bd000 	C:\Windows\system32\mswsock.dll
0x0000000051030000 - 0x0000000051041000 	C:\Program Files\Java\jdk1.8.0_111\jre\bin\nio.dll
0x00007ffb483c0000 - 0x00007ffb483d7000 	C:\Windows\SYSTEM32\CRYPTSP.dll
0x00007ffb48a80000 - 0x00007ffb48aa8000 	C:\Windows\SYSTEM32\bcrypt.dll
0x00007ffb48010000 - 0x00007ffb48043000 	C:\Windows\system32\rsaenh.dll
0x00007ffb48100000 - 0x00007ffb4811f000 	C:\Windows\SYSTEM32\USERENV.dll
0x00007ffb48910000 - 0x00007ffb4897b000 	C:\Windows\system32\bcryptprimitives.dll
0x00007ffb48530000 - 0x00007ffb4853b000 	C:\Windows\SYSTEM32\CRYPTBASE.dll
0x00007ffb468f0000 - 0x00007ffb46928000 	C:\Windows\SYSTEM32\IPHLPAPI.DLL
0x00007ffb46760000 - 0x00007ffb4676b000 	C:\Windows\SYSTEM32\WINNSI.DLL
0x00007ffb42d80000 - 0x00007ffb42d96000 	C:\Windows\SYSTEM32\dhcpcsvc6.DLL
0x00007ffb42d60000 - 0x00007ffb42d7a000 	C:\Windows\SYSTEM32\dhcpcsvc.DLL

VM Arguments:
jvm_args: -Dclassworlds.conf=C:\Program Files\NetBeans 8.2\java\maven\bin\m2.conf -Dmaven.home=C:\Program Files\NetBeans 8.2\java\maven 
java_command: org.codehaus.plexus.classworlds.launcher.Launcher -Dmaven.ext.class.path=C:\Program Files\NetBeans 8.2\java\maven-nblib\netbeans-eventspy.jar -Dfile.encoding=UTF-8 -Djava.net.useSystemProxies=true install
java_class_path (initial): C:\Program Files\NetBeans 8.2\java\maven\boot\plexus-classworlds-2.4.jar
Launcher Type: SUN_STANDARD

Environment Variables:
JAVA_HOME=C:\Program Files\Java\jdk1.8.0_111
PATH=C:\Program Files (x86)\Common Files\Oracle\Java\javapath;C:\ProgramData\Oracle\Java\javapath;C:\Program Files (x86)\Intel\iCLS Client\;C:\Program Files\Intel\iCLS Client\;C:\Windows\system32;C:\Windows;C:\Windows\System32\Wbem;C:\Windows\System32\WindowsPowerShell\v1.0\;C:\Program Files (x86)\Intel\Intel(R) Management Engine Components\DAL;C:\Program Files\Intel\Intel(R) Management Engine Components\DAL;C:\Program Files (x86)\Intel\Intel(R) Management Engine Components\IPT;C:\Program Files\Intel\Intel(R) Management Engine Components\IPT;C:\Program Files\nodejs\;C:\Program Files (x86)\Microsoft SQL Server\90\Tools\binn\;C:\Program Files\Microsoft VS Code\bin;C:\flutter\flutter\bin;C:\Users\erwin.ADIS\.dnx\bin;C:\Program Files\Microsoft DNX\Dnvm\;C:\Program Files\Microsoft SQL Server\120\Tools\Binn\;C:\Users\erwin.ADIS\AppData\Roaming\npm
USERNAME=erwin
OS=Windows_NT
PROCESSOR_IDENTIFIER=Intel64 Family 6 Model 158 Stepping 9, GenuineIntel



---------------  S Y S T E M  ---------------

OS: Windows 10.0 , 64 bit Build 10240 (10.0.10240.17113)

CPU:total 4 (4 cores per cpu, 1 threads per core) family 6 model 158 stepping 9, cmov, cx8, fxsr, mmx, sse, sse2, sse3, ssse3, sse4.1, sse4.2, popcnt, avx, avx2, aes, clmul, erms, rtm, 3dnowpref, lzcnt, tsc, tscinvbit, bmi1, bmi2, adx

Memory: 4k page, physical 16639728k(3328032k free), swap 35767276k(2044k free)

vm_info: Java HotSpot(TM) 64-Bit Server VM (25.111-b14) for windows-amd64 JRE (1.8.0_111-b14), built on Sep 22 2016 19:24:05 by "java_re" with MS VC++ 10.0 (VS2010)

time: Wed May 13 16:02:50 2020
elapsed time: 205 seconds (0d 0h 3m 25s)

