#
# There is insufficient memory for the Java Runtime Environment to continue.
# Native memory allocation (malloc) failed to allocate 192256 bytes for Chunk::new
# Possible reasons:
#   The system is out of physical RAM or swap space
#   In 32 bit mode, the process size limit was hit
# Possible solutions:
#   Reduce memory load on the system
#   Increase physical memory or swap space
#   Check if swap backing store is full
#   Use 64 bit Java on a 64 bit OS
#   Decrease Java heap size (-Xmx/-Xms)
#   Decrease number of Java threads
#   Decrease Java thread stack sizes (-Xss)
#   Set larger code cache with -XX:ReservedCodeCacheSize=
# This output file may be truncated or incomplete.
#
#  Out of Memory Error (allocation.cpp:390), pid=22548, tid=0x000000000000ac70
#
# JRE version: Java(TM) SE Runtime Environment (8.0_111-b14) (build 1.8.0_111-b14)
# Java VM: Java HotSpot(TM) 64-Bit Server VM (25.111-b14 mixed mode windows-amd64 compressed oops)
# Failed to write core dump. Minidumps are not enabled by default on client versions of Windows
#

---------------  T H R E A D  ---------------

Current thread (0x000000001c2ac800):  JavaThread "C2 CompilerThread0" daemon [_thread_in_native, id=44144, stack(0x000000001d8f0000,0x000000001d9f0000)]

Stack: [0x000000001d8f0000,0x000000001d9f0000]
[error occurred during error reporting (printing stack bounds), id 0xc0000005]

Native frames: (J=compiled Java code, j=interpreted, Vv=VM code, C=native code)


Current CompileTask:
C2: 219671 2625       4       org.codehaus.plexus.classworlds.realm.Entry::matches (282 bytes)


---------------  P R O C E S S  ---------------

Java Threads: ( => current thread )
  0x000000001c30d800 JavaThread "Service Thread" daemon [_thread_blocked, id=63560, stack(0x000000001dff0000,0x000000001e0f0000)]
  0x000000001daf8800 JavaThread "C1 CompilerThread2" daemon [_thread_blocked, id=52764, stack(0x000000001def0000,0x000000001dff0000)]
  0x000000001c2b0800 JavaThread "C2 CompilerThread1" daemon [_thread_blocked, id=62256, stack(0x000000001d9f0000,0x000000001daf0000)]
=>0x000000001c2ac800 JavaThread "C2 CompilerThread0" daemon [_thread_in_native, id=44144, stack(0x000000001d8f0000,0x000000001d9f0000)]
  0x000000001c2ab800 JavaThread "Attach Listener" daemon [_thread_blocked, id=69820, stack(0x000000001d7f0000,0x000000001d8f0000)]
  0x000000001c2aa000 JavaThread "Signal Dispatcher" daemon [_thread_blocked, id=57092, stack(0x000000001d6f0000,0x000000001d7f0000)]
  0x0000000002d04800 JavaThread "Finalizer" daemon [_thread_blocked, id=45528, stack(0x000000001d510000,0x000000001d610000)]
  0x0000000002d01000 JavaThread "Reference Handler" daemon [_thread_blocked, id=25692, stack(0x000000001d410000,0x000000001d510000)]
  0x000000000137e000 JavaThread "main" [_thread_in_vm, id=71396, stack(0x0000000002ad0000,0x0000000002bd0000)]

Other Threads:
  0x000000001c277800 VMThread [stack: 0x000000001d310000,0x000000001d410000] [id=55384]
  0x000000001db03800 WatcherThread [stack: 0x000000001e0f0000,0x000000001e1f0000] [id=51864]

VM state:not at safepoint (normal execution)

VM Mutex/Monitor currently owned by a thread: None

Heap:
 PSYoungGen      total 75776K, used 39925K [0x000000076b580000, 0x0000000770a00000, 0x00000007c0000000)
  eden space 65024K, 49% used [0x000000076b580000,0x000000076d536ba0,0x000000076f500000)
  from space 10752K, 69% used [0x000000076ff80000,0x00000007706c6a60,0x0000000770a00000)
  to   space 10752K, 0% used [0x000000076f500000,0x000000076f500000,0x000000076ff80000)
 ParOldGen       total 173568K, used 24K [0x00000006c2000000, 0x00000006cc980000, 0x000000076b580000)
  object space 173568K, 0% used [0x00000006c2000000,0x00000006c2006000,0x00000006cc980000)
 Metaspace       used 14008K, capacity 14380K, committed 14592K, reserved 1062912K
  class space    used 1654K, capacity 1732K, committed 1792K, reserved 1048576K

Card table byte_map: [0x00000000120d0000,0x00000000128d0000] byte_map_base: 0x000000000eac0000

Marking Bits: (ParMarkBitMap*) 0x0000000051a0a6c0
 Begin Bits: [0x0000000013220000, 0x00000000171a0000)
 End Bits:   [0x00000000171a0000, 0x000000001b120000)

Polling page: 0x00000000012f0000

CodeCache: size=245760Kb used=8767Kb max_used=9069Kb free=236992Kb
 bounds [0x0000000002d10000, 0x0000000003600000, 0x0000000011d10000]
 total_blobs=2785 nmethods=2459 adapters=238
 compilation: enabled

Compilation events (10 events):
Event: 219.598 Thread 0x000000001daf8800 nmethod 2620 0x00000000031422d0 code [0x0000000003142420, 0x0000000003142530]
Event: 219.598 Thread 0x000000001c2b0800 2622       4       java.util.TreeMap$KeyIterator::next (8 bytes)
Event: 219.598 Thread 0x000000001daf8800 2623       3       org.sonatype.guice.plexus.locators.RealmFilter::iterator (41 bytes)
Event: 219.599 Thread 0x000000001daf8800 nmethod 2623 0x000000000305b110 code [0x000000000305b320, 0x000000000305bd98]
Event: 219.599 Thread 0x000000001daf8800 2624       3       org.sonatype.guice.plexus.locators.ClassRealmUtils::contextRealm (33 bytes)
Event: 219.599 Thread 0x000000001daf8800 nmethod 2624 0x0000000003006d90 code [0x0000000003007040, 0x00000000030086b8]
Event: 219.599 Thread 0x000000001c2b0800 nmethod 2622 0x0000000002f80cd0 code [0x0000000002f80e20, 0x0000000002f80f98]
Event: 219.602 Thread 0x000000001c2ac800 2625       4       org.codehaus.plexus.classworlds.realm.Entry::matches (282 bytes)
Event: 219.603 Thread 0x000000001daf8800 2626       3       sun.reflect.NativeConstructorAccessorImpl::newInstance (89 bytes)
Event: 219.604 Thread 0x000000001daf8800 nmethod 2626 0x0000000003004f90 code [0x0000000003005200, 0x0000000003006578]

GC Heap History (4 events):
Event: 200.364 GC heap before
{Heap before GC invocations=1 (full 0):
 PSYoungGen      total 75776K, used 65024K [0x000000076b580000, 0x0000000770a00000, 0x00000007c0000000)
  eden space 65024K, 100% used [0x000000076b580000,0x000000076f500000,0x000000076f500000)
  from space 10752K, 0% used [0x000000076ff80000,0x000000076ff80000,0x0000000770a00000)
  to   space 10752K, 0% used [0x000000076f500000,0x000000076f500000,0x000000076ff80000)
 ParOldGen       total 173568K, used 0K [0x00000006c2000000, 0x00000006cc980000, 0x000000076b580000)
  object space 173568K, 0% used [0x00000006c2000000,0x00000006c2000000,0x00000006cc980000)
 Metaspace       used 12278K, capacity 12532K, committed 12672K, reserved 1060864K
  class space    used 1508K, capacity 1576K, committed 1664K, reserved 1048576K
Event: 200.373 GC heap after
Heap after GC invocations=1 (full 0):
 PSYoungGen      total 75776K, used 9869K [0x000000076b580000, 0x0000000770a00000, 0x00000007c0000000)
  eden space 65024K, 0% used [0x000000076b580000,0x000000076b580000,0x000000076f500000)
  from space 10752K, 91% used [0x000000076f500000,0x000000076fea3798,0x000000076ff80000)
  to   space 10752K, 0% used [0x000000076ff80000,0x000000076ff80000,0x0000000770a00000)
 ParOldGen       total 173568K, used 8K [0x00000006c2000000, 0x00000006cc980000, 0x000000076b580000)
  object space 173568K, 0% used [0x00000006c2000000,0x00000006c2002000,0x00000006cc980000)
 Metaspace       used 12278K, capacity 12532K, committed 12672K, reserved 1060864K
  class space    used 1508K, capacity 1576K, committed 1664K, reserved 1048576K
}
Event: 208.957 GC heap before
{Heap before GC invocations=2 (full 0):
 PSYoungGen      total 75776K, used 74893K [0x000000076b580000, 0x0000000770a00000, 0x00000007c0000000)
  eden space 65024K, 100% used [0x000000076b580000,0x000000076f500000,0x000000076f500000)
  from space 10752K, 91% used [0x000000076f500000,0x000000076fea3798,0x000000076ff80000)
  to   space 10752K, 0% used [0x000000076ff80000,0x000000076ff80000,0x0000000770a00000)
 ParOldGen       total 173568K, used 8K [0x00000006c2000000, 0x00000006cc980000, 0x000000076b580000)
  object space 173568K, 0% used [0x00000006c2000000,0x00000006c2002000,0x00000006cc980000)
 Metaspace       used 12921K, capacity 13212K, committed 13440K, reserved 1060864K
  class space    used 1536K, capacity 1620K, committed 1664K, reserved 1048576K
Event: 208.971 GC heap after
Heap after GC invocations=2 (full 0):
 PSYoungGen      total 75776K, used 7450K [0x000000076b580000, 0x0000000770a00000, 0x00000007c0000000)
  eden space 65024K, 0% used [0x000000076b580000,0x000000076b580000,0x000000076f500000)
  from space 10752K, 69% used [0x000000076ff80000,0x00000007706c6a60,0x0000000770a00000)
  to   space 10752K, 0% used [0x000000076f500000,0x000000076f500000,0x000000076ff80000)
 ParOldGen       total 173568K, used 24K [0x00000006c2000000, 0x00000006cc980000, 0x000000076b580000)
  object space 173568K, 0% used [0x00000006c2000000,0x00000006c2006000,0x00000006cc980000)
 Metaspace       used 12921K, capacity 13212K, committed 13440K, reserved 1060864K
  class space    used 1536K, capacity 1620K, committed 1664K, reserved 1048576K
}

Deoptimization events (10 events):
Event: 211.733 Thread 0x000000000137e000 Uncommon trap: reason=class_check action=maybe_recompile pc=0x0000000003543c6c method=java.util.AbstractCollection.containsAll(Ljava/util/Collection;)Z @ 1
Event: 216.724 Thread 0x000000000137e000 Uncommon trap: reason=unstable_if action=reinterpret pc=0x0000000003420848 method=org.sonatype.guice.bean.locators.RankedBindings$Itr.hasNext()Z @ 60
Event: 216.780 Thread 0x000000000137e000 Uncommon trap: reason=unstable_if action=reinterpret pc=0x00000000033af140 method=org.sonatype.guice.bean.locators.RankedBindings$Itr.hasNext()Z @ 60
Event: 216.810 Thread 0x000000000137e000 Uncommon trap: reason=unstable_if action=reinterpret pc=0x0000000003415678 method=java.util.ArrayList.remove(Ljava/lang/Object;)Z @ 46
Event: 217.053 Thread 0x000000000137e000 Uncommon trap: reason=unstable_if action=reinterpret pc=0x0000000003274d04 method=java.lang.StringBuffer.toString()Ljava/lang/String; @ 4
Event: 217.053 Thread 0x000000000137e000 Uncommon trap: reason=unstable_if action=reinterpret pc=0x000000000336cff8 method=java.util.regex.Pattern.compile()V @ 320
Event: 217.053 Thread 0x000000000137e000 Uncommon trap: reason=unstable_if action=reinterpret pc=0x000000000327394c method=java.util.regex.Pattern$CharProperty.match(Ljava/util/regex/Matcher;ILjava/lang/CharSequence;)Z @ 40
Event: 217.760 Thread 0x000000000137e000 Uncommon trap: reason=unstable_if action=reinterpret pc=0x000000000301a65c method=org.apache.maven.shared.filtering.MultiDelimiterInterpolatorFilterReaderLineEnding.reselectDelimiterSpec(I)Z @ 36
Event: 217.760 Thread 0x000000000137e000 Uncommon trap: reason=unstable_if action=reinterpret pc=0x0000000002f702e4 method=org.apache.maven.shared.filtering.MultiDelimiterInterpolatorFilterReaderLineEnding.reselectDelimiterSpec(I)Z @ 36
Event: 217.773 Thread 0x000000000137e000 Uncommon trap: reason=unstable_if action=reinterpret pc=0x00000000034cf32c method=org.apache.maven.model.ConfigurationContainer.clone()Lorg/apache/maven/model/ConfigurationContainer; @ 37

Internal exceptions (10 events):
Event: 2.647 Thread 0x000000000137e000 Exception <a 'java/lang/ArrayIndexOutOfBoundsException'> (0x000000076cf139e0) thrown at [C:\re\workspace\8-2-build-windows-amd64-cygwin\jdk8u111\7883\hotspot\src\share\vm\runtime\sharedRuntime.cpp, line 605]
Event: 3.615 Thread 0x000000000137e000 Exception <a 'java/lang/NoClassDefFoundError': org/slf4j/Logger> (0x000000076d4b76d0) thrown at [C:\re\workspace\8-2-build-windows-amd64-cygwin\jdk8u111\7883\hotspot\src\share\vm\classfile\systemDictionary.cpp, line 199]
Event: 4.436 Thread 0x000000000137e000 Exception <a 'java/lang/NoClassDefFoundError': org/slf4j/LoggerFactory> (0x000000076d76b2d8) thrown at [C:\re\workspace\8-2-build-windows-amd64-cygwin\jdk8u111\7883\hotspot\src\share\vm\classfile\systemDictionary.cpp, line 199]
Event: 4.436 Thread 0x000000000137e000 Exception <a 'java/lang/NoClassDefFoundError'> (0x000000076d76b2d8) thrown at [C:\re\workspace\8-2-build-windows-amd64-cygwin\jdk8u111\7883\hotspot\src\share\vm\oops\instanceKlass.cpp, line 964]
Event: 200.383 Thread 0x000000000137e000 Implicit null exception at 0x00000000030ea7d5 to 0x00000000030ea9d9
Event: 200.383 Thread 0x000000000137e000 Implicit null exception at 0x000000000302bcaf to 0x000000000302bd19
Event: 200.448 Thread 0x000000000137e000 Implicit null exception at 0x0000000003277781 to 0x0000000003278959
Event: 210.333 Thread 0x000000000137e000 Implicit null exception at 0x0000000003086ffb to 0x00000000030875f5
Event: 216.720 Thread 0x000000000137e000 Exception <a 'java/lang/NoClassDefFoundError': org/slf4j/Logger> (0x000000076ca84ad0) thrown at [C:\re\workspace\8-2-build-windows-amd64-cygwin\jdk8u111\7883\hotspot\src\share\vm\oops\constantPool.cpp, line 235]
Event: 219.588 Thread 0x000000000137e000 Exception <a 'java/lang/NoClassDefFoundError': org/slf4j/Logger> (0x000000076d3f6c58) thrown at [C:\re\workspace\8-2-build-windows-amd64-cygwin\jdk8u111\7883\hotspot\src\share\vm\oops\constantPool.cpp, line 235]

Events (10 events):
Event: 219.602 loading class org/codehaus/plexus/util/cli/StreamConsumer
Event: 219.602 loading class org/codehaus/plexus/util/cli/StreamConsumer done
Event: 219.603 loading class org/codehaus/plexus/compiler/CompilerOutputStyle
Event: 219.603 loading class org/codehaus/plexus/compiler/CompilerOutputStyle done
Event: 219.603 loading class org/codehaus/plexus/compiler/CompilerOutputStyle
Event: 219.603 loading class org/codehaus/plexus/compiler/CompilerOutputStyle done
Event: 219.603 loading class org/codehaus/plexus/compiler/CompilerError
Event: 219.603 loading class org/codehaus/plexus/compiler/CompilerError done
Event: 219.603 loading class org/codehaus/plexus/compiler/CompilerError
Event: 219.603 loading class org/codehaus/plexus/compiler/CompilerError done


Dynamic libraries:
0x00007ff7fe600000 - 0x00007ff7fe637000 	C:\Program Files\Java\jdk1.8.0_111\bin\java.exe
0x00007ffb4c130000 - 0x00007ffb4c2f2000 	C:\Windows\SYSTEM32\ntdll.dll
0x00007ffb4c040000 - 0x00007ffb4c0ed000 	C:\Windows\system32\KERNEL32.DLL
0x00007ffb48f20000 - 0x00007ffb490fd000 	C:\Windows\system32\KERNELBASE.dll
0x0000000052d80000 - 0x0000000052e13000 	C:\Windows\System32\SYSFER.DLL
0x00007ffb4aa00000 - 0x00007ffb4aaa6000 	C:\Windows\system32\ADVAPI32.dll
0x00007ffb49c50000 - 0x00007ffb49ced000 	C:\Windows\system32\msvcrt.dll
0x00007ffb4a170000 - 0x00007ffb4a1cb000 	C:\Windows\system32\sechost.dll
0x00007ffb4a5a0000 - 0x00007ffb4a6c6000 	C:\Windows\system32\RPCRT4.dll
0x00007ffb4a3a0000 - 0x00007ffb4a4ee000 	C:\Windows\system32\USER32.dll
0x00007ffb49fe0000 - 0x00007ffb4a163000 	C:\Windows\system32\GDI32.dll
0x00007ffb3d050000 - 0x00007ffb3d2c4000 	C:\Windows\WinSxS\amd64_microsoft.windows.common-controls_6595b64144ccf1df_6.0.10240.17184_none_f41d7a705752bce6\COMCTL32.dll
0x00007ffb4c0f0000 - 0x00007ffb4c126000 	C:\Windows\system32\IMM32.DLL
0x00007ffb4a1e0000 - 0x00007ffb4a33c000 	C:\Windows\system32\MSCTF.dll
0x0000000051110000 - 0x00000000511e2000 	C:\Program Files\Java\jdk1.8.0_111\jre\bin\msvcr100.dll
0x00000000511f0000 - 0x0000000051a8a000 	C:\Program Files\Java\jdk1.8.0_111\jre\bin\server\jvm.dll
0x00007ffb4a9f0000 - 0x00007ffb4a9f8000 	C:\Windows\system32\PSAPI.DLL
0x00007ffb47320000 - 0x00007ffb47329000 	C:\Windows\SYSTEM32\WSOCK32.dll
0x00007ffb49be0000 - 0x00007ffb49c49000 	C:\Windows\system32\WS2_32.dll
0x00007ffb4a1d0000 - 0x00007ffb4a1d8000 	C:\Windows\system32\NSI.dll
0x00007ffb47260000 - 0x00007ffb47283000 	C:\Windows\SYSTEM32\WINMM.dll
0x00007ffb3df20000 - 0x00007ffb3df2a000 	C:\Windows\SYSTEM32\VERSION.dll
0x00007ffb47200000 - 0x00007ffb4722c000 	C:\Windows\SYSTEM32\WINMMBASE.dll
0x00007ffb48ed0000 - 0x00007ffb48f14000 	C:\Windows\system32\cfgmgr32.dll
0x00007ffb474d0000 - 0x00007ffb474f7000 	C:\Windows\SYSTEM32\DEVOBJ.dll
0x00000000510c0000 - 0x00000000510cf000 	C:\Program Files\Java\jdk1.8.0_111\jre\bin\verify.dll
0x0000000051090000 - 0x00000000510b9000 	C:\Program Files\Java\jdk1.8.0_111\jre\bin\java.dll
0x0000000051070000 - 0x0000000051086000 	C:\Program Files\Java\jdk1.8.0_111\jre\bin\zip.dll
0x00007ffb4aab0000 - 0x00007ffb4bfd3000 	C:\Windows\system32\SHELL32.dll
0x00007ffb49100000 - 0x00007ffb49729000 	C:\Windows\system32\windows.storage.dll
0x00007ffb49d60000 - 0x00007ffb49fdc000 	C:\Windows\system32\combase.dll
0x00007ffb4bfe0000 - 0x00007ffb4c031000 	C:\Windows\system32\shlwapi.dll
0x00007ffb48b70000 - 0x00007ffb48b7f000 	C:\Windows\system32\kernel.appcore.dll
0x00007ffb49730000 - 0x00007ffb497e3000 	C:\Windows\system32\shcore.dll
0x00007ffb48ba0000 - 0x00007ffb48bea000 	C:\Windows\system32\powrprof.dll
0x00007ffb48b80000 - 0x00007ffb48b93000 	C:\Windows\system32\profapi.dll
0x0000000051050000 - 0x000000005106a000 	C:\Program Files\Java\jdk1.8.0_111\jre\bin\net.dll
0x00007ffb48360000 - 0x00007ffb483bd000 	C:\Windows\system32\mswsock.dll
0x0000000051030000 - 0x0000000051041000 	C:\Program Files\Java\jdk1.8.0_111\jre\bin\nio.dll

VM Arguments:
jvm_args: -Dclassworlds.conf=C:\Program Files\NetBeans 8.2\java\maven\bin\m2.conf -Dmaven.home=C:\Program Files\NetBeans 8.2\java\maven 
java_command: org.codehaus.plexus.classworlds.launcher.Launcher -Dmaven.ext.class.path=C:\Program Files\NetBeans 8.2\java\maven-nblib\netbeans-eventspy.jar -Dfile.encoding=UTF-8 -Djava.net.useSystemProxies=true install
java_class_path (initial): C:\Program Files\NetBeans 8.2\java\maven\boot\plexus-classworlds-2.4.jar
Launcher Type: SUN_STANDARD

Environment Variables:
JAVA_HOME=C:\Program Files\Java\jdk1.8.0_111
PATH=C:\Program Files (x86)\Common Files\Oracle\Java\javapath;C:\ProgramData\Oracle\Java\javapath;C:\Program Files (x86)\Intel\iCLS Client\;C:\Program Files\Intel\iCLS Client\;C:\Windows\system32;C:\Windows;C:\Windows\System32\Wbem;C:\Windows\System32\WindowsPowerShell\v1.0\;C:\Program Files (x86)\Intel\Intel(R) Management Engine Components\DAL;C:\Program Files\Intel\Intel(R) Management Engine Components\DAL;C:\Program Files (x86)\Intel\Intel(R) Management Engine Components\IPT;C:\Program Files\Intel\Intel(R) Management Engine Components\IPT;C:\Program Files\nodejs\;C:\Program Files (x86)\Microsoft SQL Server\90\Tools\binn\;C:\Program Files\Microsoft VS Code\bin;C:\flutter\flutter\bin;C:\Users\erwin.ADIS\.dnx\bin;C:\Program Files\Microsoft DNX\Dnvm\;C:\Program Files\Microsoft SQL Server\120\Tools\Binn\;C:\Users\erwin.ADIS\AppData\Roaming\npm
USERNAME=erwin
OS=Windows_NT
PROCESSOR_IDENTIFIER=Intel64 Family 6 Model 158 Stepping 9, GenuineIntel



---------------  S Y S T E M  ---------------

OS: Windows 10.0 , 64 bit Build 10240 (10.0.10240.17113)

CPU:total 4 (4 cores per cpu, 1 threads per core) family 6 model 158 stepping 9, cmov, cx8, fxsr, mmx, sse, sse2, sse3, ssse3, sse4.1, sse4.2, popcnt, avx, avx2, aes, clmul, erms, rtm, 3dnowpref, lzcnt, tsc, tscinvbit, bmi1, bmi2, adx

Memory: 4k page, physical 16639728k(4249208k free), swap 35767276k(4132k free)

vm_info: Java HotSpot(TM) 64-Bit Server VM (25.111-b14) for windows-amd64 JRE (1.8.0_111-b14), built on Sep 22 2016 19:24:05 by "java_re" with MS VC++ 10.0 (VS2010)

time: Wed May 13 16:01:11 2020
elapsed time: 219 seconds (0d 0h 3m 39s)

