#
# There is insufficient memory for the Java Runtime Environment to continue.
# Native memory allocation (malloc) failed to allocate 170656 bytes for Chunk::new
# Possible reasons:
#   The system is out of physical RAM or swap space
#   In 32 bit mode, the process size limit was hit
# Possible solutions:
#   Reduce memory load on the system
#   Increase physical memory or swap space
#   Check if swap backing store is full
#   Use 64 bit Java on a 64 bit OS
#   Decrease Java heap size (-Xmx/-Xms)
#   Decrease number of Java threads
#   Decrease Java thread stack sizes (-Xss)
#   Set larger code cache with -XX:ReservedCodeCacheSize=
# This output file may be truncated or incomplete.
#
#  Out of Memory Error (allocation.cpp:390), pid=54476, tid=0x000000000000d594
#
# JRE version: Java(TM) SE Runtime Environment (8.0_111-b14) (build 1.8.0_111-b14)
# Java VM: Java HotSpot(TM) 64-Bit Server VM (25.111-b14 mixed mode windows-amd64 compressed oops)
# Failed to write core dump. Minidumps are not enabled by default on client versions of Windows
#

---------------  T H R E A D  ---------------

Current thread (0x000000001b45d800):  JavaThread "C2 CompilerThread0" daemon [_thread_in_native, id=54676, stack(0x000000001ca90000,0x000000001cb90000)]

Stack: [0x000000001ca90000,0x000000001cb90000]
[error occurred during error reporting (printing stack bounds), id 0xc0000005]

Native frames: (J=compiled Java code, j=interpreted, Vv=VM code, C=native code)


Current CompileTask:
C2: 205974 3346   !   4       sun.misc.URLClassPath$JarLoader::getResource (85 bytes)


---------------  P R O C E S S  ---------------

Java Threads: ( => current thread )
  0x000000001eb2d800 JavaThread "resolver-4" daemon [_thread_blocked, id=23396, stack(0x0000000021970000,0x0000000021a70000)]
  0x000000001e33d000 JavaThread "resolver-3" daemon [_thread_blocked, id=60828, stack(0x0000000021870000,0x0000000021970000)]
  0x000000001f809800 JavaThread "resolver-2" daemon [_thread_blocked, id=66772, stack(0x0000000021770000,0x0000000021870000)]
  0x000000001d3df000 JavaThread "resolver-1" daemon [_thread_blocked, id=58400, stack(0x000000001f240000,0x000000001f340000)]
  0x000000001cd96000 JavaThread "Service Thread" daemon [_thread_blocked, id=58136, stack(0x000000001d190000,0x000000001d290000)]
  0x000000001b4b9800 JavaThread "C1 CompilerThread2" daemon [_thread_blocked, id=61896, stack(0x000000001cc90000,0x000000001cd90000)]
  0x000000001b461000 JavaThread "C2 CompilerThread1" daemon [_thread_blocked, id=57928, stack(0x000000001cb90000,0x000000001cc90000)]
=>0x000000001b45d800 JavaThread "C2 CompilerThread0" daemon [_thread_in_native, id=54676, stack(0x000000001ca90000,0x000000001cb90000)]
  0x000000001b45c800 JavaThread "Attach Listener" daemon [_thread_blocked, id=52464, stack(0x000000001c990000,0x000000001ca90000)]
  0x000000001b45b000 JavaThread "Signal Dispatcher" daemon [_thread_blocked, id=59508, stack(0x000000001c890000,0x000000001c990000)]
  0x0000000001eb6800 JavaThread "Finalizer" daemon [_thread_blocked, id=61648, stack(0x000000001c6b0000,0x000000001c7b0000)]
  0x0000000001eb3000 JavaThread "Reference Handler" daemon [_thread_blocked, id=4352, stack(0x000000001c5b0000,0x000000001c6b0000)]
  0x000000000057e000 JavaThread "main" [_thread_blocked, id=59596, stack(0x0000000000580000,0x0000000000680000)]

Other Threads:
  0x000000001b427000 VMThread [stack: 0x000000001c4b0000,0x000000001c5b0000] [id=51544]
  0x000000001cd9f000 WatcherThread [stack: 0x000000001d290000,0x000000001d390000] [id=67476]

VM state:at safepoint (normal execution)

VM Mutex/Monitor currently owned by a thread:  ([mutex/lock_event])
[0x000000000057cd80] Threads_lock - owner thread: 0x000000001b427000
[0x000000000057d500] Heap_lock - owner thread: 0x000000000057e000

Heap:
 PSYoungGen      total 75776K, used 10736K [0x000000076b580000, 0x0000000770a00000, 0x00000007c0000000)
  eden space 65024K, 0% used [0x000000076b580000,0x000000076b580000,0x000000076f500000)
  from space 10752K, 99% used [0x000000076f500000,0x000000076ff7c030,0x000000076ff80000)
  to   space 10752K, 0% used [0x000000076ff80000,0x000000076ff80000,0x0000000770a00000)
 ParOldGen       total 173568K, used 16607K [0x00000006c2000000, 0x00000006cc980000, 0x000000076b580000)
  object space 173568K, 9% used [0x00000006c2000000,0x00000006c3037c00,0x00000006cc980000)
 Metaspace       used 20654K, capacity 21038K, committed 21120K, reserved 1071104K
  class space    used 2495K, capacity 2648K, committed 2688K, reserved 1048576K

Card table byte_map: [0x0000000011280000,0x0000000011a80000] byte_map_base: 0x000000000dc70000

Marking Bits: (ParMarkBitMap*) 0x0000000051a0a6c0
 Begin Bits: [0x00000000123d0000, 0x0000000016350000)
 End Bits:   [0x0000000016350000, 0x000000001a2d0000)

Polling page: 0x00000000004f0000

CodeCache: size=245760Kb used=10628Kb max_used=10710Kb free=235131Kb
 bounds [0x0000000001ec0000, 0x0000000002950000, 0x0000000010ec0000]
 total_blobs=3328 nmethods=2930 adapters=310
 compilation: enabled

Compilation events (10 events):
Event: 205.866 Thread 0x000000001b4b9800 nmethod 3343 0x0000000002631010 code [0x0000000002631180, 0x00000000026314d0]
Event: 205.867 Thread 0x000000001b4b9800 3344       3       org.sonatype.guice.bean.locators.RankedSequence$Itr::peekNextRank (105 bytes)
Event: 205.867 Thread 0x000000001b4b9800 nmethod 3344 0x0000000002630710 code [0x00000000026308a0, 0x0000000002630e88]
Event: 205.870 Thread 0x000000001b4b9800 3345       1       org.apache.maven.artifact.DefaultArtifact::isOptional (5 bytes)
Event: 205.870 Thread 0x000000001b4b9800 nmethod 3345 0x0000000002630450 code [0x00000000026305a0, 0x00000000026306b0]
Event: 205.872 Thread 0x000000001b45d800 nmethod 3339 0x0000000002499410 code [0x0000000002499600, 0x000000000249a7a0]
Event: 205.874 Thread 0x000000001b461000 nmethod 3338 0x0000000002496fd0 code [0x00000000024971c0, 0x00000000024983e0]
Event: 205.874 Thread 0x000000001b45d800 3346   !   4       sun.misc.URLClassPath$JarLoader::getResource (85 bytes)
Event: 205.874 Thread 0x000000001b4b9800 3348       3       java.io.FileOutputStream::write (12 bytes)
Event: 205.874 Thread 0x000000001b4b9800 nmethod 3348 0x000000000262fad0 code [0x000000000262fc40, 0x000000000262fdc8]

GC Heap History (9 events):
Event: 133.473 GC heap before
{Heap before GC invocations=1 (full 0):
 PSYoungGen      total 75776K, used 65024K [0x000000076b580000, 0x0000000770a00000, 0x00000007c0000000)
  eden space 65024K, 100% used [0x000000076b580000,0x000000076f500000,0x000000076f500000)
  from space 10752K, 0% used [0x000000076ff80000,0x000000076ff80000,0x0000000770a00000)
  to   space 10752K, 0% used [0x000000076f500000,0x000000076f500000,0x000000076ff80000)
 ParOldGen       total 173568K, used 0K [0x00000006c2000000, 0x00000006cc980000, 0x000000076b580000)
  object space 173568K, 0% used [0x00000006c2000000,0x00000006c2000000,0x00000006cc980000)
 Metaspace       used 12258K, capacity 12468K, committed 12672K, reserved 1060864K
  class space    used 1503K, capacity 1576K, committed 1664K, reserved 1048576K
Event: 134.262 GC heap after
Heap after GC invocations=1 (full 0):
 PSYoungGen      total 75776K, used 9967K [0x000000076b580000, 0x0000000770a00000, 0x00000007c0000000)
  eden space 65024K, 0% used [0x000000076b580000,0x000000076b580000,0x000000076f500000)
  from space 10752K, 92% used [0x000000076f500000,0x000000076febbe90,0x000000076ff80000)
  to   space 10752K, 0% used [0x000000076ff80000,0x000000076ff80000,0x0000000770a00000)
 ParOldGen       total 173568K, used 16K [0x00000006c2000000, 0x00000006cc980000, 0x000000076b580000)
  object space 173568K, 0% used [0x00000006c2000000,0x00000006c2004000,0x00000006cc980000)
 Metaspace       used 12258K, capacity 12468K, committed 12672K, reserved 1060864K
  class space    used 1503K, capacity 1576K, committed 1664K, reserved 1048576K
}
Event: 162.871 GC heap before
{Heap before GC invocations=2 (full 0):
 PSYoungGen      total 75776K, used 74991K [0x000000076b580000, 0x0000000770a00000, 0x00000007c0000000)
  eden space 65024K, 100% used [0x000000076b580000,0x000000076f500000,0x000000076f500000)
  from space 10752K, 92% used [0x000000076f500000,0x000000076febbe90,0x000000076ff80000)
  to   space 10752K, 0% used [0x000000076ff80000,0x000000076ff80000,0x0000000770a00000)
 ParOldGen       total 173568K, used 16K [0x00000006c2000000, 0x00000006cc980000, 0x000000076b580000)
  object space 173568K, 0% used [0x00000006c2000000,0x00000006c2004000,0x00000006cc980000)
 Metaspace       used 12923K, capacity 13148K, committed 13440K, reserved 1060864K
  class space    used 1538K, capacity 1620K, committed 1664K, reserved 1048576K
Event: 162.880 GC heap after
Heap after GC invocations=2 (full 0):
 PSYoungGen      total 75776K, used 7370K [0x000000076b580000, 0x0000000770a00000, 0x00000007c0000000)
  eden space 65024K, 0% used [0x000000076b580000,0x000000076b580000,0x000000076f500000)
  from space 10752K, 68% used [0x000000076ff80000,0x00000007706b2a50,0x0000000770a00000)
  to   space 10752K, 0% used [0x000000076f500000,0x000000076f500000,0x000000076ff80000)
 ParOldGen       total 173568K, used 24K [0x00000006c2000000, 0x00000006cc980000, 0x000000076b580000)
  object space 173568K, 0% used [0x00000006c2000000,0x00000006c2006000,0x00000006cc980000)
 Metaspace       used 12923K, capacity 13148K, committed 13440K, reserved 1060864K
  class space    used 1538K, capacity 1620K, committed 1664K, reserved 1048576K
}
Event: 184.379 GC heap before
{Heap before GC invocations=3 (full 0):
 PSYoungGen      total 75776K, used 72376K [0x000000076b580000, 0x0000000770a00000, 0x00000007c0000000)
  eden space 65024K, 99% used [0x000000076b580000,0x000000076f4fb880,0x000000076f500000)
  from space 10752K, 68% used [0x000000076ff80000,0x00000007706b2a50,0x0000000770a00000)
  to   space 10752K, 0% used [0x000000076f500000,0x000000076f500000,0x000000076ff80000)
 ParOldGen       total 173568K, used 24K [0x00000006c2000000, 0x00000006cc980000, 0x000000076b580000)
  object space 173568K, 0% used [0x00000006c2000000,0x00000006c2006000,0x00000006cc980000)
 Metaspace       used 17271K, capacity 17656K, committed 17920K, reserved 1064960K
  class space    used 2105K, capacity 2188K, committed 2304K, reserved 1048576K
Event: 184.624 GC heap after
Heap after GC invocations=3 (full 0):
 PSYoungGen      total 75776K, used 10618K [0x000000076b580000, 0x0000000770a00000, 0x00000007c0000000)
  eden space 65024K, 0% used [0x000000076b580000,0x000000076b580000,0x000000076f500000)
  from space 10752K, 98% used [0x000000076f500000,0x000000076ff5ea08,0x000000076ff80000)
  to   space 10752K, 0% used [0x000000076ff80000,0x000000076ff80000,0x0000000770a00000)
 ParOldGen       total 173568K, used 32K [0x00000006c2000000, 0x00000006cc980000, 0x000000076b580000)
  object space 173568K, 0% used [0x00000006c2000000,0x00000006c2008000,0x00000006cc980000)
 Metaspace       used 17271K, capacity 17656K, committed 17920K, reserved 1064960K
  class space    used 2105K, capacity 2188K, committed 2304K, reserved 1048576K
}
Event: 195.613 GC heap before
{Heap before GC invocations=4 (full 0):
 PSYoungGen      total 75776K, used 75642K [0x000000076b580000, 0x0000000770a00000, 0x00000007c0000000)
  eden space 65024K, 100% used [0x000000076b580000,0x000000076f500000,0x000000076f500000)
  from space 10752K, 98% used [0x000000076f500000,0x000000076ff5ea08,0x000000076ff80000)
  to   space 10752K, 0% used [0x000000076ff80000,0x000000076ff80000,0x0000000770a00000)
 ParOldGen       total 173568K, used 32K [0x00000006c2000000, 0x00000006cc980000, 0x000000076b580000)
  object space 173568K, 0% used [0x00000006c2000000,0x00000006c2008000,0x00000006cc980000)
 Metaspace       used 18511K, capacity 18928K, committed 19072K, reserved 1067008K
  class space    used 2222K, capacity 2351K, committed 2432K, reserved 1048576K
Event: 195.628 GC heap after
Heap after GC invocations=4 (full 0):
 PSYoungGen      total 75776K, used 10720K [0x000000076b580000, 0x0000000770a00000, 0x00000007c0000000)
  eden space 65024K, 0% used [0x000000076b580000,0x000000076b580000,0x000000076f500000)
  from space 10752K, 99% used [0x000000076ff80000,0x00000007709f8040,0x0000000770a00000)
  to   space 10752K, 0% used [0x000000076f500000,0x000000076f500000,0x000000076ff80000)
 ParOldGen       total 173568K, used 14808K [0x00000006c2000000, 0x00000006cc980000, 0x000000076b580000)
  object space 173568K, 8% used [0x00000006c2000000,0x00000006c2e76238,0x00000006cc980000)
 Metaspace       used 18511K, capacity 18928K, committed 19072K, reserved 1067008K
  class space    used 2222K, capacity 2351K, committed 2432K, reserved 1048576K
}
Event: 205.876 GC heap before
{Heap before GC invocations=5 (full 0):
 PSYoungGen      total 75776K, used 39212K [0x000000076b580000, 0x0000000770a00000, 0x00000007c0000000)
  eden space 65024K, 43% used [0x000000076b580000,0x000000076d153340,0x000000076f500000)
  from space 10752K, 99% used [0x000000076ff80000,0x00000007709f8040,0x0000000770a00000)
  to   space 10752K, 0% used [0x000000076f500000,0x000000076f500000,0x000000076ff80000)
 ParOldGen       total 173568K, used 14808K [0x00000006c2000000, 0x00000006cc980000, 0x000000076b580000)
  object space 173568K, 8% used [0x00000006c2000000,0x00000006c2e76238,0x00000006cc980000)
 Metaspace       used 20654K, capacity 21038K, committed 21120K, reserved 1071104K
  class space    used 2495K, capacity 2648K, committed 2688K, reserved 1048576K

Deoptimization events (10 events):
Event: 194.586 Thread 0x000000000057e000 Uncommon trap: reason=unstable_if action=reinterpret pc=0x00000000022c9624 method=org.apache.maven.model.ConfigurationContainer.getLocation(Ljava/lang/Object;)Lorg/apache/maven/model/InputLocation; @ 4
Event: 194.586 Thread 0x000000000057e000 Uncommon trap: reason=unstable_if action=reinterpret pc=0x00000000022cab24 method=org.apache.maven.model.ConfigurationContainer.getLocation(Ljava/lang/Object;)Lorg/apache/maven/model/InputLocation; @ 4
Event: 195.607 Thread 0x000000000057e000 Uncommon trap: reason=null_check action=make_not_entrant pc=0x00000000028b4b68 method=org.apache.maven.model.io.xpp3.MavenXpp3ReaderEx.checkFieldWithDuplicate(Lorg/codehaus/plexus/util/xml/pull/XmlPullParser;Ljava/lang/String;Ljava/lang/String;Ljava/util/
Event: 196.012 Thread 0x000000000057e000 Uncommon trap: reason=class_check action=maybe_recompile pc=0x00000000024a8f18 method=java.util.AbstractList$Itr.hasNext()Z @ 8
Event: 196.012 Thread 0x000000000057e000 Uncommon trap: reason=class_check action=maybe_recompile pc=0x000000000250d398 method=java.util.AbstractList$Itr.next()Ljava/lang/Object; @ 14
Event: 196.995 Thread 0x000000000057e000 Uncommon trap: reason=unstable_if action=reinterpret pc=0x00000000026cc880 method=java.util.StringTokenizer.setMaxDelimCodePoint()V @ 71
Event: 197.001 Thread 0x000000000057e000 Uncommon trap: reason=bimorphic action=maybe_recompile pc=0x0000000002340384 method=java.util.concurrent.ConcurrentHashMap.get(Ljava/lang/Object;)Ljava/lang/Object; @ 149
Event: 198.483 Thread 0x000000000057e000 Uncommon trap: reason=unstable_if action=reinterpret pc=0x00000000029354b8 method=java.util.zip.DeflaterOutputStream.deflate()V @ 19
Event: 203.737 Thread 0x000000001e870800 Uncommon trap: reason=unstable_if action=reinterpret pc=0x0000000001fe7238 method=java.io.BufferedReader.readLine(Z)Ljava/lang/String; @ 192
Event: 205.494 Thread 0x000000000057e000 Uncommon trap: reason=bimorphic action=maybe_recompile pc=0x00000000028676b0 method=java.util.regex.Pattern$Curly.study(Ljava/util/regex/Pattern$TreeInfo;)Z @ 149

Internal exceptions (10 events):
Event: 205.869 Thread 0x000000000057e000 Exception <a 'java/io/IOException'> (0x000000076d0309e8) thrown at [C:\re\workspace\8-2-build-windows-amd64-cygwin\jdk8u111\7883\hotspot\src\share\vm\prims\jni.cpp, line 709]
Event: 205.869 Thread 0x000000000057e000 Exception <a 'java/io/IOException'> (0x000000076d030e30) thrown at [C:\re\workspace\8-2-build-windows-amd64-cygwin\jdk8u111\7883\hotspot\src\share\vm\prims\jni.cpp, line 709]
Event: 205.874 Thread 0x000000000057e000 Exception <a 'java/io/IOException'> (0x000000076d0c7b28) thrown at [C:\re\workspace\8-2-build-windows-amd64-cygwin\jdk8u111\7883\hotspot\src\share\vm\prims\jni.cpp, line 709]
Event: 205.874 Thread 0x000000000057e000 Exception <a 'java/io/IOException'> (0x000000076d0c7fa0) thrown at [C:\re\workspace\8-2-build-windows-amd64-cygwin\jdk8u111\7883\hotspot\src\share\vm\prims\jni.cpp, line 709]
Event: 205.874 Thread 0x000000000057e000 Exception <a 'java/io/IOException'> (0x000000076d0c8418) thrown at [C:\re\workspace\8-2-build-windows-amd64-cygwin\jdk8u111\7883\hotspot\src\share\vm\prims\jni.cpp, line 709]
Event: 205.874 Thread 0x000000000057e000 Exception <a 'java/io/IOException'> (0x000000076d0c8860) thrown at [C:\re\workspace\8-2-build-windows-amd64-cygwin\jdk8u111\7883\hotspot\src\share\vm\prims\jni.cpp, line 709]
Event: 205.874 Thread 0x000000000057e000 Exception <a 'java/io/IOException'> (0x000000076d0c9320) thrown at [C:\re\workspace\8-2-build-windows-amd64-cygwin\jdk8u111\7883\hotspot\src\share\vm\prims\jni.cpp, line 709]
Event: 205.874 Thread 0x000000000057e000 Exception <a 'java/io/IOException'> (0x000000076d0c9798) thrown at [C:\re\workspace\8-2-build-windows-amd64-cygwin\jdk8u111\7883\hotspot\src\share\vm\prims\jni.cpp, line 709]
Event: 205.874 Thread 0x000000000057e000 Exception <a 'java/io/IOException'> (0x000000076d0c9c10) thrown at [C:\re\workspace\8-2-build-windows-amd64-cygwin\jdk8u111\7883\hotspot\src\share\vm\prims\jni.cpp, line 709]
Event: 205.874 Thread 0x000000000057e000 Exception <a 'java/io/IOException'> (0x000000076d0ca058) thrown at [C:\re\workspace\8-2-build-windows-amd64-cygwin\jdk8u111\7883\hotspot\src\share\vm\prims\jni.cpp, line 709]

Events (10 events):
Event: 205.874 loading class org/apache/maven/plugin/war/AbstractWarMojo$DefaultWarPackagingContext done
Event: 205.874 loading class org/apache/maven/plugin/war/AbstractWarMojo$DefaultWarPackagingContext
Event: 205.874 loading class org/apache/maven/plugin/war/AbstractWarMojo$DefaultWarPackagingContext done
Event: 205.874 loading class org/apache/maven/plugin/war/AbstractWarMojo$DefaultWarPackagingContext
Event: 205.874 loading class org/apache/maven/plugin/war/AbstractWarMojo$DefaultWarPackagingContext done
Event: 205.874 loading class org/codehaus/plexus/util/StringUtils
Event: 205.874 loading class org/codehaus/plexus/util/StringUtils done
Event: 205.874 loading class org/codehaus/plexus/util/StringUtils
Event: 205.874 loading class org/codehaus/plexus/util/StringUtils done
Event: 205.876 Executing VM operation: CollectForMetadataAllocation


Dynamic libraries:
0x00007ff7fe600000 - 0x00007ff7fe637000 	C:\Program Files\Java\jdk1.8.0_111\bin\java.exe
0x00007ffb4c130000 - 0x00007ffb4c2f2000 	C:\Windows\SYSTEM32\ntdll.dll
0x00007ffb4c040000 - 0x00007ffb4c0ed000 	C:\Windows\system32\KERNEL32.DLL
0x00007ffb48f20000 - 0x00007ffb490fd000 	C:\Windows\system32\KERNELBASE.dll
0x0000000052d80000 - 0x0000000052e13000 	C:\Windows\System32\SYSFER.DLL
0x00007ffb4aa00000 - 0x00007ffb4aaa6000 	C:\Windows\system32\ADVAPI32.dll
0x00007ffb49c50000 - 0x00007ffb49ced000 	C:\Windows\system32\msvcrt.dll
0x00007ffb4a170000 - 0x00007ffb4a1cb000 	C:\Windows\system32\sechost.dll
0x00007ffb4a5a0000 - 0x00007ffb4a6c6000 	C:\Windows\system32\RPCRT4.dll
0x00007ffb4a3a0000 - 0x00007ffb4a4ee000 	C:\Windows\system32\USER32.dll
0x00007ffb49fe0000 - 0x00007ffb4a163000 	C:\Windows\system32\GDI32.dll
0x00007ffb3d050000 - 0x00007ffb3d2c4000 	C:\Windows\WinSxS\amd64_microsoft.windows.common-controls_6595b64144ccf1df_6.0.10240.17184_none_f41d7a705752bce6\COMCTL32.dll
0x00007ffb4c0f0000 - 0x00007ffb4c126000 	C:\Windows\system32\IMM32.DLL
0x00007ffb4a1e0000 - 0x00007ffb4a33c000 	C:\Windows\system32\MSCTF.dll
0x0000000051110000 - 0x00000000511e2000 	C:\Program Files\Java\jdk1.8.0_111\jre\bin\msvcr100.dll
0x00000000511f0000 - 0x0000000051a8a000 	C:\Program Files\Java\jdk1.8.0_111\jre\bin\server\jvm.dll
0x00007ffb4a9f0000 - 0x00007ffb4a9f8000 	C:\Windows\system32\PSAPI.DLL
0x00007ffb47320000 - 0x00007ffb47329000 	C:\Windows\SYSTEM32\WSOCK32.dll
0x00007ffb49be0000 - 0x00007ffb49c49000 	C:\Windows\system32\WS2_32.dll
0x00007ffb4a1d0000 - 0x00007ffb4a1d8000 	C:\Windows\system32\NSI.dll
0x00007ffb47260000 - 0x00007ffb47283000 	C:\Windows\SYSTEM32\WINMM.dll
0x00007ffb3df20000 - 0x00007ffb3df2a000 	C:\Windows\SYSTEM32\VERSION.dll
0x00007ffb47200000 - 0x00007ffb4722c000 	C:\Windows\SYSTEM32\WINMMBASE.dll
0x00007ffb48ed0000 - 0x00007ffb48f14000 	C:\Windows\system32\cfgmgr32.dll
0x00007ffb474d0000 - 0x00007ffb474f7000 	C:\Windows\SYSTEM32\DEVOBJ.dll
0x00000000510c0000 - 0x00000000510cf000 	C:\Program Files\Java\jdk1.8.0_111\jre\bin\verify.dll
0x0000000051090000 - 0x00000000510b9000 	C:\Program Files\Java\jdk1.8.0_111\jre\bin\java.dll
0x0000000051070000 - 0x0000000051086000 	C:\Program Files\Java\jdk1.8.0_111\jre\bin\zip.dll
0x00007ffb4aab0000 - 0x00007ffb4bfd3000 	C:\Windows\system32\SHELL32.dll
0x00007ffb49100000 - 0x00007ffb49729000 	C:\Windows\system32\windows.storage.dll
0x00007ffb49d60000 - 0x00007ffb49fdc000 	C:\Windows\system32\combase.dll
0x00007ffb4bfe0000 - 0x00007ffb4c031000 	C:\Windows\system32\shlwapi.dll
0x00007ffb48b70000 - 0x00007ffb48b7f000 	C:\Windows\system32\kernel.appcore.dll
0x00007ffb49730000 - 0x00007ffb497e3000 	C:\Windows\system32\shcore.dll
0x00007ffb48ba0000 - 0x00007ffb48bea000 	C:\Windows\system32\powrprof.dll
0x00007ffb48b80000 - 0x00007ffb48b93000 	C:\Windows\system32\profapi.dll
0x0000000051050000 - 0x000000005106a000 	C:\Program Files\Java\jdk1.8.0_111\jre\bin\net.dll
0x00007ffb48360000 - 0x00007ffb483bd000 	C:\Windows\system32\mswsock.dll
0x0000000051030000 - 0x0000000051041000 	C:\Program Files\Java\jdk1.8.0_111\jre\bin\nio.dll
0x00007ffb483c0000 - 0x00007ffb483d7000 	C:\Windows\SYSTEM32\CRYPTSP.dll
0x00007ffb48a80000 - 0x00007ffb48aa8000 	C:\Windows\SYSTEM32\bcrypt.dll
0x00007ffb48010000 - 0x00007ffb48043000 	C:\Windows\system32\rsaenh.dll
0x00007ffb48100000 - 0x00007ffb4811f000 	C:\Windows\SYSTEM32\USERENV.dll
0x00007ffb48910000 - 0x00007ffb4897b000 	C:\Windows\system32\bcryptprimitives.dll
0x00007ffb48530000 - 0x00007ffb4853b000 	C:\Windows\SYSTEM32\CRYPTBASE.dll
0x00007ffb468f0000 - 0x00007ffb46928000 	C:\Windows\SYSTEM32\IPHLPAPI.DLL
0x00007ffb46760000 - 0x00007ffb4676b000 	C:\Windows\SYSTEM32\WINNSI.DLL
0x00007ffb42d80000 - 0x00007ffb42d96000 	C:\Windows\SYSTEM32\dhcpcsvc6.DLL
0x00007ffb42d60000 - 0x00007ffb42d7a000 	C:\Windows\SYSTEM32\dhcpcsvc.DLL

VM Arguments:
jvm_args: -Dclassworlds.conf=C:\Program Files\NetBeans 8.2\java\maven\bin\m2.conf -Dmaven.home=C:\Program Files\NetBeans 8.2\java\maven 
java_command: org.codehaus.plexus.classworlds.launcher.Launcher -Dmaven.ext.class.path=C:\Program Files\NetBeans 8.2\java\maven-nblib\netbeans-eventspy.jar -Dfile.encoding=UTF-8 -Djava.net.useSystemProxies=true install
java_class_path (initial): C:\Program Files\NetBeans 8.2\java\maven\boot\plexus-classworlds-2.4.jar
Launcher Type: SUN_STANDARD

Environment Variables:
JAVA_HOME=C:\Program Files\Java\jdk1.8.0_111
PATH=C:\Program Files (x86)\Common Files\Oracle\Java\javapath;C:\ProgramData\Oracle\Java\javapath;C:\Program Files (x86)\Intel\iCLS Client\;C:\Program Files\Intel\iCLS Client\;C:\Windows\system32;C:\Windows;C:\Windows\System32\Wbem;C:\Windows\System32\WindowsPowerShell\v1.0\;C:\Program Files (x86)\Intel\Intel(R) Management Engine Components\DAL;C:\Program Files\Intel\Intel(R) Management Engine Components\DAL;C:\Program Files (x86)\Intel\Intel(R) Management Engine Components\IPT;C:\Program Files\Intel\Intel(R) Management Engine Components\IPT;C:\Program Files\nodejs\;C:\Program Files (x86)\Microsoft SQL Server\90\Tools\binn\;C:\Program Files\Microsoft VS Code\bin;C:\flutter\flutter\bin;C:\Users\erwin.ADIS\.dnx\bin;C:\Program Files\Microsoft DNX\Dnvm\;C:\Program Files\Microsoft SQL Server\120\Tools\Binn\;C:\Users\erwin.ADIS\AppData\Roaming\npm
USERNAME=erwin
OS=Windows_NT
PROCESSOR_IDENTIFIER=Intel64 Family 6 Model 158 Stepping 9, GenuineIntel



---------------  S Y S T E M  ---------------

OS: Windows 10.0 , 64 bit Build 10240 (10.0.10240.17113)

CPU:total 4 (4 cores per cpu, 1 threads per core) family 6 model 158 stepping 9, cmov, cx8, fxsr, mmx, sse, sse2, sse3, ssse3, sse4.1, sse4.2, popcnt, avx, avx2, aes, clmul, erms, rtm, 3dnowpref, lzcnt, tsc, tscinvbit, bmi1, bmi2, adx

Memory: 4k page, physical 16639728k(3328148k free), swap 35767276k(2044k free)

vm_info: Java HotSpot(TM) 64-Bit Server VM (25.111-b14) for windows-amd64 JRE (1.8.0_111-b14), built on Sep 22 2016 19:24:05 by "java_re" with MS VC++ 10.0 (VS2010)

time: Wed May 13 16:02:50 2020
elapsed time: 205 seconds (0d 0h 3m 25s)

