#
# There is insufficient memory for the Java Runtime Environment to continue.
# Native memory allocation (malloc) failed to allocate 32744 bytes for ChunkPool::allocate
# Possible reasons:
#   The system is out of physical RAM or swap space
#   In 32 bit mode, the process size limit was hit
# Possible solutions:
#   Reduce memory load on the system
#   Increase physical memory or swap space
#   Check if swap backing store is full
#   Use 64 bit Java on a 64 bit OS
#   Decrease Java heap size (-Xmx/-Xms)
#   Decrease number of Java threads
#   Decrease Java thread stack sizes (-Xss)
#   Set larger code cache with -XX:ReservedCodeCacheSize=
# This output file may be truncated or incomplete.
#
#  Out of Memory Error (allocation.cpp:273), pid=14024, tid=0x00000000000040d4
#
# JRE version: Java(TM) SE Runtime Environment (8.0_111-b14) (build 1.8.0_111-b14)
# Java VM: Java HotSpot(TM) 64-Bit Server VM (25.111-b14 mixed mode windows-amd64 compressed oops)
# Failed to write core dump. Minidumps are not enabled by default on client versions of Windows
#

---------------  T H R E A D  ---------------

Current thread (0x000000001c061800):  JavaThread "C2 CompilerThread1" daemon [_thread_in_native, id=16596, stack(0x000000001da80000,0x000000001db80000)]

Stack: [0x000000001da80000,0x000000001db80000]
[error occurred during error reporting (printing stack bounds), id 0xc0000005]

Native frames: (J=compiled Java code, j=interpreted, Vv=VM code, C=native code)


Current CompileTask:
C2:  25375 7836   !   4       org.springframework.core.annotation.AnnotationUtils::findAnnotation (145 bytes)


---------------  P R O C E S S  ---------------

Java Threads: ( => current thread )
  0x0000000023afa000 JavaThread "Hikari Housekeeping Timer (pool HikariPool-0)" daemon [_thread_blocked, id=12852, stack(0x0000000021280000,0x0000000021380000)]
  0x000000001e753800 JavaThread "HashSessionScavenger-0" daemon [_thread_blocked, id=11360, stack(0x000000001ff90000,0x0000000020090000)]
  0x000000001c07e800 JavaThread "Service Thread" daemon [_thread_blocked, id=11964, stack(0x000000001e080000,0x000000001e180000)]
  0x000000001c052800 JavaThread "C1 CompilerThread2" daemon [_thread_blocked, id=18056, stack(0x000000001db80000,0x000000001dc80000)]
=>0x000000001c061800 JavaThread "C2 CompilerThread1" daemon [_thread_in_native, id=16596, stack(0x000000001da80000,0x000000001db80000)]
  0x000000001c04c800 JavaThread "C2 CompilerThread0" daemon [_thread_in_native, id=17760, stack(0x000000001d980000,0x000000001da80000)]
  0x000000001c039800 JavaThread "JDWP Command Reader" daemon [_thread_in_native, id=7184, stack(0x000000001d880000,0x000000001d980000)]
  0x000000001c036000 JavaThread "JDWP Event Helper Thread" daemon [_thread_blocked, id=9508, stack(0x000000001d780000,0x000000001d880000)]
  0x000000001c032800 JavaThread "JDWP Transport Listener: dt_socket" daemon [_thread_blocked, id=19536, stack(0x000000001d680000,0x000000001d780000)]
  0x000000001c020000 JavaThread "Attach Listener" daemon [_thread_blocked, id=17912, stack(0x000000001d580000,0x000000001d680000)]
  0x000000001c01e000 JavaThread "Signal Dispatcher" daemon [_thread_blocked, id=15244, stack(0x000000001d480000,0x000000001d580000)]
  0x000000001c00a800 JavaThread "Finalizer" daemon [_thread_blocked, id=1596, stack(0x000000001d280000,0x000000001d380000)]
  0x0000000002a72000 JavaThread "Reference Handler" daemon [_thread_blocked, id=18312, stack(0x000000001d180000,0x000000001d280000)]
  0x0000000002982800 JavaThread "main" [_thread_in_vm, id=13588, stack(0x00000000027d0000,0x00000000028d0000)]

Other Threads:
  0x000000001bfe8800 VMThread [stack: 0x000000001d080000,0x000000001d180000] [id=18536]
  0x000000001dd0d000 WatcherThread [stack: 0x000000001e180000,0x000000001e280000] [id=17420]

VM state:not at safepoint (normal execution)

VM Mutex/Monitor currently owned by a thread: None

Heap:
 PSYoungGen      total 508416K, used 159349K [0x000000076b580000, 0x000000078c000000, 0x00000007c0000000)
  eden space 484864K, 32% used [0x000000076b580000,0x0000000774d3d520,0x0000000788f00000)
  from space 23552K, 16% used [0x000000078a700000,0x000000078aae0118,0x000000078be00000)
  to   space 24576K, 0% used [0x0000000788f00000,0x0000000788f00000,0x000000078a700000)
 ParOldGen       total 176640K, used 57759K [0x00000006c2000000, 0x00000006ccc80000, 0x000000076b580000)
  object space 176640K, 32% used [0x00000006c2000000,0x00000006c5867f68,0x00000006ccc80000)
 Metaspace       used 54091K, capacity 54887K, committed 55168K, reserved 1097728K
  class space    used 6257K, capacity 6516K, committed 6528K, reserved 1048576K

Card table byte_map: [0x0000000011e40000,0x0000000012640000] byte_map_base: 0x000000000e830000

Marking Bits: (ParMarkBitMap*) 0x000000005c4aa6c0
 Begin Bits: [0x0000000012f90000, 0x0000000016f10000)
 End Bits:   [0x0000000016f10000, 0x000000001ae90000)

Polling page: 0x0000000002730000

CodeCache: size=245760Kb used=25395Kb max_used=25395Kb free=220364Kb
 bounds [0x0000000002a80000, 0x0000000004370000, 0x0000000011a80000]
 total_blobs=7305 nmethods=6788 adapters=436
 compilation: enabled

Compilation events (10 events):
Event: 24.862 Thread 0x000000001c052800 7856       3       org.springframework.util.ClassUtils::getAllInterfacesForClassAsSet (97 bytes)
Event: 24.863 Thread 0x000000001c052800 nmethod 7856 0x0000000004361ad0 code [0x0000000004361d80, 0x0000000004362ec8]
Event: 24.866 Thread 0x000000001c052800 7857       3       java.beans.WeakIdentityMap::getIndex (7 bytes)
Event: 24.867 Thread 0x000000001c052800 nmethod 7857 0x0000000004355ad0 code [0x0000000004355c20, 0x0000000004355d50]
Event: 24.867 Thread 0x000000001c052800 7858       3       java.beans.ThreadGroupContext::getContext (16 bytes)
Event: 24.867 Thread 0x000000001c052800 nmethod 7858 0x0000000004363990 code [0x0000000004363b00, 0x0000000004363e88]
Event: 24.867 Thread 0x000000001c052800 7859   !   3       java.beans.WeakIdentityMap::get (278 bytes)
Event: 24.868 Thread 0x000000001c052800 nmethod 7859 0x0000000004363f50 code [0x00000000043641e0, 0x00000000043657b8]
Event: 24.872 Thread 0x000000001c052800 7860       3       java.beans.Introspector::isAssignable (27 bytes)
Event: 24.872 Thread 0x000000001c052800 nmethod 7860 0x0000000004366550 code [0x00000000043666c0, 0x00000000043669a8]

GC Heap History (10 events):
Event: 20.985 GC heap before
{Heap before GC invocations=14 (full 2):
 PSYoungGen      total 227328K, used 215178K [0x000000076b580000, 0x0000000781600000, 0x00000007c0000000)
  eden space 204288K, 100% used [0x000000076b580000,0x0000000777d00000,0x0000000777d00000)
  from space 23040K, 47% used [0x0000000777d00000,0x00000007787a2a10,0x0000000779380000)
  to   space 22528K, 0% used [0x0000000780000000,0x0000000780000000,0x0000000781600000)
 ParOldGen       total 176640K, used 40355K [0x00000006c2000000, 0x00000006ccc80000, 0x000000076b580000)
  object space 176640K, 22% used [0x00000006c2000000,0x00000006c4768dd0,0x00000006ccc80000)
 Metaspace       used 51079K, capacity 51824K, committed 52224K, reserved 1095680K
  class space    used 6031K, capacity 6287K, committed 6400K, reserved 1048576K
Event: 20.993 GC heap after
Heap after GC invocations=14 (full 2):
 PSYoungGen      total 336896K, used 384K [0x000000076b580000, 0x0000000781b00000, 0x00000007c0000000)
  eden space 314368K, 0% used [0x000000076b580000,0x000000076b580000,0x000000077e880000)
  from space 22528K, 1% used [0x0000000780000000,0x0000000780060000,0x0000000781600000)
  to   space 24064K, 0% used [0x000000077e880000,0x000000077e880000,0x0000000780000000)
 ParOldGen       total 176640K, used 50923K [0x00000006c2000000, 0x00000006ccc80000, 0x000000076b580000)
  object space 176640K, 28% used [0x00000006c2000000,0x00000006c51baec0,0x00000006ccc80000)
 Metaspace       used 51079K, capacity 51824K, committed 52224K, reserved 1095680K
  class space    used 6031K, capacity 6287K, committed 6400K, reserved 1048576K
}
Event: 21.360 GC heap before
{Heap before GC invocations=15 (full 2):
 PSYoungGen      total 336896K, used 314752K [0x000000076b580000, 0x0000000781b00000, 0x00000007c0000000)
  eden space 314368K, 100% used [0x000000076b580000,0x000000077e880000,0x000000077e880000)
  from space 22528K, 1% used [0x0000000780000000,0x0000000780060000,0x0000000781600000)
  to   space 24064K, 0% used [0x000000077e880000,0x000000077e880000,0x0000000780000000)
 ParOldGen       total 176640K, used 50923K [0x00000006c2000000, 0x00000006ccc80000, 0x000000076b580000)
  object space 176640K, 28% used [0x00000006c2000000,0x00000006c51baec0,0x00000006ccc80000)
 Metaspace       used 52480K, capacity 53275K, committed 53760K, reserved 1097728K
  class space    used 6070K, capacity 6322K, committed 6400K, reserved 1048576K
Event: 21.366 GC heap after
Heap after GC invocations=15 (full 2):
 PSYoungGen      total 338432K, used 6677K [0x000000076b580000, 0x000000078be00000, 0x00000007c0000000)
  eden space 314368K, 0% used [0x000000076b580000,0x000000076b580000,0x000000077e880000)
  from space 24064K, 27% used [0x000000077e880000,0x000000077ef05788,0x0000000780000000)
  to   space 23552K, 0% used [0x000000078a700000,0x000000078a700000,0x000000078be00000)
 ParOldGen       total 176640K, used 51091K [0x00000006c2000000, 0x00000006ccc80000, 0x000000076b580000)
  object space 176640K, 28% used [0x00000006c2000000,0x00000006c51e4ec0,0x00000006ccc80000)
 Metaspace       used 52480K, capacity 53275K, committed 53760K, reserved 1097728K
  class space    used 6070K, capacity 6322K, committed 6400K, reserved 1048576K
}
Event: 21.438 GC heap before
{Heap before GC invocations=16 (full 2):
 PSYoungGen      total 338432K, used 321045K [0x000000076b580000, 0x000000078be00000, 0x00000007c0000000)
  eden space 314368K, 100% used [0x000000076b580000,0x000000077e880000,0x000000077e880000)
  from space 24064K, 27% used [0x000000077e880000,0x000000077ef05788,0x0000000780000000)
  to   space 23552K, 0% used [0x000000078a700000,0x000000078a700000,0x000000078be00000)
 ParOldGen       total 176640K, used 51091K [0x00000006c2000000, 0x00000006ccc80000, 0x000000076b580000)
  object space 176640K, 28% used [0x00000006c2000000,0x00000006c51e4ec0,0x00000006ccc80000)
 Metaspace       used 52480K, capacity 53275K, committed 53760K, reserved 1097728K
  class space    used 6070K, capacity 6322K, committed 6400K, reserved 1048576K
Event: 21.444 GC heap after
Heap after GC invocations=16 (full 2):
 PSYoungGen      total 508416K, used 352K [0x000000076b580000, 0x000000078c000000, 0x00000007c0000000)
  eden space 484864K, 0% used [0x000000076b580000,0x000000076b580000,0x0000000788f00000)
  from space 23552K, 1% used [0x000000078a700000,0x000000078a758000,0x000000078be00000)
  to   space 24576K, 0% used [0x0000000788f00000,0x0000000788f00000,0x000000078a700000)
 ParOldGen       total 176640K, used 57535K [0x00000006c2000000, 0x00000006ccc80000, 0x000000076b580000)
  object space 176640K, 32% used [0x00000006c2000000,0x00000006c582ff68,0x00000006ccc80000)
 Metaspace       used 52480K, capacity 53275K, committed 53760K, reserved 1097728K
  class space    used 6070K, capacity 6322K, committed 6400K, reserved 1048576K
}
Event: 21.617 GC heap before
{Heap before GC invocations=17 (full 2):
 PSYoungGen      total 508416K, used 485216K [0x000000076b580000, 0x000000078c000000, 0x00000007c0000000)
  eden space 484864K, 100% used [0x000000076b580000,0x0000000788f00000,0x0000000788f00000)
  from space 23552K, 1% used [0x000000078a700000,0x000000078a758000,0x000000078be00000)
  to   space 24576K, 0% used [0x0000000788f00000,0x0000000788f00000,0x000000078a700000)
 ParOldGen       total 176640K, used 57535K [0x00000006c2000000, 0x00000006ccc80000, 0x000000076b580000)
  object space 176640K, 32% used [0x00000006c2000000,0x00000006c582ff68,0x00000006ccc80000)
 Metaspace       used 52480K, capacity 53275K, committed 53760K, reserved 1097728K
  class space    used 6070K, capacity 6322K, committed 6400K, reserved 1048576K
Event: 21.621 GC heap after
Heap after GC invocations=17 (full 2):
 PSYoungGen      total 509440K, used 242K [0x000000076b580000, 0x000000078c000000, 0x00000007c0000000)
  eden space 484864K, 0% used [0x000000076b580000,0x000000076b580000,0x0000000788f00000)
  from space 24576K, 0% used [0x0000000788f00000,0x0000000788f3c8f0,0x000000078a700000)
  to   space 23552K, 0% used [0x000000078a700000,0x000000078a700000,0x000000078be00000)
 ParOldGen       total 176640K, used 57623K [0x00000006c2000000, 0x00000006ccc80000, 0x000000076b580000)
  object space 176640K, 32% used [0x00000006c2000000,0x00000006c5845f68,0x00000006ccc80000)
 Metaspace       used 52480K, capacity 53275K, committed 53760K, reserved 1097728K
  class space    used 6070K, capacity 6322K, committed 6400K, reserved 1048576K
}
Event: 21.923 GC heap before
{Heap before GC invocations=18 (full 2):
 PSYoungGen      total 509440K, used 485106K [0x000000076b580000, 0x000000078c000000, 0x00000007c0000000)
  eden space 484864K, 100% used [0x000000076b580000,0x0000000788f00000,0x0000000788f00000)
  from space 24576K, 0% used [0x0000000788f00000,0x0000000788f3c8f0,0x000000078a700000)
  to   space 23552K, 0% used [0x000000078a700000,0x000000078a700000,0x000000078be00000)
 ParOldGen       total 176640K, used 57623K [0x00000006c2000000, 0x00000006ccc80000, 0x000000076b580000)
  object space 176640K, 32% used [0x00000006c2000000,0x00000006c5845f68,0x00000006ccc80000)
 Metaspace       used 53422K, capacity 54241K, committed 54656K, reserved 1097728K
  class space    used 6184K, capacity 6451K, committed 6528K, reserved 1048576K
Event: 21.929 GC heap after
Heap after GC invocations=18 (full 2):
 PSYoungGen      total 508416K, used 3968K [0x000000076b580000, 0x000000078c000000, 0x00000007c0000000)
  eden space 484864K, 0% used [0x000000076b580000,0x000000076b580000,0x0000000788f00000)
  from space 23552K, 16% used [0x000000078a700000,0x000000078aae0118,0x000000078be00000)
  to   space 24576K, 0% used [0x0000000788f00000,0x0000000788f00000,0x000000078a700000)
 ParOldGen       total 176640K, used 57759K [0x00000006c2000000, 0x00000006ccc80000, 0x000000076b580000)
  object space 176640K, 32% used [0x00000006c2000000,0x00000006c5867f68,0x00000006ccc80000)
 Metaspace       used 53422K, capacity 54241K, committed 54656K, reserved 1097728K
  class space    used 6184K, capacity 6451K, committed 6528K, reserved 1048576K
}

Deoptimization events (10 events):
Event: 21.865 Thread 0x0000000002982800 Uncommon trap: reason=class_check action=maybe_recompile pc=0x00000000035612d8 method=java.io.PrintStream.write([BII)V @ 16
Event: 22.072 Thread 0x0000000002982800 Uncommon trap: reason=unstable_if action=reinterpret pc=0x0000000003c3ee74 method=java.lang.Class.searchMethods([Ljava/lang/reflect/Method;Ljava/lang/String;[Ljava/lang/Class;)Ljava/lang/reflect/Method; @ 47
Event: 23.147 Thread 0x0000000002982800 Uncommon trap: reason=predicate action=maybe_recompile pc=0x00000000042b2490 method=java.util.AbstractCollection.toArray([Ljava/lang/Object;)[Ljava/lang/Object; @ 49
Event: 24.198 Thread 0x0000000023afb800 Uncommon trap: reason=unstable_if action=reinterpret pc=0x00000000039879b8 method=java.util.concurrent.locks.AbstractQueuedSynchronizer.release(I)Z @ 14
Event: 24.289 Thread 0x0000000002982800 Uncommon trap: reason=class_check action=maybe_recompile pc=0x00000000039be6dc method=org.springframework.asm.ClassReader.readCode(Lorg/springframework/asm/MethodVisitor;Lorg/springframework/asm/Context;I)V @ 2161
Event: 24.310 Thread 0x0000000002982800 Uncommon trap: reason=class_check action=maybe_recompile pc=0x00000000039be6dc method=org.springframework.asm.ClassReader.readCode(Lorg/springframework/asm/MethodVisitor;Lorg/springframework/asm/Context;I)V @ 2161
Event: 24.828 Thread 0x0000000002982800 Uncommon trap: reason=array_check action=maybe_recompile pc=0x00000000043469ac method=java.util.AbstractCollection.toArray([Ljava/lang/Object;)[Ljava/lang/Object; @ 119
Event: 24.828 Thread 0x0000000002982800 Uncommon trap: reason=array_check action=maybe_recompile pc=0x00000000043469ac method=java.util.AbstractCollection.toArray([Ljava/lang/Object;)[Ljava/lang/Object; @ 119
Event: 24.831 Thread 0x0000000002982800 Uncommon trap: reason=array_check action=maybe_recompile pc=0x00000000043469ac method=java.util.AbstractCollection.toArray([Ljava/lang/Object;)[Ljava/lang/Object; @ 119
Event: 24.831 Thread 0x0000000002982800 Uncommon trap: reason=array_check action=maybe_recompile pc=0x00000000043469ac method=java.util.AbstractCollection.toArray([Ljava/lang/Object;)[Ljava/lang/Object; @ 119

Internal exceptions (10 events):
Event: 24.853 Thread 0x0000000002982800 Exception <a 'java/lang/ClassNotFoundException': org/springframework/security/authentication/DefaultAuthenticationEventPublisherBeanInfo> (0x0000000774203b30) thrown at [C:\re\workspace\8-2-build-windows-amd64-cygwin\jdk8u111\7883\hotspot\src\share\vm\cla
Event: 24.856 Thread 0x0000000002982800 Exception <a 'java/lang/ClassNotFoundException': org/springframework/security/authentication/DefaultAuthenticationEventPublisherCustomizer> (0x000000077423cc08) thrown at [C:\re\workspace\8-2-build-windows-amd64-cygwin\jdk8u111\7883\hotspot\src\share\vm\c
Event: 24.865 Thread 0x0000000002982800 Exception <a 'java/lang/ClassNotFoundException': org/springframework/beans/factory/config/MethodInvokingFactoryBeanBeanInfo> (0x0000000774353f98) thrown at [C:\re\workspace\8-2-build-windows-amd64-cygwin\jdk8u111\7883\hotspot\src\share\vm\classfile\system
Event: 24.866 Thread 0x0000000002982800 Exception <a 'java/lang/ClassNotFoundException': org/springframework/beans/factory/config/MethodInvokingBeanBeanInfo> (0x00000007743825e8) thrown at [C:\re\workspace\8-2-build-windows-amd64-cygwin\jdk8u111\7883\hotspot\src\share\vm\classfile\systemDiction
Event: 24.867 Thread 0x0000000002982800 Exception <a 'java/lang/ClassNotFoundException': org/springframework/beans/support/ArgumentConvertingMethodInvokerBeanInfo> (0x00000007743b2e38) thrown at [C:\re\workspace\8-2-build-windows-amd64-cygwin\jdk8u111\7883\hotspot\src\share\vm\classfile\systemD
Event: 24.869 Thread 0x0000000002982800 Exception <a 'java/lang/ClassNotFoundException': org/springframework/util/MethodInvokerBeanInfo> (0x00000007743d8dd0) thrown at [C:\re\workspace\8-2-build-windows-amd64-cygwin\jdk8u111\7883\hotspot\src\share\vm\classfile\systemDictionary.cpp, line 210]
Event: 24.869 Thread 0x0000000002982800 Exception <a 'java/lang/ClassNotFoundException': org/springframework/util/MethodInvokerCustomizer> (0x00000007743ffd98) thrown at [C:\re\workspace\8-2-build-windows-amd64-cygwin\jdk8u111\7883\hotspot\src\share\vm\classfile\systemDictionary.cpp, line 210]
Event: 24.871 Thread 0x0000000002982800 Exception <a 'java/lang/ClassNotFoundException': org/springframework/beans/support/ArgumentConvertingMethodInvokerCustomizer> (0x0000000774442cb0) thrown at [C:\re\workspace\8-2-build-windows-amd64-cygwin\jdk8u111\7883\hotspot\src\share\vm\classfile\syste
Event: 24.874 Thread 0x0000000002982800 Exception <a 'java/lang/ClassNotFoundException': org/springframework/beans/factory/config/MethodInvokingBeanCustomizer> (0x00000007744796a0) thrown at [C:\re\workspace\8-2-build-windows-amd64-cygwin\jdk8u111\7883\hotspot\src\share\vm\classfile\systemDicti
Event: 24.875 Thread 0x0000000002982800 Exception <a 'java/lang/ClassNotFoundException': org/springframework/beans/factory/config/MethodInvokingFactoryBeanCustomizer> (0x00000007744b12d0) thrown at [C:\re\workspace\8-2-build-windows-amd64-cygwin\jdk8u111\7883\hotspot\src\share\vm\classfile\syst

Events (10 events):
Event: 24.875 Thread 0x0000000002982800 DEOPT PACKING pc=0x00000000031980cc sp=0x00000000028ca360
Event: 24.875 Thread 0x0000000002982800 DEOPT UNPACKING pc=0x0000000002ac787f sp=0x00000000028ca0a0 mode 1
Event: 24.875 Thread 0x0000000002982800 DEOPT PACKING pc=0x0000000003a6f4ec sp=0x00000000028ca640
Event: 24.875 Thread 0x0000000002982800 DEOPT UNPACKING pc=0x0000000002ac787f sp=0x00000000028ca380 mode 1
Event: 24.875 Thread 0x0000000002982800 DEOPT PACKING pc=0x0000000002e0ad64 sp=0x00000000028caf70
Event: 24.875 Thread 0x0000000002982800 DEOPT UNPACKING pc=0x0000000002ac787f sp=0x00000000028cace8 mode 1
Event: 24.875 loading class org/springframework/beans/factory/config/MethodInvokingFactoryBeanCustomizer
Event: 24.875 loading class org/springframework/beans/factory/config/MethodInvokingFactoryBeanCustomizer done
Event: 24.875 Thread 0x0000000002982800 DEOPT PACKING pc=0x000000000330409c sp=0x00000000028cafb0
Event: 24.875 Thread 0x0000000002982800 DEOPT UNPACKING pc=0x0000000002ac787f sp=0x00000000028cad08 mode 1


Dynamic libraries:
0x00007ff611e40000 - 0x00007ff611e77000 	C:\Program Files\Java\jdk1.8.0_111\bin\java.exe
0x00007ffca6cd0000 - 0x00007ffca6ec5000 	C:\WINDOWS\SYSTEM32\ntdll.dll
0x00007ffca6580000 - 0x00007ffca663d000 	C:\WINDOWS\System32\KERNEL32.DLL
0x00007ffca4620000 - 0x00007ffca48e8000 	C:\WINDOWS\System32\KERNELBASE.dll
0x00007ffca6710000 - 0x00007ffca67bc000 	C:\WINDOWS\System32\ADVAPI32.dll
0x00007ffca6150000 - 0x00007ffca61ee000 	C:\WINDOWS\System32\msvcrt.dll
0x00007ffca6640000 - 0x00007ffca66db000 	C:\WINDOWS\System32\sechost.dll
0x00007ffca4d40000 - 0x00007ffca4e6b000 	C:\WINDOWS\System32\RPCRT4.dll
0x00007ffca5c30000 - 0x00007ffca5dd0000 	C:\WINDOWS\System32\USER32.dll
0x00007ffca4440000 - 0x00007ffca4462000 	C:\WINDOWS\System32\win32u.dll
0x00007ffca66e0000 - 0x00007ffca670a000 	C:\WINDOWS\System32\GDI32.dll
0x00007ffca4b40000 - 0x00007ffca4c4b000 	C:\WINDOWS\System32\gdi32full.dll
0x00007ffca4940000 - 0x00007ffca49dd000 	C:\WINDOWS\System32\msvcp_win.dll
0x00007ffca4470000 - 0x00007ffca4570000 	C:\WINDOWS\System32\ucrtbase.dll
0x00007ffc90a50000 - 0x00007ffc90cea000 	C:\WINDOWS\WinSxS\amd64_microsoft.windows.common-controls_6595b64144ccf1df_6.0.19041.1052_none_60b8f8fd71f5e8cb\COMCTL32.dll
0x00007ffca54b0000 - 0x00007ffca54e0000 	C:\WINDOWS\System32\IMM32.DLL
0x00007ffc91af0000 - 0x00007ffc91b22000 	C:\Program Files (x86)\Panda Security\WAC\PSNMVHookMS64.dll
0x00007ffca6490000 - 0x00007ffca64e5000 	C:\WINDOWS\System32\SHLWAPI.dll
0x00007ffca6130000 - 0x00007ffca6138000 	C:\WINDOWS\System32\PSAPI.DLL
0x00007ffc87860000 - 0x00007ffc878fd000 	C:\Program Files (x86)\Panda Security\WAC\PSNMVTools64.dll
0x00007ffca5380000 - 0x00007ffca54aa000 	C:\WINDOWS\System32\ole32.dll
0x00007ffca4f50000 - 0x00007ffca52a5000 	C:\WINDOWS\System32\combase.dll
0x00007ffca30b0000 - 0x00007ffca30e3000 	C:\WINDOWS\SYSTEM32\ntmarta.dll
0x00007ffc8f100000 - 0x00007ffc8f170000 	C:\Program Files (x86)\Panda Security\WAC\PSNMVComm64.dll
0x00007ffc91920000 - 0x00007ffc91934000 	C:\Program Files (x86)\Panda Security\WAC\PSNMVHookPlg64.dll
0x000000005bbb0000 - 0x000000005bc82000 	C:\Program Files\Java\jdk1.8.0_111\jre\bin\msvcr100.dll
0x000000005bc90000 - 0x000000005c52a000 	C:\Program Files\Java\jdk1.8.0_111\jre\bin\server\jvm.dll
0x00007ffc9d200000 - 0x00007ffc9d20a000 	C:\WINDOWS\SYSTEM32\VERSION.dll
0x00007ffc93a50000 - 0x00007ffc93a77000 	C:\WINDOWS\SYSTEM32\WINMM.dll
0x00007ffca0e40000 - 0x00007ffca0e49000 	C:\WINDOWS\SYSTEM32\WSOCK32.dll
0x00007ffca61f0000 - 0x00007ffca625b000 	C:\WINDOWS\System32\WS2_32.dll
0x000000005c8c0000 - 0x000000005c8cf000 	C:\Program Files\Java\jdk1.8.0_111\jre\bin\verify.dll
0x000000005bb40000 - 0x000000005bb69000 	C:\Program Files\Java\jdk1.8.0_111\jre\bin\java.dll
0x000000005b700000 - 0x000000005b735000 	C:\Program Files\Java\jdk1.8.0_111\jre\bin\jdwp.dll
0x000000005c8b0000 - 0x000000005c8b8000 	C:\Program Files\Java\jdk1.8.0_111\jre\bin\npt.dll
0x000000005bb20000 - 0x000000005bb36000 	C:\Program Files\Java\jdk1.8.0_111\jre\bin\zip.dll
0x00007ffca54f0000 - 0x00007ffca5c2f000 	C:\WINDOWS\System32\SHELL32.dll
0x00007ffca23f0000 - 0x00007ffca2b80000 	C:\WINDOWS\SYSTEM32\windows.storage.dll
0x00007ffca3db0000 - 0x00007ffca3ddc000 	C:\WINDOWS\SYSTEM32\Wldp.dll
0x00007ffca5e30000 - 0x00007ffca5ede000 	C:\WINDOWS\System32\SHCORE.dll
0x00007ffca4350000 - 0x00007ffca436f000 	C:\WINDOWS\SYSTEM32\profapi.dll
0x000000005c8a0000 - 0x000000005c8a9000 	C:\Program Files\Java\jdk1.8.0_111\jre\bin\dt_socket.dll
0x00007ffca3b20000 - 0x00007ffca3b8a000 	C:\WINDOWS\system32\mswsock.dll
0x00007ffc90a00000 - 0x00007ffc90a0a000 	E:\project\SOURCE\JOGET\Doc\Developer Training\Build Tools\apache-maven-3.6.3\lib\jansi-native\windows64\jansi.dll
0x000000005bb00000 - 0x000000005bb1a000 	C:\Program Files\Java\jdk1.8.0_111\jre\bin\net.dll
0x000000005bae0000 - 0x000000005baf1000 	C:\Program Files\Java\jdk1.8.0_111\jre\bin\nio.dll
0x00007ffc8fe40000 - 0x00007ffc8fe57000 	C:\WINDOWS\system32\napinsp.dll
0x00007ffc8f1f0000 - 0x00007ffc8f20b000 	C:\WINDOWS\system32\pnrpnsp.dll
0x00007ffc8f1d0000 - 0x00007ffc8f1e5000 	C:\WINDOWS\system32\wshbth.dll
0x00007ffc9f9f0000 - 0x00007ffc9fa0d000 	C:\WINDOWS\system32\NLAapi.dll
0x00007ffca3810000 - 0x00007ffca384b000 	C:\WINDOWS\SYSTEM32\IPHLPAPI.DLL
0x00007ffca3850000 - 0x00007ffca391c000 	C:\WINDOWS\SYSTEM32\DNSAPI.dll
0x00007ffca6140000 - 0x00007ffca6148000 	C:\WINDOWS\System32\NSI.dll
0x00007ffc8f1b0000 - 0x00007ffc8f1c2000 	C:\WINDOWS\System32\winrnr.dll
0x00007ffc91a60000 - 0x00007ffc91a77000 	c:\Windows\System32\wlidnsp.dll
0x00007ffc9bea0000 - 0x00007ffc9beaa000 	C:\Windows\System32\rasadhlp.dll
0x00007ffc9e7e0000 - 0x00007ffc9e85f000 	C:\WINDOWS\System32\fwpuclnt.dll
0x00007ffca4410000 - 0x00007ffca4437000 	C:\WINDOWS\System32\bcrypt.dll
0x00007ffca3cf0000 - 0x00007ffca3d08000 	C:\WINDOWS\SYSTEM32\CRYPTSP.dll
0x00007ffca34c0000 - 0x00007ffca34f4000 	C:\WINDOWS\system32\rsaenh.dll
0x00007ffca42d0000 - 0x00007ffca42fe000 	C:\WINDOWS\SYSTEM32\USERENV.dll
0x00007ffca4cb0000 - 0x00007ffca4d33000 	C:\WINDOWS\System32\bcryptprimitives.dll
0x00007ffca3d10000 - 0x00007ffca3d1c000 	C:\WINDOWS\SYSTEM32\CRYPTBASE.dll
0x00007ffc9ed50000 - 0x00007ffc9ed67000 	C:\WINDOWS\SYSTEM32\dhcpcsvc6.DLL
0x00007ffc9ed30000 - 0x00007ffc9ed4d000 	C:\WINDOWS\SYSTEM32\dhcpcsvc.DLL

VM Arguments:
jvm_args: -Xdebug -Xrunjdwp:transport=dt_socket,server=n,address=2260 -Dclassworlds.conf=E:\project\SOURCE\JOGET\Doc\Developer Training\Build Tools\apache-maven-3.6.3\bin\..\bin\m2.conf -Dmaven.home=E:\project\SOURCE\JOGET\Doc\Developer Training\Build Tools\apache-maven-3.6.3\bin\.. -Dlibrary.jansi.path=E:\project\SOURCE\JOGET\Doc\Developer Training\Build Tools\apache-maven-3.6.3\bin\..\lib\jansi-native -Dmaven.multiModuleProjectDirectory=E:\project\SOURCE\AGIT\web-adp-v2 
java_command: org.codehaus.plexus.classworlds.launcher.Launcher -DskipTests=true -Djpda.listen=maven -Djpda.address=2260 -Dmaven.ext.class.path=C:\Program Files\NetBeans 8.2\java\maven-nblib\netbeans-eventspy.jar -Dfile.encoding=UTF-8 -Djava.net.useSystemProxies=true jetty:run
java_class_path (initial): E:\project\SOURCE\JOGET\Doc\Developer Training\Build Tools\apache-maven-3.6.3\bin\..\boot\plexus-classworlds-2.6.0.jar
Launcher Type: SUN_STANDARD

Environment Variables:
JAVA_HOME=C:\Program Files\Java\jdk1.8.0_111
PATH=F:\app\erwin\product\11.2.0\client_2;C:\Program Files (x86)\Common Files\Oracle\Java\javapath;C:\oracle;F:\DevSuiteHome_3\jdk\jre\bin\classic;F:\DevSuiteHome_3\jdk\jre\bin;F:\DevSuiteHome_3\jdk\jre\bin\client;F:\DevSuiteHome_3\jlib;F:\DevSuiteHome_3\bin;F:\DevSuiteHome_3\jre\1.4.2\bin\client;E:\project\SOURCE\JOGET\Doc\Developer Training\Build Tools\apache-maven-3.6.3\bin;F:\DevSuiteHome_3\jre\1.4.2\bin;C:\ProgramData\Oracle\Java\javapath;C:\WINDOWS\system32;C:\WINDOWS;C:\WINDOWS\System32\Wbem;C:\WINDOWS\System32\WindowsPowerShell\v1.0\;C:\Program Files (x86)\Microsoft SQL Server\90\Tools\binn\;C:\WINDOWS\system32\config\systemprofile\.dnx\bin;C:\Program Files\Microsoft DNX\Dnvm\;C:\Program Files\Microsoft SQL Server\120\Tools\Binn\;\bin;C:\WINDOWS\System32\OpenSSH\;C:\Program Files (x86)\Microsoft SQL Server\Client SDK\ODBC\110\Tools\Binn\;C:\Program Files (x86)\Microsoft SQL Server\120\Tools\Binn\;C:\Program Files (x86)\Microsoft SQL Server\120\DTS\Binn\;C:\Program Files (x86)\Microsoft SQL Server\120\Tools\Binn\ManagementStudio\;C:\Program Files (x86)\PuTTY\;C:\Program Files\Java\jdk1.8.0_101\bin;C:\Users\erwin.ADIS\AppData\Local\Microsoft\WindowsApps;
USERNAME=erwin
OS=Windows_NT
PROCESSOR_IDENTIFIER=Intel64 Family 6 Model 158 Stepping 9, GenuineIntel



---------------  S Y S T E M  ---------------

OS: Windows 10.0 , 64 bit Build 19041 (10.0.19041.1023)

CPU:total 4 (4 cores per cpu, 1 threads per core) family 6 model 158 stepping 9, cmov, cx8, fxsr, mmx, sse, sse2, sse3, ssse3, sse4.1, sse4.2, popcnt, avx, avx2, aes, clmul, erms, rtm, 3dnowpref, lzcnt, tsc, tscinvbit, bmi1, bmi2, adx

Memory: 4k page, physical 16639728k(6120436k free), swap 19636976k(2096k free)

vm_info: Java HotSpot(TM) 64-Bit Server VM (25.111-b14) for windows-amd64 JRE (1.8.0_111-b14), built on Sep 22 2016 19:24:05 by "java_re" with MS VC++ 10.0 (VS2010)

time: Thu Jun 24 16:09:40 2021
elapsed time: 25 seconds (0d 0h 0m 25s)

