#
# There is insufficient memory for the Java Runtime Environment to continue.
# Native memory allocation (malloc) failed to allocate 146016 bytes for Chunk::new
# Possible reasons:
#   The system is out of physical RAM or swap space
#   In 32 bit mode, the process size limit was hit
# Possible solutions:
#   Reduce memory load on the system
#   Increase physical memory or swap space
#   Check if swap backing store is full
#   Use 64 bit Java on a 64 bit OS
#   Decrease Java heap size (-Xmx/-Xms)
#   Decrease number of Java threads
#   Decrease Java thread stack sizes (-Xss)
#   Set larger code cache with -XX:ReservedCodeCacheSize=
# This output file may be truncated or incomplete.
#
#  Out of Memory Error (allocation.cpp:390), pid=69508, tid=0x0000000000010a08
#
# JRE version: Java(TM) SE Runtime Environment (8.0_111-b14) (build 1.8.0_111-b14)
# Java VM: Java HotSpot(TM) 64-Bit Server VM (25.111-b14 mixed mode windows-amd64 compressed oops)
# Failed to write core dump. Minidumps are not enabled by default on client versions of Windows
#

---------------  T H R E A D  ---------------

Current thread (0x000000001b6fd800):  JavaThread "C2 CompilerThread0" daemon [_thread_in_native, id=68104, stack(0x000000001cd40000,0x000000001ce40000)]

Stack: [0x000000001cd40000,0x000000001ce40000]
[error occurred during error reporting (printing stack bounds), id 0xc0000005]

Native frames: (J=compiled Java code, j=interpreted, Vv=VM code, C=native code)


Current CompileTask:
C2: 229978 3246       4       org.sonatype.aether.util.graph.transformer.ConflictMarker$Key::hashCode (77 bytes)


---------------  P R O C E S S  ---------------

Java Threads: ( => current thread )
  0x000000001e2c5000 JavaThread "resolver-4" daemon [_thread_blocked, id=55856, stack(0x0000000022b60000,0x0000000022c60000)]
  0x000000001e2c6800 JavaThread "resolver-3" daemon [_thread_blocked, id=65984, stack(0x0000000022a60000,0x0000000022b60000)]
  0x000000001e2c3800 JavaThread "resolver-2" daemon [_thread_blocked, id=7772, stack(0x0000000022960000,0x0000000022a60000)]
  0x000000001e2c3000 JavaThread "resolver-1" daemon [_thread_blocked, id=37396, stack(0x0000000022860000,0x0000000022960000)]
  0x000000001cf43800 JavaThread "Service Thread" daemon [_thread_blocked, id=71524, stack(0x000000001d440000,0x000000001d540000)]
  0x000000001b75d800 JavaThread "C1 CompilerThread2" daemon [_thread_blocked, id=43728, stack(0x000000001d340000,0x000000001d440000)]
  0x000000001b701800 JavaThread "C2 CompilerThread1" daemon [_thread_blocked, id=70884, stack(0x000000001ce40000,0x000000001cf40000)]
=>0x000000001b6fd800 JavaThread "C2 CompilerThread0" daemon [_thread_in_native, id=68104, stack(0x000000001cd40000,0x000000001ce40000)]
  0x000000001b6fc800 JavaThread "Attach Listener" daemon [_thread_blocked, id=71488, stack(0x000000001cc40000,0x000000001cd40000)]
  0x000000001b6fb000 JavaThread "Signal Dispatcher" daemon [_thread_blocked, id=71520, stack(0x000000001cb40000,0x000000001cc40000)]
  0x0000000002154800 JavaThread "Finalizer" daemon [_thread_blocked, id=71600, stack(0x000000001c960000,0x000000001ca60000)]
  0x0000000002151000 JavaThread "Reference Handler" daemon [_thread_blocked, id=71644, stack(0x000000001c860000,0x000000001c960000)]
  0x000000000205e000 JavaThread "main" [_thread_in_native, id=70084, stack(0x0000000001eb0000,0x0000000001fb0000)]

Other Threads:
  0x000000001b6c7800 VMThread [stack: 0x000000001c760000,0x000000001c860000] [id=71264]
  0x000000001cf5c000 WatcherThread [stack: 0x000000001d540000,0x000000001d640000] [id=55804]

VM state:not at safepoint (normal execution)

VM Mutex/Monitor currently owned by a thread: None

Heap:
 PSYoungGen      total 75776K, used 28547K [0x000000076b580000, 0x0000000770a00000, 0x00000007c0000000)
  eden space 65024K, 27% used [0x000000076b580000,0x000000076c6e8e60,0x000000076f500000)
  from space 10752K, 99% used [0x000000076ff80000,0x00000007709f8040,0x0000000770a00000)
  to   space 10752K, 0% used [0x000000076f500000,0x000000076f500000,0x000000076ff80000)
 ParOldGen       total 173568K, used 14861K [0x00000006c2000000, 0x00000006cc980000, 0x000000076b580000)
  object space 173568K, 8% used [0x00000006c2000000,0x00000006c2e83528,0x00000006cc980000)
 Metaspace       used 19325K, capacity 19728K, committed 19968K, reserved 1067008K
  class space    used 2312K, capacity 2447K, committed 2560K, reserved 1048576K

Card table byte_map: [0x0000000011520000,0x0000000011d20000] byte_map_base: 0x000000000df10000

Marking Bits: (ParMarkBitMap*) 0x0000000051a0a6c0
 Begin Bits: [0x0000000012670000, 0x00000000165f0000)
 End Bits:   [0x00000000165f0000, 0x000000001a570000)

Polling page: 0x00000000006e0000

CodeCache: size=245760Kb used=10872Kb max_used=10875Kb free=234887Kb
 bounds [0x0000000002160000, 0x0000000002c10000, 0x0000000011160000]
 total_blobs=3267 nmethods=2894 adapters=285
 compilation: enabled

Compilation events (10 events):
Event: 229.916 Thread 0x000000001b75d800 nmethod 3242 0x0000000002c04e90 code [0x0000000002c05040, 0x0000000002c05848]
Event: 229.916 Thread 0x000000001b75d800 3243       3       org.apache.maven.model.merge.ModelMerger::mergeBuildBase_DefaultGoal (43 bytes)
Event: 229.916 Thread 0x000000001b75d800 nmethod 3243 0x0000000002c05b90 code [0x0000000002c05d60, 0x0000000002c068d8]
Event: 229.916 Thread 0x000000001b75d800 3244       3       org.apache.maven.model.merge.ModelMerger::mergeBuildBase_FinalName (43 bytes)
Event: 229.916 Thread 0x000000001b75d800 nmethod 3244 0x0000000002c06d90 code [0x0000000002c06f60, 0x0000000002c07ad8]
Event: 229.916 Thread 0x000000001b75d800 3245       3       org.apache.maven.model.merge.ModelMerger::mergeBuildBase_Directory (43 bytes)
Event: 229.917 Thread 0x000000001b75d800 nmethod 3245 0x0000000002c07f90 code [0x0000000002c08160, 0x0000000002c08cd8]
Event: 229.917 Thread 0x000000001b701800 3247       4       java.util.IdentityHashMap$IdentityHashMapIterator::hasNext (50 bytes)
Event: 229.918 Thread 0x000000001b701800 nmethod 3247 0x0000000002c00090 code [0x0000000002c001c0, 0x0000000002c00358]
Event: 229.918 Thread 0x000000001b75d800 3248       3       org.sonatype.aether.util.graph.transformer.NearestVersionConflictResolver::pruneNonSelectedVersions (152 bytes)

GC Heap History (8 events):
Event: 191.156 GC heap before
{Heap before GC invocations=1 (full 0):
 PSYoungGen      total 75776K, used 65024K [0x000000076b580000, 0x0000000770a00000, 0x00000007c0000000)
  eden space 65024K, 100% used [0x000000076b580000,0x000000076f500000,0x000000076f500000)
  from space 10752K, 0% used [0x000000076ff80000,0x000000076ff80000,0x0000000770a00000)
  to   space 10752K, 0% used [0x000000076f500000,0x000000076f500000,0x000000076ff80000)
 ParOldGen       total 173568K, used 0K [0x00000006c2000000, 0x00000006cc980000, 0x000000076b580000)
  object space 173568K, 0% used [0x00000006c2000000,0x00000006c2000000,0x00000006cc980000)
 Metaspace       used 12250K, capacity 12468K, committed 12672K, reserved 1060864K
  class space    used 1502K, capacity 1576K, committed 1664K, reserved 1048576K
Event: 191.387 GC heap after
Heap after GC invocations=1 (full 0):
 PSYoungGen      total 75776K, used 9973K [0x000000076b580000, 0x0000000770a00000, 0x00000007c0000000)
  eden space 65024K, 0% used [0x000000076b580000,0x000000076b580000,0x000000076f500000)
  from space 10752K, 92% used [0x000000076f500000,0x000000076febd4b8,0x000000076ff80000)
  to   space 10752K, 0% used [0x000000076ff80000,0x000000076ff80000,0x0000000770a00000)
 ParOldGen       total 173568K, used 8K [0x00000006c2000000, 0x00000006cc980000, 0x000000076b580000)
  object space 173568K, 0% used [0x00000006c2000000,0x00000006c2002000,0x00000006cc980000)
 Metaspace       used 12250K, capacity 12468K, committed 12672K, reserved 1060864K
  class space    used 1502K, capacity 1576K, committed 1664K, reserved 1048576K
}
Event: 213.127 GC heap before
{Heap before GC invocations=2 (full 0):
 PSYoungGen      total 75776K, used 74997K [0x000000076b580000, 0x0000000770a00000, 0x00000007c0000000)
  eden space 65024K, 100% used [0x000000076b580000,0x000000076f500000,0x000000076f500000)
  from space 10752K, 92% used [0x000000076f500000,0x000000076febd4b8,0x000000076ff80000)
  to   space 10752K, 0% used [0x000000076ff80000,0x000000076ff80000,0x0000000770a00000)
 ParOldGen       total 173568K, used 8K [0x00000006c2000000, 0x00000006cc980000, 0x000000076b580000)
  object space 173568K, 0% used [0x00000006c2000000,0x00000006c2002000,0x00000006cc980000)
 Metaspace       used 12929K, capacity 13148K, committed 13440K, reserved 1060864K
  class space    used 1537K, capacity 1620K, committed 1664K, reserved 1048576K
Event: 213.280 GC heap after
Heap after GC invocations=2 (full 0):
 PSYoungGen      total 75776K, used 7370K [0x000000076b580000, 0x0000000770a00000, 0x00000007c0000000)
  eden space 65024K, 0% used [0x000000076b580000,0x000000076b580000,0x000000076f500000)
  from space 10752K, 68% used [0x000000076ff80000,0x00000007706b2a70,0x0000000770a00000)
  to   space 10752K, 0% used [0x000000076f500000,0x000000076f500000,0x000000076ff80000)
 ParOldGen       total 173568K, used 16K [0x00000006c2000000, 0x00000006cc980000, 0x000000076b580000)
  object space 173568K, 0% used [0x00000006c2000000,0x00000006c2004000,0x00000006cc980000)
 Metaspace       used 12929K, capacity 13148K, committed 13440K, reserved 1060864K
  class space    used 1537K, capacity 1620K, committed 1664K, reserved 1048576K
}
Event: 216.898 GC heap before
{Heap before GC invocations=3 (full 0):
 PSYoungGen      total 75776K, used 72394K [0x000000076b580000, 0x0000000770a00000, 0x00000007c0000000)
  eden space 65024K, 100% used [0x000000076b580000,0x000000076f500000,0x000000076f500000)
  from space 10752K, 68% used [0x000000076ff80000,0x00000007706b2a70,0x0000000770a00000)
  to   space 10752K, 0% used [0x000000076f500000,0x000000076f500000,0x000000076ff80000)
 ParOldGen       total 173568K, used 16K [0x00000006c2000000, 0x00000006cc980000, 0x000000076b580000)
  object space 173568K, 0% used [0x00000006c2000000,0x00000006c2004000,0x00000006cc980000)
 Metaspace       used 17278K, capacity 17656K, committed 17920K, reserved 1064960K
  class space    used 2103K, capacity 2188K, committed 2304K, reserved 1048576K
Event: 216.959 GC heap after
Heap after GC invocations=3 (full 0):
 PSYoungGen      total 75776K, used 10649K [0x000000076b580000, 0x0000000770a00000, 0x00000007c0000000)
  eden space 65024K, 0% used [0x000000076b580000,0x000000076b580000,0x000000076f500000)
  from space 10752K, 99% used [0x000000076f500000,0x000000076ff66580,0x000000076ff80000)
  to   space 10752K, 0% used [0x000000076ff80000,0x000000076ff80000,0x0000000770a00000)
 ParOldGen       total 173568K, used 24K [0x00000006c2000000, 0x00000006cc980000, 0x000000076b580000)
  object space 173568K, 0% used [0x00000006c2000000,0x00000006c2006000,0x00000006cc980000)
 Metaspace       used 17278K, capacity 17656K, committed 17920K, reserved 1064960K
  class space    used 2103K, capacity 2188K, committed 2304K, reserved 1048576K
}
Event: 220.737 GC heap before
{Heap before GC invocations=4 (full 0):
 PSYoungGen      total 75776K, used 75673K [0x000000076b580000, 0x0000000770a00000, 0x00000007c0000000)
  eden space 65024K, 100% used [0x000000076b580000,0x000000076f500000,0x000000076f500000)
  from space 10752K, 99% used [0x000000076f500000,0x000000076ff66580,0x000000076ff80000)
  to   space 10752K, 0% used [0x000000076ff80000,0x000000076ff80000,0x0000000770a00000)
 ParOldGen       total 173568K, used 24K [0x00000006c2000000, 0x00000006cc980000, 0x000000076b580000)
  object space 173568K, 0% used [0x00000006c2000000,0x00000006c2006000,0x00000006cc980000)
 Metaspace       used 18502K, capacity 18928K, committed 19072K, reserved 1067008K
  class space    used 2220K, capacity 2351K, committed 2432K, reserved 1048576K
Event: 220.752 GC heap after
Heap after GC invocations=4 (full 0):
 PSYoungGen      total 75776K, used 10720K [0x000000076b580000, 0x0000000770a00000, 0x00000007c0000000)
  eden space 65024K, 0% used [0x000000076b580000,0x000000076b580000,0x000000076f500000)
  from space 10752K, 99% used [0x000000076ff80000,0x00000007709f8040,0x0000000770a00000)
  to   space 10752K, 0% used [0x000000076f500000,0x000000076f500000,0x000000076ff80000)
 ParOldGen       total 173568K, used 14861K [0x00000006c2000000, 0x00000006cc980000, 0x000000076b580000)
  object space 173568K, 8% used [0x00000006c2000000,0x00000006c2e83528,0x00000006cc980000)
 Metaspace       used 18502K, capacity 18928K, committed 19072K, reserved 1067008K
  class space    used 2220K, capacity 2351K, committed 2432K, reserved 1048576K
}

Deoptimization events (10 events):
Event: 220.422 Thread 0x000000000205e000 Uncommon trap: reason=unstable_if action=reinterpret pc=0x00000000027a139c method=org.apache.maven.model.ConfigurationContainer.getLocation(Ljava/lang/Object;)Lorg/apache/maven/model/InputLocation; @ 4
Event: 220.422 Thread 0x000000000205e000 Uncommon trap: reason=unstable_if action=reinterpret pc=0x0000000002670224 method=org.apache.maven.model.ConfigurationContainer.getLocation(Ljava/lang/Object;)Lorg/apache/maven/model/InputLocation; @ 4
Event: 220.422 Thread 0x000000000205e000 Uncommon trap: reason=unstable_if action=reinterpret pc=0x000000000266fe64 method=org.apache.maven.model.ConfigurationContainer.getLocation(Ljava/lang/Object;)Lorg/apache/maven/model/InputLocation; @ 4
Event: 220.422 Thread 0x000000000205e000 Uncommon trap: reason=unstable_if action=reinterpret pc=0x00000000025a9c48 method=org.apache.maven.model.ConfigurationContainer.getLocation(Ljava/lang/Object;)Lorg/apache/maven/model/InputLocation; @ 4
Event: 220.724 Thread 0x000000000205e000 Uncommon trap: reason=null_check action=make_not_entrant pc=0x0000000002b91268 method=org.apache.maven.model.io.xpp3.MavenXpp3ReaderEx.checkFieldWithDuplicate(Lorg/codehaus/plexus/util/xml/pull/XmlPullParser;Ljava/lang/String;Ljava/lang/String;Ljava/util/
Event: 220.953 Thread 0x000000000205e000 Uncommon trap: reason=class_check action=maybe_recompile pc=0x000000000273bf58 method=java.util.AbstractList$Itr.hasNext()Z @ 8
Event: 220.953 Thread 0x000000000205e000 Uncommon trap: reason=class_check action=maybe_recompile pc=0x000000000279fdd8 method=java.util.AbstractList$Itr.next()Ljava/lang/Object; @ 14
Event: 221.070 Thread 0x000000000205e000 Uncommon trap: reason=unstable_if action=reinterpret pc=0x00000000029796c0 method=java.util.StringTokenizer.setMaxDelimCodePoint()V @ 71
Event: 221.072 Thread 0x000000000205e000 Uncommon trap: reason=bimorphic action=maybe_recompile pc=0x00000000025eafc8 method=java.util.concurrent.ConcurrentHashMap.get(Ljava/lang/Object;)Ljava/lang/Object; @ 149
Event: 222.000 Thread 0x000000000205e000 Uncommon trap: reason=unstable_if action=reinterpret pc=0x0000000002bdfcf8 method=java.util.zip.DeflaterOutputStream.deflate()V @ 19

Internal exceptions (10 events):
Event: 191.763 Thread 0x000000000205e000 Implicit null exception at 0x0000000002510515 to 0x0000000002510719
Event: 191.763 Thread 0x000000000205e000 Implicit null exception at 0x000000000236952f to 0x0000000002369599
Event: 191.861 Thread 0x000000000205e000 Implicit null exception at 0x00000000026a73c1 to 0x00000000026a8599
Event: 213.490 Thread 0x000000000205e000 Implicit null exception at 0x00000000024eac3b to 0x00000000024eb221
Event: 214.454 Thread 0x000000000205e000 Exception <a 'java/lang/NoClassDefFoundError': org/slf4j/Logger> (0x000000076cbd7838) thrown at [C:\re\workspace\8-2-build-windows-amd64-cygwin\jdk8u111\7883\hotspot\src\share\vm\oops\constantPool.cpp, line 235]
Event: 215.029 Thread 0x000000000205e000 Exception <a 'java/lang/NoClassDefFoundError': org/slf4j/Logger> (0x000000076d551ed8) thrown at [C:\re\workspace\8-2-build-windows-amd64-cygwin\jdk8u111\7883\hotspot\src\share\vm\oops\constantPool.cpp, line 235]
Event: 218.210 Thread 0x000000000205e000 Exception <a 'java/io/FileNotFoundException'> (0x000000076ca32b80) thrown at [C:\re\workspace\8-2-build-windows-amd64-cygwin\jdk8u111\7883\hotspot\src\share\vm\prims\jni.cpp, line 709]
Event: 218.212 Thread 0x000000000205e000 Exception <a 'java/io/FileNotFoundException'> (0x000000076ca66770) thrown at [C:\re\workspace\8-2-build-windows-amd64-cygwin\jdk8u111\7883\hotspot\src\share\vm\prims\jni.cpp, line 709]
Event: 220.366 Thread 0x000000000205e000 Exception <a 'java/lang/NoClassDefFoundError': org/slf4j/Logger> (0x000000076ede58e8) thrown at [C:\re\workspace\8-2-build-windows-amd64-cygwin\jdk8u111\7883\hotspot\src\share\vm\oops\constantPool.cpp, line 235]
Event: 220.724 Thread 0x000000000205e000 Implicit null exception at 0x0000000002b91003 to 0x0000000002b9124d

Events (10 events):
Event: 223.067 loading class org/apache/maven/plugin/surefire/SurefireHelper
Event: 223.067 loading class org/apache/maven/plugin/surefire/SurefireHelper done
Event: 223.067 loading class java/lang/IllegalAccessError
Event: 223.067 loading class java/lang/IllegalAccessError done
Event: 223.069 Thread 0x000000001b75d800 flushing nmethod 0x000000000227cb90
Event: 223.069 Thread 0x000000001b75d800 flushing nmethod 0x000000000227d090
Event: 223.069 Thread 0x000000001b75d800 flushing nmethod 0x00000000022ba190
Event: 223.070 Thread 0x000000001b75d800 flushing nmethod 0x00000000022fdad0
Event: 223.932 Thread 0x000000001b75d800 flushing nmethod 0x00000000024a9010
Event: 223.935 Thread 0x000000001b6fd800 flushing nmethod 0x0000000002721010


Dynamic libraries:
0x00007ff7fe600000 - 0x00007ff7fe637000 	C:\Program Files\Java\jdk1.8.0_111\bin\java.exe
0x00007ffb4c130000 - 0x00007ffb4c2f2000 	C:\Windows\SYSTEM32\ntdll.dll
0x00007ffb4c040000 - 0x00007ffb4c0ed000 	C:\Windows\system32\KERNEL32.DLL
0x00007ffb48f20000 - 0x00007ffb490fd000 	C:\Windows\system32\KERNELBASE.dll
0x0000000052d80000 - 0x0000000052e13000 	C:\Windows\System32\SYSFER.DLL
0x00007ffb4aa00000 - 0x00007ffb4aaa6000 	C:\Windows\system32\ADVAPI32.dll
0x00007ffb49c50000 - 0x00007ffb49ced000 	C:\Windows\system32\msvcrt.dll
0x00007ffb4a170000 - 0x00007ffb4a1cb000 	C:\Windows\system32\sechost.dll
0x00007ffb4a5a0000 - 0x00007ffb4a6c6000 	C:\Windows\system32\RPCRT4.dll
0x00007ffb4a3a0000 - 0x00007ffb4a4ee000 	C:\Windows\system32\USER32.dll
0x00007ffb49fe0000 - 0x00007ffb4a163000 	C:\Windows\system32\GDI32.dll
0x00007ffb3d050000 - 0x00007ffb3d2c4000 	C:\Windows\WinSxS\amd64_microsoft.windows.common-controls_6595b64144ccf1df_6.0.10240.17184_none_f41d7a705752bce6\COMCTL32.dll
0x00007ffb4c0f0000 - 0x00007ffb4c126000 	C:\Windows\system32\IMM32.DLL
0x00007ffb4a1e0000 - 0x00007ffb4a33c000 	C:\Windows\system32\MSCTF.dll
0x0000000051110000 - 0x00000000511e2000 	C:\Program Files\Java\jdk1.8.0_111\jre\bin\msvcr100.dll
0x00000000511f0000 - 0x0000000051a8a000 	C:\Program Files\Java\jdk1.8.0_111\jre\bin\server\jvm.dll
0x00007ffb4a9f0000 - 0x00007ffb4a9f8000 	C:\Windows\system32\PSAPI.DLL
0x00007ffb47320000 - 0x00007ffb47329000 	C:\Windows\SYSTEM32\WSOCK32.dll
0x00007ffb49be0000 - 0x00007ffb49c49000 	C:\Windows\system32\WS2_32.dll
0x00007ffb4a1d0000 - 0x00007ffb4a1d8000 	C:\Windows\system32\NSI.dll
0x00007ffb47260000 - 0x00007ffb47283000 	C:\Windows\SYSTEM32\WINMM.dll
0x00007ffb3df20000 - 0x00007ffb3df2a000 	C:\Windows\SYSTEM32\VERSION.dll
0x00007ffb47200000 - 0x00007ffb4722c000 	C:\Windows\SYSTEM32\WINMMBASE.dll
0x00007ffb48ed0000 - 0x00007ffb48f14000 	C:\Windows\system32\cfgmgr32.dll
0x00007ffb474d0000 - 0x00007ffb474f7000 	C:\Windows\SYSTEM32\DEVOBJ.dll
0x00000000510c0000 - 0x00000000510cf000 	C:\Program Files\Java\jdk1.8.0_111\jre\bin\verify.dll
0x0000000051090000 - 0x00000000510b9000 	C:\Program Files\Java\jdk1.8.0_111\jre\bin\java.dll
0x0000000051070000 - 0x0000000051086000 	C:\Program Files\Java\jdk1.8.0_111\jre\bin\zip.dll
0x00007ffb4aab0000 - 0x00007ffb4bfd3000 	C:\Windows\system32\SHELL32.dll
0x00007ffb49100000 - 0x00007ffb49729000 	C:\Windows\system32\windows.storage.dll
0x00007ffb49d60000 - 0x00007ffb49fdc000 	C:\Windows\system32\combase.dll
0x00007ffb4bfe0000 - 0x00007ffb4c031000 	C:\Windows\system32\shlwapi.dll
0x00007ffb48b70000 - 0x00007ffb48b7f000 	C:\Windows\system32\kernel.appcore.dll
0x00007ffb49730000 - 0x00007ffb497e3000 	C:\Windows\system32\shcore.dll
0x00007ffb48ba0000 - 0x00007ffb48bea000 	C:\Windows\system32\powrprof.dll
0x00007ffb48b80000 - 0x00007ffb48b93000 	C:\Windows\system32\profapi.dll
0x0000000051050000 - 0x000000005106a000 	C:\Program Files\Java\jdk1.8.0_111\jre\bin\net.dll
0x00007ffb48360000 - 0x00007ffb483bd000 	C:\Windows\system32\mswsock.dll
0x0000000051030000 - 0x0000000051041000 	C:\Program Files\Java\jdk1.8.0_111\jre\bin\nio.dll
0x00007ffb483c0000 - 0x00007ffb483d7000 	C:\Windows\SYSTEM32\CRYPTSP.dll
0x00007ffb48a80000 - 0x00007ffb48aa8000 	C:\Windows\SYSTEM32\bcrypt.dll
0x00007ffb48010000 - 0x00007ffb48043000 	C:\Windows\system32\rsaenh.dll
0x00007ffb48100000 - 0x00007ffb4811f000 	C:\Windows\SYSTEM32\USERENV.dll
0x00007ffb48910000 - 0x00007ffb4897b000 	C:\Windows\system32\bcryptprimitives.dll
0x00007ffb48530000 - 0x00007ffb4853b000 	C:\Windows\SYSTEM32\CRYPTBASE.dll
0x00007ffb468f0000 - 0x00007ffb46928000 	C:\Windows\SYSTEM32\IPHLPAPI.DLL
0x00007ffb46760000 - 0x00007ffb4676b000 	C:\Windows\SYSTEM32\WINNSI.DLL
0x00007ffb42d80000 - 0x00007ffb42d96000 	C:\Windows\SYSTEM32\dhcpcsvc6.DLL
0x00007ffb42d60000 - 0x00007ffb42d7a000 	C:\Windows\SYSTEM32\dhcpcsvc.DLL

VM Arguments:
jvm_args: -Dclassworlds.conf=C:\Program Files\NetBeans 8.2\java\maven\bin\m2.conf -Dmaven.home=C:\Program Files\NetBeans 8.2\java\maven 
java_command: org.codehaus.plexus.classworlds.launcher.Launcher -Dmaven.ext.class.path=C:\Program Files\NetBeans 8.2\java\maven-nblib\netbeans-eventspy.jar -Dfile.encoding=UTF-8 -Djava.net.useSystemProxies=true install
java_class_path (initial): C:\Program Files\NetBeans 8.2\java\maven\boot\plexus-classworlds-2.4.jar
Launcher Type: SUN_STANDARD

Environment Variables:
JAVA_HOME=C:\Program Files\Java\jdk1.8.0_111
PATH=C:\Program Files (x86)\Common Files\Oracle\Java\javapath;C:\ProgramData\Oracle\Java\javapath;C:\Program Files (x86)\Intel\iCLS Client\;C:\Program Files\Intel\iCLS Client\;C:\Windows\system32;C:\Windows;C:\Windows\System32\Wbem;C:\Windows\System32\WindowsPowerShell\v1.0\;C:\Program Files (x86)\Intel\Intel(R) Management Engine Components\DAL;C:\Program Files\Intel\Intel(R) Management Engine Components\DAL;C:\Program Files (x86)\Intel\Intel(R) Management Engine Components\IPT;C:\Program Files\Intel\Intel(R) Management Engine Components\IPT;C:\Program Files\nodejs\;C:\Program Files (x86)\Microsoft SQL Server\90\Tools\binn\;C:\Program Files\Microsoft VS Code\bin;C:\flutter\flutter\bin;C:\Users\erwin.ADIS\.dnx\bin;C:\Program Files\Microsoft DNX\Dnvm\;C:\Program Files\Microsoft SQL Server\120\Tools\Binn\;C:\Users\erwin.ADIS\AppData\Roaming\npm
USERNAME=erwin
OS=Windows_NT
PROCESSOR_IDENTIFIER=Intel64 Family 6 Model 158 Stepping 9, GenuineIntel



---------------  S Y S T E M  ---------------

OS: Windows 10.0 , 64 bit Build 10240 (10.0.10240.17113)

CPU:total 4 (4 cores per cpu, 1 threads per core) family 6 model 158 stepping 9, cmov, cx8, fxsr, mmx, sse, sse2, sse3, ssse3, sse4.1, sse4.2, popcnt, avx, avx2, aes, clmul, erms, rtm, 3dnowpref, lzcnt, tsc, tscinvbit, bmi1, bmi2, adx

Memory: 4k page, physical 16639728k(4187340k free), swap 35767276k(5184k free)

vm_info: Java HotSpot(TM) 64-Bit Server VM (25.111-b14) for windows-amd64 JRE (1.8.0_111-b14), built on Sep 22 2016 19:24:05 by "java_re" with MS VC++ 10.0 (VS2010)

time: Wed May 13 16:00:34 2020
elapsed time: 229 seconds (0d 0h 3m 49s)

