#
# There is insufficient memory for the Java Runtime Environment to continue.
# Native memory allocation (malloc) failed to allocate 82416 bytes for Chunk::new
# Possible reasons:
#   The system is out of physical RAM or swap space
#   In 32 bit mode, the process size limit was hit
# Possible solutions:
#   Reduce memory load on the system
#   Increase physical memory or swap space
#   Check if swap backing store is full
#   Use 64 bit Java on a 64 bit OS
#   Decrease Java heap size (-Xmx/-Xms)
#   Decrease number of Java threads
#   Decrease Java thread stack sizes (-Xss)
#   Set larger code cache with -XX:ReservedCodeCacheSize=
# This output file may be truncated or incomplete.
#
#  Out of Memory Error (allocation.cpp:390), pid=74720, tid=0x000000000001211c
#
# JRE version: Java(TM) SE Runtime Environment (8.0_111-b14) (build 1.8.0_111-b14)
# Java VM: Java HotSpot(TM) 64-Bit Server VM (25.111-b14 mixed mode windows-amd64 compressed oops)
# Failed to write core dump. Minidumps are not enabled by default on client versions of Windows
#

---------------  T H R E A D  ---------------

Current thread (0x000000001bcb1800):  JavaThread "C2 CompilerThread1" daemon [_thread_in_native, id=74012, stack(0x000000001d3e0000,0x000000001d4e0000)]

Stack: [0x000000001d3e0000,0x000000001d4e0000]
[error occurred during error reporting (printing stack bounds), id 0xc0000005]

Native frames: (J=compiled Java code, j=interpreted, Vv=VM code, C=native code)


Current CompileTask:
C2: 272325 3266       4       java.io.WinNTFileSystem::parentOrNull (171 bytes)


---------------  P R O C E S S  ---------------

Java Threads: ( => current thread )
  0x0000000021ee7000 JavaThread "resolver-4" daemon [_thread_blocked, id=62144, stack(0x00000000231e0000,0x00000000232e0000)]
  0x000000001dd47000 JavaThread "resolver-3" daemon [_thread_blocked, id=67620, stack(0x00000000230e0000,0x00000000231e0000)]
  0x000000001ec41000 JavaThread "resolver-2" daemon [_thread_blocked, id=54460, stack(0x0000000022fe0000,0x00000000230e0000)]
  0x000000001fb99000 JavaThread "resolver-1" daemon [_thread_blocked, id=6392, stack(0x0000000022ee0000,0x0000000022fe0000)]
  0x000000001d507000 JavaThread "Service Thread" daemon [_thread_blocked, id=71808, stack(0x000000001d9e0000,0x000000001dae0000)]
  0x000000001d4e8800 JavaThread "C1 CompilerThread2" daemon [_thread_in_native, id=71768, stack(0x000000001d8e0000,0x000000001d9e0000)]
=>0x000000001bcb1800 JavaThread "C2 CompilerThread1" daemon [_thread_in_native, id=74012, stack(0x000000001d3e0000,0x000000001d4e0000)]
  0x000000001bcad800 JavaThread "C2 CompilerThread0" daemon [_thread_in_vm, id=74056, stack(0x000000001d2e0000,0x000000001d3e0000)]
  0x000000001bcac000 JavaThread "Attach Listener" daemon [_thread_blocked, id=72596, stack(0x000000001d1e0000,0x000000001d2e0000)]
  0x000000001bcab000 JavaThread "Signal Dispatcher" daemon [_thread_blocked, id=31052, stack(0x000000001d0e0000,0x000000001d1e0000)]
  0x000000001bc9a800 JavaThread "Finalizer" daemon [_thread_blocked, id=55048, stack(0x000000001cf00000,0x000000001d000000)]
  0x0000000002691000 JavaThread "Reference Handler" daemon [_thread_blocked, id=52132, stack(0x000000001ce00000,0x000000001cf00000)]
  0x000000000280e000 JavaThread "main" [_thread_in_vm, id=71828, stack(0x0000000000cc0000,0x0000000000dc0000)]

Other Threads:
  0x000000001bc76800 VMThread [stack: 0x000000001cd00000,0x000000001ce00000] [id=55488]
  0x000000001d500000 WatcherThread [stack: 0x000000001dae0000,0x000000001dbe0000] [id=72664]

VM state:synchronizing (normal execution)

VM Mutex/Monitor currently owned by a thread:  ([mutex/lock_event])
[0x000000000280cf80] Threads_lock - owner thread: 0x000000001bc76800

Heap:
 PSYoungGen      total 140800K, used 33345K [0x000000076b580000, 0x0000000774980000, 0x00000007c0000000)
  eden space 130048K, 17% used [0x000000076b580000,0x000000076cb96308,0x0000000773480000)
  from space 10752K, 99% used [0x0000000773f00000,0x000000077497a4a8,0x0000000774980000)
  to   space 10752K, 0% used [0x0000000773480000,0x0000000773480000,0x0000000773f00000)
 ParOldGen       total 173568K, used 14809K [0x00000006c2000000, 0x00000006cc980000, 0x000000076b580000)
  object space 173568K, 8% used [0x00000006c2000000,0x00000006c2e76750,0x00000006cc980000)
 Metaspace       used 19384K, capacity 19848K, committed 19968K, reserved 1067008K
  class space    used 2318K, capacity 2487K, committed 2560K, reserved 1048576K

Card table byte_map: [0x0000000011bd0000,0x00000000123d0000] byte_map_base: 0x000000000e5c0000

Marking Bits: (ParMarkBitMap*) 0x0000000051a0a6c0
 Begin Bits: [0x0000000012c20000, 0x0000000016ba0000)
 End Bits:   [0x0000000016ba0000, 0x000000001ab20000)

Polling page: 0x0000000000b10000

CodeCache: size=245760Kb used=10615Kb max_used=10838Kb free=235144Kb
 bounds [0x0000000002810000, 0x00000000032c0000, 0x0000000011810000]
 total_blobs=3246 nmethods=2873 adapters=285
 compilation: enabled

Compilation events (10 events):
Event: 272.111 Thread 0x000000001d4e8800 nmethod 3263 0x00000000032acf90 code [0x00000000032ad120, 0x00000000032ad4d0]
Event: 272.111 Thread 0x000000001d4e8800 3264       3       java.math.MutableBigInteger::<init> (42 bytes)
Event: 272.112 Thread 0x000000001d4e8800 nmethod 3264 0x0000000002c3d8d0 code [0x0000000002c3da40, 0x0000000002c3dc88]
Event: 272.112 Thread 0x000000001d4e8800 3261       3       org.apache.maven.artifact.DefaultArtifact::<init> (72 bytes)
Event: 272.112 Thread 0x000000001d4e8800 nmethod 3261 0x0000000002d16450 code [0x0000000002d165e0, 0x0000000002d16a18]
Event: 272.112 Thread 0x000000001d4e8800 3262       3       org.apache.maven.artifact.DefaultArtifact::validateIdentity (144 bytes)
Event: 272.112 Thread 0x000000001d4e8800 nmethod 3262 0x0000000002cab390 code [0x0000000002cab5a0, 0x0000000002cabf48]
Event: 272.113 Thread 0x000000001d4e8800 3265       3       java.io.File::slashify (84 bytes)
Event: 272.113 Thread 0x000000001d4e8800 nmethod 3265 0x0000000002953ad0 code [0x0000000002953d40, 0x0000000002954f68]
Event: 272.113 Thread 0x000000001bcb1800 3266       4       java.io.WinNTFileSystem::parentOrNull (171 bytes)

GC Heap History (8 events):
Event: 198.899 GC heap before
{Heap before GC invocations=1 (full 0):
 PSYoungGen      total 75776K, used 65024K [0x000000076b580000, 0x0000000770a00000, 0x00000007c0000000)
  eden space 65024K, 100% used [0x000000076b580000,0x000000076f500000,0x000000076f500000)
  from space 10752K, 0% used [0x000000076ff80000,0x000000076ff80000,0x0000000770a00000)
  to   space 10752K, 0% used [0x000000076f500000,0x000000076f500000,0x000000076ff80000)
 ParOldGen       total 173568K, used 0K [0x00000006c2000000, 0x00000006cc980000, 0x000000076b580000)
  object space 173568K, 0% used [0x00000006c2000000,0x00000006c2000000,0x00000006cc980000)
 Metaspace       used 12248K, capacity 12468K, committed 12672K, reserved 1060864K
  class space    used 1499K, capacity 1576K, committed 1664K, reserved 1048576K
Event: 199.696 GC heap after
Heap after GC invocations=1 (full 0):
 PSYoungGen      total 75776K, used 9965K [0x000000076b580000, 0x0000000770a00000, 0x00000007c0000000)
  eden space 65024K, 0% used [0x000000076b580000,0x000000076b580000,0x000000076f500000)
  from space 10752K, 92% used [0x000000076f500000,0x000000076febb718,0x000000076ff80000)
  to   space 10752K, 0% used [0x000000076ff80000,0x000000076ff80000,0x0000000770a00000)
 ParOldGen       total 173568K, used 0K [0x00000006c2000000, 0x00000006cc980000, 0x000000076b580000)
  object space 173568K, 0% used [0x00000006c2000000,0x00000006c2000000,0x00000006cc980000)
 Metaspace       used 12248K, capacity 12468K, committed 12672K, reserved 1060864K
  class space    used 1499K, capacity 1576K, committed 1664K, reserved 1048576K
}
Event: 224.897 GC heap before
{Heap before GC invocations=2 (full 0):
 PSYoungGen      total 75776K, used 74989K [0x000000076b580000, 0x0000000770a00000, 0x00000007c0000000)
  eden space 65024K, 100% used [0x000000076b580000,0x000000076f500000,0x000000076f500000)
  from space 10752K, 92% used [0x000000076f500000,0x000000076febb718,0x000000076ff80000)
  to   space 10752K, 0% used [0x000000076ff80000,0x000000076ff80000,0x0000000770a00000)
 ParOldGen       total 173568K, used 0K [0x00000006c2000000, 0x00000006cc980000, 0x000000076b580000)
  object space 173568K, 0% used [0x00000006c2000000,0x00000006c2000000,0x00000006cc980000)
 Metaspace       used 12903K, capacity 13148K, committed 13440K, reserved 1060864K
  class space    used 1534K, capacity 1620K, committed 1664K, reserved 1048576K
Event: 225.855 GC heap after
Heap after GC invocations=2 (full 0):
 PSYoungGen      total 75776K, used 7355K [0x000000076b580000, 0x0000000774980000, 0x00000007c0000000)
  eden space 65024K, 0% used [0x000000076b580000,0x000000076b580000,0x000000076f500000)
  from space 10752K, 68% used [0x000000076ff80000,0x00000007706aef40,0x0000000770a00000)
  to   space 10752K, 0% used [0x000000076f500000,0x000000076f500000,0x000000076ff80000)
 ParOldGen       total 173568K, used 0K [0x00000006c2000000, 0x00000006cc980000, 0x000000076b580000)
  object space 173568K, 0% used [0x00000006c2000000,0x00000006c2000000,0x00000006cc980000)
 Metaspace       used 12903K, capacity 13148K, committed 13440K, reserved 1060864K
  class space    used 1534K, capacity 1620K, committed 1664K, reserved 1048576K
}
Event: 250.189 GC heap before
{Heap before GC invocations=3 (full 0):
 PSYoungGen      total 75776K, used 72353K [0x000000076b580000, 0x0000000774980000, 0x00000007c0000000)
  eden space 65024K, 99% used [0x000000076b580000,0x000000076f4f9690,0x000000076f500000)
  from space 10752K, 68% used [0x000000076ff80000,0x00000007706aef40,0x0000000770a00000)
  to   space 10752K, 0% used [0x000000076f500000,0x000000076f500000,0x000000076ff80000)
 ParOldGen       total 173568K, used 0K [0x00000006c2000000, 0x00000006cc980000, 0x000000076b580000)
  object space 173568K, 0% used [0x00000006c2000000,0x00000006c2000000,0x00000006cc980000)
 Metaspace       used 17282K, capacity 17720K, committed 17920K, reserved 1064960K
  class space    used 2100K, capacity 2188K, committed 2304K, reserved 1048576K
Event: 250.580 GC heap after
Heap after GC invocations=3 (full 0):
 PSYoungGen      total 75776K, used 10651K [0x000000076b580000, 0x0000000774980000, 0x00000007c0000000)
  eden space 65024K, 0% used [0x000000076b580000,0x000000076b580000,0x000000076f500000)
  from space 10752K, 99% used [0x000000076f500000,0x000000076ff66e38,0x000000076ff80000)
  to   space 10752K, 0% used [0x0000000773f00000,0x0000000773f00000,0x0000000774980000)
 ParOldGen       total 173568K, used 16K [0x00000006c2000000, 0x00000006cc980000, 0x000000076b580000)
  object space 173568K, 0% used [0x00000006c2000000,0x00000006c2004000,0x00000006cc980000)
 Metaspace       used 17282K, capacity 17720K, committed 17920K, reserved 1064960K
  class space    used 2100K, capacity 2188K, committed 2304K, reserved 1048576K
}
Event: 261.575 GC heap before
{Heap before GC invocations=4 (full 0):
 PSYoungGen      total 75776K, used 75675K [0x000000076b580000, 0x0000000774980000, 0x00000007c0000000)
  eden space 65024K, 100% used [0x000000076b580000,0x000000076f500000,0x000000076f500000)
  from space 10752K, 99% used [0x000000076f500000,0x000000076ff66e38,0x000000076ff80000)
  to   space 10752K, 0% used [0x0000000773f00000,0x0000000773f00000,0x0000000774980000)
 ParOldGen       total 173568K, used 16K [0x00000006c2000000, 0x00000006cc980000, 0x000000076b580000)
  object space 173568K, 0% used [0x00000006c2000000,0x00000006c2004000,0x00000006cc980000)
 Metaspace       used 18497K, capacity 18992K, committed 19328K, reserved 1067008K
  class space    used 2218K, capacity 2351K, committed 2432K, reserved 1048576K
Event: 261.731 GC heap after
Heap after GC invocations=4 (full 0):
 PSYoungGen      total 140800K, used 10729K [0x000000076b580000, 0x0000000774980000, 0x00000007c0000000)
  eden space 130048K, 0% used [0x000000076b580000,0x000000076b580000,0x0000000773480000)
  from space 10752K, 99% used [0x0000000773f00000,0x000000077497a4a8,0x0000000774980000)
  to   space 10752K, 0% used [0x0000000773480000,0x0000000773480000,0x0000000773f00000)
 ParOldGen       total 173568K, used 14809K [0x00000006c2000000, 0x00000006cc980000, 0x000000076b580000)
  object space 173568K, 8% used [0x00000006c2000000,0x00000006c2e76750,0x00000006cc980000)
 Metaspace       used 18497K, capacity 18992K, committed 19328K, reserved 1067008K
  class space    used 2218K, capacity 2351K, committed 2432K, reserved 1048576K
}

Deoptimization events (10 events):
Event: 260.220 Thread 0x000000000280e000 Uncommon trap: reason=unstable_if action=reinterpret pc=0x0000000002fe6ad4 method=org.apache.maven.model.ConfigurationContainer.setLocation(Ljava/lang/Object;Lorg/apache/maven/model/InputLocation;)V @ 1
Event: 260.400 Thread 0x000000000280e000 Uncommon trap: reason=unstable_if action=reinterpret pc=0x0000000002effc1c method=org.apache.maven.model.ConfigurationContainer.getLocation(Ljava/lang/Object;)Lorg/apache/maven/model/InputLocation; @ 4
Event: 260.400 Thread 0x000000000280e000 Uncommon trap: reason=unstable_if action=reinterpret pc=0x000000000320a12c method=org.apache.maven.model.ConfigurationContainer.getLocation(Ljava/lang/Object;)Lorg/apache/maven/model/InputLocation; @ 4
Event: 260.400 Thread 0x000000000280e000 Uncommon trap: reason=unstable_if action=reinterpret pc=0x0000000002a818a4 method=org.apache.maven.model.ConfigurationContainer.getLocation(Ljava/lang/Object;)Lorg/apache/maven/model/InputLocation; @ 4
Event: 260.459 Thread 0x000000000280e000 Uncommon trap: reason=null_check action=make_not_entrant pc=0x00000000032471e8 method=org.apache.maven.model.io.xpp3.MavenXpp3ReaderEx.checkFieldWithDuplicate(Lorg/codehaus/plexus/util/xml/pull/XmlPullParser;Ljava/lang/String;Ljava/lang/String;Ljava/util/
Event: 262.254 Thread 0x000000000280e000 Uncommon trap: reason=class_check action=maybe_recompile pc=0x0000000002dce5d8 method=java.util.AbstractList$Itr.hasNext()Z @ 8
Event: 262.254 Thread 0x000000000280e000 Uncommon trap: reason=class_check action=maybe_recompile pc=0x0000000002e49618 method=java.util.AbstractList$Itr.next()Ljava/lang/Object; @ 14
Event: 263.337 Thread 0x000000000280e000 Uncommon trap: reason=unstable_if action=reinterpret pc=0x0000000003116440 method=java.util.StringTokenizer.setMaxDelimCodePoint()V @ 71
Event: 263.339 Thread 0x000000000280e000 Uncommon trap: reason=bimorphic action=maybe_recompile pc=0x0000000002c7a1c4 method=java.util.concurrent.ConcurrentHashMap.get(Ljava/lang/Object;)Ljava/lang/Object; @ 149
Event: 264.708 Thread 0x000000000280e000 Uncommon trap: reason=unstable_if action=reinterpret pc=0x00000000032a6378 method=java.util.zip.DeflaterOutputStream.deflate()V @ 19

Internal exceptions (10 events):
Event: 270.176 Thread 0x000000000280e000 Exception <a 'java/io/IOException'> (0x000000076c096ed8) thrown at [C:\re\workspace\8-2-build-windows-amd64-cygwin\jdk8u111\7883\hotspot\src\share\vm\prims\jni.cpp, line 709]
Event: 270.176 Thread 0x000000000280e000 Exception <a 'java/io/IOException'> (0x000000076c097350) thrown at [C:\re\workspace\8-2-build-windows-amd64-cygwin\jdk8u111\7883\hotspot\src\share\vm\prims\jni.cpp, line 709]
Event: 270.176 Thread 0x000000000280e000 Exception <a 'java/io/IOException'> (0x000000076c097798) thrown at [C:\re\workspace\8-2-build-windows-amd64-cygwin\jdk8u111\7883\hotspot\src\share\vm\prims\jni.cpp, line 709]
Event: 270.176 Thread 0x000000000280e000 Exception <a 'java/io/IOException'> (0x000000076c097d38) thrown at [C:\re\workspace\8-2-build-windows-amd64-cygwin\jdk8u111\7883\hotspot\src\share\vm\prims\jni.cpp, line 709]
Event: 270.176 Thread 0x000000000280e000 Exception <a 'java/io/IOException'> (0x000000076c0981b0) thrown at [C:\re\workspace\8-2-build-windows-amd64-cygwin\jdk8u111\7883\hotspot\src\share\vm\prims\jni.cpp, line 709]
Event: 270.176 Thread 0x000000000280e000 Exception <a 'java/io/IOException'> (0x000000076c0985f8) thrown at [C:\re\workspace\8-2-build-windows-amd64-cygwin\jdk8u111\7883\hotspot\src\share\vm\prims\jni.cpp, line 709]
Event: 270.176 Thread 0x000000000280e000 Exception <a 'java/io/IOException'> (0x000000076c098930) thrown at [C:\re\workspace\8-2-build-windows-amd64-cygwin\jdk8u111\7883\hotspot\src\share\vm\prims\jni.cpp, line 709]
Event: 270.176 Thread 0x000000000280e000 Exception <a 'java/io/IOException'> (0x000000076c098da8) thrown at [C:\re\workspace\8-2-build-windows-amd64-cygwin\jdk8u111\7883\hotspot\src\share\vm\prims\jni.cpp, line 709]
Event: 270.176 Thread 0x000000000280e000 Exception <a 'java/io/IOException'> (0x000000076c099220) thrown at [C:\re\workspace\8-2-build-windows-amd64-cygwin\jdk8u111\7883\hotspot\src\share\vm\prims\jni.cpp, line 709]
Event: 270.176 Thread 0x000000000280e000 Exception <a 'java/io/IOException'> (0x000000076c099668) thrown at [C:\re\workspace\8-2-build-windows-amd64-cygwin\jdk8u111\7883\hotspot\src\share\vm\prims\jni.cpp, line 709]

Events (10 events):
Event: 272.113 loading class org/apache/maven/plugin/Mojo
Event: 272.113 loading class org/apache/maven/plugin/Mojo done
Event: 272.113 loading class org/apache/maven/plugin/war/HelpMojo
Event: 272.113 loading class org/apache/maven/plugin/war/HelpMojo done
Event: 272.113 loading class org/apache/maven/plugin/war/HelpMojo
Event: 272.113 loading class org/apache/maven/plugin/war/HelpMojo done
Event: 272.113 loading class org/apache/maven/plugin/war/HelpMojo
Event: 272.113 loading class org/apache/maven/plugin/war/HelpMojo done
Event: 272.113 loading class org/apache/maven/plugin/war/HelpMojo
Event: 272.113 loading class org/apache/maven/plugin/war/HelpMojo done


Dynamic libraries:
0x00007ff7fe600000 - 0x00007ff7fe637000 	C:\Program Files\Java\jdk1.8.0_111\bin\java.exe
0x00007ffb4c130000 - 0x00007ffb4c2f2000 	C:\Windows\SYSTEM32\ntdll.dll
0x00007ffb4c040000 - 0x00007ffb4c0ed000 	C:\Windows\system32\KERNEL32.DLL
0x00007ffb48f20000 - 0x00007ffb490fd000 	C:\Windows\system32\KERNELBASE.dll
0x0000000052d80000 - 0x0000000052e13000 	C:\Windows\System32\SYSFER.DLL
0x00007ffb4aa00000 - 0x00007ffb4aaa6000 	C:\Windows\system32\ADVAPI32.dll
0x00007ffb49c50000 - 0x00007ffb49ced000 	C:\Windows\system32\msvcrt.dll
0x00007ffb4a170000 - 0x00007ffb4a1cb000 	C:\Windows\system32\sechost.dll
0x00007ffb4a5a0000 - 0x00007ffb4a6c6000 	C:\Windows\system32\RPCRT4.dll
0x00007ffb4a3a0000 - 0x00007ffb4a4ee000 	C:\Windows\system32\USER32.dll
0x00007ffb49fe0000 - 0x00007ffb4a163000 	C:\Windows\system32\GDI32.dll
0x00007ffb3d050000 - 0x00007ffb3d2c4000 	C:\Windows\WinSxS\amd64_microsoft.windows.common-controls_6595b64144ccf1df_6.0.10240.17184_none_f41d7a705752bce6\COMCTL32.dll
0x00007ffb4c0f0000 - 0x00007ffb4c126000 	C:\Windows\system32\IMM32.DLL
0x00007ffb4a1e0000 - 0x00007ffb4a33c000 	C:\Windows\system32\MSCTF.dll
0x0000000051110000 - 0x00000000511e2000 	C:\Program Files\Java\jdk1.8.0_111\jre\bin\msvcr100.dll
0x00000000511f0000 - 0x0000000051a8a000 	C:\Program Files\Java\jdk1.8.0_111\jre\bin\server\jvm.dll
0x00007ffb4a9f0000 - 0x00007ffb4a9f8000 	C:\Windows\system32\PSAPI.DLL
0x00007ffb47320000 - 0x00007ffb47329000 	C:\Windows\SYSTEM32\WSOCK32.dll
0x00007ffb49be0000 - 0x00007ffb49c49000 	C:\Windows\system32\WS2_32.dll
0x00007ffb4a1d0000 - 0x00007ffb4a1d8000 	C:\Windows\system32\NSI.dll
0x00007ffb47260000 - 0x00007ffb47283000 	C:\Windows\SYSTEM32\WINMM.dll
0x00007ffb3df20000 - 0x00007ffb3df2a000 	C:\Windows\SYSTEM32\VERSION.dll
0x00007ffb47200000 - 0x00007ffb4722c000 	C:\Windows\SYSTEM32\WINMMBASE.dll
0x00007ffb48ed0000 - 0x00007ffb48f14000 	C:\Windows\system32\cfgmgr32.dll
0x00007ffb474d0000 - 0x00007ffb474f7000 	C:\Windows\SYSTEM32\DEVOBJ.dll
0x00000000510c0000 - 0x00000000510cf000 	C:\Program Files\Java\jdk1.8.0_111\jre\bin\verify.dll
0x0000000051090000 - 0x00000000510b9000 	C:\Program Files\Java\jdk1.8.0_111\jre\bin\java.dll
0x0000000051070000 - 0x0000000051086000 	C:\Program Files\Java\jdk1.8.0_111\jre\bin\zip.dll
0x00007ffb4aab0000 - 0x00007ffb4bfd3000 	C:\Windows\system32\SHELL32.dll
0x00007ffb49100000 - 0x00007ffb49729000 	C:\Windows\system32\windows.storage.dll
0x00007ffb49d60000 - 0x00007ffb49fdc000 	C:\Windows\system32\combase.dll
0x00007ffb4bfe0000 - 0x00007ffb4c031000 	C:\Windows\system32\shlwapi.dll
0x00007ffb48b70000 - 0x00007ffb48b7f000 	C:\Windows\system32\kernel.appcore.dll
0x00007ffb49730000 - 0x00007ffb497e3000 	C:\Windows\system32\shcore.dll
0x00007ffb48ba0000 - 0x00007ffb48bea000 	C:\Windows\system32\powrprof.dll
0x00007ffb48b80000 - 0x00007ffb48b93000 	C:\Windows\system32\profapi.dll
0x0000000051050000 - 0x000000005106a000 	C:\Program Files\Java\jdk1.8.0_111\jre\bin\net.dll
0x00007ffb48360000 - 0x00007ffb483bd000 	C:\Windows\system32\mswsock.dll
0x0000000051030000 - 0x0000000051041000 	C:\Program Files\Java\jdk1.8.0_111\jre\bin\nio.dll
0x00007ffb483c0000 - 0x00007ffb483d7000 	C:\Windows\SYSTEM32\CRYPTSP.dll
0x00007ffb48a80000 - 0x00007ffb48aa8000 	C:\Windows\SYSTEM32\bcrypt.dll
0x00007ffb48010000 - 0x00007ffb48043000 	C:\Windows\system32\rsaenh.dll
0x00007ffb48100000 - 0x00007ffb4811f000 	C:\Windows\SYSTEM32\USERENV.dll
0x00007ffb48910000 - 0x00007ffb4897b000 	C:\Windows\system32\bcryptprimitives.dll
0x00007ffb48530000 - 0x00007ffb4853b000 	C:\Windows\SYSTEM32\CRYPTBASE.dll
0x00007ffb468f0000 - 0x00007ffb46928000 	C:\Windows\SYSTEM32\IPHLPAPI.DLL
0x00007ffb46760000 - 0x00007ffb4676b000 	C:\Windows\SYSTEM32\WINNSI.DLL
0x00007ffb42d80000 - 0x00007ffb42d96000 	C:\Windows\SYSTEM32\dhcpcsvc6.DLL
0x00007ffb42d60000 - 0x00007ffb42d7a000 	C:\Windows\SYSTEM32\dhcpcsvc.DLL

VM Arguments:
jvm_args: -Dclassworlds.conf=C:\Program Files\NetBeans 8.2\java\maven\bin\m2.conf -Dmaven.home=C:\Program Files\NetBeans 8.2\java\maven 
java_command: org.codehaus.plexus.classworlds.launcher.Launcher -Dmaven.ext.class.path=C:\Program Files\NetBeans 8.2\java\maven-nblib\netbeans-eventspy.jar -Dfile.encoding=UTF-8 -Djava.net.useSystemProxies=true install
java_class_path (initial): C:\Program Files\NetBeans 8.2\java\maven\boot\plexus-classworlds-2.4.jar
Launcher Type: SUN_STANDARD

Environment Variables:
JAVA_HOME=C:\Program Files\Java\jdk1.8.0_111
PATH=C:\Program Files (x86)\Common Files\Oracle\Java\javapath;C:\ProgramData\Oracle\Java\javapath;C:\Program Files (x86)\Intel\iCLS Client\;C:\Program Files\Intel\iCLS Client\;C:\Windows\system32;C:\Windows;C:\Windows\System32\Wbem;C:\Windows\System32\WindowsPowerShell\v1.0\;C:\Program Files (x86)\Intel\Intel(R) Management Engine Components\DAL;C:\Program Files\Intel\Intel(R) Management Engine Components\DAL;C:\Program Files (x86)\Intel\Intel(R) Management Engine Components\IPT;C:\Program Files\Intel\Intel(R) Management Engine Components\IPT;C:\Program Files\nodejs\;C:\Program Files (x86)\Microsoft SQL Server\90\Tools\binn\;C:\Program Files\Microsoft VS Code\bin;C:\flutter\flutter\bin;C:\Users\erwin.ADIS\.dnx\bin;C:\Program Files\Microsoft DNX\Dnvm\;C:\Program Files\Microsoft SQL Server\120\Tools\Binn\;C:\Users\erwin.ADIS\AppData\Roaming\npm
USERNAME=erwin
OS=Windows_NT
PROCESSOR_IDENTIFIER=Intel64 Family 6 Model 158 Stepping 9, GenuineIntel



---------------  S Y S T E M  ---------------

OS: Windows 10.0 , 64 bit Build 10240 (10.0.10240.17113)

CPU:total 4 (4 cores per cpu, 1 threads per core) family 6 model 158 stepping 9, cmov, cx8, fxsr, mmx, sse, sse2, sse3, ssse3, sse4.1, sse4.2, popcnt, avx, avx2, aes, clmul, erms, rtm, 3dnowpref, lzcnt, tsc, tscinvbit, bmi1, bmi2, adx

Memory: 4k page, physical 16639728k(3328208k free), swap 35767276k(2044k free)

vm_info: Java HotSpot(TM) 64-Bit Server VM (25.111-b14) for windows-amd64 JRE (1.8.0_111-b14), built on Sep 22 2016 19:24:05 by "java_re" with MS VC++ 10.0 (VS2010)

time: Wed May 13 16:02:50 2020
elapsed time: 272 seconds (0d 0h 4m 32s)

