JvmtiExport can_access_local_variables 0
JvmtiExport can_hotswap_or_post_breakpoint 0
JvmtiExport can_post_on_exceptions 0
# 222 ciObject found
ciMethod java/lang/Object <init> ()V 4097 1 26131 0 0
ciMethod java/lang/String length ()I 4097 1 13254 0 0
ciMethod java/lang/String charAt (I)C 4097 1 35269 0 -1
ciMethod java/io/InputStream read ([BII)I 0 0 1 0 -1
ciMethod java/io/InputStream available ()I 0 0 1 0 -1
ciMethod java/nio/Buffer <init> (IIII)V 1449 1 2674 0 0
ciMethod java/nio/Buffer position ()I 1089 1 136 0 0
ciMethod java/nio/Buffer position (I)Ljava/nio/Buffer; 2065 1 5393 0 128
ciMethod java/nio/Buffer limit ()I 1041 1 130 0 -1
ciMethod java/nio/Buffer limit (I)Ljava/nio/Buffer; 2049 1 2685 0 0
ciMethod java/nio/Buffer flip ()Ljava/nio/Buffer; 2073 1 456 0 -1
ciMethod java/nio/Buffer remaining ()I 161 1 27 0 0
ciMethod java/nio/Buffer hasRemaining ()Z 1817 1 237 0 0
ciMethod java/nio/Buffer isReadOnly ()Z 0 0 1 0 -1
ciMethod java/nio/Buffer checkBounds (III)V 0 0 1 0 -1
ciMethod java/lang/Character isSupplementaryCodePoint (I)Z 0 0 1 0 -1
ciMethod java/lang/Character isSurrogate (C)Z 641 1 184 0 -1
ciMethod java/lang/Character highSurrogate (I)C 0 0 1 0 -1
ciMethod java/lang/Character lowSurrogate (I)C 0 0 1 0 -1
ciMethod java/lang/Math min (II)I 4097 1 20675 0 -1
ciMethod java/nio/ByteBuffer hasArray ()Z 2817 1 2627 0 0
ciMethod java/nio/ByteBuffer array ()[B 2393 1 2638 0 -1
ciMethod java/nio/ByteBuffer arrayOffset ()I 2129 1 7056 0 -1
ciMethod java/nio/ByteBuffer compact ()Ljava/nio/ByteBuffer; 0 0 1 0 -1
ciMethodData java/lang/Object <init> ()V 2 26131 orig 264 72 34 125 81 0 0 0 0 128 4 59 27 0 0 0 0 32 1 0 0 0 0 0 0 0 0 0 0 0 0 0 0 0 0 0 0 0 0 0 0 0 0 0 0 0 0 0 0 0 0 0 0 0 0 0 0 0 0 0 0 0 0 0 0 0 0 0 0 0 0 0 0 0 0 0 0 0 0 0 0 77 68 79 32 101 120 116 114 97 32 100 97 116 97 32 108 111 99 107 0 0 0 0 0 0 0 0 0 0 0 0 0 0 0 0 0 0 0 0 0 0 0 0 0 0 0 0 0 0 0 0 0 0 0 0 0 0 0 0 0 0 0 0 0 0 0 0 0 0 0 0 0 0 0 0 0 0 0 0 0 0 0 0 0 0 0 0 0 0 0 0 0 0 0 0 0 0 0 0 0 0 0 0 0 1 0 0 0 0 0 0 0 1 0 0 0 0 0 0 0 1 0 0 0 0 0 0 0 0 0 0 0 0 0 0 0 0 2 0 0 153 32 3 0 1 0 0 0 0 0 0 0 0 0 0 0 2 0 0 0 0 0 3 0 1 0 0 0 0 0 0 0 255 255 255 255 0 0 0 0 0 0 0 0 data 0 oops 0
ciMethod java/lang/IllegalArgumentException <init> ()V 0 0 1 0 -1
ciMethod sun/nio/cs/StreamDecoder ensureOpen ()V 3913 1 5858 0 0
ciMethod sun/nio/cs/StreamDecoder read0 ()I 1289 1 1951 0 0
ciMethod sun/nio/cs/StreamDecoder read ([CII)I 3913 1 5828 0 0
ciMethod sun/nio/cs/StreamDecoder readBytes ()I 73 1 11 0 0
ciMethod sun/nio/cs/StreamDecoder implRead ([CII)I 1345 33 1958 0 0
ciMethod sun/nio/cs/StreamDecoder inReady ()Z 25 1 3 0 0
ciMethod sun/nio/cs/StreamDecoder implReady ()Z 0 0 1 0 0
ciMethod java/nio/charset/CharsetDecoder decode (Ljava/nio/ByteBuffer;Ljava/nio/CharBuffer;Z)Ljava/nio/charset/CoderResult; 1617 1 2627 0 0
ciMethod java/nio/charset/CharsetDecoder reset ()Ljava/nio/charset/CharsetDecoder; 2049 1 341 0 0
ciMethod java/nio/charset/CharsetDecoder implReset ()V 2049 1 347 0 0
ciMethod java/nio/charset/CharsetDecoder decodeLoop (Ljava/nio/ByteBuffer;Ljava/nio/CharBuffer;)Ljava/nio/charset/CoderResult; 0 0 1 0 -1
ciMethod java/nio/charset/CharsetDecoder throwIllegalStateException (II)V 0 0 1 0 -1
ciMethod java/nio/CharBuffer <init> (IIII[CI)V 681 1 2525 0 0
ciMethod java/nio/CharBuffer wrap ([CII)Ljava/nio/CharBuffer; 41 1 2406 0 0
ciMethod java/nio/CharBuffer slice ()Ljava/nio/CharBuffer; 0 0 1 0 -1
ciMethod java/nio/CharBuffer put (C)Ljava/nio/CharBuffer; 0 0 1 0 -1
ciMethod java/nio/CharBuffer put (Ljava/lang/String;II)Ljava/nio/CharBuffer; 0 0 1 0 -1
ciMethod java/nio/CharBuffer put (Ljava/lang/String;)Ljava/nio/CharBuffer; 0 0 1 0 0
ciMethod java/nio/CharBuffer hasArray ()Z 3073 1 2627 0 0
ciMethod java/nio/CharBuffer array ()[C 3073 1 2627 0 -1
ciMethod java/nio/CharBuffer arrayOffset ()I 3145 1 7853 0 -1
ciMethod java/nio/HeapCharBuffer <init> ([CII)V 41 1 2406 0 0
ciMethod java/nio/charset/CoderResult isUnderflow ()Z 2097 1 2859 0 0
ciMethod java/nio/charset/CoderResult isOverflow ()Z 2217 1 5022 0 0
ciMethod java/nio/charset/CoderResult isError ()Z 2753 1 440 0 -1
ciMethod java/nio/charset/CoderResult isMalformed ()Z 0 0 1 0 0
ciMethod java/nio/charset/CoderResult isUnmappable ()Z 0 0 1 0 0
ciMethod java/nio/charset/CoderResult length ()I 0 0 1 0 0
ciMethod java/nio/charset/CoderResult malformedForLength (I)Ljava/nio/charset/CoderResult; 0 0 1 0 0
ciMethod java/nio/charset/CoderResult throwException ()V 0 0 1 0 -1
ciMethod java/nio/charset/CoderResult$Cache access$200 (Ljava/nio/charset/CoderResult$Cache;I)Ljava/nio/charset/CoderResult; 0 0 1 0 -1
ciMethodData java/lang/String charAt (I)C 2 35269 orig 264 72 34 125 81 0 0 0 0 104 61 59 27 0 0 0 0 120 1 0 0 32 0 0 0 0 0 0 0 0 0 0 0 0 0 0 0 0 0 0 0 0 0 0 0 0 0 0 0 0 0 0 0 0 0 0 0 0 0 0 0 0 0 0 0 0 0 0 0 0 0 0 0 0 0 0 0 0 0 0 0 77 68 79 32 101 120 116 114 97 32 100 97 116 97 32 108 111 99 107 0 0 0 0 0 0 0 0 0 0 0 0 0 0 0 0 0 0 0 0 0 0 0 0 0 0 0 0 0 0 0 0 0 0 0 0 0 0 0 0 0 0 0 0 0 0 0 0 0 0 0 0 0 0 0 0 0 0 0 0 0 0 0 0 0 0 0 0 0 0 0 0 0 0 0 0 0 0 0 0 0 0 0 0 0 0 0 0 0 0 0 0 0 0 0 0 0 0 0 0 0 0 0 0 0 0 0 0 0 0 0 0 0 0 0 0 0 0 2 0 0 41 62 4 0 1 0 0 0 0 0 0 0 0 0 0 0 2 0 0 0 0 0 8 0 2 0 0 0 80 0 0 0 255 255 255 255 7 0 1 0 0 0 0 0 data 10 0x10007 0x0 0x40 0x87c5 0xa0007 0x87c5 0x30 0x0 0x120002 0x0 oops 0
ciMethodData java/lang/String length ()I 2 13289 orig 264 72 34 125 81 0 0 0 0 24 60 59 27 0 0 0 0 32 1 0 0 0 0 0 0 0 0 0 0 0 0 0 0 0 0 0 0 0 0 0 0 0 0 0 0 0 0 0 0 0 0 0 0 0 0 0 0 0 0 0 0 0 0 0 0 0 0 0 0 0 0 0 0 0 0 0 0 0 0 0 0 77 68 79 32 101 120 116 114 97 32 100 97 116 97 32 108 111 99 107 0 0 0 0 0 0 0 0 0 0 0 0 0 0 0 0 0 0 0 0 0 0 0 0 0 0 0 0 0 0 0 0 0 0 0 0 0 0 0 0 0 0 0 0 0 0 0 0 0 0 0 0 0 0 0 0 0 0 0 0 0 0 0 0 0 0 0 0 0 0 0 0 0 0 0 0 0 0 0 0 0 0 0 0 0 0 0 0 0 0 0 0 0 0 0 0 0 0 0 0 0 0 0 0 0 0 0 0 0 0 0 0 0 0 0 0 0 0 2 0 0 73 143 1 0 1 0 0 0 0 0 0 0 0 0 0 0 2 0 0 0 0 0 3 0 1 0 0 0 0 0 0 0 255 255 255 255 0 0 0 0 0 0 0 0 data 0 oops 0
ciMethod sun/nio/cs/UTF_8$Decoder isNotContinuation (I)Z 0 0 1 0 -1
ciMethod sun/nio/cs/UTF_8$Decoder isMalformed3 (III)Z 0 0 1 0 -1
ciMethod sun/nio/cs/UTF_8$Decoder isMalformed3_2 (II)Z 0 0 1 0 -1
ciMethod sun/nio/cs/UTF_8$Decoder isMalformed4 (III)Z 0 0 1 0 -1
ciMethod sun/nio/cs/UTF_8$Decoder isMalformed4_2 (II)Z 0 0 1 0 -1
ciMethod sun/nio/cs/UTF_8$Decoder isMalformed4_3 (I)Z 0 0 1 0 -1
ciMethod sun/nio/cs/UTF_8$Decoder malformed (Ljava/nio/ByteBuffer;ILjava/nio/CharBuffer;II)Ljava/nio/charset/CoderResult; 0 0 1 0 -1
ciMethod sun/nio/cs/UTF_8$Decoder malformedForLength (Ljava/nio/ByteBuffer;ILjava/nio/CharBuffer;II)Ljava/nio/charset/CoderResult; 0 0 1 0 -1
ciMethod sun/nio/cs/UTF_8$Decoder xflow (Ljava/nio/Buffer;IILjava/nio/Buffer;II)Ljava/nio/charset/CoderResult; 3073 1 2621 0 -1
ciMethod sun/nio/cs/UTF_8$Decoder decodeArrayLoop (Ljava/nio/ByteBuffer;Ljava/nio/CharBuffer;)Ljava/nio/charset/CoderResult; 3073 5881 2621 0 -1
ciMethod sun/nio/cs/UTF_8$Decoder decodeBufferLoop (Ljava/nio/ByteBuffer;Ljava/nio/CharBuffer;)Ljava/nio/charset/CoderResult; 0 0 1 0 -1
ciMethod sun/nio/cs/UTF_8$Decoder decodeLoop (Ljava/nio/ByteBuffer;Ljava/nio/CharBuffer;)Ljava/nio/charset/CoderResult; 4097 1 2621 0 0
ciMethodData java/nio/Buffer position (I)Ljava/nio/Buffer; 2 5393 orig 264 72 34 125 81 0 0 0 0 248 63 68 27 0 0 0 0 152 1 0 0 64 0 0 0 0 0 0 0 0 0 0 0 0 0 0 0 0 0 0 0 0 0 0 0 0 0 0 0 0 0 0 0 0 0 0 0 0 0 0 0 0 0 0 0 0 0 0 0 0 0 0 0 0 0 0 0 0 0 0 0 77 68 79 32 101 120 116 114 97 32 100 97 116 97 32 108 111 99 107 0 0 0 0 0 0 0 0 0 0 0 0 0 0 0 0 0 0 0 0 0 0 0 0 0 0 0 0 0 0 0 0 0 0 0 0 0 0 0 0 0 0 0 0 0 0 0 0 0 0 0 0 0 0 0 0 0 0 0 0 0 0 0 0 0 0 0 0 0 0 0 0 0 0 0 0 0 0 0 0 0 0 0 0 0 0 0 0 0 0 0 0 0 0 0 0 0 0 0 0 0 0 0 0 0 0 0 0 0 0 0 0 0 0 0 0 0 2 1 0 0 121 160 0 0 1 0 0 0 0 0 0 0 0 0 0 0 2 0 0 0 0 0 11 0 2 0 0 0 112 0 0 0 255 255 255 255 7 0 5 0 0 0 0 0 data 14 0x50007 0x0 0x40 0x140f 0x90007 0x140f 0x30 0x0 0x100002 0x0 0x210007 0x140f 0x20 0x0 oops 0
ciMethodData java/nio/charset/CoderResult isUnderflow ()Z 2 2859 orig 264 72 34 125 81 0 0 0 0 216 123 83 27 0 0 0 0 88 1 0 0 0 0 0 0 0 0 0 0 0 0 0 0 0 0 0 0 0 0 0 0 0 0 0 0 0 0 0 0 0 0 0 0 0 0 0 0 0 0 0 0 0 0 0 0 0 0 0 0 0 0 0 0 0 0 0 0 0 0 0 0 77 68 79 32 101 120 116 114 97 32 100 97 116 97 32 108 111 99 107 0 0 0 0 0 0 0 0 0 0 0 0 0 0 0 0 0 0 0 0 0 0 0 0 0 0 0 0 0 0 0 0 0 0 0 0 0 0 0 0 0 0 0 0 0 0 0 0 0 0 0 0 0 0 0 0 0 0 0 0 0 0 0 0 0 0 0 0 0 0 0 0 0 0 0 0 0 0 0 0 0 0 0 0 0 0 0 0 0 0 0 0 0 0 0 0 0 0 0 0 0 0 0 0 0 0 0 0 0 0 0 0 0 0 0 0 0 6 1 0 0 41 81 0 0 1 0 0 0 0 0 0 0 0 0 0 0 2 0 0 0 0 0 6 0 2 0 0 0 56 0 0 0 255 255 255 255 7 0 4 0 0 0 0 0 data 7 0x40007 0x95b 0x38 0xca 0x80003 0xca 0x18 oops 0
ciMethodData java/nio/CharBuffer wrap ([CII)Ljava/nio/CharBuffer; 2 2406 orig 264 72 34 125 81 0 0 0 0 192 51 83 27 0 0 0 0 80 1 0 0 0 0 0 0 0 0 0 0 0 0 0 0 0 0 0 0 0 0 0 0 0 0 0 0 0 0 0 0 0 0 0 0 0 0 0 0 0 0 0 0 0 0 0 0 0 0 0 0 0 0 0 0 0 0 0 0 0 0 0 0 77 68 79 32 101 120 116 114 97 32 100 97 116 97 32 108 111 99 107 0 0 0 0 0 0 0 0 0 0 0 0 0 0 0 0 0 0 0 0 0 0 0 0 0 0 0 0 0 0 0 0 0 0 0 0 0 0 0 0 0 0 0 0 0 0 0 0 0 0 0 0 0 0 0 0 0 0 0 0 0 0 0 0 0 0 0 0 0 0 0 0 0 0 0 0 0 0 0 0 0 0 0 0 0 0 0 0 0 0 0 0 0 0 0 0 0 0 0 0 0 0 0 0 0 0 0 0 0 0 0 0 0 0 0 0 0 5 0 0 0 9 75 0 0 1 0 0 0 0 0 0 0 0 0 0 0 2 0 0 0 0 0 5 0 2 0 0 0 32 0 0 0 255 255 255 255 2 0 7 0 0 0 0 0 data 4 0x70002 0x961 0x100002 0x0 oops 0
ciMethodData java/nio/HeapCharBuffer <init> ([CII)V 2 2406 orig 264 72 34 125 81 0 0 0 0 192 95 83 27 0 0 0 0 72 1 0 0 0 0 0 0 0 0 0 0 0 0 0 0 0 0 0 0 0 0 0 0 0 0 0 0 0 0 0 0 0 0 0 0 0 0 0 0 0 0 0 0 0 0 0 0 0 0 0 0 0 0 0 0 0 0 0 0 0 0 0 0 77 68 79 32 101 120 116 114 97 32 100 97 116 97 32 108 111 99 107 0 0 0 0 0 0 0 0 0 0 0 0 0 0 0 0 0 0 0 0 0 0 0 0 0 0 0 0 0 0 0 0 0 0 0 0 0 0 0 0 0 0 0 0 0 0 0 0 0 0 0 0 0 0 0 0 0 0 0 0 0 0 0 0 0 0 0 0 0 0 0 0 0 0 0 0 0 0 0 0 0 0 0 0 0 0 0 0 0 0 0 0 0 0 0 0 0 0 0 0 0 0 0 0 0 0 0 0 0 0 0 0 0 0 0 0 0 5 0 0 0 9 75 0 0 1 0 0 0 0 0 0 0 0 0 0 0 2 0 0 0 0 0 3 0 2 0 0 0 16 0 0 0 255 255 255 255 2 0 10 0 0 0 0 0 data 2 0xa0002 0x961 oops 0
ciMethodData java/nio/CharBuffer <init> (IIII[CI)V 2 2525 orig 264 72 34 125 81 0 0 0 0 200 49 83 27 0 0 0 0 96 1 0 0 0 0 0 0 0 0 0 0 0 0 0 0 0 0 0 0 0 0 0 0 0 0 0 0 0 0 0 0 0 0 0 0 0 0 0 0 0 0 0 0 0 0 0 0 0 0 0 0 0 0 0 0 0 0 0 0 0 0 0 0 77 68 79 32 101 120 116 114 97 32 100 97 116 97 32 108 111 99 107 0 0 0 0 0 0 0 0 0 0 0 0 0 0 0 0 0 0 0 0 0 0 0 0 0 0 0 0 0 0 0 0 0 0 0 0 0 0 0 0 0 0 0 0 0 0 0 0 0 0 0 0 0 0 0 0 0 0 0 0 0 0 0 0 0 0 0 0 0 0 0 0 0 0 0 0 0 0 0 0 0 0 0 0 0 0 0 0 0 0 0 0 0 0 0 0 0 0 0 0 0 0 0 0 0 0 0 0 0 0 0 0 0 0 0 0 0 85 0 0 0 65 76 0 0 1 0 0 0 0 0 0 0 0 0 0 0 2 0 0 0 0 0 3 0 2 0 0 0 16 0 0 0 255 255 255 255 2 0 6 0 0 0 0 0 data 2 0x60002 0x988 oops 0
ciMethodData java/nio/Buffer <init> (IIII)V 2 2674 orig 264 72 34 125 81 0 0 0 0 8 62 68 27 0 0 0 0 40 4 0 0 208 0 0 0 0 0 0 0 0 0 0 0 0 0 0 0 0 0 0 0 0 0 0 0 0 0 0 0 0 0 0 0 0 0 0 0 0 0 0 0 0 0 0 0 0 0 0 0 0 0 0 0 0 0 0 0 0 0 0 0 77 68 79 32 101 120 116 114 97 32 100 97 116 97 32 108 111 99 107 0 0 0 0 0 0 0 0 0 0 0 0 0 0 0 0 0 0 0 0 0 0 0 0 0 0 0 0 0 0 0 0 0 0 0 0 0 0 0 0 0 0 0 0 0 0 0 0 0 0 0 0 0 0 0 0 0 0 0 0 0 0 0 0 0 0 0 0 0 0 0 0 0 0 0 0 0 0 0 0 0 0 0 0 0 0 0 0 0 0 0 0 0 0 0 0 0 0 0 0 0 0 0 0 0 0 0 0 0 0 0 0 0 0 0 0 0 181 0 0 0 233 77 0 0 1 0 0 0 0 0 0 0 0 0 0 0 2 0 0 0 0 0 10 0 2 0 0 0 192 2 0 0 255 255 255 255 2 0 1 0 0 0 0 0 data 88 0x10002 0x9bd 0x100007 0x9bd 0xd0 0x0 0x1b0002 0x0 0x200005 0x0 0x0 0x0 0x0 0x0 0x250005 0x0 0x0 0x0 0x0 0x0 0x280005 0x0 0x0 0x0 0x0 0x0 0x2b0002 0x0 0x370005 0xfb 0x1df37250 0x8bf 0x1df37bb0 0x3 0x3d0005 0xfb 0x1df37250 0x8bf 0x1df37bb0 0x3 0x420007 0x9bd 0x180 0x0 0x470007 0x0 0x160 0x0 0x520002 0x0 0x570005 0x0 0x0 0x0 0x0 0x0 0x5b0005 0x0 0x0 0x0 0x0 0x0 0x600005 0x0 0x0 0x0 0x0 0x0 0x640005 0x0 0x0 0x0 0x0 0x0 0x690005 0x0 0x0 0x0 0x0 0x0 0x6c0005 0x0 0x0 0x0 0x0 0x0 0x6f0002 0x0 oops 4 30 java/nio/HeapCharBuffer 32 java/nio/HeapByteBuffer 36 java/nio/HeapCharBuffer 38 java/nio/HeapByteBuffer
ciMethod java/lang/UnsupportedOperationException <init> ()V 0 0 1 0 -1
ciMethodData java/nio/charset/CharsetDecoder reset ()Ljava/nio/charset/CharsetDecoder; 1 347 orig 264 72 34 125 81 0 0 0 0 32 18 83 27 0 0 0 0 120 1 0 0 0 0 0 0 0 0 0 0 0 0 0 0 0 0 0 0 0 0 0 0 0 0 0 0 0 0 0 0 0 0 0 0 0 0 0 0 0 0 0 0 0 0 0 0 0 0 0 0 0 0 0 0 0 0 0 0 0 0 0 0 77 68 79 32 101 120 116 114 97 32 100 97 116 97 32 108 111 99 107 0 0 0 0 0 0 0 0 0 0 0 0 0 0 0 0 0 0 0 0 0 0 0 0 0 0 0 0 0 0 0 0 0 0 0 0 0 0 0 0 0 0 0 0 0 0 0 0 0 0 0 0 0 0 0 0 0 0 0 0 0 0 0 0 0 0 0 0 0 0 0 0 0 0 0 0 0 0 0 0 0 0 0 0 0 0 0 0 0 0 0 0 0 0 0 0 0 0 0 0 0 0 0 0 0 0 0 0 0 0 0 0 0 0 0 0 0 0 1 0 0 217 2 0 0 1 0 0 0 0 0 0 0 0 0 0 0 2 0 0 0 0 0 3 0 2 0 0 0 48 0 0 0 255 255 255 255 5 0 1 0 0 0 0 0 data 6 0x10005 0x0 0x1df37b00 0x5b 0x0 0x0 oops 1 2 sun/nio/cs/UTF_8$Decoder
ciMethodData java/nio/charset/CharsetDecoder implReset ()V 2 347 orig 264 72 34 125 81 0 0 0 0 176 18 83 27 0 0 0 0 32 1 0 0 0 0 0 0 0 0 0 0 0 0 0 0 0 0 0 0 0 0 0 0 0 0 0 0 0 0 0 0 0 0 0 0 0 0 0 0 0 0 0 0 0 0 0 0 0 0 0 0 0 0 0 0 0 0 0 0 0 0 0 0 77 68 79 32 101 120 116 114 97 32 100 97 116 97 32 108 111 99 107 0 0 0 0 0 0 0 0 0 0 0 0 0 0 0 0 0 0 0 0 0 0 0 0 0 0 0 0 0 0 0 0 0 0 0 0 0 0 0 0 0 0 0 0 0 0 0 0 0 0 0 0 0 0 0 0 0 0 0 0 0 0 0 0 0 0 0 0 0 0 0 0 0 0 0 0 0 0 0 0 0 0 0 0 0 0 0 0 0 0 0 0 0 0 0 0 0 0 0 0 0 0 0 0 0 0 0 0 0 0 0 0 0 0 0 0 0 0 1 0 0 217 2 0 0 1 0 0 0 0 0 0 0 0 0 0 0 2 0 0 0 0 0 3 0 1 0 0 0 0 0 0 0 255 255 255 255 0 0 0 0 0 0 0 0 data 0 oops 0
ciMethod java/lang/StringIndexOutOfBoundsException <init> (I)V 0 0 1 0 -1
ciMethodData java/nio/charset/CoderResult length ()I 1 0 orig 264 72 34 125 81 0 0 0 0 0 127 83 27 0 0 0 0 168 1 0 0 0 0 0 0 0 0 0 0 0 0 0 0 0 0 0 0 0 0 0 0 0 0 0 0 0 0 0 0 0 0 0 0 0 0 0 0 0 0 0 0 0 0 0 0 0 0 0 0 0 0 0 0 0 0 0 0 0 0 0 0 77 68 79 32 101 120 116 114 97 32 100 97 116 97 32 108 111 99 107 0 0 0 0 0 0 0 0 0 0 0 0 0 0 0 0 0 0 0 0 0 0 0 0 0 0 0 0 0 0 0 0 0 0 0 0 0 0 0 0 0 0 0 0 0 0 0 0 0 0 0 0 0 0 0 0 0 0 0 0 0 0 0 0 0 0 0 0 0 0 0 0 0 0 0 0 0 0 0 0 0 0 0 0 0 0 0 0 0 0 0 0 0 0 0 0 0 0 0 0 0 0 0 0 0 0 0 0 0 0 0 0 0 0 0 0 0 0 0 0 0 1 0 0 0 1 0 0 0 0 0 0 0 0 0 0 0 2 0 0 0 0 0 0 0 0 0 0 0 96 0 0 0 255 255 255 255 5 0 1 0 0 0 0 0 data 12 0x10005 0x0 0x0 0x0 0x0 0x0 0x40007 0x0 0x30 0x0 0xb0002 0x0 oops 0
ciMethodData java/nio/charset/CoderResult isError ()Z 1 456 orig 264 72 34 125 81 0 0 0 0 24 125 83 27 0 0 0 0 88 1 0 0 0 0 0 0 0 0 0 0 0 0 0 0 0 0 0 0 0 0 0 0 0 0 0 0 0 0 0 0 0 0 0 0 0 0 0 0 0 0 0 0 0 0 0 0 0 0 0 0 0 0 0 0 0 0 0 0 0 0 0 0 77 68 79 32 101 120 116 114 97 32 100 97 116 97 32 108 111 99 107 0 0 0 0 0 0 0 0 0 0 0 0 0 0 0 0 0 0 0 0 0 0 0 0 0 0 0 0 0 0 0 0 0 0 0 0 0 0 0 0 0 0 0 0 0 0 0 0 0 0 0 0 0 0 0 0 0 0 0 0 0 0 0 0 0 0 0 0 0 0 0 0 0 0 0 0 0 0 0 0 0 0 0 0 0 0 0 0 0 0 0 0 0 0 0 0 0 0 0 0 0 0 0 0 0 0 0 0 0 0 0 0 0 0 0 0 0 88 1 0 0 129 3 0 0 1 0 0 0 0 0 0 0 0 0 0 0 2 0 0 0 0 0 0 0 0 0 0 0 56 0 0 0 255 255 255 255 7 0 5 0 0 0 0 0 data 7 0x50007 0x70 0x38 0x0 0x90003 0x0 0x18 oops 0
ciMethodData java/nio/Buffer limit (I)Ljava/nio/Buffer; 2 2685 orig 264 72 34 125 81 0 0 0 0 96 65 68 27 0 0 0 0 184 1 0 0 80 0 0 0 0 0 0 0 0 0 0 0 0 0 0 0 0 0 0 0 0 0 0 0 0 0 0 0 0 0 0 0 0 0 0 0 0 0 0 0 0 0 0 0 0 0 0 0 0 0 0 0 0 0 0 0 0 0 0 0 77 68 79 32 101 120 116 114 97 32 100 97 116 97 32 108 111 99 107 0 0 0 0 0 0 0 0 0 0 0 0 0 0 0 0 0 0 0 0 0 0 0 0 0 0 0 0 0 0 0 0 0 0 0 0 0 0 0 0 0 0 0 0 0 0 0 0 0 0 0 0 0 0 0 0 0 0 0 0 0 0 0 0 0 0 0 0 0 0 0 0 0 0 0 0 0 0 0 0 0 0 0 0 0 0 0 0 0 0 0 0 0 0 0 0 0 0 0 0 0 0 0 0 0 0 0 0 0 0 0 0 0 0 0 0 0 0 1 0 0 233 75 0 0 1 0 0 0 0 0 0 0 0 0 0 0 2 0 0 0 0 0 14 0 2 0 0 0 144 0 0 0 255 255 255 255 7 0 5 0 0 0 0 0 data 18 0x50007 0x0 0x40 0x97d 0x90007 0x97d 0x30 0x0 0x100002 0x0 0x210007 0x97d 0x20 0x0 0x340007 0x97d 0x20 0x0 oops 0
ciMethodData java/nio/charset/CharsetDecoder decode (Ljava/nio/ByteBuffer;Ljava/nio/CharBuffer;Z)Ljava/nio/charset/CoderResult; 2 2627 orig 264 72 34 125 81 0 0 0 0 32 16 83 27 0 0 0 0 72 7 0 0 184 0 0 0 0 0 0 0 0 0 0 0 0 0 0 0 0 0 0 0 0 0 0 0 0 0 0 0 0 0 0 0 0 0 0 0 0 0 0 0 0 0 0 0 0 0 0 0 0 0 0 0 0 0 0 0 0 0 0 0 77 68 79 32 101 120 116 114 97 32 100 97 116 97 32 108 111 99 107 0 0 0 0 0 0 0 0 0 0 0 0 0 0 0 0 0 0 0 0 0 0 0 0 0 0 0 0 0 0 0 0 0 0 0 0 0 0 0 0 0 0 0 0 0 0 0 0 0 0 0 0 0 0 0 0 0 0 0 0 0 0 0 0 0 0 0 0 0 0 0 0 0 0 0 0 0 0 0 0 0 0 0 0 0 0 0 0 0 0 0 0 0 0 0 0 0 0 0 0 0 0 0 0 0 0 0 0 0 0 0 0 0 0 0 0 0 202 0 0 0 201 75 0 0 1 0 0 0 0 0 0 0 0 0 0 0 2 0 0 0 1 0 76 0 2 0 0 0 232 5 0 0 255 255 255 255 7 0 1 0 0 0 0 0 data 189 0x10007 0x961 0x38 0x18 0x50003 0x18 0x18 0xf0007 0x1a 0x90 0x95f 0x170007 0x95f 0x70 0x0 0x1b0007 0x0 0x40 0x0 0x230007 0x0 0x30 0x0 0x2d0002 0x0 0x390005 0x0 0x1df37b00 0x979 0x0 0x0 0x3e0003 0x979 0x38 0x490002 0x0 0x550002 0x0 0x5b0005 0x0 0x1df32580 0x979 0x0 0x0 0x5e0007 0x1e 0x20 0x95b 0x660005 0x0 0x1df32580 0x1e 0x0 0x0 0x690007 0x0 0xe8 0x1e 0x6d0007 0x6 0xc8 0x18 0x710005 0x15 0x1df37bb0 0x3 0x0 0x0 0x740007 0x18 0x78 0x0 0x780005 0x0 0x0 0x0 0x0 0x0 0x7b0002 0x0 0x800003 0x0 0x18 0x8b0005 0x0 0x0 0x0 0x0 0x0 0x8e0007 0x0 0x38 0x0 0x970003 0x0 0xe0 0x9c0005 0x0 0x0 0x0 0x0 0x0 0x9f0007 0x0 0x38 0x0 0xa80003 0x0 0x78 0xae0007 0x0 0x60 0x0 0xb70005 0x0 0x0 0x0 0x0 0x0 0xba0002 0x0 0xc30007 0x0 0x20 0x0 0xce0007 0x0 0xd0 0x0 0xd20005 0x0 0x0 0x0 0x0 0x0 0xd90005 0x0 0x0 0x0 0x0 0x0 0xdc0007 0x0 0x20 0x0 0xe80005 0x0 0x0 0x0 0x0 0x0 0xf10007 0x0 0x40 0x0 0xf90007 0x0 0xc8 0x0 0xfe0005 0x0 0x0 0x0 0x0 0x0 0x1030005 0x0 0x0 0x0 0x0 0x0 0x1070005 0x0 0x0 0x0 0x0 0x0 0x10b0003 0x0 0xfffffffffffffb40 0x1110007 0x0 0x30 0x0 0x1180002 0x0 0x11c0003 0x0 0xfffffffffffffaf8 oops 4 27 sun/nio/cs/UTF_8$Decoder 40 java/nio/charset/CoderResult 50 java/nio/charset/CoderResult 64 java/nio/HeapByteBuffer
ciMethodData java/nio/charset/CoderResult isOverflow ()Z 2 5022 orig 264 72 34 125 81 0 0 0 0 120 124 83 27 0 0 0 0 88 1 0 0 0 0 0 0 0 0 0 0 0 0 0 0 0 0 0 0 0 0 0 0 0 0 0 0 0 0 0 0 0 0 0 0 0 0 0 0 0 0 0 0 0 0 0 0 0 0 0 0 0 0 0 0 0 0 0 0 0 0 0 0 77 68 79 32 101 120 116 114 97 32 100 97 116 97 32 108 111 99 107 0 0 0 0 0 0 0 0 0 0 0 0 0 0 0 0 0 0 0 0 0 0 0 0 0 0 0 0 0 0 0 0 0 0 0 0 0 0 0 0 0 0 0 0 0 0 0 0 0 0 0 0 0 0 0 0 0 0 0 0 0 0 0 0 0 0 0 0 0 0 0 0 0 0 0 0 0 0 0 0 0 0 0 0 0 0 0 0 0 0 0 0 0 0 0 0 0 0 0 0 0 0 0 0 0 0 0 0 0 0 0 0 0 0 0 0 0 21 1 0 0 73 148 0 0 1 0 0 0 0 0 0 0 0 0 0 0 2 0 0 0 0 0 6 0 2 0 0 0 56 0 0 0 255 255 255 255 7 0 5 0 0 0 0 0 data 7 0x50007 0x9 0x38 0x1280 0x90003 0x1280 0x18 oops 0
ciMethodData java/nio/ByteBuffer hasArray ()Z 2 2627 orig 264 72 34 125 81 0 0 0 0 8 91 79 27 0 0 0 0 120 1 0 0 0 0 0 0 0 0 0 0 0 0 0 0 0 0 0 0 0 0 0 0 0 0 0 0 0 0 0 0 0 0 0 0 0 0 0 0 0 0 0 0 0 0 0 0 0 0 0 0 0 0 0 0 0 0 0 0 0 0 0 0 77 68 79 32 101 120 116 114 97 32 100 97 116 97 32 108 111 99 107 0 0 0 0 0 0 0 0 0 0 0 0 0 0 0 0 0 0 0 0 0 0 0 0 0 0 0 0 0 0 0 0 0 0 0 0 0 0 0 0 0 0 0 0 0 0 0 0 0 0 0 0 0 0 0 0 0 0 0 0 0 0 0 0 0 0 0 0 0 0 0 0 0 0 0 0 0 0 0 0 0 0 0 0 0 0 0 0 0 0 0 0 0 0 0 0 0 0 0 0 0 0 0 0 0 0 0 0 0 0 0 0 0 0 0 0 0 95 1 0 0 25 71 0 0 1 0 0 0 0 0 0 0 0 0 0 0 2 0 0 0 0 0 9 0 2 0 0 0 88 0 0 0 255 255 255 255 7 0 4 0 0 0 0 0 data 11 0x40007 0x0 0x58 0x8e3 0xb0007 0x0 0x38 0x8e3 0xf0003 0x8e3 0x18 oops 0
ciMethodData sun/nio/cs/StreamDecoder read ([CII)I 2 5858 orig 264 72 34 125 81 0 0 0 0 32 215 82 27 0 0 0 0 136 3 0 0 224 1 0 0 0 0 0 0 0 0 0 0 0 0 0 0 0 0 0 0 0 0 0 0 0 0 0 0 0 0 0 0 0 0 0 0 0 0 0 0 0 0 0 0 0 0 0 0 0 0 0 0 0 0 0 0 0 0 0 0 77 68 79 32 101 120 116 114 97 32 100 97 116 97 32 108 111 99 107 0 0 0 0 0 0 0 0 0 0 0 0 0 0 0 0 0 0 0 0 0 0 0 0 0 0 0 0 0 0 0 0 0 0 0 0 0 0 0 0 0 0 0 0 0 0 0 0 0 0 0 0 0 0 0 0 0 0 0 0 0 0 0 0 0 0 0 0 0 0 0 0 0 0 0 0 0 0 0 0 0 0 0 0 0 0 0 0 0 0 0 0 0 0 0 0 0 0 0 0 0 0 0 0 0 0 0 0 0 0 0 0 0 0 0 0 0 233 1 0 0 201 167 0 0 1 0 0 0 0 0 0 0 0 0 0 0 2 0 0 0 0 0 53 0 2 0 0 0 40 2 0 0 255 255 255 255 2 0 15 0 0 0 0 0 data 69 0xf0002 0x14f9 0x140007 0x0 0xa0 0x14f9 0x1b0007 0x0 0x80 0x14f9 0x200007 0x0 0x60 0x14f9 0x2a0007 0x0 0x40 0x14f9 0x320007 0x14f9 0x30 0x0 0x390002 0x0 0x3f0007 0x14f9 0x20 0x0 0x4e0007 0xdfc 0x90 0x6fd 0x690007 0x6fd 0x70 0x0 0x6d0005 0x0 0x0 0x0 0x0 0x0 0x700007 0x0 0x20 0x0 0x7c0007 0x6fe 0x88 0x6fe 0x800002 0x6fe 0x880007 0x6fc 0x58 0x1 0x8d0007 0x0 0x38 0x1 0x910003 0x1 0x18 0xb40005 0x0 0x1dfd7540 0x6fe 0x0 0x0 oops 1 65 sun/nio/cs/StreamDecoder
ciMethodData sun/nio/cs/StreamDecoder ensureOpen ()V 2 5858 orig 264 72 34 125 81 0 0 0 0 112 208 82 27 0 0 0 0 80 1 0 0 0 0 0 0 0 0 0 0 0 0 0 0 0 0 0 0 0 0 0 0 0 0 0 0 0 0 0 0 0 0 0 0 0 0 0 0 0 0 0 0 0 0 0 0 0 0 0 0 0 0 0 0 0 0 0 0 0 0 0 0 77 68 79 32 101 120 116 114 97 32 100 97 116 97 32 108 111 99 107 0 0 0 0 0 0 0 0 0 0 0 0 0 0 0 0 0 0 0 0 0 0 0 0 0 0 0 0 0 0 0 0 0 0 0 0 0 0 0 0 0 0 0 0 0 0 0 0 0 0 0 0 0 0 0 0 0 0 0 0 0 0 0 0 0 0 0 0 0 0 0 0 0 0 0 0 0 0 0 0 0 0 0 0 0 0 0 0 0 0 0 0 0 0 0 0 0 0 0 0 0 0 0 0 0 0 0 0 0 0 0 0 0 0 0 0 0 233 1 0 0 201 167 0 0 1 0 0 0 0 0 0 0 0 0 0 0 2 0 0 0 0 0 5 0 2 0 0 0 48 0 0 0 255 255 255 255 7 0 4 0 0 0 0 0 data 6 0x40007 0x14f9 0x30 0x0 0xd0002 0x0 oops 0
ciMethodData sun/nio/cs/StreamDecoder implReady ()Z 1 0 orig 264 72 34 125 81 0 0 0 0 96 226 82 27 0 0 0 0 224 1 0 0 96 0 0 0 0 0 0 0 0 0 0 0 0 0 0 0 0 0 0 0 0 0 0 0 0 0 0 0 0 0 0 0 0 0 0 0 0 0 0 0 0 0 0 0 0 0 0 0 0 0 0 0 0 0 0 0 0 0 0 0 77 68 79 32 101 120 116 114 97 32 100 97 116 97 32 108 111 99 107 0 0 0 0 0 0 0 0 0 0 0 0 0 0 0 0 0 0 0 0 0 0 0 0 0 0 0 0 0 0 0 0 0 0 0 0 0 0 0 0 0 0 0 0 0 0 0 0 0 0 0 0 0 0 0 0 0 0 0 0 0 0 0 0 0 0 0 0 0 0 0 0 0 0 0 0 0 0 0 0 0 0 0 0 0 0 0 0 0 0 0 0 0 0 0 0 0 0 0 0 0 0 0 0 0 0 0 0 0 0 0 0 0 0 0 0 0 0 0 0 0 1 0 0 0 1 0 0 0 0 0 0 0 0 0 0 0 2 0 0 0 0 0 0 0 0 0 0 0 152 0 0 0 255 255 255 255 5 0 4 0 0 0 0 0 data 19 0x40005 0x0 0x0 0x0 0x0 0x0 0x70007 0x0 0x50 0x0 0xb0002 0x0 0xe0007 0x0 0x38 0x0 0x120003 0x0 0x18 oops 0
ciMethodData java/nio/Buffer hasRemaining ()Z 1 252 orig 264 72 34 125 81 0 0 0 0 208 69 68 27 0 0 0 0 88 1 0 0 0 0 0 0 0 0 0 0 0 0 0 0 0 0 0 0 0 0 0 0 0 0 0 0 0 0 0 0 0 0 0 0 0 0 0 0 0 0 0 0 0 0 0 0 0 0 0 0 0 0 0 0 0 0 0 0 0 0 0 0 77 68 79 32 101 120 116 114 97 32 100 97 116 97 32 108 111 99 107 0 0 0 0 0 0 0 0 0 0 0 0 0 0 0 0 0 0 0 0 0 0 0 0 0 0 0 0 0 0 0 0 0 0 0 0 0 0 0 0 0 0 0 0 0 0 0 0 0 0 0 0 0 0 0 0 0 0 0 0 0 0 0 0 0 0 0 0 0 0 0 0 0 0 0 0 0 0 0 0 0 0 0 0 0 0 0 0 0 0 0 0 0 0 0 0 0 0 0 0 0 0 0 0 0 0 0 0 0 0 0 0 0 0 0 0 0 227 0 0 0 201 0 0 0 1 0 0 0 0 0 0 0 0 0 0 0 2 0 0 0 0 0 0 0 0 0 0 0 56 0 0 0 255 255 255 255 7 0 8 0 0 0 0 0 data 7 0x80007 0x15 0x38 0x4 0xc0003 0x4 0x18 oops 0
ciMethodData sun/nio/cs/StreamDecoder inReady ()Z 1 3 orig 264 72 34 125 81 0 0 0 0 184 225 82 27 0 0 0 0 32 2 0 0 160 0 0 0 0 0 0 0 0 0 0 0 0 0 0 0 0 0 0 0 0 0 0 0 0 0 0 0 0 0 0 0 0 0 0 0 0 0 0 0 0 0 0 0 0 0 0 0 0 0 0 0 0 0 0 0 0 0 0 0 77 68 79 32 101 120 116 114 97 32 100 97 116 97 32 108 111 99 107 0 0 0 0 0 0 0 0 0 0 0 0 0 0 0 0 0 0 0 0 0 0 0 0 0 0 0 0 0 0 0 0 0 0 0 0 0 0 0 0 0 0 0 0 0 0 0 0 0 0 0 0 0 0 0 0 0 0 0 0 0 0 0 0 0 0 0 0 0 0 0 0 0 0 0 0 0 0 0 0 0 0 0 0 0 0 0 0 0 0 0 0 0 0 0 0 0 0 0 0 0 0 0 0 0 0 0 0 0 0 0 0 0 0 0 0 0 3 0 0 0 1 0 0 0 1 0 0 0 0 0 0 0 0 0 0 0 2 0 0 0 0 0 0 0 0 0 0 0 216 0 0 0 255 255 255 255 7 0 4 0 0 0 0 0 data 27 0x40007 0x0 0x70 0x0 0xb0005 0x0 0x0 0x0 0x0 0x0 0xe0007 0x0 0x70 0x0 0x150004 0x0 0x0 0x0 0x0 0x0 0x180007 0x0 0x38 0x0 0x1c0003 0x0 0x18 oops 0
ciMethodData sun/nio/cs/StreamDecoder read0 ()I 2 2170 orig 264 72 34 125 81 0 0 0 0 128 213 82 27 0 0 0 0 40 2 0 0 80 0 0 0 0 0 0 0 0 0 0 0 0 0 0 0 0 0 0 0 0 0 0 0 0 0 0 0 0 0 0 0 0 0 0 0 0 0 0 0 0 0 0 0 0 0 0 0 0 0 0 0 0 0 0 0 0 0 0 0 77 68 79 32 101 120 116 114 97 32 100 97 116 97 32 108 111 99 107 0 0 0 0 0 0 0 0 0 0 0 0 0 0 0 0 0 0 0 0 0 0 0 0 0 0 0 0 0 0 0 0 0 0 0 0 0 0 0 0 0 0 0 0 0 0 0 0 0 0 0 0 0 0 0 0 0 0 0 0 0 0 0 0 0 0 0 0 0 0 0 0 0 0 0 0 0 0 0 0 0 0 0 0 0 0 0 0 0 0 0 0 0 0 0 0 0 0 0 0 0 0 0 0 0 0 0 0 0 0 0 0 0 0 0 0 0 161 0 0 0 185 62 0 0 1 0 0 0 0 0 0 0 0 0 0 0 2 0 0 0 0 0 19 0 2 0 0 0 224 0 0 0 255 255 255 255 7 0 11 0 0 0 0 0 data 28 0xb0007 0x7d7 0x20 0x0 0x220005 0x0 0x1dfd7540 0x7d7 0x0 0x0 0x270008 0xa 0x0 0x60 0x1 0x60 0x0 0x60 0x0 0x60 0x567 0x60 0x5d0007 0x0 0x30 0x0 0x650002 0x0 oops 1 6 sun/nio/cs/StreamDecoder
ciMethodData sun/nio/cs/StreamDecoder implRead ([CII)I 2 2406 orig 264 72 34 125 81 0 0 0 0 64 224 82 27 0 0 0 0 96 7 0 0 192 5 0 0 0 0 0 0 0 0 0 0 0 0 0 0 0 0 0 0 0 0 0 0 0 0 0 0 0 0 0 0 0 0 0 0 0 0 0 0 0 0 0 0 0 0 0 0 0 0 0 0 0 0 0 0 0 0 0 0 77 68 79 32 101 120 116 114 97 32 100 97 116 97 32 108 111 99 107 0 0 0 0 0 0 0 0 0 0 0 0 0 0 0 0 0 0 0 0 0 0 0 0 0 0 0 0 0 0 0 0 0 0 0 0 0 0 0 0 0 0 0 0 0 0 0 0 0 0 0 0 0 0 0 0 0 0 0 0 0 0 0 0 0 0 0 0 0 0 0 0 0 0 0 0 0 0 0 0 0 0 0 0 0 0 0 0 0 0 0 0 0 0 0 0 0 0 0 0 0 0 0 0 0 0 0 0 0 0 0 0 0 0 0 0 0 168 0 0 0 241 69 0 0 17 0 0 0 0 0 0 0 0 0 0 0 2 0 0 0 1 0 56 0 2 0 0 0 0 6 0 0 255 255 255 255 7 0 3 0 0 0 0 0 data 192 0x30007 0x8be 0x50 0x0 0xa0007 0x0 0x30 0x0 0x110002 0x0 0x1a0002 0x8be 0x210005 0x45d 0x1df37250 0x461 0x0 0x0 0x240007 0x8be 0x50 0x0 0x290005 0x0 0x0 0x0 0x0 0x0 0x3d0005 0x45e 0x1df37b00 0x461 0x0 0x0 0x440005 0x0 0x1df32580 0x8bf 0x0 0x0 0x470007 0x8ba 0x288 0x5 0x4c0007 0x5 0x38 0x0 0x4f0003 0x0 0x360 0x540005 0x3 0x1df37250 0x2 0x0 0x0 0x570007 0x3 0x38 0x2 0x5a0003 0x2 0x2f8 0x5f0005 0x2 0x1df37250 0x1 0x0 0x0 0x620007 0x3 0x68 0x0 0x660002 0x0 0x690007 0x0 0x38 0x0 0x6c0003 0x0 0x260 0x700002 0x3 0x770007 0x1 0xfffffffffffffe38 0x2 0x7f0005 0x1 0x1df37250 0x1 0x0 0x0 0x820007 0x0 0x88 0x2 0x890005 0x1 0x1df37bb0 0x1 0x0 0x0 0x8c0007 0x0 0x38 0x2 0x8f0003 0x2 0x178 0x960005 0x0 0x0 0x0 0x0 0x0 0x9a0003 0x0 0xfffffffffffffd30 0x9f0005 0x0 0x1df32580 0x8ba 0x0 0x0 0xa20007 0x0 0xa0 0x8ba 0xa80007 0x8ba 0xc8 0x0 0xad0005 0x0 0x0 0x0 0x0 0x0 0xb00007 0x0 0x78 0x0 0xb70002 0x0 0xbd0005 0x0 0x0 0x0 0x0 0x0 0xc00003 0x0 0xfffffffffffffc18 0xc50007 0x8bc 0x50 0x2 0xcc0005 0x1 0x1df37b00 0x1 0x0 0x0 0xd20005 0x45d 0x1df37250 0x461 0x0 0x0 0xd50007 0x8bc 0x70 0x2 0xda0007 0x0 0x20 0x2 0xe20007 0x0 0x30 0x0 0xe90002 0x0 0xef0005 0x45c 0x1df37250 0x460 0x0 0x0 oops 11 14 java/nio/HeapCharBuffer 30 sun/nio/cs/UTF_8$Decoder 36 java/nio/charset/CoderResult 53 java/nio/HeapCharBuffer 66 java/nio/HeapCharBuffer 91 java/nio/HeapCharBuffer 101 java/nio/HeapByteBuffer 123 java/nio/charset/CoderResult 162 sun/nio/cs/UTF_8$Decoder 168 java/nio/HeapCharBuffer 188 java/nio/HeapCharBuffer
ciMethodData java/nio/Buffer remaining ()I 1 30 orig 264 72 34 125 81 0 0 0 0 48 69 68 27 0 0 0 0 32 1 0 0 0 0 0 0 0 0 0 0 0 0 0 0 0 0 0 0 0 0 0 0 0 0 0 0 0 0 0 0 0 0 0 0 0 0 0 0 0 0 0 0 0 0 0 0 0 0 0 0 0 0 0 0 0 0 0 0 0 0 0 0 77 68 79 32 101 120 116 114 97 32 100 97 116 97 32 108 111 99 107 0 0 0 0 0 0 0 0 0 0 0 0 0 0 0 0 0 0 0 0 0 0 0 0 0 0 0 0 0 0 0 0 0 0 0 0 0 0 0 0 0 0 0 0 0 0 0 0 0 0 0 0 0 0 0 0 0 0 0 0 0 0 0 0 0 0 0 0 0 0 0 0 0 0 0 0 0 0 0 0 0 0 0 0 0 0 0 0 0 0 0 0 0 0 0 0 0 0 0 0 0 0 0 0 0 0 0 0 0 0 0 0 0 0 0 0 0 20 0 0 0 81 0 0 0 1 0 0 0 0 0 0 0 0 0 0 0 2 0 0 0 0 0 0 0 0 0 0 0 0 0 0 0 255 255 255 255 0 0 0 0 0 0 0 0 data 0 oops 0
ciMethodData java/nio/charset/CoderResult malformedForLength (I)Ljava/nio/charset/CoderResult; 1 0 orig 264 72 34 125 81 0 0 0 0 152 127 83 27 0 0 0 0 88 1 0 0 0 0 0 0 0 0 0 0 0 0 0 0 0 0 0 0 0 0 0 0 0 0 0 0 0 0 0 0 0 0 0 0 0 0 0 0 0 0 0 0 0 0 0 0 0 0 0 0 0 0 0 0 0 0 0 0 0 0 0 0 77 68 79 32 101 120 116 114 97 32 100 97 116 97 32 108 111 99 107 0 0 0 0 0 0 0 0 0 0 0 0 0 0 0 0 0 0 0 0 0 0 0 0 0 0 0 0 0 0 0 0 0 0 0 0 0 0 0 0 0 0 0 0 0 0 0 0 0 0 0 0 0 0 0 0 0 0 0 0 0 0 0 0 0 0 0 0 0 0 0 0 0 0 0 0 0 0 0 0 0 0 0 0 0 0 0 0 0 0 0 0 0 0 0 0 0 0 0 0 0 0 0 0 0 0 0 0 0 0 0 0 0 0 0 0 0 0 0 0 0 1 0 0 0 1 0 0 0 0 0 0 0 0 0 0 0 2 0 0 0 0 0 0 0 0 0 0 0 16 0 0 0 255 255 255 255 2 0 4 0 0 0 0 0 data 2 0x40002 0x0 oops 0
ciMethodData java/nio/charset/CoderResult isMalformed ()Z 1 0 orig 264 72 34 125 81 0 0 0 0 184 125 83 27 0 0 0 0 88 1 0 0 0 0 0 0 0 0 0 0 0 0 0 0 0 0 0 0 0 0 0 0 0 0 0 0 0 0 0 0 0 0 0 0 0 0 0 0 0 0 0 0 0 0 0 0 0 0 0 0 0 0 0 0 0 0 0 0 0 0 0 0 77 68 79 32 101 120 116 114 97 32 100 97 116 97 32 108 111 99 107 0 0 0 0 0 0 0 0 0 0 0 0 0 0 0 0 0 0 0 0 0 0 0 0 0 0 0 0 0 0 0 0 0 0 0 0 0 0 0 0 0 0 0 0 0 0 0 0 0 0 0 0 0 0 0 0 0 0 0 0 0 0 0 0 0 0 0 0 0 0 0 0 0 0 0 0 0 0 0 0 0 0 0 0 0 0 0 0 0 0 0 0 0 0 0 0 0 0 0 0 0 0 0 0 0 0 0 0 0 0 0 0 0 0 0 0 0 0 0 0 0 1 0 0 0 1 0 0 0 0 0 0 0 0 0 0 0 2 0 0 0 0 0 0 0 0 0 0 0 56 0 0 0 255 255 255 255 7 0 5 0 0 0 0 0 data 7 0x50007 0x0 0x38 0x0 0x90003 0x0 0x18 oops 0
ciMethodData java/nio/charset/CoderResult isUnmappable ()Z 1 0 orig 264 72 34 125 81 0 0 0 0 88 126 83 27 0 0 0 0 88 1 0 0 0 0 0 0 0 0 0 0 0 0 0 0 0 0 0 0 0 0 0 0 0 0 0 0 0 0 0 0 0 0 0 0 0 0 0 0 0 0 0 0 0 0 0 0 0 0 0 0 0 0 0 0 0 0 0 0 0 0 0 0 77 68 79 32 101 120 116 114 97 32 100 97 116 97 32 108 111 99 107 0 0 0 0 0 0 0 0 0 0 0 0 0 0 0 0 0 0 0 0 0 0 0 0 0 0 0 0 0 0 0 0 0 0 0 0 0 0 0 0 0 0 0 0 0 0 0 0 0 0 0 0 0 0 0 0 0 0 0 0 0 0 0 0 0 0 0 0 0 0 0 0 0 0 0 0 0 0 0 0 0 0 0 0 0 0 0 0 0 0 0 0 0 0 0 0 0 0 0 0 0 0 0 0 0 0 0 0 0 0 0 0 0 0 0 0 0 0 0 0 0 1 0 0 0 1 0 0 0 0 0 0 0 0 0 0 0 2 0 0 0 0 0 0 0 0 0 0 0 56 0 0 0 255 255 255 255 7 0 5 0 0 0 0 0 data 7 0x50007 0x0 0x38 0x0 0x90003 0x0 0x18 oops 0
ciMethodData java/nio/CharBuffer put (Ljava/lang/String;)Ljava/nio/CharBuffer; 1 0 orig 264 72 34 125 81 0 0 0 0 32 64 83 27 0 0 0 0 176 1 0 0 0 0 0 0 0 0 0 0 0 0 0 0 0 0 0 0 0 0 0 0 0 0 0 0 0 0 0 0 0 0 0 0 0 0 0 0 0 0 0 0 0 0 0 0 0 0 0 0 0 0 0 0 0 0 0 0 0 0 0 0 77 68 79 32 101 120 116 114 97 32 100 97 116 97 32 108 111 99 107 0 0 0 0 0 0 0 0 0 0 0 0 0 0 0 0 0 0 0 0 0 0 0 0 0 0 0 0 0 0 0 0 0 0 0 0 0 0 0 0 0 0 0 0 0 0 0 0 0 0 0 0 0 0 0 0 0 0 0 0 0 0 0 0 0 0 0 0 0 0 0 0 0 0 0 0 0 0 0 0 0 0 0 0 0 0 0 0 0 0 0 0 0 0 0 0 0 0 0 0 0 0 0 0 0 0 0 0 0 0 0 0 0 0 0 0 0 0 0 0 0 1 0 0 0 1 0 0 0 0 0 0 0 0 0 0 0 2 0 0 0 0 0 0 0 0 0 0 0 96 0 0 0 255 255 255 255 5 0 4 0 0 0 0 0 data 12 0x40005 0x0 0x0 0x0 0x0 0x0 0x70005 0x0 0x0 0x0 0x0 0x0 oops 0
ciMethodData java/nio/CharBuffer put (Ljava/lang/String;II)Ljava/nio/CharBuffer; 1 0 orig 264 72 34 125 81 0 0 0 0 136 63 83 27 0 0 0 0 248 2 0 0 240 0 0 0 0 0 0 0 0 0 0 0 0 0 0 0 0 0 0 0 0 0 0 0 0 0 0 0 0 0 0 0 0 0 0 0 0 0 0 0 0 0 0 0 0 0 0 0 0 0 0 0 0 0 0 0 0 0 0 0 77 68 79 32 101 120 116 114 97 32 100 97 116 97 32 108 111 99 107 0 0 0 0 0 0 0 0 0 0 0 0 0 0 0 0 0 0 0 0 0 0 0 0 0 0 0 0 0 0 0 0 0 0 0 0 0 0 0 0 0 0 0 0 0 0 0 0 0 0 0 0 0 0 0 0 0 0 0 0 0 0 0 0 0 0 0 0 0 0 0 0 0 0 0 0 0 0 0 0 0 0 0 0 0 0 0 0 0 0 0 0 0 0 0 0 0 0 0 0 0 0 0 0 0 0 0 0 0 0 0 0 0 0 0 0 0 0 0 0 0 1 0 0 0 1 0 0 0 0 0 0 0 0 0 0 0 2 0 0 0 0 0 0 0 0 0 0 0 152 1 0 0 255 255 255 255 5 0 5 0 0 0 0 0 data 51 0x50005 0x0 0x0 0x0 0x0 0x0 0x80002 0x0 0xc0005 0x0 0x0 0x0 0x0 0x0 0xf0007 0x0 0x30 0x0 0x160002 0x0 0x1e0005 0x0 0x0 0x0 0x0 0x0 0x210007 0x0 0x30 0x0 0x280002 0x0 0x320007 0x0 0x98 0x0 0x390005 0x0 0x0 0x0 0x0 0x0 0x3c0005 0x0 0x0 0x0 0x0 0x0 0x430003 0x0 0xffffffffffffff80 oops 0
ciMethodData java/nio/CharBuffer hasArray ()Z 2 2627 orig 264 72 34 125 81 0 0 0 0 200 64 83 27 0 0 0 0 120 1 0 0 0 0 0 0 0 0 0 0 0 0 0 0 0 0 0 0 0 0 0 0 0 0 0 0 0 0 0 0 0 0 0 0 0 0 0 0 0 0 0 0 0 0 0 0 0 0 0 0 0 0 0 0 0 0 0 0 0 0 0 0 77 68 79 32 101 120 116 114 97 32 100 97 116 97 32 108 111 99 107 0 0 0 0 0 0 0 0 0 0 0 0 0 0 0 0 0 0 0 0 0 0 0 0 0 0 0 0 0 0 0 0 0 0 0 0 0 0 0 0 0 0 0 0 0 0 0 0 0 0 0 0 0 0 0 0 0 0 0 0 0 0 0 0 0 0 0 0 0 0 0 0 0 0 0 0 0 0 0 0 0 0 0 0 0 0 0 0 0 0 0 0 0 0 0 0 0 0 0 0 0 0 0 0 0 0 0 0 0 0 0 0 0 0 0 0 0 128 1 0 0 25 70 0 0 1 0 0 0 0 0 0 0 0 0 0 0 2 0 0 0 0 0 9 0 2 0 0 0 88 0 0 0 255 255 255 255 7 0 4 0 0 0 0 0 data 11 0x40007 0x0 0x58 0x8c3 0xb0007 0x0 0x38 0x8c3 0xf0003 0x8c3 0x18 oops 0
ciMethodData sun/nio/cs/UTF_8$Decoder decodeArrayLoop (Ljava/nio/ByteBuffer;Ljava/nio/CharBuffer;)Ljava/nio/charset/CoderResult; 2 13403 orig 264 72 34 125 81 0 0 0 0 160 85 92 27 0 0 0 0 184 8 0 0 48 2 0 0 0 0 0 0 0 0 0 0 0 0 0 0 0 0 0 0 0 0 0 0 0 0 0 0 0 0 0 0 0 0 0 0 0 0 0 0 0 0 0 0 0 0 0 0 0 0 0 0 0 0 0 0 0 0 0 0 77 68 79 32 101 120 116 114 97 32 100 97 116 97 32 108 111 99 107 0 0 0 0 0 0 0 0 0 0 0 0 0 0 0 0 0 0 0 0 0 0 0 0 0 0 0 0 0 0 0 0 0 0 0 0 0 0 0 0 0 0 0 0 0 0 0 0 0 0 0 0 0 0 0 0 0 0 0 0 0 0 0 0 0 0 0 0 0 0 0 0 0 0 0 0 0 0 0 0 0 0 0 0 0 0 0 0 0 0 0 0 0 0 0 0 0 0 0 0 0 0 0 0 0 0 0 0 0 0 0 0 0 0 0 0 0 223 2 0 0 81 198 0 0 225 139 1 0 0 0 0 0 0 0 0 0 2 0 0 0 2 0 158 0 2 0 0 0 80 7 0 0 255 255 255 255 5 0 1 0 0 0 0 0 data 234 0x10005 0x256 0x1df37bb0 0x1674 0x0 0x0 0x60005 0x256 0x1df37bb0 0x1674 0x0 0x0 0xa0005 0x256 0x1df37bb0 0x1674 0x0 0x0 0x110005 0x256 0x1df37bb0 0x1674 0x0 0x0 0x150005 0x256 0x1df37bb0 0x1674 0x0 0x0 0x1c0005 0x256 0x1df37250 0x1674 0x0 0x0 0x220005 0x256 0x1df37250 0x1674 0x0 0x0 0x260005 0x256 0x1df37250 0x1674 0x0 0x0 0x2d0005 0x256 0x1df37250 0x1674 0x0 0x0 0x310005 0x256 0x1df37250 0x1674 0x0 0x0 0x430002 0x18ca 0x4d0007 0x18ca 0x58 0x317c 0x540007 0x0 0x38 0x317c 0x670003 0x317c 0xffffffffffffffc0 0x6e0007 0x17 0x4f8 0x18b3 0x790007 0x0 0x68 0x18b3 0x800007 0x0 0x30 0x18b3 0x8c0002 0x18b3 0x9e0003 0x0 0x470 0xa70007 0x0 0xe8 0x0 0xaf0007 0x0 0xc8 0x0 0xb80007 0x0 0x40 0x0 0xbf0007 0x0 0x30 0x0 0xcb0002 0x0 0xd90002 0x0 0xdc0007 0x0 0x30 0x0 0xe60002 0x0 0x1020003 0x0 0x388 0x10b0007 0x0 0x168 0x0 0x1180007 0x0 0x40 0x0 0x11f0007 0x0 0x90 0x0 0x1250007 0x0 0x60 0x0 0x1300002 0x0 0x1330007 0x0 0x30 0x0 0x13d0002 0x0 0x14a0002 0x0 0x1640002 0x0 0x1670007 0x0 0x30 0x0 0x1710002 0x0 0x18b0002 0x0 0x18e0007 0x0 0x30 0x0 0x1980002 0x0 0x1a90003 0x0 0x220 0x1b20007 0x0 0x1f8 0x0 0x1bf0007 0x0 0x40 0x0 0x1c80007 0x0 0x110 0x0 0x1d80007 0x0 0x70 0x0 0x1de0007 0x0 0x60 0x0 0x1ed0002 0x0 0x1f00007 0x0 0x30 0x0 0x1fa0002 0x0 0x2010007 0x0 0x60 0x0 0x20a0002 0x0 0x20d0007 0x0 0x30 0x0 0x2170002 0x0 0x2240002 0x0 0x25f0002 0x0 0x2620007 0x0 0x50 0x0 0x2670002 0x0 0x26a0007 0x0 0x30 0x0 0x2740002 0x0 0x2810002 0x0 0x28e0002 0x0 0x2950003 0x0 0x28 0x29f0002 0x0 0x2a30003 0x0 0xfffffffffffffb20 0x2af0002 0x17 oops 10 2 java/nio/HeapByteBuffer 8 java/nio/HeapByteBuffer 14 java/nio/HeapByteBuffer 20 java/nio/HeapByteBuffer 26 java/nio/HeapByteBuffer 32 java/nio/HeapCharBuffer 38 java/nio/HeapCharBuffer 44 java/nio/HeapCharBuffer 50 java/nio/HeapCharBuffer 56 java/nio/HeapCharBuffer
ciMethodData sun/nio/cs/UTF_8$Decoder decodeLoop (Ljava/nio/ByteBuffer;Ljava/nio/CharBuffer;)Ljava/nio/charset/CoderResult; 2 2621 orig 264 72 34 125 81 0 0 0 0 16 89 92 27 0 0 0 0 24 2 0 0 160 0 0 0 0 0 0 0 0 0 0 0 0 0 0 0 0 0 0 0 0 0 0 0 0 0 0 0 0 0 0 0 0 0 0 0 0 0 0 0 0 0 0 0 0 0 0 0 0 0 0 0 0 0 0 0 0 0 0 0 77 68 79 32 101 120 116 114 97 32 100 97 116 97 32 108 111 99 107 0 0 0 0 0 0 0 0 0 0 0 0 0 0 0 0 0 0 0 0 0 0 0 0 0 0 0 0 0 0 0 0 0 0 0 0 0 0 0 0 0 0 0 0 0 0 0 0 0 0 0 0 0 0 0 0 0 0 0 0 0 0 0 0 0 0 0 0 0 0 0 0 0 0 0 0 0 0 0 0 0 0 0 0 0 0 0 0 0 0 0 0 0 0 0 0 0 0 0 0 0 0 0 0 0 0 0 0 0 0 0 0 0 0 0 0 0 0 2 0 0 233 65 0 0 1 0 0 0 0 0 0 0 0 0 0 0 2 0 0 0 0 0 22 0 2 0 0 0 192 0 0 0 255 255 255 255 5 0 1 0 0 0 0 0 data 24 0x10005 0x4fa 0x1df37bb0 0x343 0x0 0x0 0x40007 0x0 0x80 0x83d 0x80005 0x4fa 0x1df37250 0x343 0x0 0x0 0xb0007 0x0 0x30 0x83d 0x110002 0x83d 0x180002 0x0 oops 2 2 java/nio/HeapByteBuffer 12 java/nio/HeapCharBuffer
ciMethodData sun/nio/cs/StreamDecoder readBytes ()I 1 12 orig 264 72 34 125 81 0 0 0 0 152 222 82 27 0 0 0 0 240 6 0 0 248 4 0 0 0 0 0 0 0 0 0 0 0 0 0 0 0 0 0 0 0 0 0 0 0 0 0 0 0 0 0 0 0 0 0 0 0 0 0 0 0 0 0 0 0 0 0 0 0 0 0 0 0 0 0 0 0 0 0 0 77 68 79 32 101 120 116 114 97 32 100 97 116 97 32 108 111 99 107 0 0 0 0 0 0 0 0 0 0 0 0 0 0 0 0 0 0 0 0 0 0 0 0 0 0 0 0 0 0 0 0 0 0 0 0 0 0 0 0 0 0 0 0 0 0 0 0 0 0 0 0 0 0 0 0 0 0 0 0 0 0 0 0 0 0 0 0 0 0 0 0 0 0 0 0 0 0 0 0 0 0 0 0 0 0 0 0 0 0 0 0 0 0 0 0 0 0 0 0 0 0 0 0 0 0 0 0 0 0 0 0 0 0 0 0 0 9 0 0 0 25 0 0 0 1 0 0 0 0 0 0 0 0 0 0 0 2 0 0 0 0 0 0 0 0 0 0 0 168 5 0 0 255 255 255 255 5 0 4 0 0 0 0 0 data 181 0x40005 0x0 0x1df37bb0 0x3 0x0 0x0 0xc0007 0x3 0xb8 0x0 0x170005 0x0 0x0 0x0 0x0 0x0 0x1e0007 0x0 0x50 0x0 0x270005 0x0 0x0 0x0 0x0 0x0 0x2d0003 0x0 0x3e0 0x340005 0x3 0x0 0x0 0x0 0x0 0x3c0005 0x3 0x0 0x0 0x0 0x0 0x430007 0x3 0x50 0x0 0x480007 0x0 0x30 0x0 0x4f0002 0x0 0x550007 0x0 0x38 0x3 0x5b0003 0x3 0x18 0x630007 0x3 0x50 0x0 0x670007 0x0 0x30 0x0 0x6e0002 0x0 0x7a0005 0x3 0x0 0x0 0x0 0x0 0x810005 0x3 0x0 0x0 0x0 0x0 0x870005 0x0 0x1dd3fb20 0x3 0x0 0x0 0x8e0007 0x2 0x50 0x1 0x990005 0x1 0x0 0x0 0x0 0x0 0xa20007 0x2 0x30 0x0 0xab0002 0x0 0xb20007 0x2 0x150 0x0 0xb80007 0x0 0x130 0x0 0xc30002 0x0 0xc80005 0x0 0x0 0x0 0x0 0x0 0xcd0005 0x0 0x0 0x0 0x0 0x0 0xd20005 0x0 0x0 0x0 0x0 0x0 0xd60005 0x0 0x0 0x0 0x0 0x0 0xd90005 0x0 0x0 0x0 0x0 0x0 0xdc0002 0x0 0xe80005 0x2 0x0 0x0 0x0 0x0 0xf00005 0x2 0x0 0x0 0x0 0x0 0xf40003 0x2 0x48 0xfd0005 0x0 0x0 0x0 0x0 0x0 0x1080005 0x2 0x0 0x0 0x0 0x0 0x10f0007 0x2 0x50 0x0 0x1130007 0x0 0x30 0x0 0x11b0002 0x0 oops 2 2 java/nio/HeapByteBuffer 82 java/io/BufferedInputStream
instanceKlass org/sonatype/aether/impl/DependencyCollector
instanceKlass org/sonatype/aether/impl/ArtifactResolver
instanceKlass org/sonatype/aether/spi/connector/RepositoryConnectorFactory
instanceKlass org/sonatype/aether/connector/wagon/WagonProvider
instanceKlass org/sonatype/aether/connector/wagon/WagonConfigurator
instanceKlass org/sonatype/guice/plexus/scanners/PlexusXmlMetadata
instanceKlass org/sonatype/guice/plexus/config/PlexusBeanMetadata
instanceKlass org/sonatype/guice/plexus/config/Roles
instanceKlass org/apache/maven/eventspy/EventSpy
instanceKlass org/sonatype/guice/plexus/config/Hints
instanceKlass org/sonatype/guice/bean/reflect/AbstractDeferredClass
instanceKlass org/sonatype/guice/plexus/annotations/RequirementImpl
instanceKlass org/codehaus/plexus/component/annotations/Requirement
instanceKlass org/codehaus/plexus/util/ReaderFactory
instanceKlass org/codehaus/plexus/util/xml/pull/MXParser
instanceKlass org/sonatype/guice/bean/reflect/Streams
instanceKlass org/sonatype/guice/plexus/annotations/ComponentImpl
instanceKlass org/codehaus/plexus/component/annotations/Component
instanceKlass org/sonatype/guice/plexus/scanners/PlexusTypeRegistry
instanceKlass org/sonatype/guice/plexus/scanners/PlexusXmlScanner
instanceKlass org/sonatype/guice/bean/binders/QualifiedTypeBinder
instanceKlass org/sonatype/guice/plexus/binders/PlexusTypeBinder
instanceKlass org/sonatype/guice/plexus/scanners/PlexusTypeListener
instanceKlass org/sonatype/guice/bean/scanners/QualifiedTypeListener
instanceKlass com/google/inject/spi/InjectionRequest
instanceKlass com/google/inject/spi/ProviderWithExtensionVisitor
instanceKlass org/codehaus/plexus/component/repository/ComponentDescriptor
instanceKlass org/sonatype/guice/plexus/config/PlexusBean
instanceKlass org/sonatype/guice/bean/reflect/TypeParameters
instanceKlass com/google/inject/spi/ProvisionListener$ProvisionInvocation
instanceKlass org/sonatype/guice/bean/reflect/BeanProperty
instanceKlass com/google/inject/spi/Dependency
instanceKlass com/google/inject/internal/Nullability
instanceKlass com/google/common/collect/ImmutableCollection$Builder
instanceKlass com/google/inject/spi/InjectionPoint$OverrideIndex
instanceKlass org/sonatype/inject/Mediator
instanceKlass java/util/concurrent/locks/Condition
instanceKlass javax/inject/Named
instanceKlass com/google/inject/Key$AnnotationTypeStrategy
instanceKlass com/google/common/collect/CustomConcurrentHashMap$StrongValueReference
instanceKlass com/google/common/collect/ComputingConcurrentHashMap$ComputedReference
instanceKlass com/google/common/collect/ComputingConcurrentHashMap$ComputingValueReference
instanceKlass java/lang/reflect/WeakCache$Value
instanceKlass sun/misc/ProxyGenerator$ExceptionTableEntry
instanceKlass sun/misc/ProxyGenerator$PrimitiveTypeInfo
instanceKlass sun/misc/ProxyGenerator$FieldInfo
instanceKlass java/io/DataOutput
instanceKlass sun/misc/ProxyGenerator$ConstantPool$Entry
instanceKlass sun/misc/ProxyGenerator$MethodInfo
instanceKlass sun/misc/ProxyGenerator$ProxyMethod
instanceKlass sun/misc/ProxyGenerator$ConstantPool
instanceKlass sun/misc/ProxyGenerator
instanceKlass java/lang/reflect/WeakCache$Factory
instanceKlass java/util/function/Supplier
instanceKlass java/lang/reflect/Proxy$ProxyClassFactory
instanceKlass java/lang/reflect/Proxy$KeyFactory
instanceKlass java/util/function/BiFunction
instanceKlass java/lang/reflect/WeakCache
instanceKlass java/lang/reflect/Proxy
instanceKlass sun/reflect/annotation/AnnotationInvocationHandler
instanceKlass java/lang/reflect/InvocationHandler
instanceKlass sun/reflect/annotation/AnnotationParser$1
instanceKlass sun/reflect/annotation/ExceptionProxy
instanceKlass java/lang/annotation/Documented
instanceKlass java/lang/annotation/Inherited
instanceKlass sun/reflect/annotation/AnnotationType$1
instanceKlass java/lang/annotation/Target
instanceKlass java/lang/annotation/Retention
instanceKlass javax/inject/Qualifier
instanceKlass com/google/inject/BindingAnnotation
instanceKlass java/util/concurrent/atomic/AtomicReferenceArray
instanceKlass com/google/common/base/Ticker
instanceKlass com/google/common/base/Equivalence
instanceKlass com/google/common/base/Equivalences
instanceKlass com/google/common/base/Objects
instanceKlass com/google/common/collect/CustomConcurrentHashMap$1
instanceKlass com/google/common/collect/CustomConcurrentHashMap$ReferenceEntry
instanceKlass com/google/common/collect/CustomConcurrentHashMap$ValueReference
instanceKlass com/google/common/collect/MapMaker$RemovalListener
